Brightmere Westmill Butterbush Bluedell Freyview Foxvale Corbank Wellmage Lightmere Southwheat Greenshore Eastcastle Woodice Eriwall Fairsage Dellwyn Clearnesse Stonefair Esterash Wildemarsh Marbleiron Ironriver Greyice Valhaven Westerlight Erilyn Clearland Violetley Wolflea Foxhaven Buttermead Goldwyvern Oldmoor Brightmere
33
Eastcastle Courtcastle Eastcastle
Bluedell Irondeer Courtwall Bluedell
Oldmoor Morwald Oldmoor
Erilyn Westvale Newby Erilyn
Lightmere Esterfall Lightmere
Esterash Morwall Esterash
Southwheat Oakmere Southwheat
Clearland Ironshore Clearland
Wolflea Wolflea Bushgate
Eriwall Eriwall Stoneglass
Woodice Snowshore Woodice
Marbleiron Marbleiron Lochmage
Violetley Shoreburn Violetley
Buttermead Rosemill Buttermead
Freyview Freyview Newley
Corbank Corbank
Brightmere Brightmere
Foxhaven Foxhaven
Goldwyvern Goldwyvern
Westmill Westmill
Clearnesse Clearnesse
Butterbush Butterbush
Westerlight Westerlight
Ironriver Ironriver
Wildemarsh Wildemarsh
Fairsage Fairsage
Valhaven Valhaven
Greyice Greyice
Greenshore Greenshore
Stonefair Stonefair
Dellwyn Dellwyn
Foxvale Foxvale
Wellmage Wellmage
