Shoreburn Mallowway Woodice Butterhill Corbank Bushgate Westerlight Butterway Silverlea Esterfall Rosegate Orbarrow Butterbush Fogland Brightrock Stonefair Goldcrest Buttermead Freymere Fairice Snowshore Silverbarrow Clearland Redlake Bluelake Southwheat Morwall Violetfay Courtwall Oldmoor Coldville Newmill Stoneglass Dellwyn Ironriver Ironshore Valhaven Starryhill Springfox Janholt Fairsage Bluedell Greenshore Southpine Goldwyvern Snowsage Greyice Irondeer Redwell Erilyn Blackbush Fieldedge Flowermill Eriwall Greensummer Oakmere Orfort Shoreburn
57
Janholt Marbleiron Janholt
Silverbarrow Courtcastle Silverbarrow
Clearland Deephedge Morwald Clearland
Blackbush Blackbush Clearnesse
Springfox Violetley Springfox
Flowermill Westvale Flowermill
Irondeer Freyview Irondeer Newby
Eriwall Eriwall Wolflea Foxvale
Starryhill Foxhaven Ostwynne Starryhill
Butterway Butterway Esterash Seamoor
Fieldedge Fieldedge Brightmere
Fogland Wildemarsh Fogland
Esterfall Wellmage Esterfall
Goldcrest Lightmere Goldcrest
Woodice Woodice Eastcastle Westmill
Butterhill Butterhill Lochmage
Newmill Rosemill Newmill Icenesse
Redwell Redwell Newley
Freymere Freymere Northwynne
Ironshore Silverwitch Ironshore
Courtwall Courtwall Flowerfield
Ironriver Mallowbridge Ironriver
Westerlight Bluewyn Westerlight
Greyice Mallowness Greyice
Oldmoor Verthedge Oldmoor Wooddell
Southwheat Highmont Southwheat
Dellwyn Mistshore Northriver Dellwyn
Violetfay Violetfay Applecastle
Orfort Orfort Bluedale
Fairsage Strongfall Fairsage
Valhaven Wellbank Valhaven
Snowsage Snowsage Summermage
Coldville Courtedge Coldville
Fairice Fairice Windbridge
Stonefair Stonefair
Stoneglass Stoneglass
Bluedell Bluedell
Orbarrow Orbarrow
Erilyn Erilyn
Butterbush Butterbush
Corbank Corbank
Bluelake Bluelake
Oakmere Oakmere
Snowshore Snowshore
Rosegate Rosegate
Brightrock Brightrock
Bushgate Bushgate
Shoreburn Shoreburn
Mallowway Mallowway
Goldwyvern Goldwyvern
Greenshore Greenshore
Greensummer Greensummer
Southpine Southpine
Redlake Redlake
Buttermead Buttermead
Morwall Morwall
Silverlea Silverlea
