129 99 145 99 31 88 115 197 51 34 109 184 85 133 106 181 8 142 122 71 92 13 118 10 118 96 70 25 46 25 84 7 19 43 72 79 72 21 67 92 179 76 179 92 121 192 121 92 110 157 110 154 196 154 110 92 71 64 71 34 48 97 101 170 73 170 200 197 51 24 94 75 17 137 129
39
88 1 127 88
157 4 157
25 25 16
10 100 10 28 22
196 196 37
94 139 94 40
76 49 76
101 52 148
46 46 55
170 58
31 61 31
21 67 190 151
197 82
71 91
192 175 103
79 79 112
92 124
142 130 142
73 73 136
96 160
64 163 64
118 118 166
181 169 187 181
145 145 172
106 178 106
154 193 154
7 7
13 13
19 19
34 34
43 43
70 70
85 85
97 97
109 109
115 115
121 121
133 133
184 184
