FacultyClub EarthquakeLibrary Morrison Sproul BanwayBuilding BerkeleyLawLibrary CITRIS MathLibrary Koshland MSRI LawSchool Boalt ArtHistoryLibrary McCone HearstFieldAnnex NewspapersLibrary AnthropologyLibrary StudentUnion LawrenceofScience SproulPlaza Etcheverry Underhill EarthLibrary NorthGate Pimentel TAAP OptometryLibrary Jacobs BioscienceLibrary SEAsianLibrary FoundersRock EngineeringLibrary LatinAmerican BerkeleyWayWest SEAsianLibrary Warren UniversityHouse MartinezCommons PacificFilmArchive Cheit StowPlaza HearstGreekTheatre Hilgard DonnerLaboratory MediaCenter Senior EthnicLibrary MelvinLaboratory VisualCenter MaxwellField SimpsonCenter FoxCottage Davis PublicAffairs Durant Wellman EnergyBuilding OBrien Stephens Birge LeConte Campbell IRLE Wheeler CareerCenter Stanley HearstFountain AquaticCenter Bowles Bechtel WooHonFai BrainImagingCenter Hildebrand Mulford BancroftDance MLK BancroftLibrary Library FPF HealthServices EastAsianLibrary FacultyClub
79
BancroftLibrary SutardjaDai BancroftLibrary
Pimentel Pimentel HearstGym
ArtHistoryLibrary AlumniHouse ArtHistoryLibrary Durham
CITRIS Spieker CITRIS
TAAP Manville TAAP
MelvinLaboratory MelvinLaboratory Investigative
VisualCenter AndersenAuditorium VisualCenter
BerkeleyWayWest Unit3 BerkeleyWayWest
Davis Davis InternationalHouse
IRLE IRLE SpringerGateway
EastAsianLibrary PhysicsLibrary Evans EastAsianLibrary
UniversityHouse UniversityHouse CesarChavez
MediaCenter UpperHearstParking MediaCenter
BancroftDance BancroftDance Giauque
HearstFountain VLSB HearstFountain
BrainImagingCenter SocialLibrary BrainImagingCenter
EnergyBuilding IdaHouse EnergyBuilding
CareerCenter Soda CareerCenter
SimpsonCenter Latimer SimpsonCenter
FacultyClub FacultyClub
BioscienceLibrary BioscienceLibrary
Etcheverry Etcheverry
SproulPlaza SproulPlaza
Hilgard Hilgard
StudentUnion StudentUnion
EarthquakeLibrary EarthquakeLibrary
LawrenceofScience LawrenceofScience
Mulford Mulford
OBrien OBrien
Library Library
FPF FPF
PacificFilmArchive PacificFilmArchive
Morrison Morrison
Wheeler Wheeler
Cheit Cheit
Koshland Koshland
Jacobs Jacobs
EarthLibrary EarthLibrary
StowPlaza StowPlaza
MartinezCommons MartinezCommons
AnthropologyLibrary AnthropologyLibrary
Stephens Stephens
OptometryLibrary OptometryLibrary
DonnerLaboratory DonnerLaboratory
Sproul Sproul
Birge Birge
NewspapersLibrary NewspapersLibrary
Warren Warren
MSRI MSRI
HealthServices HealthServices
WooHonFai WooHonFai
MathLibrary MathLibrary
AquaticCenter AquaticCenter
HearstFieldAnnex HearstFieldAnnex
BerkeleyLawLibrary BerkeleyLawLibrary
Underhill Underhill
Campbell Campbell
NorthGate NorthGate
Bowles Bowles
Wellman Wellman
Senior Senior
Stanley Stanley
EthnicLibrary EthnicLibrary
FoxCottage FoxCottage
Hildebrand Hildebrand
MaxwellField MaxwellField
SEAsianLibrary SEAsianLibrary
Bechtel Bechtel
BanwayBuilding BanwayBuilding
EngineeringLibrary EngineeringLibrary
Durant Durant
McCone McCone
LatinAmerican LatinAmerican
LawSchool LawSchool
LeConte LeConte
HearstGreekTheatre HearstGreekTheatre
MLK MLK
Boalt Boalt
FoundersRock FoundersRock
