FacultyClub IRLE Cheit Investigative MartinezCommons UniversityHouse SproulPlaza OptometryLibrary AndersenAuditorium Stephens EarthLibrary StudentUnion SutardjaDai Warren OBrien Koshland MelvinLaboratory FPF Birge StowPlaza Sproul Spieker ArtHistoryLibrary BancroftDance NewspapersLibrary EnergyBuilding McCone InternationalHouse HearstGym Unit3 Jacobs BancroftDance MediaCenter BioscienceLibrary Durant Etcheverry MLK CITRIS DonnerLaboratory FacultyClub
35
BioscienceLibrary BioscienceLibrary Hilgard
FacultyClub FacultyClub Durham EarthquakeLibrary
NewspapersLibrary NewspapersLibrary LawrenceofScience
Jacobs Pimentel Jacobs
McCone Mulford InternationalHouse
StowPlaza CareerCenter StowPlaza
OptometryLibrary Library OptometryLibrary
Warren Warren PacificFilmArchive
EnergyBuilding BrainImagingCenter EnergyBuilding
Stephens Morrison Stephens
Cheit Wheeler Cheit
Unit3 Manville Unit3
Sproul Sproul AnthropologyLibrary
DonnerLaboratory SpringerGateway DonnerLaboratory
SutardjaDai SutardjaDai
Etcheverry Etcheverry
SproulPlaza SproulPlaza
StudentUnion StudentUnion
UniversityHouse UniversityHouse
HearstGym HearstGym
OBrien OBrien
Spieker Spieker
FPF FPF
Koshland Koshland
Investigative Investigative
EarthLibrary EarthLibrary
MediaCenter MediaCenter
MartinezCommons MartinezCommons
MelvinLaboratory MelvinLaboratory
BancroftDance BancroftDance
AndersenAuditorium AndersenAuditorium
IRLE IRLE
ArtHistoryLibrary ArtHistoryLibrary
Birge Birge
CITRIS CITRIS
