FacultyClub Etcheverry HearstGym BioscienceLibrary Manville Hilgard InternationalHouse Wheeler Durham MartinezCommons SutardjaDai UniversityHouse CareerCenter Unit3 Spieker Warren Mulford Morrison BrainImagingCenter PacificFilmArchive LawrenceofScience PacificFilmArchive OBrien FacultyClub
19
MartinezCommons SproulPlaza
BrainImagingCenter BrainImagingCenter StudentUnion
UniversityHouse UniversityHouse FPF EarthquakeLibrary
Manville Manville Pimentel
OBrien Library OBrien
Hilgard Hilgard Cheit
FacultyClub FacultyClub
BioscienceLibrary BioscienceLibrary
SutardjaDai SutardjaDai
Etcheverry Etcheverry
LawrenceofScience LawrenceofScience
Mulford Mulford
CareerCenter CareerCenter
HearstGym HearstGym
Durham Durham
Spieker Spieker
PacificFilmArchive PacificFilmArchive
Morrison Morrison
Wheeler Wheeler
