0 60 112 56 19 82 117 158 99 87 48 174 122 134 26 133 13 3 94 32 42 105 161 10 8 33 171 4 197 123 199 44 191 124 69 167 162 195 119 143 119 177 15 55 15 51 38 85 52 172 153 35 178 49 175 58 114 103 139 18 67 71 73 106 96 178 6 141 169 102 0
62
55 17 55
141 25 141
103 46 103
13 13 47
162 64 162
102 65 102
71 73 71
35 74 35
82 82 75
191 76 191
48 48 77
44 80 44 135
19 19 83
112 88 112 120
6 90
96 96 91
85 92 85
49 49 93
199 97 199
52 113 52
3 3 131
143 132 143
174 136 174
114 114 140
51 145 51
60 168 155 148 60
67 67 149
123 154 123
33 33 170
94 173 94
171 171 180
32 32 181
161 161 188
8 8
15 15
18 18
26 26
38 38
42 42
56 56
58 58
69 69
87 87
99 99
105 105
106 106
117 117
119 119
124 124
133 133
134 134
139 139
153 153
158 158
167 167
169 169
172 172
175 175
177 177
178 178
195 195
197 197
