1 15 2 61 2 164 94 52 94 164 2 32 87 107 23 194 100 18 114 26 114 18 92 97 24 97 25 4 25 77 25 97 92 28 92 100 58 161 69 13 66 90 66 70 80 112 67 41 72 41 16 12 64 42 95 53 128 112 67 167 101 179 39 71 39 179 98 140 33 59 44 88 44 59 33 59 44 40 44 59 149 107 13 69 68 76 79 58 17 110 35 57 78 165 121 89 48 89 14 22 177 4 26 130 75 65 1
61
78 3 78
13 5 13 8
53 21 53 6 55
1 7
71 9 71
149 74 10 99
94 11 94
161 19 60
80 36 20 80
87 27 87
33 33 29 85
69 69 30
66 66 43 31
88 34 88
24 37 24
61 61 38 93
40 45 40
98 98 46
114 47
77 49 77
17 17 50
12 51 12
65 65 54
72 72 56
92 92 62
22 22 63
23 73 23
76 76 79
4 81 4
52 82 52
167 83
28 28 84
164 86
90 90 91
18 18 96
2 2
14 14
15 15
16 16
25 25
26 26
32 32
35 35
39 39
41 41
42 42
44 44
48 48
57 57
58 58
59 59
64 64
67 67
68 68
70 70
75 75
89 89
95 95
97 97
100 100
101 101
