159 77 140 14 97 126 172 126 97 14 56 156 31 114 197 6 52 6 52 156 64 177 111 177 64 57 63 13 16 84 56 96 56 93 65 98 32 79 32 189 107 134 107 189 59 100 139 71 15 129 74 158 92 158 74 158 102 5 153 93 65 51 148 47 148 41 20 24 193 153 93 154 93 56 14 140 149 4 44 4 149 140 77 159 109 180 193 53 137 101 25 45 72 45 25 138 25 101 137 127 142 46 200 10 66 36 17 133 173 27 166 121 63 57 95 22 159
61
154 2 154
79 3 79 88
72 7 72
20 11 87
149 21
159 22
193 193 24
65 65 26 165
31 28 31
111 34 111 128
114 114 35
46 37 46 192
44 60 38
59 59 40
6 43 6
47 47 48
127 146 61
137 137 76 85
102 82 123 102
172 172 86
158 99 158
13 106 13
92 116
134 134 120
63 121 63
180 122 180
101 132 101
27 145 169
138 138 155
71 157 71
15 167 15
177 174
189 178
100 100 181 199
74 185 74
77 77 190
96 191 96
36 36
32 32
107 107
93 93
126 126
52 52
45 45
97 97
98 98
17 17
51 51
64 64
10 10
53 53
41 41
133 133
4 4
140 140
156 156
148 148
14 14
139 139
109 109
200 200
