Home141 Home154 Home29 Home37 Home114 Home73 Home28 Home150 Home36 Home103 Home88 Home11 Home88 Home149 Home20 Home31 Home67 Home42 Home7 Home127 Home62 Home134 Home62 Home93 Home14 Home158 Home76 Home150 Home28 Home67 Home100 Home170 Home165 Home170 Home101 Home87 Home101 Home162 Home157 Home3 Home157 Home162 Home166 Home45 Home60 Home16 Home123 Home164 Home53 Home174 Home86 Home5 Home78 Home122 Home143 Home82 Home26 Home121 Home75 Home121 Home26 Home82 Home145 Home83 Home27 Home111 Home34 Home176 Home52 Home21 Home96 Home30 Home51 Home30 Home96 Home21 Home52 Home66 Home91 Home115 Home120 Home25 Home74 Home7 Home42 Home32 Home154 Home141
52
Home28 Home64 Home1 Home35
Home101 Home4
Home37 Home37 Home13
Home141 Home15
Home100 Home43 Home100
Home96 Home96 Home44
Home11 Home11 Home47
Home29 Home48
Home31 Home50 Home172 Home31
Home114 Home114 Home55
Home5 Home167 Home124 Home5 Home63
Home120 Home120 Home69
Home25 Home25 Home74
Home75 Home81 Home75
Home3 Home89 Home3
Home157 Home92 Home157
Home53 Home97 Home53
Home76 Home105 Home76
Home73 Home161 Home106
Home165 Home165 Home110
Home27 Home27 Home111
Home16 Home112 Home16 Home131
Home32 Home32 Home125
Home20 Home20 Home126
Home154 Home128 Home154
Home134 Home132 Home134
Home87 Home87 Home135
Home60 Home136 Home60
Home78 Home144
Home51 Home51 Home147
Home62 Home152 Home62
Home121 Home156
Home145 Home171
Home34 Home176 Home34 Home173
Home82 Home177 Home82
Home91 Home91
Home7 Home7
Home88 Home88
Home122 Home122
Home149 Home149
Home164 Home164
Home45 Home45
Home83 Home83
Home143 Home143
Home86 Home86
Home36 Home36
Home103 Home103
Home170 Home170
Home127 Home127
Home67 Home67
Home66 Home66
Home26 Home26
