Home46 Home49 Home9 Home49 Home83 Home63 Home83 Home49 Home88 Home85 Home88 Home32 Home31 Home89 Home82 Home48 Home82 Home17 Home13 Home30 Home55 Home30 Home13 Home35 Home68 Home39 Home41 Home71 Home17 Home82 Home89 Home82 Home48 Home46
18
Home30 Home5 Home30
Home71 Home11 Home71
Home85 Home12 Home85
Home35 Home27
Home9 Home9 Home28 Home45
Home89 Home62 Home31
Home88 Home33
Home68 Home40 Home68
Home39 Home42 Home39
Home13 Home57 Home13
Home55 Home60 Home55
Home63 Home66 Home69 Home63
Home17 Home80
Home82 Home82
Home41 Home41
Home48 Home48
Home49 Home49
Home83 Home83
