K AL AX Z CL Y CA BC CT AY CQ CF CQ BA AC N CU AP DM CI AO CJ EZ BE Q BQ AZ H AG BV P AI AE H BN BK AR AT BI I BI AC BS CC BS AF J CO CH BR O BE G BT M F AS BW CP BZ CE AD CK AL K
54
BV A BV
CP B CP
AI C AI
CH D CH
AY AY E W
Y Y BH BG L
AT R AT
CL CL S
H T H
AP AP U
BZ BZ V
CE CE X
BC AA BC
BA AQ AB BA
M AH M CB
F AJ F
AF AK AF
O AM O
CK CK CV AN
AX AX AU
BI BI AV
BE AW BE
I I BB
BN BN BD
CC CC BF BU
AZ BM AZ BY BJ
BR BR BL
Q Q BO
AS BP AS
AR BW AR
AD BX AD
BK CD BK
K K CG
CJ CM CJ
CF CF CN
AE AE CR
J CS J
G G
N N
P P
Z Z
AC AC
AG AG
AL AL
AO AO
BQ BQ
BS BS
BT BT
CA CA
CI CI
CO CO
CQ CQ
CT CT
CU CU
