lllIl1I 11IIII1 lIIlII1 II11l1l lIIl11l IIlI1lI llIIII1 I111I1I lI11III IlI1II1 11I1llI 1l11lII 11lI11I lII111l I1Ill1I I1llII1 111lI1I 1111I11 l1lll11 lll1111 l1lll11 l1IllI1 1llI111 lll1I1l 1llI111 l1IllI1 IlI1Il1 I11I111 l1IllI1 l1lllll lI1l111 11111lI 1I1I1lI l1I111I lI11III Il1Il1I IIl1l1I I1llll1 lllIl1I
30
IlI1Il1 l1IIl1l IlI1Il1
I11I111 I11I111 ll111ll
lIIl11l lIIl11l 1I1I1l1
IIlI1lI II1Il1I III1llI
l1IllI1 l1IllI1 I1ll1II
lll1I1l lIllIll lll1I1l
lI1l111 1I1l1Il lI1l111 1I11Ill
l1lllll 1IlIl1I l1lllll
IlI1II1 Ill1I11 IlI1II1 III111I
Il1Il1I IIlIllI Il1Il1I
I1llll1 Ill11II I1llll1
II11l1l II11l1l lIl111I
l1lll11 l1Ill11 1I1lllI l1lll11
llIIII1 llIIII1 I11I11l
l1I111I 1lIl11I l1I111I
11111lI I11111l 11111lI
1111I11 llI1lII l1l11l1
lll1111 1l1lIlI
lI11III lI11III
lII111l lII111l
1l11lII 1l11lII
11lI11I 11lI11I
lIIlII1 lIIlII1
11IIII1 11IIII1
111lI1I 111lI1I
IIl1l1I IIl1l1I
1llI111 1llI111
I1llII1 I1llII1
1I1I1lI 1I1I1lI
I111I1I I111I1I
