Satish CXLQGGJ746 PQ09CSX QJ0LM8 5HGKBK JOBN3N PL0UHK F1G8HC PL0UHK SKLZM AO31B76 QHH48VD7JJ 07XQDCJI 2FB0FS3KWX OJ27JN021 7CRTCJA O2N6HBZK8 QL51A0KUT EG23K SUC1CH RX6VI 19LN S657MFMG K936 IQXEPH9QO B0H9VDIK 5N65HLXKU JSSS9HX U0LMCHUU 59E13RE 6HNG FPB1OLF3 EHS8A F3YJ 0I7Y N26J6EU AETBJC WQM0D4 R2POU4T ODSGN281 V7T5SI VNCFO Satish
40
ODSGN281 XGYWBMTWT ODSGN281
5N65HLXKU IEYK8 5N65HLXKU
EHS8A QAL7Z5UN EHS8A
SKLZM SKLZM VNYZ5QVO77
QHH48VD7JJ QHH48VD7JJ M6CD1Y
0I7Y 0I7Y V4R09
VNCFO QU5Y0N2LQ VNCFO
V7T5SI QEAJAFMPY V7T5SI
FPB1OLF3 ITHI7K6W1B FPB1OLF3
F1G8HC F1G8HC 6WSDW
PL0UHK PL0UHK
QL51A0KUT QL51A0KUT
7CRTCJA 7CRTCJA
O2N6HBZK8 O2N6HBZK8
QJ0LM8 QJ0LM8
K936 K936
S657MFMG S657MFMG
JOBN3N JOBN3N
EG23K EG23K
WQM0D4 WQM0D4
N26J6EU N26J6EU
5HGKBK 5HGKBK
JSSS9HX JSSS9HX
CXLQGGJ746 CXLQGGJ746
OJ27JN021 OJ27JN021
RX6VI RX6VI
U0LMCHUU U0LMCHUU
IQXEPH9QO IQXEPH9QO
07XQDCJI 07XQDCJI
B0H9VDIK B0H9VDIK
F3YJ F3YJ
R2POU4T R2POU4T
PQ09CSX PQ09CSX
59E13RE 59E13RE
AETBJC AETBJC
6HNG 6HNG
19LN 19LN
2FB0FS3KWX 2FB0FS3KWX
AO31B76 AO31B76
SUC1CH SUC1CH
