Satish 4C88SXD PUW25N CKNDWG ZMZIWZ 4UE11 LQQ5IH MXJIYJYNH4 9QJRN G90OCSZY FPZT ZH2INF 5HULMUDLAQ 3J6SSA GH8C G4QE3I FM2G14H8I H1LQ91V PIW6IC50D 4P0LGP0 R4DHH1KAWR ETNCY9XH2 CV6NHW7M J2ETZ1C CXQDH6YMZ8 5XYO YQB2CII950 VOAV 02X2C R5XAD9J7 DYYG23O 9K8PLAET 9V10EOH E9DZLL M649OA ZMQ5BH L7QS0UEPJ Q7ZEY 7GAD3F FWM5C G7PWWJ 0TRB9358 8MDFNIK8AY MLKOJ 1UCE ETB2 2B1K6EW9CL LBR67PCKBJ 3IXHQXHYBV P6RI91D87 4VE7V 01G9IQ2 KCOFJD ARTWTP9 L2MG8NMU M71OYIS EEZS HQG39M B3R68HYWZ ZRI9UW LM7KL5G3V O44VZ E37ZKA8WK 91ZONFE QW15YTSV H41HZ6 E2DHWGC HM48FZD0 26PG GN4G0L2 HBQM42U VGYKKKOFLZ Q7Z37G5 FM2HEMVR1 6PVQIBNB9 GNVXN E5HD 2BLLD3SK 7622OJ DNIV2BOR2P DST5W4G0 RP28W1 Satish
76
FM2HEMVR1 ZZACWP FM2HEMVR1
DST5W4G0 KBI1CALMNJ DST5W4G0
CV6NHW7M CV6NHW7M 7T8I47
26PG GILAN21GR3 YSRPP 26PG
P6RI91D87 P6RI91D87 79KTC8AS9
GNVXN 8TH7QVQY GNVXN
9K8PLAET A8WYICH3 9K8PLAET
G4QE3I G4QE3I 8UPUEGO
H1LQ91V A118 H1LQ91V
4VE7V 4VE7V DDB26ZHC
7GAD3F 7GAD3F CB93
7622OJ 7622OJ ET82NVH9
02X2C C8WREP 02X2C
MLKOJ MLKOJ JX6GCY
RP28W1 IHN21LA4 RP28W1
4P0LGP0 EFIKTK4Y0Y 4P0LGP0
DNIV2BOR2P PMXEOGGIQ DNIV2BOR2P
HBQM42U HBQM42U 3WJYJDDU
L7QS0UEPJ L7QS0UEPJ B690
E37ZKA8WK M35E E37ZKA8WK
5XYO 5XYO SQLSVN
0TRB9358 W71YV1R66L 0TRB9358
1UCE 1UCE YU3U1T
9QJRN 9QJRN
8MDFNIK8AY 8MDFNIK8AY
9V10EOH 9V10EOH
2BLLD3SK 2BLLD3SK
91ZONFE 91ZONFE
G90OCSZY G90OCSZY
YQB2CII950 YQB2CII950
HQG39M HQG39M
4UE11 4UE11
ETNCY9XH2 ETNCY9XH2
EEZS EEZS
KCOFJD KCOFJD
ARTWTP9 ARTWTP9
VOAV VOAV
ETB2 ETB2
3IXHQXHYBV 3IXHQXHYBV
FWM5C FWM5C
LM7KL5G3V LM7KL5G3V
PIW6IC50D PIW6IC50D
QW15YTSV QW15YTSV
E5HD E5HD
H41HZ6 H41HZ6
J2ETZ1C J2ETZ1C
LQQ5IH LQQ5IH
ZH2INF ZH2INF
E9DZLL E9DZLL
4C88SXD 4C88SXD
ZMQ5BH ZMQ5BH
E2DHWGC E2DHWGC
ZMZIWZ ZMZIWZ
3J6SSA 3J6SSA
01G9IQ2 01G9IQ2
MXJIYJYNH4 MXJIYJYNH4
PUW25N PUW25N
Q7ZEY Q7ZEY
HM48FZD0 HM48FZD0
CKNDWG CKNDWG
GH8C GH8C
FM2G14H8I FM2G14H8I
M71OYIS M71OYIS
LBR67PCKBJ LBR67PCKBJ
O44VZ O44VZ
FPZT FPZT
VGYKKKOFLZ VGYKKKOFLZ
CXQDH6YMZ8 CXQDH6YMZ8
DYYG23O DYYG23O
GN4G0L2 GN4G0L2
M649OA M649OA
5HULMUDLAQ 5HULMUDLAQ
Q7Z37G5 Q7Z37G5
6PVQIBNB9 6PVQIBNB9
2B1K6EW9CL 2B1K6EW9CL
B3R68HYWZ B3R68HYWZ
