129 83 92 137 9 161 80 84 101 4 11 13 111 30 4 81 158 66 107 100 105 157 195 85 6 85 56 99 156 95 59 25 196 140 94 114 108 178 26 128 190 177 65 0 61 188 61 91 97 96 63 123 49 155 17 8 48 49 53 121 143 97 96 87 33 5 40 104 126 68 110 183 47 183 131 129
62
96 96 2 76
110 110 14 55
0 0 160 15 145 82
188 16 188
61 152 61 21
85 85 23
157 29 157
83 130 36
178 178 39
47 58 44 62
13 50 180 13
6 51 6
17 57 17
190 64 190
40 88 40
80 89
105 192 105 98
158 158 103
107 107 109
30 184 122
108 108 125
111 142
121 121 171 150
140 151
26 26 163
5 5 174
25 25 175
48 48 189
63 63 191
59 194 59
137 137 197
161 161
11 11
53 53
97 97
87 87
95 95
183 183
128 128
65 65
101 101
56 56
84 84
195 195
123 123
33 33
100 100
156 156
92 92
49 49
126 126
114 114
155 155
91 91
196 196
177 177
99 99
8 8
66 66
81 81
9 9
4 4
