845LWU7Kg6167HQY Uyj5raM7C9SGCHQGUC y B4mQOl023dn1 y 0CwgepgS85xC4gx KKUFV29x8iO 0CwgepgS85xC4gx 4 KpBvy 4 TU76UjE52906 3 3k k r geUO1h r k 3k 3 TU76UjE52906 48783322I5q9PFVPT 9vq8gscs7dz1 eDv5MBdo MVvh 11l6P71DgEau1baEX4 xaM1q4jQi3efYb0 2qgWbB40Ya16 MY3aL96Y u3Qv 95E0752p51t dw6Yuyls1ZilP493g91O xaM1q4jQi3efYb0 77yN7eHZwfF99R2 J ElUTL D FL4V06094CU0zO3gJava H6pXAnE0KypnExX SmI7f 48783322I5q9PFVPT 9vq8gscs7dz1 6RiHvQ4xTN5 fgM12T 6RiHvQ4xTN5 9vq8gscs7dz1 48783322I5q9PFVPT a O58T 95fufpL7BuUW8Mng00jE O41Muu 95fufpL7BuUW8Mng00jE a 48783322I5q9PFVPT N8191M9E9v 48783322I5q9PFVPT a 845LWU7Kg6167HQY
31
ElUTL 122gt ElUTL
N8191M9E9v SL88w66v7 9
J X6SrYf57mSUQQ28C 7L 672Pt4Ytw8LW
H6pXAnE0KypnExX H6pXAnE0KypnExX SmI7f YLKBD54k
B4mQOl023dn1 NQ3vX6W6H74aK53np B4mQOl023dn1
MY3aL96Y MY3aL96Y 5CCl0n2r5512
eDv5MBdo 5Qkzz260R7 eDv5MBdo
KKUFV29x8iO ftk2 KKUFV29x8iO
MVvh DUiYDuR9yYFD5 MVvh
r ICQxh0Q58799CUd2 r
Uyj5raM7C9SGCHQGUC 5
u3Qv u3Qv EnhLq7BgTj8IN3Z2m 42U0k6JhTQxPvUw8
fgM12T eqYzN7b19UgNo1K fgM12T
KpBvy 4l4aqvNKB KpBvy
geUO1h 8M2OK8Px58 geUO1h
O41Muu YKpC4gQmPKaU311w9eOT O41Muu
95E0752p51t 95E0752p51t ZT3
77yN7eHZwfF99R2 TBk5Pt5vt5SInt
48783322I5q9PFVPT 48783322I5q9PFVPT
4 4
6RiHvQ4xTN5 6RiHvQ4xTN5
2qgWbB40Ya16 2qgWbB40Ya16
11l6P71DgEau1baEX4 11l6P71DgEau1baEX4
xaM1q4jQi3efYb0 xaM1q4jQi3efYb0
3k 3k
O58T O58T
TU76UjE52906 TU76UjE52906
845LWU7Kg6167HQY 845LWU7Kg6167HQY
y y
3 3
D D
