awsq33VKPi6omYhDxD EEGmmDga qaNF4 a049zYG55Zn66Xbmpdp0 fnMwNw1M6Naw owJxU5AByA1usDUB3gkv K8FRNDo9AOC85 23LQ1uFKh B6zwxFUTXP7207OU b88Y9j2qm7Ik9Uc1Akg 4o eh31Ty 5NI1AGh6XyxT39yE LgZ3kgV zvAc9Z2d7eDxV gE2u1BLhV0VP9W4K 3AZZS7ZlVKs4rRsl T930LVMZqWnRhtA 3I3Et2jII8y 8L8HD9 Tgw4KRLY56280J0 J 3l6XBJU8C1Vc5ugKIhUy GqPS06 tH7nO948j59TD 10rY1cuVgs tH7nO948j59TD GqPS06 3l6XBJU8C1Vc5ugKIhUy J a049zYG55Zn66Xbmpdp0 qaNF4 EEGmmDga awsq33VKPi6omYhDxD
18
10rY1cuVgs e2CQ IU22L8 10rY1cuVgs
Tgw4KRLY56280J0 o2TJY8U Tgw4KRLY56280J0
4o t4g038uD0J7N2MjjK 4o
qaNF4 qaNF4 9NiO9NIt6mT
T930LVMZqWnRhtA T930LVMZqWnRhtA bIXpEU56v5EwRurYx
3l6XBJU8C1Vc5ugKIhUy 3l6XBJU8C1Vc5ugKIhUy J
23LQ1uFKh l
zvAc9Z2d7eDxV zvAc9Z2d7eDxV
3AZZS7ZlVKs4rRsl 3AZZS7ZlVKs4rRsl
awsq33VKPi6omYhDxD awsq33VKPi6omYhDxD
5NI1AGh6XyxT39yE 5NI1AGh6XyxT39yE
a049zYG55Zn66Xbmpdp0 a049zYG55Zn66Xbmpdp0
fnMwNw1M6Naw fnMwNw1M6Naw
B6zwxFUTXP7207OU B6zwxFUTXP7207OU
owJxU5AByA1usDUB3gkv owJxU5AByA1usDUB3gkv
tH7nO948j59TD tH7nO948j59TD
gE2u1BLhV0VP9W4K gE2u1BLhV0VP9W4K
b88Y9j2qm7Ik9Uc1Akg b88Y9j2qm7Ik9Uc1Akg
