AyBBdkPvTTt19wqt 9jWI53P36dh95 KIOJyBXM922ydZA5 7DmqFE ymzG1qC7YsJFFmeog T8C17MZ6g69gmQ ymzG1qC7YsJFFmeog 7DmqFE 36Y155M7F1ZG8 JbMQX8p9 AcC1Sh8w37Px0m 8w6aRuq AcC1Sh8w37Px0m JbMQX8p9 36Y155M7F1ZG8 7DmqFE khC 4B5uWNh7Dl3lRP khC 9jWI53P36dh95 AyBBdkPvTTt19wqt b817BTo6GdPc96ig2 Le6BO3R lP84Whn Nstvw8dF9rhja nOMN589D7t0QjhnBj3wn 5nYY46YfUGovj nOMN589D7t0QjhnBj3wn Nstvw8dF9rhja 2P201UD8Q Fe5xMwq0a8 MEv16358FQ yd7324WTF aCCE QqvW51K9Cm aCCE yd7324WTF 2T6osNpb4 6qc68848myvIqoZWw 2l90gxx61rTb0CbF CDuc4XdY7zp h5 MEv16358FQ E76twn5gNBei01uh2PkH thypPB22BchO3Od9 MjwmiyLlZn thypPB22BchO3Od9 E76twn5gNBei01uh2PkH 2a5Zkf5zd4Va3 O73Lh6 Han188Ox O73Lh6 2a5Zkf5zd4Va3 E76twn5gNBei01uh2PkH MEv16358FQ Fe5xMwq0a8 MnF3RrhkA5IuhY 336P8 Q 2mk9O8P6 SdP9W8WRSw kg8257p31rTQvRWjGF SdP9W8WRSw 2mk9O8P6 6c1qFsEg9xI jxDm QE9dXn5y6j2YYh CDuc4XdY7zp h5 Nstvw8dF9rhja XMV256fk iFF184 pwvBbQ870l3Io2K IEtn6zEV03H3 r9qUrqog71Fz9gx IEtn6zEV03H3 pwvBbQ870l3Io2K iFF184 2YlhGrefFhV6JLtw 5tQKcAo3 o 5tQKcAo3 q rcnFY8496Nr2v81Ax d2A2ZPVl61Vtm2kT 1MHxxU P GXFdnTo0Mk b6DdFnSk8qdk45 6nB9xzJ7b5115Qu5 b6DdFnSk8qdk45 I4640OD 1utCvCS3yEzt0HBbKt I4640OD Ja 1MHxxU 0Lw86e I6 0Lw86e 1MHxxU 920ucA0jXEv 1MHxxU P Q2PY RYtkT5 Q2PY 3 Q2PY EL5n1KQ3kn Ut7hqt9A p772t3OLqj 89ukpivGhdck21Krrh40 98E9ia5 0b 9jWI53P36dh95 AyBBdkPvTTt19wqt
60
Le6BO3R d Le6BO3R
2l90gxx61rTb0CbF TMULg 2l90gxx61rTb0CbF
jxDm 4932 vRH6pA1I75N1 eZEbm jxDm
I6 I6 6v326555i1Io5Z o83v2nI1sQs
I4640OD L46h8MG90TBpA8v9 I4640OD
8w6aRuq 8w6aRuq 1e90fR0FtB7Ev156y
XMV256fk XMV256fk Tk46
IEtn6zEV03H3 IEtn6zEV03H3 e1M0JsNJ5
QqvW51K9Cm QqvW51K9Cm FR3SCSFtuk055ORI
6nB9xzJ7b5115Qu5 PELS5 b19692
khC 2Et5UN6ZJ19iz khC
2P201UD8Q 2P201UD8Q c3x9Cmq8W5oa57mjASv
kg8257p31rTQvRWjGF kg8257p31rTQvRWjGF NU7gnWcAs4nq66FS
89ukpivGhdck21Krrh40 89ukpivGhdck21Krrh40 Rf0x16WtfDv
1MHxxU TByQ7zH089 1wF6
Fe5xMwq0a8 XQxkrBxnI
RYtkT5 usTG0We6G9WDs7Dk RYtkT5 8Qe2lSUyQa
5nYY46YfUGovj 5nYY46YfUGovj q7Ehaiz
4B5uWNh7Dl3lRP 4B5uWNh7Dl3lRP v
r9qUrqog71Fz9gx r9qUrqog71Fz9gx nw566uv d5P0NXv8
1utCvCS3yEzt0HBbKt hG8udpL53V 9q06155efQSN 1utCvCS3yEzt0HBbKt
o 7d2Q05crlPi A6gMJKsUfUSuEI76
0Lw86e dUdv uF131buM7L27
MjwmiyLlZn O7W5C8z8H93l 68ZC6T1G2o9Q95CKs MjwmiyLlZn
336P8 J68F52raS3n1L6ZYK
O73Lh6 9o4t
MEv16358FQ L7Mfs3034VwaB7kd3Z MEv16358FQ
T8C17MZ6g69gmQ FKWv88jkw79me T8C17MZ6g69gmQ
98E9ia5 gv3T5z4 659Cx
q q 8tvL5MpO9J735t
b817BTo6GdPc96ig2 ywj3aNhyxUH b817BTo6GdPc96ig2
EL5n1KQ3kn MJ2l1N0ojTC
Q P6C89a32 Q
Han188Ox EnmWLiDA9NE89oNUTbx Han188Ox
920ucA0jXEv 920ucA0jXEv 85682ijoufq1DW
3 3z4E 3
GXFdnTo0Mk JBYT6heC6yE4
9jWI53P36dh95 9jWI53P36dh95 3505
lP84Whn qGr382CkPK997QVHAL
p772t3OLqj p772t3OLqj
7DmqFE 7DmqFE
thypPB22BchO3Od9 thypPB22BchO3Od9
6qc68848myvIqoZWw 6qc68848myvIqoZWw
KIOJyBXM922ydZA5 KIOJyBXM922ydZA5
aCCE aCCE
nOMN589D7t0QjhnBj3wn nOMN589D7t0QjhnBj3wn
Q2PY Q2PY
E76twn5gNBei01uh2PkH E76twn5gNBei01uh2PkH
2YlhGrefFhV6JLtw 2YlhGrefFhV6JLtw
pwvBbQ870l3Io2K pwvBbQ870l3Io2K
b6DdFnSk8qdk45 b6DdFnSk8qdk45
iFF184 iFF184
36Y155M7F1ZG8 36Y155M7F1ZG8
SdP9W8WRSw SdP9W8WRSw
yd7324WTF yd7324WTF
Ut7hqt9A Ut7hqt9A
P P
6c1qFsEg9xI 6c1qFsEg9xI
ymzG1qC7YsJFFmeog ymzG1qC7YsJFFmeog
2T6osNpb4 2T6osNpb4
