0 90 79 138 89 73 99 32 99 82 18 42 51 6 58 68 85 87 84 24 54 24 63 103 162 136 85 75 11 121 49 40 184 35 124 92 17 13 17 33 72 28 41 46 41 161 71 67 8 149 7 33 2 65 61 14 61 65 3 65 2 36 2 33 7 76 34 163 124 93 124 127 82 18 57 53 20 103 30 51 96 112 50 9 50 112 0 137 0
54
57 16 1 39 57
79 4 79
13 13 5
67 8 67
42 48 10 42
3 3 12
0 0 43 15 86 59 62
51 51 19 30 47
17 17 21 31
46 46 22
89 89 26 23
32 32 25
2 2 27 78
14 29 14
137 52 37
93 81 93 38
35 35 44
71 45 71
63 63 55
36 56 36
20 60 20
9 64 9 80
73 73 66
184 69
61 61 70
33 33 74
58 58 77
72 72 83
24 88 24
34 34 91
138 94
99 99 95
84 97 84
54 98 54
6 6
7 7
11 11
18 18
28 28
40 40
41 41
49 49
50 50
53 53
65 65
68 68
75 75
76 76
82 82
85 85
87 87
90 90
92 92
96 96
