loc0 loc23 loc84 loc23 loc99 loc47 loc25 loc47 loc7 loc32 loc93 loc91 loc39 loc91 loc49 loc43 loc45 loc62 loc6 loc88 loc9 loc91 loc49 loc33 loc86 loc68 loc29 loc70 loc98 loc75 loc98 loc59 loc37 loc94 loc99 loc23 loc0
19
loc88 loc8 loc88
loc62 loc16 loc90 loc20 loc62
loc94 loc51 loc21
loc39 loc24 loc39
loc93 loc72 loc26 loc93
loc75 loc75 loc28
loc91 loc91 loc31
loc29 loc34 loc29
loc45 loc35 loc45
loc84 loc40 loc65 loc42 loc84
loc33 loc48 loc33
loc68 loc52
loc7 loc54 loc7
loc6 loc61 loc6 loc79
loc86 loc69 loc86
loc25 loc81 loc25
loc49 loc49
loc23 loc23
loc99 loc99
