loc0 loc25 loc138 loc32 loc150 loc197 loc83 loc108 loc177 loc109 loc189 loc32 loc138 loc42 loc46 loc37 loc75 loc112 loc157 loc198 loc131 loc198 loc77 loc129 loc66 loc168 loc11 loc168 loc113 loc20 loc165 loc164 loc4 loc178 loc110 loc34 loc131 loc44 loc198 loc157 loc62 loc82 loc78 loc53 loc160 loc106 loc160 loc53 loc122 loc96 loc111 loc44 loc76 loc163 loc169 loc156 loc64 loc191 loc39 loc28 loc61 loc98 loc89 loc116 loc89 loc37 loc144 loc49 loc46 loc183 loc188 loc120 loc188 loc183 loc38 loc179 loc41 loc9 loc0 loc58 loc0
49
loc120 loc8 loc120
loc32 loc32 loc10 loc14
loc129 loc129 loc162 loc15
loc150 loc17 loc150
loc131 loc27 loc131
loc66 loc66 loc31
loc116 loc116 loc36
loc160 loc160 loc45
loc41 loc41 loc119 loc47
loc106 loc106 loc52
loc53 loc54
loc34 loc57 loc147
loc11 loc11 loc67
loc58 loc185 loc69
loc62 loc84
loc179 loc179 loc85
loc168 loc168 loc92 loc93
loc76 loc97 loc182
loc44 loc172 loc100
loc49 loc105 loc130 loc49
loc138 loc138 loc118
loc96 loc96 loc134
loc0 loc167
loc109 loc177 loc109
loc164 loc184 loc164
loc83 loc186 loc83
loc28 loc187 loc28
loc37 loc192 loc37
loc122 loc122 loc196
loc82 loc82
loc191 loc191
loc39 loc39
loc198 loc198
loc20 loc20
loc89 loc89
loc156 loc156
loc113 loc113
loc25 loc25
loc188 loc188
loc112 loc112
loc144 loc144
loc165 loc165
loc42 loc42
loc157 loc157
loc75 loc75
loc183 loc183
loc46 loc46
loc78 loc78
loc197 loc197
