74 123 109 161 139 138 116 120 198 130 28 58 28 14 59 65 8 49 113 198 100 173 100 73 146 73 125 103 51 199 133 199 51 193 127 193 51 190 155 175 165 176 165 64 90 64 73 125 83 125 98 125 73 152 73 100 134 112 76 56 76 112 107 44 185 57 86 146 8 141 61 141 129 141 8 115 63 66 63 115 148 15 170 172 170 63 139 161 20 96 184 96 20 161 11 140 181 142 42 8 123 81 123 74
55
193 193 4
172 12 5
152 152 16
90 17 90
161 161 18
44 44 23
103 27 103
86 86 31 128
127 127 32
14 118 14 39
142 42 142
146 146 45
198 143 198 47
66 66 50
130 130 52
98 98 53
133 133 54
59 59 60
100 97 100 72
51 51 77
56 56 135 80
113 113 88
76 89 154 76
65 91 200
138 138 94
181 95
11 99 11
148 105 192
83 83 108
199 199 111
112 114 112
173 132 173
184 184 136
125 125 157
58 58 158
129 129 163
81 81 167
165 171 165
63 174 63
176 178 179
20 20
61 61
73 73
96 96
107 107
109 109
115 115
116 116
120 120
123 123
134 134
139 139
140 140
155 155
190 190
