112 123 8 73 109 84 127 126 29 27 158 70 72 11 147 146 23 174 152 107 183 34 78 181 184 24 131 163 187 99 160 42 56 54 9 170 17 105 188 21 44 182 75 114 144 119 59 58 14 162 80 81 52 71 190 36 129 172 97 121 120 66 136 40 13 143 95 28 117 166 0 35 102 118 112
73
187 187 6
147 147 20
190 33 190
99 41 99
107 49 107
27 27 53
143 60 143
80 64 80
163 163 68
29 29 69
52 83 52
36 36 85
13 13 94
118 96 118
0 104 0
44 124 44
58 130 58
119 138 119
66 66 149
102 102 151
160 160 154
188 188 157
144 144 165
97 168 97
136 136 169
72 72 171
184 184 194
71 71
11 11
170 170
84 84
40 40
42 42
131 131
114 114
117 117
121 121
78 78
59 59
81 81
120 120
73 73
152 152
126 126
166 166
127 127
23 23
56 56
34 34
129 129
17 17
70 70
174 174
182 182
183 183
109 109
172 172
14 14
123 123
28 28
75 75
146 146
21 21
9 9
24 24
181 181
158 158
8 8
105 105
54 54
95 95
162 162
35 35
