Soda loc18 loc50 loc33 loc71 loc19 loc45 loc90 loc67 loc26 loc67 loc90 loc45 loc20 loc49 loc45 loc32 loc45 loc66 loc45 loc90 loc67 loc26 loc43 loc22 loc79 loc72 loc6 loc44 loc40 loc44 loc6 loc3 loc63 loc86 loc63 loc12 loc92 loc53 loc55 loc29 loc95 loc29 loc53 loc96 loc86 loc63 loc61 loc23 loc63 loc65 loc64 loc8 loc31 loc41 loc31 loc8 loc83 loc91 loc83 loc64 Soda
30
loc86 loc96 loc10 loc99 loc86
loc55 loc13 loc55
loc8 loc8 loc17
loc18 loc18 loc21
loc95 loc28 loc95
loc23 loc30 loc23
loc66 loc97 loc66 loc36
loc41 loc41 loc38
loc40 loc40 loc39
loc26 loc26 loc43
loc32 loc48 loc32
loc79 loc57 loc79
loc91 loc91 loc68
loc49 loc73 loc49
loc45 loc81 loc93 loc45
loc44 loc89 loc44
loc72 loc72
loc33 loc33
loc71 loc71
loc19 loc19
loc90 loc90
loc67 loc67
loc20 loc20
loc83 loc83
loc31 loc31
loc61 loc61
loc12 loc12
loc92 loc92
loc53 loc53
loc29 loc29
