Soda loc106 loc172 loc36 loc145 loc36 loc106 loc25 loc53 loc179 loc151 loc104 loc163 loc42 loc163 loc104 loc151 loc92 loc57 loc157 loc59 loc157 loc57 loc75 loc137 loc75 loc92 loc124 loc82 loc43 loc27 loc180 loc10 loc147 loc38 loc193 loc111 loc181 loc111 loc30 loc39 loc198 loc28 loc198 loc39 loc30 loc111 loc55 loc194 loc35 loc176 loc95 loc165 loc15 loc8 loc101 loc148 loc60 loc68 loc192 loc170 loc196 loc51 loc196 loc142 loc196 loc170 loc192 loc87 loc47 loc164 loc197 loc141 loc41 loc77 loc173 loc107 loc173 loc77 loc41 loc26 loc27 loc43 loc50 loc83 loc94 loc34 loc13 loc74 loc23 loc74 loc13 loc34 loc14 loc34 loc32 loc34 loc84 loc34 loc13 loc74 loc23 loc17 loc129 loc179 loc80 loc199 loc64 loc3 Soda
61
loc179 loc3 loc45
loc172 loc172 loc6
loc142 loc142 loc7
loc35 loc9 loc35
loc30 loc136 loc11 loc30
loc23 loc17 loc23
loc59 loc59 loc20
loc148 loc22
loc198 loc24
loc181 loc37 loc181
loc137 loc40 loc137
loc53 loc58 loc53
loc196 loc185 loc61
loc199 loc64 loc199
loc82 loc65 loc82
loc57 loc72 loc57
loc15 loc15 loc79
loc14 loc88 loc121 loc14
loc151 loc90 loc151
loc84 loc97 loc84 loc167
loc165 loc100 loc165
loc51 loc51 loc155 loc103
loc28 loc28 loc109
loc193 loc193 loc114
loc34 loc34 loc118 loc138
loc38 loc122 loc38
loc68 loc126
loc111 loc128 loc111
loc147 loc131 loc147
loc25 loc25 loc140
loc107 loc146 loc107
loc163 loc154 loc163
loc145 loc145 loc156
loc42 loc42 loc171
loc194 loc194 loc183
loc26 loc26 loc188
loc32 loc32 loc189
loc50 loc50
loc83 loc83
loc94 loc94
loc13 loc13
loc74 loc74
loc75 loc75
loc157 loc157
loc80 loc80
Soda Soda
loc106 loc106
loc36 loc36
loc101 loc101
loc10 loc10
loc77 loc77
loc41 loc41
loc192 loc192
loc141 loc141
loc55 loc55
loc95 loc95
loc180 loc180
loc173 loc173
loc170 loc170
loc8 loc8
loc39 loc39
