0 2 53 87 24 16 113 30 9 98 8 38 35 38 8 34 117 1 95 192 7 59 51 59 174 125 17 158 45 56 99 56 45 123 65 123 72 177 92 100 29 39 86 139 37 139 86 106 146 103 58 36 46 48 145 20 18 196 18 32 18 196 82 22 62 12 62 83 62 22 82 70 82 196 4 196 45 56 122 41 80 173 24 16 93 63 88 90 88 144 157 144 27 144 157 6 157 16 24 94 40 64 40 94 24 91 24 87 31 80 84 80 31 0
61
90 90 3 23
65 65 5
12 10 12
64 64 11 96
106 50 13
31 14 31
113 15
41 41 19
6 25 21 6
17 17 26
20 28 20
177 33
30 42 30
95 43 95
27 27 44
36 36 46
37 37 47
48 48 49
82 82 52
53 53 54 55
88 88 57
92 60 76 92
100 73 100 61
84 66 84
91 91 67
83 83 68
157 69
80 80 71
4 74 4
70 75 70
32 32 77
35 35 78
87 87 79
192 81
45 45 85
51 89 51
34 97 34
1 1
2 2
7 7
8 8
9 9
16 16
18 18
22 22
24 24
29 29
38 38
39 39
40 40
56 56
58 58
59 59
62 62
63 63
72 72
86 86
93 93
94 94
98 98
99 99
