48 73 171 163 171 25 90 87 107 66 74 66 107 133 107 177 158 42 9 129 141 196 141 2 23 39 85 152 136 129 194 193 98 38 165 38 147 135 84 51 180 135 147 36 147 38 98 16 40 176 138 199 155 3 155 143 167 139 185 78 185 78 7 154 115 10 159 197 154 164 58 118 58 164 77 81 148 21 79 21 89 113 78 119 93 13 20 48
57
180 156 180 5
79 11 79
77 19
48 48 20
152 152 29
165 34 165
81 35
196 123 196 46
193 193 52
154 197 154 53 110
36 36 55
39 56 39
84 60 84
185 64 185 109 190
98 98 67 101 103
113 113 69 182
163 88 163 108
133 93 133
38 117 38
159 120 179
143 137 125 167 143
119 126 119
129 136 129
118 145 118
74 74 149
107 107 151
194 194 157
177 177 158
3 170 3
7 7 175
135 181 135
73 73 186
66 66 191
199 199
141 141
115 115
85 85
58 58
148 148
147 147
176 176
90 90
21 21
10 10
23 23
25 25
164 164
78 78
9 9
42 42
16 16
138 138
171 171
40 40
87 87
155 155
2 2
