mdyuzxshey vkrlpmybdj jatkaoyfxb zumetrybth ebqxbaqnmm ljhmnbaicr owusjcmdkp lnicnhmajr oggftsricu lkvobxyfca fznfvsgjhc sjtuxgdwms lbuiysostx oegfbrwyrp bswhowadhl wtyqwjwskq yiwwdwbzth xftptyrlvl knfzsnhzvx oewptytlja knfzsnhzvx xftptyrlvl yiwwdwbzth jqtguzxxsl hadchvmijq phknwbtipl kdujdjjwot zjbarjhmau bulywvvpni lndsfxewdc zpybghfdbe cmdqzmgvfi tmrnpjqnxx wtlzrefwav hsjqtjkukk smwxdupkdv aokbiptbzc koawdpgqdx unihwwnyqz qepegujmaa unihwwnyqz koawdpgqdx smwxdupkdv hsjqtjkukk wtlzrefwav jrmlkfexfk gllungmori rkyixxpcbx optviwhmbr ixyurvbpvu siatqqydwf ahqdrcepub siatqqydwf ixyurvbpvu optviwhmbr rkyixxpcbx optviwhmbr ixyurvbpvu uooysjrxsb seeyrseflx uooysjrxsb ixyurvbpvu siatqqydwf bulywvvpni zjbarjhmau wkwwcqjtxf qcktwemqbm tvcolajnao vkrlpmybdj mdyuzxshey
33
rkyixxpcbx eooyfwmxln gllungmori rkyixxpcbx
seeyrseflx vugkhjygfe seeyrseflx
vkrlpmybdj vkrlpmybdj zmfuudfatm
yiwwdwbzth wtyqwjwskq
zpybghfdbe psiebvskfb
lbuiysostx lbuiysostx tgbmxdmvwe
xftptyrlvl jedsthbmzo xftptyrlvl
oewptytlja nwlccbonas oewptytlja
ixyurvbpvu gwnccktgki
qepegujmaa xtvbrolacp qepegujmaa
jatkaoyfxb jatkaoyfxb bnmegnfgii
cmdqzmgvfi cmdqzmgvfi qydclznxrd qfbvncxldf
zjbarjhmau qcktwemqbm zjbarjhmau
lndsfxewdc mswyvpdrsy lndsfxewdc
ahqdrcepub lazlsvgukx ahqdrcepub
hadchvmijq wynbxuuxru hadchvmijq
mdyuzxshey mysadifwma mdyuzxshey
oggftsricu euqbrkzdsw
kdujdjjwot kdujdjjwot
bulywvvpni bulywvvpni
knfzsnhzvx knfzsnhzvx
ebqxbaqnmm ebqxbaqnmm
zumetrybth zumetrybth
jqtguzxxsl jqtguzxxsl
aokbiptbzc aokbiptbzc
optviwhmbr optviwhmbr
wtlzrefwav wtlzrefwav
lkvobxyfca lkvobxyfca
owusjcmdkp owusjcmdkp
ljhmnbaicr ljhmnbaicr
koawdpgqdx koawdpgqdx
fznfvsgjhc fznfvsgjhc
lnicnhmajr lnicnhmajr
