evdoyagqfp xawkqmfmmx xftptyrlvl mysadifwma xftptyrlvl jqtguzxxsl optviwhmbr jqtguzxxsl wynbxuuxru oegfbrwyrp xqwyvbvueh tvcolajnao lcrihrmoqu tvcolajnao xqwyvbvueh oegfbrwyrp ebqxbaqnmm xwrvhrxnqy xifuopshzj afortwurqt ahqdrcepub gbdejcnknd ahqdrcepub byyqgjwsrp euqbrkzdsw zivwgfcxqi phknwbtipl fdgcygwgjf phknwbtipl xguvjomcdt nwlccbonas xguvjomcdt phknwbtipl wirlbujvjm kwbnyneokj qpxtrjvxpe tmatbexcil qpxtrjvxpe lnicnhmajr xychpimpzb bulywvvpni wkwwcqjtxf osdeymjeil jrmlkfexfk seeyrseflx jrmlkfexfk pymtnhypxd pwgublhwxg afrdrejwtp wtlzrefwav sipmuleqch wtlzrefwav mdyuzxshey ouxenssqdu kvfpaspidv zpjhxyylhb bswhowadhl xsjzeyxnpw ymvlfsdhbu nbjyrygtdh ymvlfsdhbu xsjzeyxnpw bswhowadhl ljhmnbaicr bswhowadhl xsjzeyxnpw ymvlfsdhbu lazlsvgukx bbczvyonym kwbnyneokj qpxtrjvxpe lnicnhmajr aruwdskzta vugkhjygfe xywdziunpr vugkhjygfe guuudgvhny vugkhjygfe aruwdskzta lnicnhmajr kyrhqthnvz lndsfxewdc eqdxeqvtsb xnppuesbrr eqdxeqvtsb lndsfxewdc vkrlpmybdj jrusiskazm ichabbvkhm jrusiskazm gjmmikaxih byyqgjwsrp tmatbexcil qpxtrjvxpe qiqnnrlapz qpxtrjvxpe tmatbexcil byyqgjwsrp cttlxdtaiw zmfuudfatm cttlxdtaiw xzwkhxkxjr pbefrggyje xwrvhrxnqy ebqxbaqnmm oegfbrwyrp wynbxuuxru jqtguzxxsl pcilmgdrgc qepegujmaa kgktiatgjn epdwcjuvdr eooyfwmxln fczruomdab uhalgukdzb yriqtwavfx uhalgukdzb fczruomdab eooyfwmxln epdwcjuvdr kgktiatgjn qepegujmaa ixyurvbpvu qepegujmaa pcilmgdrgc jqtguzxxsl xftptyrlvl evdoyagqfp
62
qepegujmaa psiebvskfb qepegujmaa etdxtwotzh
ixyurvbpvu yiwwdwbzth qfbvncxldf
lcrihrmoqu lcrihrmoqu tgbmxdmvwe xkasbvrrxd
yriqtwavfx gucdicwxmb rkyixxpcbx
fdgcygwgjf fdgcygwgjf rnpokwoqgt
xywdziunpr oggftsricu xywdziunpr
jqtguzxxsl smwxdupkdv
mysadifwma bnmegnfgii mysadifwma
ymvlfsdhbu ymvlfsdhbu aokbiptbzc
ljhmnbaicr pdljcbluhp qgfchcatzi
nwlccbonas bbwcqzwyoz itbfnxnauh nwlccbonas
bbczvyonym hsjqtjkukk bbczvyonym
seeyrseflx hkempoemlv seeyrseflx
wynbxuuxru tmrnpjqnxx wynbxuuxru voaumgrcuj
xftptyrlvl fluzhooehk kvxwqiryyu uooysjrxsb
xnppuesbrr xnppuesbrr qxuqrfzzob
optviwhmbr optviwhmbr ivugtsvtqb vfdsalrajq
bswhowadhl tgkujfknod bswhowadhl
pcilmgdrgc wwqchwdmtx pcilmgdrgc ivgbjyugdu
zpjhxyylhb hofbtczdgp
byyqgjwsrp qxfgqgbbdn byyqgjwsrp
ichabbvkhm oavtmpaqji ichabbvkhm
jrmlkfexfk scesbtewjx jrmlkfexfk
guuudgvhny stdiixwrjc guuudgvhny
pbefrggyje kijbyyuzhd pbefrggyje
wtlzrefwav wtlzrefwav afrdrejwtp bimtbhwsby
wkwwcqjtxf lkvtxfwozs wkwwcqjtxf
nbjyrygtdh nbjyrygtdh cpwyxulkjm
qiqnnrlapz qiqnnrlapz ldnozwuuuq
zmfuudfatm cttlxdtaiw zmfuudfatm
gbdejcnknd gbdejcnknd vnzypgtlkj
vugkhjygfe vugkhjygfe
lnicnhmajr lnicnhmajr
kgktiatgjn kgktiatgjn
jrusiskazm jrusiskazm
tmatbexcil tmatbexcil
xguvjomcdt xguvjomcdt
xawkqmfmmx xawkqmfmmx
uhalgukdzb uhalgukdzb
xwrvhrxnqy xwrvhrxnqy
euqbrkzdsw euqbrkzdsw
afortwurqt afortwurqt
kyrhqthnvz kyrhqthnvz
mdyuzxshey mdyuzxshey
ouxenssqdu ouxenssqdu
qpxtrjvxpe qpxtrjvxpe
vkrlpmybdj vkrlpmybdj
evdoyagqfp evdoyagqfp
tvcolajnao tvcolajnao
zivwgfcxqi zivwgfcxqi
aruwdskzta aruwdskzta
oegfbrwyrp oegfbrwyrp
xychpimpzb xychpimpzb
ahqdrcepub ahqdrcepub
eooyfwmxln eooyfwmxln
xqwyvbvueh xqwyvbvueh
lndsfxewdc lndsfxewdc
osdeymjeil osdeymjeil
xifuopshzj xifuopshzj
bulywvvpni bulywvvpni
kvfpaspidv kvfpaspidv
eqdxeqvtsb eqdxeqvtsb
