AwxIeucriHjf27FhspG yWzqUasT3R6D74kKJru LKpfxPqdJvaI8C0We3z 2oDxBYX4AFTcdsuyjS7 ORVoYgr9pvTkjDEn3z1 SgEu94o85QKaBwRnUqk iYI8LowClq2xG0XWSdZ v8rJpjBE2GMRcaD7w4V PyJKts960QpjhTLD2OE 8CRHxDVKFZsYB6tMpik dLzEgnCZKowbF2kJImP qR1w8vWKJ9GTMoIVHEe N4xuWFlCoSegmctI20M ZDtoyidIR6aqQwg1rfL r7atW26zvHYEAjxZB5I 9k3KERBOiDm5tSLWTuV p39vLN8ZTmldOHc7FQq RZydCPMgeNYjxh8sAGI ZiPlEIqjAW0gpVoJsT6 tW8U5JQYoGLH1fxkDly XfrmtaWRUdFACN809yS 1pEvPaYSub2mW8eItUO JX3fUkTlirV92nytHdI IxZGeW9SUK2QcXf7aJs 81enwCUSxbBZOYdyVNm oXD0mSLKMYy5gjbW7s3 gkIdtam3XO0GhSfHMn2 oqS8bChDzaEOsTV2FZp Z67LKcAUNbXP0xGtue2 4LxtbrVK16vaZhMqPTf sP8cQuHBaxI7wkL0VTS p80UhzCbyXmZiGjNTVY JOjfABw83oFCiaXDvMs SILZWArv6k7FcGhyeb5 3WN1qBmcvAExjdM6Gr7 SWcTa048zDXHmAk67vq UhV08bJKBApcNP4O7xl TwZjBSskDY4E9OdRuXv 32iUhWwbaRQdpGN6CP9 JcQAO3uxterl9IUwhKB sho45SEzbYFQpR1CwZm 4WPDhRB2vq5G1CNxpiz 8XdiGJQuvDq0O45cAa3 TD1lnWQY5GcdEjtfVzs Nji35abpK0CTUSlWGuA OzSVlAJPB8pD7McueaG IlfLurGFiMO9W3wUAXR bXmHFcCtVZPv4oxBweM 8aKYx2SdqPRjFvi6yr4 KJwAq0SmfUlOGo8Pbeh 8aKYx2SdqPRjFvi6yr4 bXmHFcCtVZPv4oxBweM IlfLurGFiMO9W3wUAXR OzSVlAJPB8pD7McueaG Nji35abpK0CTUSlWGuA TD1lnWQY5GcdEjtfVzs 8XdiGJQuvDq0O45cAa3 4WPDhRB2vq5G1CNxpiz sho45SEzbYFQpR1CwZm JcQAO3uxterl9IUwhKB 32iUhWwbaRQdpGN6CP9 TwZjBSskDY4E9OdRuXv UhV08bJKBApcNP4O7xl SWcTa048zDXHmAk67vq 3WN1qBmcvAExjdM6Gr7 SILZWArv6k7FcGhyeb5 JOjfABw83oFCiaXDvMs p80UhzCbyXmZiGjNTVY sP8cQuHBaxI7wkL0VTS 4LxtbrVK16vaZhMqPTf Z67LKcAUNbXP0xGtue2 oqS8bChDzaEOsTV2FZp gkIdtam3XO0GhSfHMn2 oXD0mSLKMYy5gjbW7s3 81enwCUSxbBZOYdyVNm IxZGeW9SUK2QcXf7aJs JX3fUkTlirV92nytHdI 1pEvPaYSub2mW8eItUO XfrmtaWRUdFACN809yS tW8U5JQYoGLH1fxkDly ZiPlEIqjAW0gpVoJsT6 RZydCPMgeNYjxh8sAGI p39vLN8ZTmldOHc7FQq 9k3KERBOiDm5tSLWTuV r7atW26zvHYEAjxZB5I ZDtoyidIR6aqQwg1rfL N4xuWFlCoSegmctI20M qR1w8vWKJ9GTMoIVHEe dLzEgnCZKowbF2kJImP 8CRHxDVKFZsYB6tMpik PyJKts960QpjhTLD2OE v8rJpjBE2GMRcaD7w4V iYI8LowClq2xG0XWSdZ SgEu94o85QKaBwRnUqk ORVoYgr9pvTkjDEn3z1 2oDxBYX4AFTcdsuyjS7 LKpfxPqdJvaI8C0We3z yWzqUasT3R6D74kKJru AwxIeucriHjf27FhspG
50
IlfLurGFiMO9W3wUAXR M7vKqQH6U3sGneYpBmr IlfLurGFiMO9W3wUAXR
p39vLN8ZTmldOHc7FQq p39vLN8ZTmldOHc7FQq OFnyj64xurghSV8Cz13 FhQNEw3VjK7YeUgT8rm
yWzqUasT3R6D74kKJru yWzqUasT3R6D74kKJru NWGQdEXnhM5gUqcJ13T wJPGQIr4Njpk7Re6sbX
tW8U5JQYoGLH1fxkDly tW8U5JQYoGLH1fxkDly LdUAKJjGy23PM8pSE0H
81enwCUSxbBZOYdyVNm 81enwCUSxbBZOYdyVNm sOhbeTrPJkB5zIDlpEx
3WN1qBmcvAExjdM6Gr7 0l5Q4wHKrGTtYmko6uB 3WN1qBmcvAExjdM6Gr7
dLzEgnCZKowbF2kJImP weiO89Us3SIvoaPtrB0 dLzEgnCZKowbF2kJImP
2oDxBYX4AFTcdsuyjS7 ZyajO0zqmgFGd4PUlik 2oDxBYX4AFTcdsuyjS7
TwZjBSskDY4E9OdRuXv kC0UP5yi37XTohZLezu TwZjBSskDY4E9OdRuXv
p80UhzCbyXmZiGjNTVY mxbN18fatelypn20FLZ SBXYtjvfK32xzIsAgbu p80UhzCbyXmZiGjNTVY
Z67LKcAUNbXP0xGtue2 Z67LKcAUNbXP0xGtue2 DZKQ08WnbkSIqz2rAm6
TD1lnWQY5GcdEjtfVzs TD1lnWQY5GcdEjtfVzs NXV1D2dbScZ4y9pUtqW
JOjfABw83oFCiaXDvMs EtZy03uSNxdF1kcjeG7 JOjfABw83oFCiaXDvMs
1pEvPaYSub2mW8eItUO XHfCu7qLi0aIveTUmlM 1pEvPaYSub2mW8eItUO
KJwAq0SmfUlOGo8Pbeh KJwAq0SmfUlOGo8Pbeh EyCHsSP5XZrQR0L23jf EwF5nLVG0tZTx9dWU1D uhaSszxK8v16PtwWV50 VMPr01qNctRo2GspAdh 5Sgq2KH8U61EC0W3VNR ciYOlIwSpvHz3ybj2mV eqi0fKTM2RdD6zkSAEr J6ComdZW9qLG5V7D2Qb pdb3WuP0IFN8hwBkH69 vBQ8qjbgmCfZIxY2zJP srXSIvPOWTzJ7opbjGc LgX3GoqbTpRCdhOElKA VmTt9Ek3YP0ioL4huqK jIi2sVXxaTR5vQNo6uH GpTdeJ4jlQkvCMFtiU8 Jlkixpd2cLWGKCrVSmf mqAocERyYrzi36U5pTt 5Hz2glV7fhLTxX0iEyu 2SbQ735yxpaYRJGdLNt 4RPkH7Dc2lSytIEjdvZ C7gXPVA3YZ2QWdsUkGx 8XNwOR4jem9hBP3VKuk ou7YpydAjD9Tzn0MSEv KtuJ8324zFfxhcgNUO0 J1VXRSak3EBr6AGsmz7 uFkwq6pWAKVEXdDRGQb XBQSWe7pwDs2Ik8lnAv BMxnoGrf91mOZwU8P3C Ou5bfz3rmJwxCBhTatL XMuchaoDbgs8v65ECIF wdEaysuC74BJzk6lPtZ BS8iY9aPlgh1QqrIpVd CN1OwEHxoMR8mP7VXyj
AwxIeucriHjf27FhspG AwxIeucriHjf27FhspG
LKpfxPqdJvaI8C0We3z LKpfxPqdJvaI8C0We3z
ORVoYgr9pvTkjDEn3z1 ORVoYgr9pvTkjDEn3z1
SgEu94o85QKaBwRnUqk SgEu94o85QKaBwRnUqk
iYI8LowClq2xG0XWSdZ iYI8LowClq2xG0XWSdZ
v8rJpjBE2GMRcaD7w4V v8rJpjBE2GMRcaD7w4V
PyJKts960QpjhTLD2OE PyJKts960QpjhTLD2OE
8CRHxDVKFZsYB6tMpik 8CRHxDVKFZsYB6tMpik
qR1w8vWKJ9GTMoIVHEe qR1w8vWKJ9GTMoIVHEe
N4xuWFlCoSegmctI20M N4xuWFlCoSegmctI20M
ZDtoyidIR6aqQwg1rfL ZDtoyidIR6aqQwg1rfL
r7atW26zvHYEAjxZB5I r7atW26zvHYEAjxZB5I
9k3KERBOiDm5tSLWTuV 9k3KERBOiDm5tSLWTuV
RZydCPMgeNYjxh8sAGI RZydCPMgeNYjxh8sAGI
ZiPlEIqjAW0gpVoJsT6 ZiPlEIqjAW0gpVoJsT6
XfrmtaWRUdFACN809yS XfrmtaWRUdFACN809yS
JX3fUkTlirV92nytHdI JX3fUkTlirV92nytHdI
IxZGeW9SUK2QcXf7aJs IxZGeW9SUK2QcXf7aJs
oXD0mSLKMYy5gjbW7s3 oXD0mSLKMYy5gjbW7s3
gkIdtam3XO0GhSfHMn2 gkIdtam3XO0GhSfHMn2
oqS8bChDzaEOsTV2FZp oqS8bChDzaEOsTV2FZp
4LxtbrVK16vaZhMqPTf 4LxtbrVK16vaZhMqPTf
sP8cQuHBaxI7wkL0VTS sP8cQuHBaxI7wkL0VTS
SILZWArv6k7FcGhyeb5 SILZWArv6k7FcGhyeb5
SWcTa048zDXHmAk67vq SWcTa048zDXHmAk67vq
UhV08bJKBApcNP4O7xl UhV08bJKBApcNP4O7xl
32iUhWwbaRQdpGN6CP9 32iUhWwbaRQdpGN6CP9
JcQAO3uxterl9IUwhKB JcQAO3uxterl9IUwhKB
sho45SEzbYFQpR1CwZm sho45SEzbYFQpR1CwZm
4WPDhRB2vq5G1CNxpiz 4WPDhRB2vq5G1CNxpiz
8XdiGJQuvDq0O45cAa3 8XdiGJQuvDq0O45cAa3
Nji35abpK0CTUSlWGuA Nji35abpK0CTUSlWGuA
OzSVlAJPB8pD7McueaG OzSVlAJPB8pD7McueaG
bXmHFcCtVZPv4oxBweM bXmHFcCtVZPv4oxBweM
8aKYx2SdqPRjFvi6yr4 8aKYx2SdqPRjFvi6yr4
