lVOvaZXqjnb1QiPN4SL LxrqIj6vUJmAulbGEsz 6yczq9OEfSPk2s1GodH WMcq9fQKeLJk5Y0CDTR pBC7kb6YvcSm2XysuzG CgrHnsmUEaKbL2Bu9fI PmQXT3OGFtJDs9diWZV wVe6HY1xINUrGjoPvBR 5VbntkgFqTX8w9sYai2 H73qxghnr8SspNjtPW5 K7nbuQS5FWTkmHyhi69 asp20NJKvZUtDiW1Trx ctr2CvsehWx0ENY16wO DQw9naPXAhyUOL6tvVl 1V4PG7oEw2rS9xRO3Bj 7aRmJfDh4vEt258Ai9L d6UiSTzYoMpXGw48gAD bf47z98om5ZMUVORjG0 Sz9FxGJ7CPMEbUovXQq lZ2Ga35MbPOtokD1gF0 cbGv0lH2ekt7XznaK9Q ejNRIidB4gvrEPnTV8U QKaVhgAPN7MzZXkIJif tmubz8TR6MEqo04GaXQ rqNcZ8MUzDE3H2ekKJp tmubz8TR6MEqo04GaXQ QKaVhgAPN7MzZXkIJif ejNRIidB4gvrEPnTV8U cbGv0lH2ekt7XznaK9Q lZ2Ga35MbPOtokD1gF0 Sz9FxGJ7CPMEbUovXQq bf47z98om5ZMUVORjG0 d6UiSTzYoMpXGw48gAD 7aRmJfDh4vEt258Ai9L 1V4PG7oEw2rS9xRO3Bj DQw9naPXAhyUOL6tvVl ctr2CvsehWx0ENY16wO asp20NJKvZUtDiW1Trx K7nbuQS5FWTkmHyhi69 H73qxghnr8SspNjtPW5 5VbntkgFqTX8w9sYai2 wVe6HY1xINUrGjoPvBR PmQXT3OGFtJDs9diWZV CgrHnsmUEaKbL2Bu9fI pBC7kb6YvcSm2XysuzG WMcq9fQKeLJk5Y0CDTR 6yczq9OEfSPk2s1GodH LxrqIj6vUJmAulbGEsz lVOvaZXqjnb1QiPN4SL
25
d6UiSTzYoMpXGw48gAD d6UiSTzYoMpXGw48gAD 7ylUw023cBhQYobkz4m
bf47z98om5ZMUVORjG0 bf47z98om5ZMUVORjG0 YioPekqCUnASaBF9NdH
Sz9FxGJ7CPMEbUovXQq Sz9FxGJ7CPMEbUovXQq 9TnE82lFzgSRfhLcjty
DQw9naPXAhyUOL6tvVl yReNFSdk9pj46IBuJlD DQw9naPXAhyUOL6tvVl
QKaVhgAPN7MzZXkIJif UIJTGnEvaFfWoB4pReZ M5bN0l7KCxBwZvTjOzI QKaVhgAPN7MzZXkIJif
K7nbuQS5FWTkmHyhi69 K7nbuQS5FWTkmHyhi69 bWTReYw0BhlvS4MOVfL
asp20NJKvZUtDiW1Trx asp20NJKvZUtDiW1Trx ofc35ZL6ED4Qs9nYgtu
PmQXT3OGFtJDs9diWZV PMi5mGhrzJqWAYD3BHv PmQXT3OGFtJDs9diWZV
rqNcZ8MUzDE3H2ekKJp prEdKF8t2xfGRCWhIb6 q2hnSgjm30BKapPZH8v PjaGwqf8CSFyxQX6Tph gPuR31xAk9zvU6NTyj8 ZYgsVSN6W2mIfqFPXei qe0CW9YTfri5FH8nzhZ oarTSh6swBUepOyZfIL J3FvU9WXMbfo8m0ZhcD ZCNy86nGLY4wfo1cWje 9ZJNwSv0RBa6MeqIpmt WFoj1MI7y5B3zXtAgZ8 w94BKFb1ecikMGfS70L Dea9uc7gshQNXqSrGwR wG9ACiZlVUHDz67EehO zROkalGf12roedQWiBZ YkRo3m4NGhXuEbHLgis rqNcZ8MUzDE3H2ekKJp
lVOvaZXqjnb1QiPN4SL lVOvaZXqjnb1QiPN4SL
LxrqIj6vUJmAulbGEsz LxrqIj6vUJmAulbGEsz
6yczq9OEfSPk2s1GodH 6yczq9OEfSPk2s1GodH
WMcq9fQKeLJk5Y0CDTR WMcq9fQKeLJk5Y0CDTR
pBC7kb6YvcSm2XysuzG pBC7kb6YvcSm2XysuzG
CgrHnsmUEaKbL2Bu9fI CgrHnsmUEaKbL2Bu9fI
wVe6HY1xINUrGjoPvBR wVe6HY1xINUrGjoPvBR
5VbntkgFqTX8w9sYai2 5VbntkgFqTX8w9sYai2
H73qxghnr8SspNjtPW5 H73qxghnr8SspNjtPW5
ctr2CvsehWx0ENY16wO ctr2CvsehWx0ENY16wO
1V4PG7oEw2rS9xRO3Bj 1V4PG7oEw2rS9xRO3Bj
7aRmJfDh4vEt258Ai9L 7aRmJfDh4vEt258Ai9L
lZ2Ga35MbPOtokD1gF0 lZ2Ga35MbPOtokD1gF0
cbGv0lH2ekt7XznaK9Q cbGv0lH2ekt7XznaK9Q
ejNRIidB4gvrEPnTV8U ejNRIidB4gvrEPnTV8U
tmubz8TR6MEqo04GaXQ tmubz8TR6MEqo04GaXQ
