0 54 191 54 10 199 10 115 10 26 158 26 38 146 38 34 120 34 21 140 21 12 139 12 87 149 87 94 126 94 47 154 47 164 47 57 136 57 190 57 11 130 11 179 11 83 167 83 9 163 9 84 133 84 143 84 18 103 18 31 119 31 53 178 53 58 100 58 5 117 5 90 184 90 45 173 45 41 112 41 123 41 39 106 39 44 104 44 78 187 78 60 128 60 109 60 25 124 25 49 194 49 1 155 1 69 110 69 46 170 46 40 134 40 0
59
100 100 101
103 102 103
104 104 105
106 106 107
109 108 109
110 110 111
112 112 113
115 114 115
117 116 117
119 118 119
120 120 121
123 122 123
124 124 125
126 126 127
128 128 129
130 130 131
133 132 133
134 134 135
136 136 137
139 138 139
140 140 141
21 142
143 144 143
84 145
146 146 147
38 148
149 149 150
87 151
47 152 166
154 153 154
155 155 156
1 157
158 158 159
26 160
9 161
163 162 163
164 164 165
167 168 167
83 169
170 170 171
46 172
173 173 174
45 175
53 176
178 177 178
179 179 180
11 181
90 182
184 184 183
78 185
187 186 187
57 188
190 189 190
191 192 191
54 193
194 194 195
49 196
10 197
199 198 199
