0 110 195 135 134 139 129 189 74 125 128 117 115 54 69 90 92 90 49 160 104 99 64 145 95 55 25 27 65 30 20 15 17 104 129 72 141 132 186 42 40 39 35 120 47 120 102 120 123 67 66 12 10 185 35 37 35 39 2 150 105 44 100 105 108 105 79 180 182 180 110 57 110 0
52
0 3 78
12 11 12
2 2 13
100 100 15
17 16 17
25 25 28
30 32 30
37 36 37
35 35 38
42 41 42
95 97 43 87 95
135 138 52 135
57 56 57
55 58 55
65 65 68
108 82 108
92 91 92
110 113 110 94
102 101 102
120 120 114 122
117 168 116 166
27 27 118
180 144 180 124
132 131 132
99 99 133
160 136 161 160
141 141 142
145 145 148
104 104 149
20 152 20
64 64 154
129 129 172 159
69 179 69
182 181 182
47 47 183
79 184 79
186 186 187
125 192 125
195 195 197
66 66
134 134
139 139
128 128
105 105
54 54
67 67
74 74
39 39
44 44
123 123
72 72
189 189
