loc0 loc121 loc58 loc184 loc50 loc184 loc166 loc79 loc151 loc88 loc187 loc7 loc169 loc26 loc107 loc53 loc179 loc44 loc161 loc98 loc125 loc62 loc158 loc125 loc134 loc26 loc169 loc187 loc196 loc43 loc196 loc97 loc133 loc52 loc160 loc115 loc166 loc103 loc193 loc67 loc157 loc75 loc138 loc66 loc102 loc48 loc189 loc54 loc180 loc45 loc153 loc91 loc127 loc19 loc109 loc73 loc146 loc20 loc137 loc29 loc113 loc77 loc185 loc32 loc155 loc173 loc2 loc128 loc74 loc110 loc74 loc128 loc164 loc73 loc181 loc37 loc136 loc100 loc172 loc55 loc172 loc162 loc81 loc171 loc27 loc189 loc174 loc3 loc183 loc30 loc147 loc93 loc123 loc87 loc159 loc24 loc177 loc96 loc195 loc105 loc52 loc160 loc115 loc166 loc103 loc0
65
loc153 loc1 loc90 loc36
loc157 loc4 loc12 loc49 loc21 loc22 loc85
loc113 loc41 loc5
loc183 loc6
loc107 loc8 loc35 loc71
loc81 loc81 loc9
loc127 loc64 loc10 loc100
loc110 loc11 loc92 loc47
loc193 loc13
loc185 loc83 loc14
loc177 loc15
loc196 loc16
loc179 loc89 loc17
loc180 loc72 loc18 loc39
loc125 loc86 loc23
loc43 loc25 loc43
loc37 loc28 loc37
loc121 loc40 loc76 loc31
loc123 loc33
loc151 loc34
loc137 loc38
loc133 loc42 loc52 loc69 loc78
loc109 loc46
loc195 loc51 loc60
loc32 loc56 loc32
loc189 loc57 loc99
loc158 loc59 loc68
loc187 loc61 loc70
loc27 loc27 loc63
loc146 loc65
loc161 loc80
loc55 loc82 loc55
loc102 loc84
loc184 loc94
loc50 loc50 loc95
loc2 loc2
loc3 loc3
loc7 loc7
loc19 loc19
loc20 loc20
loc24 loc24
loc26 loc26
loc29 loc29
loc30 loc30
loc44 loc44
loc45 loc45
loc48 loc48
loc53 loc53
loc54 loc54
loc58 loc58
loc62 loc62
loc66 loc66
loc67 loc67
loc73 loc73
loc74 loc74
loc75 loc75
loc77 loc77
loc79 loc79
loc87 loc87
loc88 loc88
loc91 loc91
loc93 loc93
loc96 loc96
loc97 loc97
loc98 loc98
