loc0 loc76 loc22 loc70 loc26 loc53 loc35 loc71 loc17 loc62 loc44 loc89 loc8 loc98 loc41 loc95 loc5 loc86 loc50 loc59 loc47 loc92 loc11 loc65 loc46 loc82 loc65 loc14 loc94 loc40 loc58 loc31 loc66 loc39 loc84 loc12 loc57 loc6 loc60 loc15 loc69 loc42 loc87 loc51 loc33 loc93 loc3 loc63 loc18 loc54 loc72 loc91 loc58 loc0
36
loc82 loc1 loc37 loc10 loc19 loc28
loc86 loc32 loc2 loc14
loc58 loc49 loc4
loc87 loc24 loc7
loc54 loc9 loc36
loc76 loc13
loc35 loc16 loc35
loc65 loc20 loc29 loc38
loc60 loc21
loc95 loc23
loc53 loc25
loc63 loc27 loc45
loc84 loc30
loc57 loc33 loc34
loc70 loc43
loc66 loc48
loc3 loc3
loc5 loc5
loc6 loc6
loc8 loc8
loc11 loc11
loc12 loc12
loc15 loc15
loc17 loc17
loc18 loc18
loc22 loc22
loc26 loc26
loc31 loc31
loc39 loc39
loc40 loc40
loc41 loc41
loc42 loc42
loc44 loc44
loc46 loc46
loc47 loc47
loc50 loc50
