99 176 103 52 22 8 135 61 135 101 186 85 137 97 43 56 96 157 43 18 121 148 16 53 177 78 21 5 138 133 113 133 138 169 104 31 82 69 100 81 126 49 27 116 118 166 74 185 137 196 29 167 154 199 76 105 131 159 164 95 24 194 40 2 86 128 62 12 176 188 175 178 79 178 36 155 110 155 175 70 156 99
62
177 0 171
12 1 12
116 4 117
81 9 158
49 10 123 125
175 15
16 17 68 190 30
138 170 20
69 163 173 83 25 94
199 26 42 39
61 28 61
105 33
79 34 75
176 35 102
185 41 185
2 112 146 192 47
113 114 51
104 130 55
133 59 124
194 63
43 66
62 80 73
101 88 111
110 90 151
52 92
155 98 155
159 106
157 172 119
154 122 149
85 174 127
96 132
70 70 142
137 150
166 160 166
76 161
21 165
86 168 181
53 180 53
95 184 183
5 5
8 8
18 18
22 22
24 24
27 27
40 40
56 56
78 78
82 82
97 97
99 99
100 100
103 103
126 126
131 131
148 148
164 164
167 167
169 169
178 178
186 186
188 188
