loc189 loc17 loc47 loc163 loc77 loc150 loc183 loc195 loc50 loc4 loc69 loc188 loc169 loc125 loc62 loc136 loc133 loc194 loc55 loc135 loc96 loc114 loc85 loc59 loc58 loc53 loc66 loc177 loc76 loc156 loc139 loc16 loc98 loc158 loc73 loc185 loc88 loc79 loc143 loc159 loc23 loc109 loc22 loc74 loc153 loc100 loc101 loc26 loc54 loc172 loc27 loc61 loc86 loc180 loc20 loc152 loc164 loc36 loc70 loc65 loc145 loc189
61
loc189 loc0
loc36 loc11 loc36
loc185 loc185 loc15
loc152 loc152 loc18 loc32
loc145 loc184 loc25 loc145
loc26 loc26 loc31
loc69 loc129 loc34 loc69 loc111 loc190
loc88 loc88 loc37
loc73 loc73 loc162 loc38
loc194 loc194 loc39
loc22 loc40 loc22
loc158 loc41 loc158
loc16 loc16 loc78
loc183 loc83 loc183
loc27 loc27 loc94
loc17 loc17 loc95
loc79 loc104 loc79
loc177 loc177 loc161 loc108
loc125 loc112 loc125
loc50 loc113 loc50 loc146
loc188 loc188 loc117
loc98 loc98 loc142 loc119
loc180 loc180 loc127
loc163 loc128 loc163
loc59 loc59 loc131
loc85 loc147 loc85
loc53 loc148 loc53
loc76 loc154 loc76
loc66 loc66 loc165
loc172 loc168 loc172
loc61 loc61 loc191
loc55 loc55
loc109 loc109
loc96 loc96
loc23 loc23
loc150 loc150
loc139 loc139
loc4 loc4
loc153 loc153
loc65 loc65
loc47 loc47
loc62 loc62
loc156 loc156
loc70 loc70
loc135 loc135
loc101 loc101
loc20 loc20
loc136 loc136
loc54 loc54
loc143 loc143
loc114 loc114
loc86 loc86
loc77 loc77
loc164 loc164
loc159 loc159
loc74 loc74
loc133 loc133
loc58 loc58
loc169 loc169
loc195 loc195
loc100 loc100
