loc59 loc70 loc37 loc54 loc43 loc65 loc6 loc51 loc36 loc81 loc32 loc68 loc29 loc95 loc92 loc98 loc41 loc42 loc90 loc35 loc52 loc31 loc5 loc50 loc97 loc23 loc47 loc74 loc30 loc71 loc59
29
loc90 loc1 loc90 loc14 loc33
loc29 loc2 loc29
loc35 loc35 loc4
loc50 loc50 loc11
loc30 loc13 loc30
loc54 loc16 loc54
loc51 loc17 loc51
loc68 loc20 loc68
loc5 loc25 loc5
loc23 loc28 loc46 loc23
loc42 loc34 loc42
loc52 loc52 loc45
loc74 loc74 loc62
loc71 loc72 loc71
loc32 loc32 loc83
loc98 loc98 loc84
loc41 loc88 loc41
loc70 loc89 loc70
loc31 loc31
loc43 loc43
loc6 loc6
loc47 loc47
loc97 loc97
loc65 loc65
loc37 loc37
loc92 loc92
loc36 loc36
loc95 loc95
loc81 loc81
