10 50 187 184 51 52 53 54 190 192 56 57 58 59 199 196 61 62 63 64 66 67 68 69 71 72 73 74 76 77 78 79 81 82 83 84 86 87 88 89 91 92 93 94 96 97 98 99 101 102 103 104 106 107 108 109 111 50 10 22 23 11 29 41 37 38 7 8 34 35 42 1 3 10
69
1 1 2
3 3 5
7 6 7
11 11 12
29 29 15
22 21 22
23 25 23
35 32 35
37 36 37
38 38 39
42 42 43
111 112 111
184 184 185
187 186 187
190 190 191
192 192 193
196 196 197
199 198 199
8 8
34 34
41 41
51 51
52 52
53 53
54 54
56 56
57 57
58 58
59 59
61 61
62 62
63 63
64 64
66 66
67 67
68 68
69 69
71 71
72 72
73 73
74 74
76 76
77 77
78 78
79 79
81 81
82 82
83 83
84 84
86 86
87 87
88 88
89 89
91 91
92 92
93 93
94 94
96 96
97 97
98 98
99 99
101 101
102 102
103 103
104 104
106 106
107 107
108 108
109 109
