0 56 35 20 81 84 77 36 90 23 60 189 51 55 31 97 58 3 48 76 28 76 115 63 24 59 40 69 26 50 22 67 25 67 8 88 11 1 9 103 99 78 32 4 66 95 93 10 43 74 37 2 71 21 86 29 14 73 144 27 49 68 187 181 7 96 17 89 17 62 5 87 46 85 54 56 127 0
64
11 1 34 11
96 96 6
78 9 78
28 42 12 28
21 21 13
25 25 15
85 16 85
54 18 54
67 64 67 19
2 2 30
76 33 76
46 46 72 38
27 27 39
36 41 36
97 97 44
89 89 45
37 37 47
73 73 52
68 57 68 53
88 88 98 61
23 65 23
17 17 82 70
10 83 10 75
90 90 79
32 80 32
0 91
51 51 92
93 93 94
48 48 100
3 3
4 4
5 5
7 7
8 8
14 14
20 20
22 22
24 24
26 26
29 29
31 31
35 35
40 40
43 43
49 49
50 50
55 55
56 56
58 58
59 59
60 60
62 62
63 63
66 66
69 69
71 71
74 74
77 77
81 81
84 84
86 86
87 87
95 95
99 99
