0 30 28 26 25 23 32 20 19 17 85 86 83 81 80 79 78 77 76 75 63 62 70 62 58 54 53 51 49 48 45 44 42 41 40 39 37 36 34 33 117 116 112 115 112 ViksNode 107 106 102 100 99 96 93 92 14 11 9 8 7 6 5 4 5 6 9 11 14 92 93 96 99 100 122 100 99 96 93 92 14 11 9 6 5 2 1 0
32
4 3 4
9 10
14 13 15
19 18 19
20 20 21
28 27
36 35 36
42 42 43
48 48 47
54 55
58 56 59 60
70 70 71
75 73
76 74
93 94
102 104
106 106 108
115 113 114
122 121 123
ViksNode 130
7 7
8 8
25 25
30 30
37 37
53 53
63 63
78 78
80 80
86 86
99 99
117 117
