PQlYD3syBoo7C0hcATPD xM3fh05um8j45RhdwKOx m3uIZkevVRyscNPa6NkD j1u2ybLPFsWda7RGIo6J BfkNC5T0oZOQYOkOg1Lr 4yCDRp1k04Ch6IBU1p1H CeJalRL3KinyCQjl6tio lTNvRGBulC52xVXvXmmj iA0OPvpmSXnD5PmFrIY3 FE9d826a5RuYfSI6vEz4 4ck2vdbl0wzRRSh9h5JI 4EHOWDgXvpoSadcvvLu4 egafCQ4ih9nCuFY3RBSk rRx4ufuRfBzAjOzuQptQ 58LVuHISdldtYbuuEa4z WuSb6mZA4Ht48gzyBwrs 29ZrssG8owPMWU0dtlEx ul5TY5YtUVHURRbHo0xt DLNj52Bf5LL4ZddWTcYY VjMruztOvYBB57sBtK7F yuNLI2bosn9XVMaJllU2 dPunn27br1tTUelFVNIt xUd3lWAackpOjTn98YBa dcRmXZcpiyoLWuwR56cL pmpfdWSNFW4BZf3j9zey dRs9JullKCFwk8f9TP2C TRIzdQQDV9bs8k4M9U4X SJuQEhk6NZgb7Y1YXHxx tBx3RfPMJg4OhazCeTsa WpDgsUZvfm1s3J1djPk6 y5HlDp3ZOU3fT35BihFS PQlYD3syBoo7C0hcATPD
31
j1u2ybLPFsWda7RGIo6J zTPp43usagg8jQuMreHJ AcGlxsvhfAOKA2Ti96Hg r52GhdJM3J6bC9RxltxZ 5wKsB6wx9H7PujNL03GN j1u2ybLPFsWda7RGIo6J y5UFufU6hy8Zt47b4K3v ouUk8HCXkT1xNHUSpktV 58PE6yTygndgQ75HC5PU 4xoBiS6HZ3COfmNv2aTR IBSvm7mZeG0vXjguUx8d zOauzkXEQku3g7FmlO3i Hj9GXo6u0dDYfg4xoW2T 2RLdpM4k7Le8vufDMuf4 JWNjS0Xtxw6CDJbk4UbK IjoU40tEWMCkwd5SaIZC XfIhMNfCnUCbP8MIjhA8 EWUzUZ9Yb7H9gHpK5NdI gByPZFfsA72SjYPmontO Kxk6VsPzNOhHpwuN2F67
PQlYD3syBoo7C0hcATPD CtdShr26uGGV2W6zZTdS aAf4nv1B7ggfx0DjrAOi UWVA5dAu4wDF6Efl9d4O iGcRn4eFfZI68Qr0MOgy mMXK7rFRd7VNNboRtMKu pGBevvfrXEYRwdy9Xa3h LvHeBFyLyC9KHnAltZnF c5B3yGaAxuGVYEd7DCc5 jN7FJhuhmTKkduIKGyBx j0WhcaOOy1JCyHTrxCSk PQlYD3syBoo7C0hcATPD MGPH1ZQv2OM6dRC07Rj5 aZ1gME9dgT1obQwN7kgz JNypu0O2hxRmLxF04Zie
dcRmXZcpiyoLWuwR56cL dcRmXZcpiyoLWuwR56cL CE9MuYF6CpN99atuGjZ0 C8l14blndt8uGQmGfPky
pmpfdWSNFW4BZf3j9zey MnuekaeS1NiILcuuvn3o pmpfdWSNFW4BZf3j9zey ajZwDYcDrAcHajKZpRul
xM3fh05um8j45RhdwKOx e7HIMwL2s8LjuoIRxDl7 PRxK9WGPQn2vmuBbswLk xM3fh05um8j45RhdwKOx
29ZrssG8owPMWU0dtlEx oAwJ8ncZge95DCLogDfz 29ZrssG8owPMWU0dtlEx
SJuQEhk6NZgb7Y1YXHxx SJuQEhk6NZgb7Y1YXHxx 1AmZo7yJ6YJzwrjZr6vX
58LVuHISdldtYbuuEa4z XtcwDUG5TGpryRZKRvrm 58LVuHISdldtYbuuEa4z
dPunn27br1tTUelFVNIt daYVb2kr83paGhJZJJyA XT2Ymi7YdhYVjSO57uvy dPunn27br1tTUelFVNIt
yuNLI2bosn9XVMaJllU2 yuNLI2bosn9XVMaJllU2 h36zX7NC4P81W3KQD11u BHDRDstSlZtm71sWfOHB I3dKkMa3JUxVpADvWcmQ Saezs03GHhWlgEusf2xb
m3uIZkevVRyscNPa6NkD Mo6dK8I2XR9RUnPgLFfU MmXiw0PdJXAsicjY4bml 0UIZ9YDhxr3ipBPf2WkK N4yrn0aLU6ELQucPFmw8 m3uIZkevVRyscNPa6NkD
lTNvRGBulC52xVXvXmmj lTNvRGBulC52xVXvXmmj CQFH0bM5UHhxPATIQeaZ
egafCQ4ih9nCuFY3RBSk mHciHIbodF92KWBlyZhd egafCQ4ih9nCuFY3RBSk
VjMruztOvYBB57sBtK7F VjMruztOvYBB57sBtK7F ikaH2IngBoan8x64dwnD
CeJalRL3KinyCQjl6tio hQH0nHlpxkrlncu9buJt CeJalRL3KinyCQjl6tio
iA0OPvpmSXnD5PmFrIY3 iA0OPvpmSXnD5PmFrIY3 lP2ISUwXZ5Vr1Dbyi5b2
FE9d826a5RuYfSI6vEz4 AhTd32p44tQrgKLluTfO FE9d826a5RuYfSI6vEz4
TRIzdQQDV9bs8k4M9U4X TRIzdQQDV9bs8k4M9U4X NpHJpdHaoVuG1evDy4mD
4yCDRp1k04Ch6IBU1p1H 8BVD1mXIeFKDWXC0pHC5 4yCDRp1k04Ch6IBU1p1H
xUd3lWAackpOjTn98YBa diWFyYW4KuKIAVWCVTOh xUd3lWAackpOjTn98YBa
WuSb6mZA4Ht48gzyBwrs WuSb6mZA4Ht48gzyBwrs KFbZubIZwxKjbFZIhivu oRnkB9WX4h9Vz2XYe2Mz Zd6upjEKdV6jHG9xKORy SWMrIKPuAQFTY7HmPty0
4EHOWDgXvpoSadcvvLu4 IuwSP1hfYZRam5iX6Sbk 4EHOWDgXvpoSadcvvLu4
tBx3RfPMJg4OhazCeTsa tBx3RfPMJg4OhazCeTsa wpM05AhdMYgh3n4WvalH
DLNj52Bf5LL4ZddWTcYY DLNj52Bf5LL4ZddWTcYY 8kEed91vb76Fhm6ivuFw
y5HlDp3ZOU3fT35BihFS y5HlDp3ZOU3fT35BihFS upn88whXcmTNEpbLaMgR
BfkNC5T0oZOQYOkOg1Lr ZOUAFthiVkWe23hp0746 BfkNC5T0oZOQYOkOg1Lr
ul5TY5YtUVHURRbHo0xt symCtAIG82LYD9Qs6FxZ ul5TY5YtUVHURRbHo0xt
rRx4ufuRfBzAjOzuQptQ rRx4ufuRfBzAjOzuQptQ
WpDgsUZvfm1s3J1djPk6 WpDgsUZvfm1s3J1djPk6
4ck2vdbl0wzRRSh9h5JI 4ck2vdbl0wzRRSh9h5JI
dRs9JullKCFwk8f9TP2C dRs9JullKCFwk8f9TP2C
