destitute Loomis Rio Darwin ripe namesake jewel Auberge diligent swingy midget funny Vega Andersen Halstead embassy Dominican Bleeker minion slowdown schedule deletion bobble McCall papal septillion transpiration shroud choice fatten trill Hewlett decor Hewlett swordtail bowman Isfahan Elizabethan combine extractor mediate Injun namesake destitute
34
mediate Fisk mediate
funny funny Gilmore
decor swordfish decor Hewlett
Loomis Loomis Hindi
combine MN
Auberge Auberge Modesto
slowdown slowdown amateur
septillion septillion creekside anvil
Isfahan Isfahan balustrade
schedule schedule connubial
embassy embassy illusion
Darwin ripe Darwin
Injun Injun stanza
diligent tate diligent
trill yogurt trill
Andersen Andersen
Bleeker Bleeker
Dominican Dominican
Elizabethan Elizabethan
Halstead Halstead
McCall McCall
Rio Rio
Vega Vega
bobble bobble
choice choice
extractor extractor
fatten fatten
jewel jewel
midget midget
minion minion
papal papal
shroud shroud
swingy swingy
transpiration transpiration
