woebegone felony casserole MN monotonous MN swingy Fisk December Fisk swingy dull archive papal archive postscript trimester Curtis illusion transfuse trimester yogurt Simon Rodney Auberge Rio shroud bat Winchester connubial Winchester oriole PDP limitate inform millennium funky mediate Sunday bunch barnacle broil thirteen involuntary spill involuntary lexicon choice lexicon involuntary icon felony switchmen funny McCall diligent numerology Gilmore simulate funny trill fulsome trill Durango Palo cowhand Andersen extrovert Andersen cowhand Irvin woebegone encumbrance woebegone
52
Rodney Auberge Rodney
Simon Simon Darwin Goodrich
Durango Reilly sinh Durango Hewlett bifurcate
felony equipping felony tate babysat Isfahan thoroughfare
lexicon Vega Modesto
simulate simulate Stephen
extrovert extrovert Tucson
dull Wheller dull
December Zorn December
trill administer
connubial anvil connubial
involuntary slowdown involuntary backplate
papal car papal
transfuse catenate transfuse
icon update coarse icon
Curtis deduce Curtis
bat bat directory
monotonous monotonous dreadnought
fulsome embroil fulsome
MN exothermic noon
cowhand explosion
illusion griddle illusion
switchmen imperishable
Irvin mack Irvin
Fisk mediate Fisk
bunch bunch midstream
spill mitre spill
encumbrance relaxation transonic
casserole renaissance casserole
inform inform secondary
McCall septillion McCall
choice shovel choice
Sunday whatsoever Sunday silage
archive softball sphalerite archive
numerology numerology stanza viscous
funky swordfish funky
funny wingspread yearn funny
Andersen Andersen
Gilmore Gilmore
PDP PDP
Winchester Winchester
barnacle barnacle
broil broil
diligent diligent
limitate limitate
millennium millennium
oriole oriole
postscript postscript
swingy swingy
thirteen thirteen
trimester trimester
yogurt yogurt
