Loc151 Loc130 Loc4 Loc48 Loc91 Loc177 Loc41 Loc98 Loc172 Loc184 Loc3 Loc170 Loc115 Loc36 Loc104 Loc170 Loc128 Loc16 Loc77 Loc13 Loc6 Loc127 Loc68 Loc62 Loc46 Loc122 Loc94 Loc50 Loc181 Loc194 Loc167 Loc17 Loc5 Loc38 Loc190 Loc123 Loc111 Loc123 Loc120 Loc43 Loc154 Loc65 Loc138 Loc92 Loc160 Loc158 Loc182 Loc133 Loc166 Loc54 Loc96 Loc85 Loc118 Loc141 Loc59 Loc124 Loc102 Loc47 Loc21 Loc99 Loc117 Loc52 Loc126 Loc52 Loc89 Loc196 Loc173 Loc147 Loc180 Loc34 Loc55 Loc195 Loc10 Loc2 Loc110 Loc42 Loc96 Loc49 Loc33 Loc101 Loc151
72
Loc85 Loc85 Loc7
Loc194 Loc194 Loc15
Loc182 Loc20 Loc182
Loc195 Loc24 Loc195
Loc10 Loc27
Loc110 Loc28 Loc110
Loc34 Loc32 Loc34
Loc101 Loc57 Loc101
Loc173 Loc58 Loc173
Loc77 Loc77 Loc61 Loc134
Loc6 Loc66 Loc6
Loc52 Loc52 Loc70
Loc62 Loc72 Loc62
Loc126 Loc93 Loc126
Loc154 Loc154 Loc109
Loc190 Loc125 Loc190
Loc4 Loc131 Loc4
Loc48 Loc48 Loc135
Loc158 Loc158 Loc142
Loc33 Loc33 Loc148
Loc104 Loc104 Loc156
Loc94 Loc157 Loc94
Loc59 Loc161 Loc59
Loc2 Loc2 Loc163
Loc98 Loc98 Loc165
Loc130 Loc130 Loc171
Loc167 Loc167 Loc183
Loc123 Loc185 Loc123
Loc196 Loc187
Loc55 Loc55
Loc49 Loc49
Loc16 Loc16
Loc184 Loc184
Loc177 Loc177
Loc47 Loc47
Loc160 Loc160
Loc170 Loc170
Loc41 Loc41
Loc151 Loc151
Loc172 Loc172
Loc36 Loc36
Loc127 Loc127
Loc147 Loc147
Loc122 Loc122
Loc68 Loc68
Loc120 Loc120
Loc92 Loc92
Loc124 Loc124
Loc54 Loc54
Loc96 Loc96
Loc102 Loc102
Loc115 Loc115
Loc46 Loc46
Loc99 Loc99
Loc118 Loc118
Loc181 Loc181
Loc38 Loc38
Loc89 Loc89
Loc117 Loc117
Loc50 Loc50
Loc141 Loc141
Loc43 Loc43
Loc21 Loc21
Loc65 Loc65
Loc13 Loc13
Loc180 Loc180
Loc138 Loc138
Loc3 Loc3
Loc17 Loc17
Loc128 Loc128
Loc111 Loc111
Loc166 Loc166
