Loc35 Loc54 Loc7 Loc96 Loc46 Loc31 Loc23 Loc44 Loc1 Loc70 Loc33 Loc67 Loc84 Loc78 Loc89 Loc4 Loc92 Loc25 Loc10 Loc56 Loc93 Loc43 Loc79 Loc73 Loc24 Loc0 Loc74 Loc62 Loc55 Loc77 Loc47 Loc20 Loc63 Loc66 Loc14 Loc65 Loc48 Loc52 Loc98 Loc41 Loc60 Loc34 Loc51 Loc58 Loc35
36
Loc67 Loc97 Loc67 Loc13
Loc47 Loc47 Loc15
Loc24 Loc24 Loc22
Loc33 Loc33 Loc28
Loc58 Loc58 Loc37
Loc65 Loc65 Loc39
Loc41 Loc64 Loc41
Loc52 Loc52 Loc71
Loc62 Loc80 Loc62
Loc34 Loc81 Loc34
Loc74 Loc74 Loc86
Loc79 Loc90 Loc79
Loc54 Loc54 Loc95
Loc89 Loc89
Loc77 Loc77
Loc84 Loc84
Loc93 Loc93
Loc23 Loc23
Loc78 Loc78
Loc48 Loc48
Loc46 Loc46
Loc31 Loc31
Loc7 Loc7
Loc70 Loc70
Loc10 Loc10
Loc73 Loc73
Loc25 Loc25
Loc51 Loc51
Loc14 Loc14
Loc0 Loc0
Loc4 Loc4
Loc92 Loc92
Loc66 Loc66
Loc1 Loc1
Loc63 Loc63
Loc44 Loc44
