1 9 38 31 44 18 7 28 6 37 19 27 43 17 30 36 40 15 12 11 23 14 25 13 39 32 48 5 29 2 42 10 24 35 45 26 4 34 41 47 21 33 46 20 8 22 16 3 1
48
1 49 128
34 50 77
4 51 118
39 57 52
19 98 53
46 54 144
23 108 55
8 123 56
48 58 68
12 59 116
17 66 60
38 61 111
2 81 62
18 69 63
43 136 64
11 65 142
33 67 127
31 70 143
22 94 71
9 73 72
45 74 122
14 105 75
10 76 132
27 140 78
13 109 79
25 86 80
21 82 138
28 83 131
35 92 84
15 85 103
40 117 87
24 134 88
42 89 104
5 90 93
16 91 133
30 101 95
29 129 96
3 97 112
37 99 125
26 121 100
44 114 102
41 137 106
7 107 120
36 130 110
47 113 141
20 115 124
6 126 119
32 139 135
