6Zg7j6t8kt ka4cgDWgq7 GSDEYlNcCM 97dvK2Az7S GSDEYlNcCM 4JtfcKJvHu GSDEYlNcCM ka4cgDWgq7 lrFRnKniRv MpRNDD0glq 4ViGHxfdlc 0gqiqztWgj fhmE7A9rVl 79JJ9GZF8c M9d0z6OccV 79JJ9GZF8c fbxiHLAsv4 KpPj50fAfy vCSWEyz4PC TH1GgoG5GU I1RTFIGWhc NgxnYo41LY cqCbnI2bkr NgxnYo41LY I1RTFIGWhc YrPP1U1r20 ckEVpwA8CD YrPP1U1r20 Iroa6leixY qJld7Tm42G TH1GgoG5GU Octagmmhko 1koyFI8rlU G05S6XZiBa 1koyFI8rlU J6nn6V6pVr dyS1o5lQHD OpwMnuSGmp uXkvSfF7Kv 88s4txyVUX jEhj8SsLxM wXTrLT9dUx dojrtYXceT wXTrLT9dUx 1aPtXDhYtV wXTrLT9dUx 8pgnfE3xKu vD4d0BZ03p zH4Z0p0Ftj HpRVhY9Btb ka4cgDWgq7 6Zg7j6t8kt
32
4JtfcKJvHu 4JtfcKJvHu H0NdoJawvz
uXkvSfF7Kv uXkvSfF7Kv iyQiEnpG35
8pgnfE3xKu oRs9wR3IGE OGWcs2X8pk 8pgnfE3xKu
G05S6XZiBa 4RZs4XFvF9 G05S6XZiBa
YrPP1U1r20 YrPP1U1r20 7cteJXIZM1
1aPtXDhYtV 1aPtXDhYtV ESDdDChkYw
cqCbnI2bkr b3jUAAPOlA cqCbnI2bkr
M9d0z6OccV M9d0z6OccV N08DpqDewo
zH4Z0p0Ftj zH4Z0p0Ftj VWD9Yy5Xrg
Iroa6leixY Iroa6leixY tvKOOMQ7Sv
79JJ9GZF8c 79JJ9GZF8c s8EkvbOYAX
NgxnYo41LY UgxUR9jKcJ 4lUeyqYb0U NgxnYo41LY
97dvK2Az7S 97dvK2Az7S Dkc5CxJ6RV
dojrtYXceT dojrtYXceT YZKJeBb8Pe
KpPj50fAfy EZQ9HUGjRN KpPj50fAfy
ckEVpwA8CD ckEVpwA8CD YQKcyMibnc
1koyFI8rlU 1koyFI8rlU
fbxiHLAsv4 fbxiHLAsv4
wXTrLT9dUx wXTrLT9dUx
4ViGHxfdlc 4ViGHxfdlc
lrFRnKniRv lrFRnKniRv
I1RTFIGWhc I1RTFIGWhc
GSDEYlNcCM GSDEYlNcCM
vCSWEyz4PC vCSWEyz4PC
OpwMnuSGmp OpwMnuSGmp
TH1GgoG5GU TH1GgoG5GU
0gqiqztWgj 0gqiqztWgj
MpRNDD0glq MpRNDD0glq
Octagmmhko Octagmmhko
fhmE7A9rVl fhmE7A9rVl
vD4d0BZ03p vD4d0BZ03p
ka4cgDWgq7 ka4cgDWgq7
