g3ylJsdLuC idQHxtSnxr BUMLJo6sc3 srT70dfQEr Pz3egMzKU8 srT70dfQEr K05xB79KZo srT70dfQEr RN0bCAV6rQ pk0Vh75DnH 2fevl06VRg 0mnwiU4XrT u4LnQNaaiz yvMowGbkvn vUu8ijgxxf KUJdxKVZFO 7g0Idy1nzK 03xK87sjTf 7g0Idy1nzK BNkM7qaRNw yky49wE4YG 723MhcLxt0 yky49wE4YG YAqGe4tKAP FvzkpZRSj8 Oiowits7js FvzkpZRSj8 PcFJuErB3q CxfzSa2YOV M2hatQPY96 tubjzjzUpV 8ZKCAWlImg KZfI0wRW9K fWIjO8yhE3 uvoepIQg9n IA0Uf143OT uvoepIQg9n IA0Uf143OT JD3uem81Lg IA0Uf143OT mwzQG3SxnO rCoEuOa7EU XW1Wn7EqpN GQ4F0g3Mdj fXy828RCG4 Pijq8aHqIR qnkfLCmfDn QTNhZIciNJ CSjLrGbUz3 QTNhZIciNJ 2S929yZddP YpRs8m6oyX oEdovEhrWM qnkfLCmfDn yU6iUY8YgO XOxGPscMMG WcyuqGYOzU XOxGPscMMG yU6iUY8YgO qnkfLCmfDn Pijq8aHqIR lfdanPGo3c jBYJ7v19BQ lfdanPGo3c Pijq8aHqIR s3eMpsYH00 oIVQ2qkgnR WAi18jd2vJ Tk8ERvdKxF oCk2Yieytb 33omYiVXOD 5SSy593K31 WvFZJEkTrw 5SSy593K31 33omYiVXOD LeZK9UvMT9 33omYiVXOD 5SSy593K31 FmtLnHv2HY GQ4F0g3Mdj XW1Wn7EqpN rCoEuOa7EU XW1Wn7EqpN GQ4F0g3Mdj fXy828RCG4 KUJdxKVZFO 0wTk0mYkLH g2I4si69gU u4FAx2sHZm 1TfvXd6dPZ dC48GQHGzO oCk2Yieytb 33omYiVXOD bsEkAY2K41 j98kcW9qGB onlLq65Azx idQHxtSnxr dj8JMfo3hX 4znnlMjVra dj8JMfo3hX idQHxtSnxr g3ylJsdLuC
57
mwzQG3SxnO mwzQG3SxnO 97ZNlakBoq
WcyuqGYOzU WcyuqGYOzU oWmQcQwHPo
g2I4si69gU g2I4si69gU oVMPVsMWrZ IT4pKw3giW
GQ4F0g3Mdj GQ4F0g3Mdj TyL7NE2puV TP2TNyk7wl
oCk2Yieytb bWDewy6WbV oCk2Yieytb
uvoepIQg9n LCKLTNE1vp uvoepIQg9n
0mnwiU4XrT wRn7Oi1bcW 0mnwiU4XrT
2S929yZddP 2S929yZddP 1QXjsHNYao
dj8JMfo3hX QrJxLpX875 dj8JMfo3hX
723MhcLxt0 TBzLS0OAYU 723MhcLxt0
oEdovEhrWM KpxiCfRqh3 CUEWGmB7Gt oEdovEhrWM
Tk8ERvdKxF Tk8ERvdKxF uIf3wnJUdn
BNkM7qaRNw XlU2fx0ZPn BNkM7qaRNw
03xK87sjTf nKHFs5cKTX 03xK87sjTf
8ZKCAWlImg t25XjDwQhD z9nRKYQ1ub
jBYJ7v19BQ qjDSEKmZMW jBYJ7v19BQ
u4FAx2sHZm u4FAx2sHZm 2OsmeZV9xh
qnkfLCmfDn qnkfLCmfDn dMOAUqH7Z3
1TfvXd6dPZ 1TfvXd6dPZ mbSdju1TJK
WAi18jd2vJ WAi18jd2vJ S8BtTu4yH9 KHDeTTvJC1
K05xB79KZo K05xB79KZo 2O61j91J3T
oIVQ2qkgnR bhojeHeddF oIVQ2qkgnR 0hs3CNDF4L
RN0bCAV6rQ pk0Vh75DnH RN0bCAV6rQ
JD3uem81Lg r8njDwxc2t JD3uem81Lg
Pz3egMzKU8 Pz3egMzKU8 gZXiityEnU
BUMLJo6sc3 jPXsbXPNMq fecMfiAuGC BUMLJo6sc3
LeZK9UvMT9 LeZK9UvMT9 emYRLTiyj9
idQHxtSnxr onlLq65Azx idQHxtSnxr
rCoEuOa7EU x7iq98BiN3 8KtuAXHUy3
yky49wE4YG yky49wE4YG WRd4lScvm6 Pv5LMSkQii
Oiowits7js 12ECENJIev Oiowits7js
QTNhZIciNJ h5Si5BAPN0 QTNhZIciNJ
4znnlMjVra 4znnlMjVra biWuM2iRnz
CSjLrGbUz3 CSjLrGbUz3 xtp1B5q0W1
WvFZJEkTrw WvFZJEkTrw aEo62SfMqH
bsEkAY2K41 bsEkAY2K41 Q1N77BLmyb
lfdanPGo3c lfdanPGo3c
0wTk0mYkLH 0wTk0mYkLH
s3eMpsYH00 s3eMpsYH00
YpRs8m6oyX YpRs8m6oyX
XW1Wn7EqpN XW1Wn7EqpN
CxfzSa2YOV CxfzSa2YOV
Pijq8aHqIR Pijq8aHqIR
5SSy593K31 5SSy593K31
yvMowGbkvn yvMowGbkvn
u4LnQNaaiz u4LnQNaaiz
KUJdxKVZFO KUJdxKVZFO
tubjzjzUpV tubjzjzUpV
M2hatQPY96 M2hatQPY96
IA0Uf143OT IA0Uf143OT
FvzkpZRSj8 FvzkpZRSj8
7g0Idy1nzK 7g0Idy1nzK
yU6iUY8YgO yU6iUY8YgO
srT70dfQEr srT70dfQEr
vUu8ijgxxf vUu8ijgxxf
YAqGe4tKAP YAqGe4tKAP
fXy828RCG4 fXy828RCG4
