153 170 15 129 12 34 113 58 47 120 36 21 47 58 50 128 50 156 192 5 53 77 53 145 27 68 118 169 35 90 2 98 147 189 78 2 160 38 90 35 177 137 41 108 81 79 172 26 11 168 150 168 89 152 89 49 146 181 146 75 16 126 22 86 13 196 76 182 194 135 133 91 19 186 52 186 83 92 197 180 70 39 80 195 0 60 139 138 53 24 153
66
90 23 90 40
128 96 128
192 29 192
76 7 124
2 2 187 56
145 145 178
77 77 95
36 36 188
89 74 89 20
58 58 99
189 163 8
181 136
147 42 147
12 34 93 12
21 21 161 184
98 122 98 3 88
160 160 127 37
81 119 81
49 167 49
80 140
60 60 112
150 134 150
194 135 194
138 138 61 131
75 182
139 43
86 86 4
152 152 28
92 171
52 179 52
168 168
196 196
126 126
118 118
15 15
26 26
13 13
113 113
197 197
68 68
70 70
16 16
11 11
153 153
156 156
47 47
137 137
41 41
172 172
129 129
120 120
19 19
35 35
177 177
53 53
180 180
146 146
169 169
0 0
108 108
83 83
195 195
170 170
79 79
5 5
50 50
