Patrick0 Frank5 Louis6 Taylor7 Louis6 Frank5 Julia9 Matthew10 Julia9 Ray12 Tempie14 Doris19 John24 Lorraine25 Louise26 Lorraine25 John24 William28 Phyllis29 William28 Danny31 Flora33 Donna38 Scott43 Gina44 Jose45 Gina44 Scott43 Carolyn47 Ronald48 Carolyn47 Sylvia50 Don52 Cheryl57 Amy62 Paul63 Joshua64 Paul63 Amy62 Joseph66 Steven67 Joseph66 Michell69 Cheryl71 Ray76 Luisa81 Dorothy82 David83 Dorothy82 Luisa81 Billie85 Darnell86 Billie85 Keith88 Velva90 Nancy95 Colleen100 Dominique101 Glen102 Dominique101 Colleen100 Vicente104 Ryan105 Vicente104 Ruth107 Jeremy109 Gordon114 Peggy119 Susie120 Luz121 Susie120 Peggy119 Mark123 Marlene124 Mark123 Levi126 Rick128 Christi133 Eric138 Irma139 Heidi140 Irma139 Eric138 Sharon142 Samuel143 Sharon142 Roberta145 Elizabeth147 Karl152 Elizabeth147 Michael148 Brent149 Michael148 Elizabeth147 Roberta145 Sharon142 Eric138 Christi133 Rick128 Jean129 Tessa130 Jean129 Rick128 Levi126 Mark123 Peggy119 Gordon114 Jeremy109 Helen110 Morton111 Helen110 Jeremy109 Ruth107 Vicente104 Colleen100 Nancy95 Velva90 Johnathan91 Cinthia92 Johnathan91 Velva90 Keith88 Billie85 Luisa81 Ray76 Cheryl71 Aaron72 Sarah73 Aaron72 Cheryl71 Michell69 Joseph66 Amy62 Cheryl57 Don52 Anthony53 Jack54 Anthony53 Don52 Sylvia50 Carolyn47 Scott43 Donna38 Flora33 Stephane34 Iona35 Stephane34 Flora33 Danny31 William28 John24 Doris19 Tempie14 Christine15 Ian16 Christine15 Tempie14 Ray12 Julia9 Frank5 Patrick0
49
Patrick0 Elaine1 Antoinette2 Lawrence3 Minnie4
Taylor7 Gabrielle8 Taylor7
Matthew10 Matthew10 Brenda11
Ray12 Lela13
Ian16 Mary17 Dave18
Doris19 Robert20 Catherine21 Vivian22 Paula23
Louise26 Louise26 Tisha27
Phyllis29 Phyllis29 Kyle30
Danny31 Yvonne32
Iona35 Fred36 William37
Donna38 Bette40 William41 Brenda42 Maria39
Jose45 Jose45 Richard46
Ronald48 Ronald48 Gerald49
Sylvia50 Lori51
Jack54 Mercedes56 Lena55
Cheryl57 Charles58 Jenny59 Christine60 Joseph61
Joshua64 Joshua64 David65
Steven67 Steven67 Rhonda68
Michell69 Dorothy70
Sarah73 Josephine74 Loretta75
Ray76 Thomas80 Emily77 Salvador78 Carol79
David83 David83 Tom84
Darnell86 Darnell86 Evangelina87
Keith88 Ellis89
Cinthia92 Joel93 Joyce94
Nancy95 Michael96 Donna97 Robert98 Judith99
Glen102 Glen102 Brandon103
Ryan105 Ryan105 Jared106
Ruth107 Jean108
Morton111 Valerie112 Bill113
Gordon114 Ashley115 Christina116 Barbara117 Fidel118
Luz121 Luz121 Naomi122
Marlene124 Marlene124 Richard125
Levi126 Joshua127
Tessa130 Darla131 Timothy132
Christi133 Robert136 Robert137 William134 Andrew135
Heidi140 Heidi140 Scott141
Samuel143 Man144 Samuel143
Roberta145 Margaret146
Brent149 Nicholas150 Rebecca151
Karl152 Patricia153 John154 Michael155 Tony156
Louis6 Louis6
Lorraine25 Lorraine25
Gina44 Gina44
Paul63 Paul63
Dorothy82 Dorothy82
Dominique101 Dominique101
Susie120 Susie120
Irma139 Irma139
