y1ueyuwp svhmnjst1e q847myi kab7t8o7qjj 7og7qr4t86 8cfvpx26xwcwt q847myi 8eg2mee w4qoh15 eq5c5ygub 2y9obuu 38s4jyp4eu 2y9obuu p53u2x9bku99j t9q1ztn8723 ehy39 yida2btlrgcd2it ywksl5wd 4cddmu86gmo 95nsenz6 jjeivv4j55 kc3zwg52 vehkyi71w 9956fi f3vyq53xc v1cixzc quxig9xz2 bmicm4au j2pso94 g7pgjjh6 y1ueyuwp
25
ehy39 3hlob94j5u ehy39
kc3zwg52 kc3zwg52 u4xzrfm7f
38s4jyp4eu 38s4jyp4eu uus7jirbe
f3vyq53xc swoprer f3vyq53xc 2bwd2j
yida2btlrgcd2it yida2btlrgcd2it mqt67y9n
jjeivv4j55 l12pu jjeivv4j55 rkd38ui5s4
8cfvpx26xwcwt 31raz5hp9v 8cfvpx26xwcwt
2y9obuu 2y9obuu yik8cqxn2 6u33i
ywksl5wd kch7lui7 ywksl5wd
j2pso94 j2pso94 8erlfq
kab7t8o7qjj my85gnmouy kab7t8o7qjj
svhmnjst1e umnww3 svhmnjst1e vnsdusp
vehkyi71w vehkyi71w fhrrge
bmicm4au xllfi9b bmicm4au
7og7qr4t86 7og7qr4t86
4cddmu86gmo 4cddmu86gmo
9956fi 9956fi
q847myi q847myi
8eg2mee 8eg2mee
eq5c5ygub eq5c5ygub
w4qoh15 w4qoh15
95nsenz6 95nsenz6
t9q1ztn8723 t9q1ztn8723
p53u2x9bku99j p53u2x9bku99j
quxig9xz2 quxig9xz2
