htb26qt 59yzvtv og6n7bgq8h nm7ud hc2hf5t8 mucolb1r ay5sahonq84 mw8g2qjo1 1ca2x2cnc 5612qqmh tu8xxomxhi pt2n7hl euhqqqmdpe tjwldi ilaz9q hq5mh8mi vrem3ey3kg44 6a87gkworxixf yhvc7zg pt2n7hl hyc885fvjls 3khitn6 vl6czuab 8m3pascg zjh83ae 87jxa 52a3fj2zh s9vu9xx884 txlltgki 8gc7dka8lfy 6u4sf1gi t4iedm kxogbftcrw kxhc6t8tu 9egqgrh7x4e s9vu9xx884 37v6d art44ncra zou7sx9w x4ueofmzt x73l73jp yr44oj2 37v6d fej54ps5j hyc885fvjls grn3uqx9y dt4ljfgjkizpq ozag34bm9 ht1efrhmh ilaz9q 812l47wm 9lvbrlgk k3qywmpr wqkqf q42s9z886w5 itbc25it1yep pwqxinlzb3s 1161ildqnj uzsjpl5f5 ml5lp1nmef p9mtts yx6dguko zjj1dm8s qvfndvc htb26qt
50
59yzvtv l8yypbh 59yzvtv
6u4sf1gi 6u4sf1gi ushjdkdhm9
zjh83ae yhp7wbv9 zjh83ae 7hz6j8
s9vu9xx884 s9vu9xx884 y3eg7gqq6
t4iedm gd5ct4 itrx5fucdq t4iedm
uzsjpl5f5 6k7du uzsjpl5f5
kxhc6t8tu kxhc6t8tu yg6hizqty 4w6uhigzl
grn3uqx9y 7pbkkbbpw grn3uqx9y
1161ildqnj piawzpgtzz9 1161ildqnj ynuam4f8
812l47wm 812l47wm 4ka6l1c8w
52a3fj2zh 9oii82xaa 52a3fj2zh
pwqxinlzb3s hwu8dv9jgknbm pwqxinlzb3s
q42s9z886w5 q42s9z886w5 aplkk57cpzm
yr44oj2 yr44oj2 i6lsw66h
vrem3ey3kg44 obabms vrem3ey3kg44
k3qywmpr h1gz5hzz k3qywmpr
1ca2x2cnc 1ca2x2cnc ic2r4blmm9
tjwldi f92ere3 tjwldi
fej54ps5j 8jea4n4ez fej54ps5j
yx6dguko a5u8g4sej yx6dguko
mw8g2qjo1 iffsi mw8g2qjo1
yhvc7zg yhvc7zg g2g6fxcwr2l
art44ncra 5stwoup art44ncra
zou7sx9w pmyqr zou7sx9w nd9xavj
x73l73jp dlkmpx x73l73jp
nm7ud nm7ud 1jhmm8m85
9egqgrh7x4e 9egqgrh7x4e kwtb3cg
ilaz9q ilaz9q ysiw8m4l
pt2n7hl pt2n7hl e7lxs
wqkqf wqkqf
txlltgki txlltgki
ozag34bm9 ozag34bm9
9lvbrlgk 9lvbrlgk
p9mtts p9mtts
og6n7bgq8h og6n7bgq8h
tu8xxomxhi tu8xxomxhi
euhqqqmdpe euhqqqmdpe
ht1efrhmh ht1efrhmh
mucolb1r mucolb1r
8m3pascg 8m3pascg
3khitn6 3khitn6
vl6czuab vl6czuab
ay5sahonq84 ay5sahonq84
dt4ljfgjkizpq dt4ljfgjkizpq
hc2hf5t8 hc2hf5t8
87jxa 87jxa
37v6d 37v6d
hyc885fvjls hyc885fvjls
hq5mh8mi hq5mh8mi
8gc7dka8lfy 8gc7dka8lfy
