index97 index1 index39 index51 index15 index3 index11 index49 index84 index23 index27 index32 index38 index42 index16 index70 index29 index43 index94 index76 index25 index6 index41 index14 index0 index53 index13 index72 index58 index9 index8 index48 index26 index57 index9 index22 index91 index44 index7 index33 index97
36
index38 index2 index38
index91 index10 index91
index0 index24 index0
index48 index48 index78 index31
index32 index32 index35
index29 index43 index29
index16 index52
index70 index59 index70
index57 index57 index60
index51 index51 index63
index44 index68 index44
index33 index73 index33
index49 index49 index79
index6 index85 index6
index1 index1
index3 index3
index7 index7
index8 index8
index9 index9
index11 index11
index13 index13
index14 index14
index15 index15
index22 index22
index23 index23
index25 index25
index26 index26
index27 index27
index39 index39
index41 index41
index42 index42
index58 index58
index72 index72
index76 index76
index94 index94
index97 index97
