index155 index193 index124 index198 index22 index86 index53 index133 index39 index157 index21 index6 index63 index102 index108 index5 index32 index199 index112 index171 index9 index131 index20 index145 index106 index56 index156 index34 index190 index109 index167 index158 index92 index58 index118 index11 index88 index152 index114 index18 index121 index57 index121 index95 index186 index134 index50 index40 index50 index10 index146 index89 index169 index115 index130 index26 index170 index81 index25 index37 index174 index24 index69 index196 index62 index187 index107 index76 index113 index3 index27 index97 index142 index14 index67 index164 index17 index28 index4 index87 index141 index155
71
index57 index57 index15
index190 index19 index116 index190
index109 index109 index23
index62 index62 index30 index47
index89 index89 index31
index169 index169 index42
index193 index144 index44
index167 index49 index167
index22 index52 index22
index56 index56 index55
index118 index60 index118
index32 index32 index66
index40 index40 index83
index11 index90 index11
index130 index96 index130
index131 index99 index131
index156 index156 index129 index100
index3 index3 index110
index97 index97 index125
index4 index4 index126
index141 index128 index141
index81 index81 index137
index196 index196 index143
index17 index17 index150
index158 index158 index159
index69 index69 index165
index102 index172
index5 index5
index6 index6
index9 index9
index10 index10
index14 index14
index18 index18
index20 index20
index21 index21
index24 index24
index25 index25
index26 index26
index27 index27
index37 index37
index39 index39
index50 index50
index58 index58
index63 index63
index67 index67
index86 index86
index87 index87
index88 index88
index92 index92
index95 index95
index106 index106
index107 index107
index108 index108
index112 index112
index113 index113
index114 index114
index115 index115
index121 index121
index124 index124
index133 index133
index134 index134
index142 index142
index152 index152
index155 index155
index157 index157
index164 index164
index170 index170
index174 index174
index186 index186
index198 index198
index199 index199
