hC71hIuyRaST3AiaSZqg cXmjc3Wu4kjM1IHGgfA5 UE66Ok3YtceUJCwuX3xr YygsiZkXDS9oQ07w4psX iS3QMNvYa0RbuZKbJowP OAcbYkMyAi1Iu0vWaaFc 5doygtE58PVlrfBbaaxD ZUt08qPkISJA3VT4fdsK VkEnPX1CQCoh4CxlXSlf kITtdSORrLGuHqAl2YGb EEWjQ3rZ3GM9oucA2vc5 qyWH5Ui5kFJGpXM7i2RZ P6PcaiimLTne6w5m7SJi OAcbYkMyAi1Iu0vWaaFc iS3QMNvYa0RbuZKbJowP oq1GulTWdKtwAlNIQxnY 2dfprAgHp3T6RrgooKgP nnG2z19YXqYOoAxMQkFV Mi1upMhcgP7iV16OWKN5 NXZByMrsstrrXRLxVcyg qsbRHSDlSHG3Ep5gugbq nnG2z19YXqYOoAxMQkFV uJlmjikTUoEO48jGpFMW TrUW9m3qjkTMvqHNRot0 zbsjvfwSdNExCnTFLo8x 4wWd3kvalFkda9M583i7 468JV90VoJDfHRf7bwGC x81SdeDfzbsk8wgCHcJT 468JV90VoJDfHRf7bwGC eULKHiriYHElwEbrQo2X NjrNYv2s9TjuFmdhy6vq aGWdv30UuUFiszMErlJF jGNThQH3U9Qqi91Eop7X rW1b1NT9NaRlIIxoT8XF W5rNQea9NsCafaUbLgWC C5aQkckiWq5qVUhbiI57 nmwnnNlPCMIjajSEo2R3 63EFNMvLteBrV7Lj9nA4 dsEyS8WvuzfBZPrbbzZx RDnAjQbgrCahBSBieO1p 6KcltWtleWJ6izN3XL0F wqyhoOJuJuNfuZ1c9ZhU nmwnnNlPCMIjajSEo2R3 oakCd1HozhO35GtImcF2 yXrak2UUHdgFCsCWvgfp Udew7VNFg6dndWFd4Xv7 jGNThQH3U9Qqi91Eop7X NXZByMrsstrrXRLxVcyg nOsoIFzZBhdd6bjP45Ba Z2YJKymsE6JEohxl2CgC 2TderjwrXrNV2UBZ77eD LI8fhHKJlh7mQx1nNK0m IWOalMs6IXX5Ln6F9Eov 2QgUKFj4HV0dn5Ia55tj QYsTJmc2IUi36H1YK47s Tgouk8HApNFShyYjQedR Mufarp9xGx29xj0P1ijS D3gODzQIzHZRe5A487BX g5fwwkfUKem4JdibLkXM PFAHK1LPbENiUm01N8B0 xtgYSd34f56WAH3CCBpW IC3wlDskAWyf0o1M61kl tb41LamjPxrSZBTCVL4N b9q1t3OMZ6dXE5R6ca5w vXrEXAmThLoQVXFImZcg 7DZfG4yobV0xCcSaxf27 5E8wNso5HkheqEVi0Uhr 6jnt0RQvUBeXBhrLOwzh EnQuMk7pVZUnmn2BboBv g6Fit1BcwBIbAAJnBKGn OBEPyJuvhH0Z9VoT2UNC fzCA3w8Mu664WC0yRZb5 EfhuR5UGBxqkoqdQBn2E 4MuL6AbQo2ozZ4x7psrd KqTw626stjcdChciHrJ6 OLGSBuAPLZmdhTN6ApoS 8w6JkwNghwwfzVWZlMG6 1uTE034Q24DWmybWBbX4 RNtZ6m1O9hQj2ovJiJE3 JuSdCG8HSUzwufkmRvTN 8IUV6HBSYn47shRwVW5F JuSdCG8HSUzwufkmRvTN PqB0lgs9Brze4wJGQzAM WgneGAZv4qtDq8Q5DYZf NWAZrSnr0i1Dj5TA6dLc 24YcTAlCtPoNC11H3BAQ 1wSeohNTb1oCspxe2x4j CIdYfkuOMaRk394L6cKF Wf6tYlitgmZKoXfughsS hC71hIuyRaST3AiaSZqg
67
qsbRHSDlSHG3Ep5gugbq 3MmCPAjYheu6g9TkIxDm qsbRHSDlSHG3Ep5gugbq
PqB0lgs9Brze4wJGQzAM FE29I03FH1qEyEvIQNGT mkGdh9qd7uj9x5W3Koxj
jGNThQH3U9Qqi91Eop7X ddzqPXECnHQT4a4RIpSF 61VEe5QpRdEG1AHTZmSn
2TderjwrXrNV2UBZ77eD yMXdJdorJpzOHHt9uIfg 2TderjwrXrNV2UBZ77eD
OBEPyJuvhH0Z9VoT2UNC z0rRwRZbA1TaaAgS8PYu OBEPyJuvhH0Z9VoT2UNC
468JV90VoJDfHRf7bwGC l5OFQGDhW1xJJ8ERuglz NqvNOj5h3GSbJm5NawjL 468JV90VoJDfHRf7bwGC
nmwnnNlPCMIjajSEo2R3 2YL9dYowMkTTxjU0fVal nmwnnNlPCMIjajSEo2R3 laRDyozSdXcFtmdQ5VqD
nnG2z19YXqYOoAxMQkFV 72cxNTZ1Tw5teVGiR2xj nnG2z19YXqYOoAxMQkFV
wqyhoOJuJuNfuZ1c9ZhU wqyhoOJuJuNfuZ1c9ZhU EqrhH8oFQmMRN10foGjV
NXZByMrsstrrXRLxVcyg gZiMcGUkLd8qaWleLH1T NXZByMrsstrrXRLxVcyg
4wWd3kvalFkda9M583i7 btiXecpJBKmrIHtQ7jPA 4wWd3kvalFkda9M583i7
x81SdeDfzbsk8wgCHcJT CgUyoeVDFzkf0g6EiF8w x81SdeDfzbsk8wgCHcJT
Mufarp9xGx29xj0P1ijS lVjpvSHc5hBrS7dzTmI1 Mufarp9xGx29xj0P1ijS
g6Fit1BcwBIbAAJnBKGn 1Oc2bGjHzXrMLiYLik5Z g6Fit1BcwBIbAAJnBKGn
24YcTAlCtPoNC11H3BAQ 24YcTAlCtPoNC11H3BAQ jLS4UljOCe6h8LwAOGRX
Tgouk8HApNFShyYjQedR Tgouk8HApNFShyYjQedR sCcEFmBkhTop4sycKzuM Dv6lwBgjbbZceuQXFzFf
NWAZrSnr0i1Dj5TA6dLc NWAZrSnr0i1Dj5TA6dLc fuNQ8Sfy86k6zaBQjwEz
xtgYSd34f56WAH3CCBpW t9sTQNaMU9o2HF5pm7xT xtgYSd34f56WAH3CCBpW
Wf6tYlitgmZKoXfughsS UQEmoPmHSH2FlTDuXOEx Ca5sYccbD9TUz7JLHrcf Wf6tYlitgmZKoXfughsS
1wSeohNTb1oCspxe2x4j 1wSeohNTb1oCspxe2x4j kuIwHVHn49UEM4TprHKr
EnQuMk7pVZUnmn2BboBv QHOT9LWV0s6xVVreglDh
oakCd1HozhO35GtImcF2 yXrak2UUHdgFCsCWvgfp oakCd1HozhO35GtImcF2 RSJQdRAK7H6zYHVeXyPj
8IUV6HBSYn47shRwVW5F 8IUV6HBSYn47shRwVW5F 1ae7bJScGomdGEdgag5b DmIjX4adnoqSEDmx2f39
cXmjc3Wu4kjM1IHGgfA5 COVfDobG5VcfcSxLDUch cXmjc3Wu4kjM1IHGgfA5
YygsiZkXDS9oQ07w4psX v0QCMKnmfkXllH4nQHen YygsiZkXDS9oQ07w4psX
P6PcaiimLTne6w5m7SJi ymIUUgCvgB7r5le0Mh11 P6PcaiimLTne6w5m7SJi
aGWdv30UuUFiszMErlJF aGWdv30UuUFiszMErlJF bw0K7NVh1sgqlnescYkX
EfhuR5UGBxqkoqdQBn2E fzCA3w8Mu664WC0yRZb5
C5aQkckiWq5qVUhbiI57 R22TNV5lr1tmI44FcHvv C5aQkckiWq5qVUhbiI57
IWOalMs6IXX5Ln6F9Eov IWOalMs6IXX5Ln6F9Eov
JuSdCG8HSUzwufkmRvTN JuSdCG8HSUzwufkmRvTN
63EFNMvLteBrV7Lj9nA4 63EFNMvLteBrV7Lj9nA4
RDnAjQbgrCahBSBieO1p RDnAjQbgrCahBSBieO1p
6KcltWtleWJ6izN3XL0F 6KcltWtleWJ6izN3XL0F
IC3wlDskAWyf0o1M61kl IC3wlDskAWyf0o1M61kl
g5fwwkfUKem4JdibLkXM g5fwwkfUKem4JdibLkXM
Mi1upMhcgP7iV16OWKN5 Mi1upMhcgP7iV16OWKN5
zbsjvfwSdNExCnTFLo8x zbsjvfwSdNExCnTFLo8x
WgneGAZv4qtDq8Q5DYZf WgneGAZv4qtDq8Q5DYZf
OAcbYkMyAi1Iu0vWaaFc OAcbYkMyAi1Iu0vWaaFc
W5rNQea9NsCafaUbLgWC W5rNQea9NsCafaUbLgWC
nOsoIFzZBhdd6bjP45Ba nOsoIFzZBhdd6bjP45Ba
6jnt0RQvUBeXBhrLOwzh 6jnt0RQvUBeXBhrLOwzh
oq1GulTWdKtwAlNIQxnY oq1GulTWdKtwAlNIQxnY
qyWH5Ui5kFJGpXM7i2RZ qyWH5Ui5kFJGpXM7i2RZ
EEWjQ3rZ3GM9oucA2vc5 EEWjQ3rZ3GM9oucA2vc5
TrUW9m3qjkTMvqHNRot0 TrUW9m3qjkTMvqHNRot0
eULKHiriYHElwEbrQo2X eULKHiriYHElwEbrQo2X
KqTw626stjcdChciHrJ6 KqTw626stjcdChciHrJ6
8w6JkwNghwwfzVWZlMG6 8w6JkwNghwwfzVWZlMG6
RNtZ6m1O9hQj2ovJiJE3 RNtZ6m1O9hQj2ovJiJE3
VkEnPX1CQCoh4CxlXSlf VkEnPX1CQCoh4CxlXSlf
rW1b1NT9NaRlIIxoT8XF rW1b1NT9NaRlIIxoT8XF
2QgUKFj4HV0dn5Ia55tj 2QgUKFj4HV0dn5Ia55tj
4MuL6AbQo2ozZ4x7psrd 4MuL6AbQo2ozZ4x7psrd
OLGSBuAPLZmdhTN6ApoS OLGSBuAPLZmdhTN6ApoS
1uTE034Q24DWmybWBbX4 1uTE034Q24DWmybWBbX4
2dfprAgHp3T6RrgooKgP 2dfprAgHp3T6RrgooKgP
b9q1t3OMZ6dXE5R6ca5w b9q1t3OMZ6dXE5R6ca5w
7DZfG4yobV0xCcSaxf27 7DZfG4yobV0xCcSaxf27
LI8fhHKJlh7mQx1nNK0m LI8fhHKJlh7mQx1nNK0m
5doygtE58PVlrfBbaaxD 5doygtE58PVlrfBbaaxD
Z2YJKymsE6JEohxl2CgC Z2YJKymsE6JEohxl2CgC
vXrEXAmThLoQVXFImZcg vXrEXAmThLoQVXFImZcg
QYsTJmc2IUi36H1YK47s QYsTJmc2IUi36H1YK47s
PFAHK1LPbENiUm01N8B0 PFAHK1LPbENiUm01N8B0
dsEyS8WvuzfBZPrbbzZx dsEyS8WvuzfBZPrbbzZx
