M2S9flVUcYP2sJdh8LXf sH3pvLOfMUrEGUrmsHCu tuE7UekaxGUib4idWtYa 93aDiM8K0XhtiVcCVKi2 vodEvdIApqt0N3TZsbxN cdaizmjQrCe5Vnwy3JQF tVhIJJgs0kEFaQx1hdWm Jjat3uJ5XboI9kZe0522 L8bxdxuDa5issn2PiN3u Jjat3uJ5XboI9kZe0522 Dc1wEVV3kuOZotG6pNlL ag5vZ07KPwCr1Lpz8zM0 fmFrd4vggNac5TkiFJAd XmlH4l2BXG35TF70bZqZ yCGd2pn2AE5LZ3OxzJbL Dt5YfbjQq6VoKnyw6Zav JajH9BPb1gw5kQ2oTRnP dOKaHsIcDX32wPXAX2Gt uy6RcQAYd3ATM1Icq3my ECCnzlgsMEvTYjNwAlfM yHMPX8vHctuUweyLluyz 5gumrx48u1yPpF6ivPOI vxiwkV1b5fV2sGCBFsRQ 5gumrx48u1yPpF6ivPOI yHMPX8vHctuUweyLluyz oWxP87H6AXwFzF0dpB9d 4bQwji0D4wyEDLd54MWv 8KfYYXeMqM0D4nShLOzi 4bQwji0D4wyEDLd54MWv 9GrchmlNCDIapQ9OnEYh 9Jr76N4fnNot7SNYqBKG sZojFweTE55bBWYz0Tda zbFdxZAJcbci5gs01pnM EtrZREkmL456viQQJ9Rb Pqf0Sn4UvsBLaxz7WO4n nbZglhhmYQAPQz4eETaj Pqf0Sn4UvsBLaxz7WO4n 48nWZMVqWDxfH9uMf2U3 S8uMGvUglWyhnfV5Wzdp dKH5OdpmJKCU83bbXVxZ MtQDjkLToWj4d53MMhKG M2S9flVUcYP2sJdh8LXf
30
9Jr76N4fnNot7SNYqBKG jgcWqrcniA4q9WNs9xkc 9Jr76N4fnNot7SNYqBKG
uy6RcQAYd3ATM1Icq3my LxEzX08MG9T8knIYbul0 uy6RcQAYd3ATM1Icq3my
48nWZMVqWDxfH9uMf2U3 48nWZMVqWDxfH9uMf2U3 zD7ErBenXxsG4D9b5TEV
dOKaHsIcDX32wPXAX2Gt zdtRVpQ9lVyEhNj9Evpp dOKaHsIcDX32wPXAX2Gt
dKH5OdpmJKCU83bbXVxZ 0uvEfLgT4s8ImTk9VWBt Kfu1pc3YPMGebW7Iu8ex dKH5OdpmJKCU83bbXVxZ
93aDiM8K0XhtiVcCVKi2 Bc6dudheE3WGLxP0iDdK 93aDiM8K0XhtiVcCVKi2
ECCnzlgsMEvTYjNwAlfM ECCnzlgsMEvTYjNwAlfM Eu0wGcDBBrgvePzHfqrS
fmFrd4vggNac5TkiFJAd Z8MZ2JfftjeVVnGFSOQe fmFrd4vggNac5TkiFJAd
vxiwkV1b5fV2sGCBFsRQ vxiwkV1b5fV2sGCBFsRQ gZVNRDm5p6aX5QEEX8UG
8KfYYXeMqM0D4nShLOzi v0QJIKD4q7sFXrzFSb6J 8KfYYXeMqM0D4nShLOzi tUowOUG1V7iCXBCMR0AT
Jjat3uJ5XboI9kZe0522 W4IxjYZtRN88GGSV9Uoc Jjat3uJ5XboI9kZe0522
Dt5YfbjQq6VoKnyw6Zav m1IYiQsUBuvvpTv7yWXO Dt5YfbjQq6VoKnyw6Zav
M2S9flVUcYP2sJdh8LXf H59EihDjhfpS7ToXFM3L M2S9flVUcYP2sJdh8LXf
XmlH4l2BXG35TF70bZqZ XmlH4l2BXG35TF70bZqZ NMTjl1jsvrb7y2ggdCSc
Dc1wEVV3kuOZotG6pNlL k7k4sHxeh1pR4sOjcVuj LNMZej67uy0Whvqp5OR1
L8bxdxuDa5issn2PiN3u L8bxdxuDa5issn2PiN3u yZPIHwySFuIdRJCMzjnz
tVhIJJgs0kEFaQx1hdWm Z0DuoZMcx6oyDPWFznMK tVhIJJgs0kEFaQx1hdWm
nbZglhhmYQAPQz4eETaj nbZglhhmYQAPQz4eETaj pNXWB5geApaSjbsCCT4J
tuE7UekaxGUib4idWtYa PZrpdQAa8H8tkrajh08J
5gumrx48u1yPpF6ivPOI 5gumrx48u1yPpF6ivPOI
sH3pvLOfMUrEGUrmsHCu sH3pvLOfMUrEGUrmsHCu
S8uMGvUglWyhnfV5Wzdp S8uMGvUglWyhnfV5Wzdp
Pqf0Sn4UvsBLaxz7WO4n Pqf0Sn4UvsBLaxz7WO4n
yHMPX8vHctuUweyLluyz yHMPX8vHctuUweyLluyz
4bQwji0D4wyEDLd54MWv 4bQwji0D4wyEDLd54MWv
9GrchmlNCDIapQ9OnEYh 9GrchmlNCDIapQ9OnEYh
EtrZREkmL456viQQJ9Rb EtrZREkmL456viQQJ9Rb
oWxP87H6AXwFzF0dpB9d oWxP87H6AXwFzF0dpB9d
cdaizmjQrCe5Vnwy3JQF cdaizmjQrCe5Vnwy3JQF
vodEvdIApqt0N3TZsbxN vodEvdIApqt0N3TZsbxN
