Chattanooga Cleveland SanAntonio Memphis CorpusChristi ElPaso Dayton Plano Fresno GrandRapids Buffalo GrandRapids Fresno Corona Lubbock Corona Jackson Brownsville Boston Salem Plano Austin Vancouver Detroit BatonRouge Bakersfield Salinas Murfreesboro Salinas Bakersfield BatonRouge OverlandPark Scottsdale Riverside Indianapolis FortLauderdale Savannah FortLauderdale Indianapolis Phoenix LittleRock Fremont Honolulu Fremont SanBernardino Joliet Madison Lincoln OklahomaCity Irvine Norfolk SaintPaul Norfolk Hayward Akron RanchoCucamonga Thornton Tampa Huntsville Tacoma Huntsville Cleveland NewOrleans Fayetteville Aurora Orange Frisco Orange Henderson Toledo Atlanta Chicago Portland Fresno MorenoValley Anaheim MorenoValley Roseville FortWorth Carrollton Surprise Anchorage Riverside Indianapolis DesMoines NewportNews Minneapolis WinstonSalem Cincinnati LongBeach Waco Albuquerque Cincinnati WinstonSalem Knoxville Berkeley Springfield Anaheim MorenoValley Chattanooga
59
Anaheim NewYork ChulaVista Anaheim
Waco LosAngeles Waco
FortLauderdale FortLauderdale SanDiego
SanBernardino Boise SanJose SanBernardino
Hayward SantaClarita Jacksonville Hayward
Corona Corona FortWorth Olathe
Honolulu SanFrancisco Honolulu
Murfreesboro Murfreesboro Charlotte
SaintPaul Washington SaintPaul
Lubbock Lubbock Louisville
Aurora Lexington Aurora Baltimore
Frisco KansasCity Frisco
Norfolk Raleigh
Memphis Memphis Wichita
OklahomaCity SantaAna Fontana
NewportNews Alexandria Orlando NewportNews
Akron Newark Akron
MorenoValley Durham Tallahassee
Fresno Glendale Worcester
Fayetteville Richmond Fayetteville
Springfield Spokane Springfield
Tacoma Oxnard Tacoma
Plano Yonkers Plano
Vancouver Vancouver PortStLucie
LongBeach GrandPrairie
Scottsdale Tempe Scottsdale
LittleRock LittleRock CapeCoral Shreveport
Salem Salem Ontario
Bakersfield Oceanside Bakersfield
Salinas GardenGrove
Buffalo Buffalo Pomona
Chicago Chicago Naperville
Cincinnati Cincinnati Paterson
Savannah Savannah McAllen
Irvine Syracuse Irvine
Anchorage Midland Anchorage
Madison Madison Denton
Joliet Joliet
Lincoln Lincoln
DesMoines DesMoines
Surprise Surprise
Phoenix Phoenix
Knoxville Knoxville
Henderson Henderson
Fremont Fremont
Riverside Riverside
Cleveland Cleveland
Brownsville Brownsville
Indianapolis Indianapolis
Austin Austin
ElPaso ElPaso
GrandRapids GrandRapids
BatonRouge BatonRouge
Boston Boston
SanAntonio SanAntonio
Berkeley Berkeley
Orange Orange
Toledo Toledo
Jackson Jackson
