SaintPaul SanJose SanDiego ChulaVista Cincinnati StPetersburg Milwaukee Columbus Glendale Hialeah Glendale Columbus Milwaukee Stockton Sacramento Charlotte Phoenix Durham SantaAna Durham Phoenix Cincinnati ChulaVista Baltimore LongBeach Baltimore Albuquerque FortWayne Albuquerque Baltimore ChulaVista JerseyCity Lexington Fresno Plano LosAngeles Austin JerseyCity Lincoln JerseyCity Denver Detroit Tucson Detroit Louisville Memphis Honolulu Scottsdale Newark Garland SaintPaul
28
Stockton Houston Stockton
Austin Austin Aurora SanAntonio
LongBeach Dallas LongBeach
Albuquerque FortWorth
Baltimore Indianapolis Baltimore
LosAngeles ElPaso
Honolulu Memphis Honolulu
Hialeah OklahomaCity Hialeah
JerseyCity Atlanta JerseyCity Laredo
Tucson Raleigh Tucson
SanDiego Tampa SanDiego
Fresno Spokane NewOrleans Chesapeake
Lincoln Bakersfield Lincoln
StPetersburg Lubbock Henderson StPetersburg
SantaAna SantaAna Pittsburgh
FortWayne Anchorage FortWayne
Scottsdale Newark Scottsdale
SanJose Madison SanJose
Plano Chandler Plano
Durham WinstonSalem Durham
Denver Denver
Lexington Lexington
Glendale Glendale
Charlotte Charlotte
Milwaukee Milwaukee
Columbus Columbus
Phoenix Phoenix
Cincinnati Cincinnati
