Hernandezville Joelview Downsville Richardhaven Tammychester Richardhaven Downsville Joelview Mitchellchester Lopezmouth Heathermouth Lopezview Heathermouth Lopezmouth Dixonton Keithton Dixonton Francesmouth Dixonton Lopezmouth Mitchellchester Joelview Farmerside Gabriellabury Courtneyfurt Gabriellabury Farmerside Ryanton Williamsmouth Mcdonaldmouth Williamsmouth Ryanton Farmerside Ralphtown Stricklandbury Tylermouth Stricklandbury Ralphtown Garciaport Charlesburgh Garciaport Ralphtown Farmerside Joelview Hernandezville Beckyshire Ponceville Mcculloughchester Crystalchester Smithmouth Crystalchester Mcculloughchester Jonestown Barbarachester Jonestown Kellyfort Jonestown Mcculloughchester Ponceville Bridgesville Riveramouth Bradshawside Riveramouth Martinton Riveramouth Bridgesville Dennisstad Wilsonburgh Dennisstad Bridgesville Esparzaberg Thomasburgh Esparzaberg Kristinbury Esparzaberg Bridgesville Ponceville Garymouth Camposstad Donaldstad Camposstad Garymouth Christophertown Crystaltown Christophertown Garymouth Ponceville Beckyshire Derekton Wallaceville Morenoside Wallaceville Derekton Beckyshire Hernandezville
26
Crystaltown Crystaltown Johnsontown
Thomasburgh Thomasburgh Johnsonmouth Sanchezland
Morenoside Amberfurt Johnport
Derekton Belindamouth
Courtneyfurt Contrerasland Morrisbury
Kellyfort Kellyfort Tinatown Pittsland
Gabriellabury Hendersonchester
Wilsonburgh Josephton Wilsonburgh Harristown
Tammychester Tammychester Rebeccaton
Keithton Andrewland Keithton Aprilstad
Heathermouth Emilymouth
Smithmouth Robertborough Smithmouth
Bradshawside Bradshawside Wandaside
Martinton Deborahfort Brianland Martinton
Lopezview Lopezview Robertsfort
Downsville Haasville
Mcdonaldmouth Mcdonaldmouth Adkinsfurt
Mitchellchester Huynhton
Camposstad Williamsville
Tylermouth Deanstad Tylermouth
Charlesburgh Angelaview Charlesburgh
Donaldstad Thomastown Donaldstad
Williamsmouth Johnstonmouth
Barbarachester Barbarachester Jonesberg
Kristinbury Allenberg Kristinbury
Francesmouth Francesmouth Richardville
