Porterton Wallton Davisstad Newmanburgh Gallowaymouth Rioshaven Gallowaymouth Newmanburgh Davisstad Leechester Pettyton Bondmouth Pettyton Leechester Davisstad Jacksonton Singletonton Clarkbury Singletonton Jacksonton Davisstad Wallton Derekmouth Geraldside Michellehaven Ramosborough Michellehaven Cranemouth Michellehaven Geraldside Joseport Hallborough Joseport Gabrielburgh Joseport Geraldside Derekmouth Charlesberg Weberbury Kimberlyburgh Weberbury Charlesberg Sethland Ellisstad Sethland Charlesberg Kevinberg Patriciabury Kevinberg Adamside Kevinberg Charlesberg Derekmouth Jeffreyfort Johnsonchester Jeffreyfort Garytown Audreyfort Garytown Jeffreyfort Derekmouth Wallton Danielleport Scottburgh Laurenbury Haleview Laurenbury Scottburgh Danielleport Melissaview Cheyennefurt Watsonville Cheyennefurt Melissaview Campbellhaven Annberg Campbellhaven Melissaview Danielleport Cooperton Lopezborough Waltersmouth Lopezborough Cooperton Danielleport Wallton Porterton Dianashire Burgessview Williamfort Moodyburgh Gregoryberg Smithfort Gregoryberg Moodyburgh Heatherberg Thomasborough Heatherberg Moodyburgh Williamfort Williamport Ashleystad Holthaven Ashleystad Codyton Ashleystad Williamport Williamfort Thomasville Lopezburgh Byrdfurt Lopezburgh Thomasville Williamfort Burgessview Marcusburgh Matthewburgh Bondfort Shawnmouth Bondfort Adamview Bondfort Matthewburgh Virginiastad Robinsonmouth Virginiastad Matthewburgh Marcusburgh Fletcherland Kingview Williamschester Kingview Fletcherland Marcusburgh Tylerbury Marcusburgh Burgessview Billton Banksburgh Simmonsburgh Michaelville Simmonsburgh Banksburgh Yvonneborough Parkermouth Yvonneborough Banksburgh Billton Burgessview Dianashire Ashleyborough Clarkberg Reevestown Judithview Michaelview Judithview Reevestown Clarkberg Burtonview Murphyside Bakertown Murphyside Burtonview Clarkberg Ashleyborough Paulburgh Robertsstad Toddtown Swansonshire Toddtown Robertsstad Paulburgh Walltown Callahantown Maryport Callahantown Walltown Scotttown Jacksonview Scotttown Walltown Paulburgh Ashleyborough Osborneville Christophermouth Shawnhaven Christophermouth Osborneville Payneview Barnesmouth Harrisport Barnesmouth Payneview Teresafort Smithtown Teresafort Payneview Jacksonville Jennifertown Jacksonville Payneview Osborneville Ashleyborough Dianashire Porterton
50
Swansonshire Swansonshire Abigailhaven
Walltown Williamshire
Ellisstad Osbornemouth Ellisstad
Cheyennefurt Thompsonshire
Waltersmouth Adamport Adkinsberg
Pettyton Jonesfurt
Codyton Codyton Mindyview Ryanside
Byrdfurt Loweryborough Garciamouth Byrdfurt
Teresafort Calvinton
Sethland Tannerhaven
Adamview Adamview Harrisborough
Holthaven Holthaven Vickiville
Weberbury Clarkport
Clarkbury Jermaineton Clarkbury
Smithtown Abigailville Jacksonland Smithtown
Tylerbury Wilsonstad Hansonbury
Rioshaven Josephstad Rioshaven
Fletcherland Ortizberg
Hallborough Hallborough Kylieview
Johnsonchester Susanfort Nealfurt
Shawnhaven Candaceborough Dannyside
Ramosborough Fordhaven Ramosborough
Jennifertown Jennifertown Feliciaville
Robinsonmouth Horneside Robinsonmouth
Bakertown Bakertown Derekville Jameston
Watsonville Robertomouth Watsonville Christyland
Lopezburgh Leahmouth
Harrisport Harrisport Brendaview
Annberg Houstonchester Annberg Dyerport
Shawnmouth Buckleyside Priceville Shawnmouth
Haleview Hallstad Haleview
Jacksonview Danielville Jacksonview
Thomasborough Masseyside Thomasborough Ortegaberg
Adamside Adamside Bradberg Andrewschester
Maryport Combsville Maryport Reynoldsview
Virginiastad Johnsonberg
Michaelview Michaelview Clarenceview
Bondmouth Taylorton Bondmouth Mercedesmouth
Smithfort Millerborough Smithfort
Gabrielburgh Gabrielburgh Hodgesstad
Kimberlyburgh Kimberlyburgh Candiceland
Jacksonville Christopherhaven
Barnesmouth Clarkborough
Leechester Suttonville
Audreyfort Patriciaside Audreyfort
Michaelville Michaelville Williamland
Patriciabury Troyfort Patriciabury Thomasmouth
Cranemouth Cranemouth Joneschester
Parkermouth Shawnfort Parkermouth
Williamschester Williamschester Mirandaview
