A0 H5 J8 I7 J3 G1 H7 H1 D1 H6 J2 H2 J5 G9 A4 C9 D7 J4 B3 I5 F9 C7 J7 I8 E2 G3 I9 C8 E8 G5 H9 E3 D0 H0 D5 B2 D9 C6 G4 E7 E6 A6 H3 I3 H8 E5 A0
46
F9 A1 F9
E7 A2 C2 E7
H5 H5 A3
H1 A5 H1
D0 D0 A7
E3 A8 E3 I6
B2 A9 B2
B3 B0 B3
I7 B1 I7
H2 H2 B4
G3 G3 B5
C7 B6 C7 G2
A6 B7 A6 F5
G4 G4 B8
C6 C6 B9
I3 J9 I3 C0
D5 D5 C1
I9 I9 C3
H8 C4 E9 H8
E2 C5 E2
J7 D2 J7
E6 D3 I2 E6
E5 D4 E5
A0 D6 I4
J8 J8 D8
H0 E0 F6 H0
C9 E1 K0 C9
I5 E4 I5
D1 F0 F1 F2 F8 D1
A4 H4 A4 F3
H6 G6 H6 F4
H7 F7 H7
J5 I1 G0 J5
G1 G7 G1
E8 E8 G8
C8 I0 J0 C8
J3 J1 J3
H9 J6 H9
D7 D7
D9 D9
G5 G5
G9 G9
H3 H3
I8 I8
J2 J2
J4 J4
