0 23 88 64 50 34 57 4 60 79 26 65 98 77 47 22 51 17 87 56 67 54 92 99 78 55 48 15 33 76 194 28 75 5 12 62 134 44 85 1 53 20 198 10 71 70 59 97 31 74 21 80 185 42 19 128 83 9 6 24 89 30 0
60
31 2 66 86 31
80 80 43 3
50 50 7
30 8 30
79 11 79
51 51 13
78 78 36 14
70 16 25 70
87 18 95 87
99 99 27
89 89 82 29
59 32 59
128 35 37
185 38
67 96 67 39
83 40 83
5 41 5
42 42 45
24 24 46
54 49 54
9 9 52
1 1 58 69
194 72 61
48 48 63
77 68 77
0 0 73
20 81 20
76 84 76
55 90 55
98 98 91
21 21 93
71 94 71
4 4
6 6
10 10
12 12
15 15
17 17
19 19
22 22
23 23
26 26
28 28
33 33
34 34
44 44
47 47
53 53
56 56
57 57
60 60
62 62
64 64
65 65
74 74
75 75
85 85
88 88
92 92
97 97
