K B CA EN FD BJ DV BF GL DP GR EO DE EV EG AG EG AF BB CW CV ED CM DN EH FU FX FU FM DZ I AX BA G BE BY V FI GO BA CB FO EK GO EU AH BF R GN BL M U DC EB AN DS Y EQ CE GF CT GI FJ P GJ DB BI FG AU BR CJ FH AU DX EM EA EC FE DG DM DI DK AM CD BH K
71
BB L BB
EK GE T EK
CW CW X
GO Z GO
DZ DZ AB
DK DK AJ
R R AS
AH AW AH
FM FM BG
FJ BO BP FJ
EG EG BQ
DP BX DP
AM CF AM
FH CK FH
AU GK FR CQ
EV CY EV
DS DS DH
FX DR FX
EM EA EM
CA GD EJ
DG EL DG
DN EZ
CE CE FP
K FS
FE FE FV
CB FZ CB
ED GC ED
AG AG GG
B B
G G
I I
M M
P P
U U
V V
Y Y
AF AF
AN AN
AX AX
BA BA
BE BE
BF BF
BI BI
BJ BJ
BL BL
BR BR
BY BY
CJ CJ
CM CM
CT CT
DB DB
DC DC
DI DI
DV DV
DX DX
EC EC
EH EH
EN EN
EO EO
EQ EQ
EU EU
FD FD
FG FG
FI FI
FO FO
FU FU
GF GF
GI GI
GJ GJ
GL GL
GR GR
