89 12 100 87 61 122 102 143 148 179 119 70 136 3 64 31 190 39 33 81 38 41 37 124 59 99 94 86 173 21 188 56 85 132 73 133 194 49 111 83 11 82 65 109 128 144 4 127 101 169 5 78 27 48 79 118 189 51 89
56
118 1 118
31 107 6 31
48 48 9
148 58 148 13
190 16 190
64 64 18
128 128 23
33 25 121 33
86 29 86
38 32 96 38
79 36 79
99 99 44
89 69
59 59 75
127 80 88 127
73 73 97 98 193
109 112 109 183
143 114 125
173 130 173
70 192 70 135
49 49 140
194 194 141
85 146 85
82 82 147
39 149 39
94 94 151
56 56 155
51 51 156
144 160 144
5 172 5
102 178 102
12 187 12
65 65 191
132 195 132
188 188 197
100 100 199
179 179
101 101
3 3
122 122
169 169
78 78
124 124
81 81
37 37
136 136
21 21
11 11
83 83
27 27
189 189
41 41
4 4
111 111
133 133
61 61
