fmdhlepsteinstdnkill epsteindlsfdntmkillh dnkillepsteinlshdtfm epsteinkillmsftnddlh fkillepsteindlhdnsmt nltdmsfepsteinkilldh hnfdtmlepsteinkillds nltdmsfepsteinkilldh fkillepsteindlhdnsmt epsteinkillmsftnddlh dmepsteinfnhltkillsd fshtdepsteinmldnkill lndsdkilltmepsteinhf hsndepsteindlmtkillf tlmsdhdnkillfepstein fmsepsteindntldhkill epsteindfhlmdnskillt hnfdtmlepsteinkillds nltdmsfepsteinkilldh fkillepsteindlhdnsmt epsteinkillmsftnddlh epsteinskilldlndhmtf killnsfmhdepsteindtl fdshnmkillepsteinltd fddsepsteinhnlkilltm ddtmkillepsteinflsnh hepsteinsddnfkillmlt lthfkilldnsmepsteind epsteinskilldlndhmtf killnsfmhdepsteindtl nfdhkilllsmtepsteind killnsfmhdepsteindtl killepsteinlhtfdsmdn epsteinlshkilldnfdmt flepsteindndhmtkills killdmnsfhldepsteint ddlmnftepsteinhskill hnsdkilllftdmepstein nepsteinlmdkilldhfts ntlepsteindmfdshkill ddlmnftepsteinhskill fhndskillepsteintldm ddlmnftepsteinhskill dnkillepsteinlshdtfm mftkillepsteinndlhsd dnkillepsteinlshdtfm epsteindlsfdntmkillh fmdhlepsteinstdnkill
30
hnfdtmlepsteinkillds msfltdkillnepsteinhd hdepsteinskillldtnfm hnfdtmlepsteinkillds hsdfepsteintlnkilldm
mftkillepsteinndlhsd mftkillepsteinndlhsd lhepsteinkilldtnmfsd
killdmnsfhldepsteint killdmnsfhldepsteint ndkillftdsmepsteinlh epsteintdkilllnfdhms
tlmsdhdnkillfepstein lsdepsteinfmkillndth tlmsdhdnkillfepstein tmlepsteinsdnfkillhd epsteinmhndfkilltdls
ntlepsteindmfdshkill killmlepsteindthnfsd ntlepsteindmfdshkill
nepsteinlmdkilldhfts nepsteinlmdkilldhfts depsteinnlsfmhtkilld
nfdhkilllsmtepsteind nfdhkilllsmtepsteind dfkilllmtepsteinhdsn
killepsteinlhtfdsmdn killepsteinlhtfdsmdn dhkilllsepsteinmntdf
hepsteinsddnfkillmlt nkilltdhlmdepsteinsf hepsteinsddnfkillmlt
dnkillepsteinlshdtfm dnkillepsteinlshdtfm lmhdtfdepsteinnkills
hnsdkilllftdmepstein hnsdkilllftdmepstein dhepsteindsnlkillfmt
ddlmnftepsteinhskill ddlmnftepsteinhskill fepsteinhsntddkilllm tlsfdmdepsteinnhkill
fkillepsteindlhdnsmt stepsteinhkillfmnldd
epsteindfhlmdnskillt dlnsthfmepsteinkilld epsteindfhlmdnskillt
fhndskillepsteintldm lnsmkilltfdepsteindh fhndskillepsteintldm
fmdhlepsteinstdnkill nhmkilllsftepsteindd
epsteindlsfdntmkillh epsteindlsfdntmkillh
epsteinkillmsftnddlh epsteinkillmsftnddlh
dmepsteinfnhltkillsd dmepsteinfnhltkillsd
fdshnmkillepsteinltd fdshnmkillepsteinltd
fmsepsteindntldhkill fmsepsteindntldhkill
killnsfmhdepsteindtl killnsfmhdepsteindtl
fshtdepsteinmldnkill fshtdepsteinmldnkill
flepsteindndhmtkills flepsteindndhmtkills
ddtmkillepsteinflsnh ddtmkillepsteinflsnh
lndsdkilltmepsteinhf lndsdkilltmepsteinhf
hsndepsteindlmtkillf hsndepsteindlmtkillf
nltdmsfepsteinkilldh nltdmsfepsteinkilldh
epsteinskilldlndhmtf epsteinskilldlndhmtf
epsteinlshkilldnfdmt epsteinlshkilldnfdmt
