dldkilltnmhfepsteins msddkilllthepsteinfn dlfdkilltepsteinhnms fhnmkillepsteinsdltd depsteinftndhmkillsl tldkillhsfnmepsteind depsteinlfnmkilldsht tsmdepsteinkillhfdln lkilldtnmsepsteindfh dhmkillfdltnsepstein mhdskillldftnepstein killtdslhfdepsteinnm shfnmltepsteindkilld killdldepsteinmfsthn epsteinfthkilldnslmd mdkilllfdnstepsteinh fdmtdepsteinkilllsnh mfndlsdepsteinhkillt smtepsteinkilldfnhdl hnddkilltslmfepstein thdlskillnfdmepstein hnddkilltslmfepstein lkillfthdsepsteindnm hnddkilltslmfepstein shfnmltepsteindkilld killtdslhfdepsteinnm fmtnkilldepsteindhsl hsepsteinfkillnmddtl epsteindmshtfldnkill killthsepsteindmlfdn dnldkillhmfstepstein killdldepsteinmfsthn nepsteinfthdldmkills fkillepsteinndmdlhts dtsmdnlhfepsteinkill mkillthfdlnepsteinds skillthlfndepsteindm fsepsteindkillhmtdln dkillnmhldstfepstein hdntepsteinkilllsdfm dkillnmhldstfepstein epsteinshlkilldmnfdt dfdepsteintlnskillhm epsteinshlkilldmnfdt epsteintfhndkilllmsd tdnfmdhepsteinslkill epsteintfhndkilllmsd tdnfmdhepsteinslkill dlshdtepsteinnkillfm tdnfmdhepsteinslkill lkilldtnmsepsteindfh tsmdepsteinkillhfdln depsteinlfnmkilldsht dkillfepsteinnhdmtls sdndhepsteinltkillfm lmkillepsteintsndfhd hepsteinntdkillsdmfl lmkillepsteintsndfhd sdndhepsteinltkillfm killmdshdtnflepstein fthlkillnepsteindsdm epsteinhnkillsldfdmt mkilldlshdtfepsteinn epsteinhdkillltsmfdn dhsepsteintlkillmfnd fddsmepsteintnkillhl dhsepsteintlkillmfnd epsteinhdkillltsmfdn mdkillntepsteindfhsl tndskilldfepsteinmhl mdkillntepsteindfhsl epsteinhdkillltsmfdn mkilldlshdtfepsteinn nfltdmkillsdepsteinh killhtdmdlnsfepstein hmdkilllnepsteinfsdt lsmftnepsteinkillhdd dflstmkillepsteindhn killdepsteinmfltdshn tsdnhkilllmepsteindf tdfkillslepsteinhdmn sldhnfmtdkillepstein msepsteintlhnfkilldd sldhnfmtdkillepstein ltfnsdhepsteinkilldm killhtdmdlnsfepstein fthlkillnepsteindsdm nftmskilldldepsteinh fthlkillnepsteindsdm killmdshdtnflepstein dlfdkilltepsteinhnms msddkilllthepsteinfn dldkilltnmhfepsteins
54
fsepsteindkillhmtdln epsteinlmkillfshnddt fsepsteindkillhmtdln fmltddhnepsteinskill killhdfnsepsteinmltd
tsdnhkilllmepsteindf tsdnhkilllmepsteindf tdfkillslepsteinhdmn
lkillfthdsepsteindnm dtnkillsepsteinmdfhl ndkillthdepsteinlsmf hnskillepsteintfdmld
ltfnsdhepsteinkilldm tepsteinmdfldhnskill ltfnsdhepsteinkilldm killtdmsdfhnepsteinl
epsteintfhndkilllmsd tdkillepsteinsmhdfnl epsteintfhndkilllmsd
tsmdepsteinkillhfdln tsmdepsteinkillhfdln killfthnmsdlepsteind
sldhnfmtdkillepstein sldhnfmtdkillepstein tepsteinhsdkillmldfn fhdmnepsteindkillslt
lmkillepsteintsndfhd ndshkilldmlepsteinft lhsntdepsteindkillmf lmkillepsteintsndfhd
epsteinhnkillsldfdmt nmdhepsteinkilltfsld epsteinhnkillsldfdmt
epsteinfthkilldnslmd ntmdhepsteinsdkillfl epsteinfthkilldnslmd
sdndhepsteinltkillfm sdndhepsteinltkillfm fdskillndtmepsteinlh dfkilllepsteinsnmhtd
killtdslhfdepsteinnm slepsteinkillfmddhtn killtdslhfdepsteinnm
hmdkilllnepsteinfsdt hmdkilllnepsteinfsdt killmfndshdtepsteinl
fdmtdepsteinkilllsnh sdlhfnmdepsteintkill fdmtdepsteinkilllsnh
fthlkillnepsteindsdm thnkillmddsepsteinfl lepsteindnhstfdmkill
tndskilldfepsteinmhl dkillnmsfhtlepsteind tndskilldfepsteinmhl
killhtdmdlnsfepstein killhtdmdlnsfepstein sndldftmkillepsteinh
fddsmepsteintnkillhl mndtkillepsteindlfhs fddsmepsteintnkillhl
depsteinftndhmkillsl depsteinftndhmkillsl hepsteinnfdmlsdtkill epsteindkilltlmnhsfd
dfdepsteintlnskillhm dfdepsteintlnskillhm ldepsteindhkilltsmfn
dtsmdnlhfepsteinkill epsteinsnmflhtdkilld dtsmdnlhfepsteinkill
killdldepsteinmfsthn dnldkillhmfstepstein killdldepsteinmfsthn
dhmkillfdltnsepstein dhmkillfdltnsepstein hnsepsteinmkillfddtl
depsteinlfnmkilldsht lhepsteintndkilldsmf depsteinlfnmkilldsht
killthsepsteindmlfdn nepsteindhkillltmsfd depsteinslkillhdftmn killthsepsteindmlfdn
hnddkilltslmfepstein killtepsteinddhlmnsf dmtlsfhnkilldepstein
nftmskilldldepsteinh mdkillnlsdtepsteinhf nftmskilldldepsteinh
dhsepsteintlkillmfnd epsteinldtnfmshdkill dhsepsteintlkillmfnd
hdntepsteinkilllsdfm mhkillepsteinddlfsnt dhtepsteinkillsdflmn
mdkillntepsteindfhsl mdkillntepsteindfhsl dmldfhskillntepstein
epsteindmshtfldnkill epsteindmshtfldnkill hmndfkillslepsteintd
dlshdtepsteinnkillfm dlshdtepsteinnkillfm ldfsmnepsteinkilltdh
mdkilllfdnstepsteinh lkillepsteintdshmfnd mdkilllfdnstepsteinh
dkillnmhldstfepstein dkillnmhldstfepstein skillmfepsteinthddnl
hepsteinntdkillsdmfl hepsteinntdkillsdmfl depsteintkilllnmsfdh
thdlskillnfdmepstein lepsteinkilldhfmstnd thdlskillnfdmepstein
fmtnkilldepsteindhsl mkillldnhepsteinstfd fmtnkilldepsteindhsl
dlfdkilltepsteinhnms dlfdkilltepsteinhnms
tldkillhsfnmepsteind tldkillhsfnmepsteind
lkilldtnmsepsteindfh lkilldtnmsepsteindfh
mkillthfdlnepsteinds mkillthfdlnepsteinds
fhnmkillepsteinsdltd fhnmkillepsteinsdltd
msepsteintlhnfkilldd msepsteintlhnfkilldd
shfnmltepsteindkilld shfnmltepsteindkilld
msddkilllthepsteinfn msddkilllthepsteinfn
epsteinhdkillltsmfdn epsteinhdkillltsmfdn
mhdskillldftnepstein mhdskillldftnepstein
nfltdmkillsdepsteinh nfltdmkillsdepsteinh
killdepsteinmfltdshn killdepsteinmfltdshn
hsepsteinfkillnmddtl hsepsteinfkillnmddtl
mkilldlshdtfepsteinn mkilldlshdtfepsteinn
lsmftnepsteinkillhdd lsmftnepsteinkillhdd
skillthlfndepsteindm skillthlfndepsteindm
dflstmkillepsteindhn dflstmkillepsteindhn
