149 060 062 054 053 056 053 054 063 072 073 085 074 086 087 086 074 075 076 077 078 079 063 090 091 090 063 054 062 070 069 070 062 060 149 100 101 102 104 102 101 100 107 116 117 126 122 126 117 116 107 100 149 000 001 002 013 024 031 044 036 037 036 041 030 020 010 000 149
22
024 026 006
037 048 037
053 050 053
054 059 054
063 064 065
056 056 066
069 067 069
070 068
078 083 078 079
076 080 081
087 088 089
090 096
091 097 091
104 104 103
100 111
117 115
122 123 142
031 031
060 060
085 085
086 086
126 126
