CorpusChristi Downey ElPaso Akron DalyCity Canton Columbia Davenport Carrollton Buffalo Bloomington Austin Beaumont Detroit Columbus Berkeley Anchorage Elkhart Champaign Anaheim Clarksville Chattanooga Escondido Aurora Augusta Clearwater BoiseCity Danbury DavidsonCounty ColoradoSprings Chicago Denton AppleValley Danbury Dallas CoralSprings Cincinnati CorpusChristi
29
Columbus Columbus Albuquerque
Downey Downey Alexandria
Cincinnati Cincinnati Amarillo
Chicago Bridgeport Appleton Chicago
Carrollton Carrollton Arvada
Austin Asheville Austin
Anchorage BelAir Deltona
Dallas BonitaSprings Dallas
Clearwater Clearwater Bryan Boulder
Denton Bremerton Denton Denver
Columbia Brownsville Columbia
CorpusChristi CapeCoral CorpusChristi ElMonte
Anaheim Anaheim CathedralCity
AppleValley Chandler AppleValley
Canton Charleston Canton
Augusta Durham Augusta
Davenport Davenport Elizabeth
Akron Akron
Beaumont Beaumont
Bloomington Bloomington
BoiseCity BoiseCity
Champaign Champaign
Chattanooga Chattanooga
ColoradoSprings ColoradoSprings
DalyCity DalyCity
Danbury Danbury
ElPaso ElPaso
Elkhart Elkhart
Escondido Escondido
