FortCollins Harlingen Knoxville Harlingen Anaheim Kennewick LasVegas Austin Lorain Clarksville Dallas Jefferson Marysville Aberdeen Barnstable Gilbert Houston Fresno Houston Beaumont Brownsville Fayetteville Brownsville CollegeStation GardenGrove Carrollton Frederick Hampton Lafayette Hampton Berkeley FortWorth Burbank Indianapolis Garland Layton Bloomington DesMoines FortWayne Fairfield Joliet Fairfield Lancaster Evansville FortWayne Bellevue Akron FortSmith Arvada Leominster Manchester Leominster Fargo BonitaSprings Hickory Inglewood Lubbock FortWaltonBeach Amarillo Bakersfield Elkhart Champaign Harrisburg Champaign Bremerton Allentown Detroit Lacey Brighton Irving HuntingtonBeach Henderson BoiseCity BelAir LittleRock FortCollins
59
LittleRock Abilene LittleRock
Arvada Erie Albuquerque Arvada
Amarillo Alexandria Amarillo
Lancaster Anchorage Lancaster
Bakersfield AnnArbor Bakersfield
Allentown AppleValley Allentown
Fayetteville Fayetteville Appleton
Manchester Atlanta Manchester
Gilbert Gilbert Augusta Jacksonville
BonitaSprings Baltimore BonitaSprings
Beaumont Beaumont Bethlehem
CollegeStation Boise CollegeStation ElPaso
Clarksville Bradenton
Berkeley DavidsonCounty CapeCoral ElMonte Berkeley
Irving Irving Cary
Lorain Lorain CedarRapids
DesMoines DesMoines Chandler
Evansville Danbury Evansville Chicago
LasVegas Cleveland
Layton Layton ColoradoSprings Denver
Houston Houston DalyCity
Akron Akron Elizabeth
BoiseCity Eugene BoiseCity
Harrisburg Fontana Irvine Harrisburg
Brighton Brighton Fremont
Garland Garland GrandRapids
Bremerton Bremerton Grayslake
Knoxville Hemet Knoxville
FortCollins Hollywood FortCollins
Bellevue Independence Bellevue Lakeland
Fresno Fresno Kalamazoo
Lafayette Lakewood Lafayette
Joliet Joliet LasCruces
Lubbock Lubbock Louisville
Aberdeen Aberdeen
Anaheim Anaheim
Austin Austin
Barnstable Barnstable
Brownsville Brownsville
Burbank Burbank
Carrollton Carrollton
Champaign Champaign
Dallas Dallas
Detroit Detroit
Elkhart Elkhart
Fairfield Fairfield
Fargo Fargo
FortWaltonBeach FortWaltonBeach
Frederick Frederick
Hampton Hampton
Harlingen Harlingen
Henderson Henderson
Hickory Hickory
Indianapolis Indianapolis
Inglewood Inglewood
Jefferson Jefferson
Kennewick Kennewick
Lacey Lacey
Leominster Leominster
