152 75 50 183 185 111 31 185 50 184 179 0 95 35 166 154 51 130 94 173 24 143 24 149 41 90 116 147 66 165 73 94 13 130 88 78 123 54 115 59 53 4 113 5 182 48 155 62 119 101 139 65 139 36 142 7 14 85 61 45 160 8 108 89 27 152
42
154 2
183 9 183
155 121 58 12
142 28 142
101 101 37
13 42 13 38
147 56 181
89 89 60
61 79
166 81 166
36 169 87
73 73 92
85 96 85
27 97 27
94 105 94
31 112 31
41 41 126
139 139 134
8 136 8
65 144 65
0 0 145
143 143 151
50 153 50
160 157 175
149 163 149
116 116 165
111 168 111
123 170
66 66 171
51 51 172
130 130 180
5 5 182
45 45
35 35
95 95
78 78
90 90
113 113
184 184
53 53
54 54
75 75
