location34 location59 location89 location79 location96 location27 location96 location79 location180 location142 location158 location177 location28 location45 location144 location45 location28 location177 location2 location46 location125 location155 location189 location121 location123 location95 location92 location134 location199 location134 location92 location114 location92 location142 location88 location126 location19 location79 location64 location122 location161 location116 location113 location142 location55 location135 location159 location149 location159 location143 location188 location24 location175 location105 location52 location111 location76 location104 location128 location188 location12 location37 location185 location165 location151 location181 location151 location71 location184 location87 location174 location55 location83 location176 location89 location59 location98 location115 location72 location138 location59 location34
51
location79 location0 location6 location9 location79 location119
location89 location89 location3
location199 location194 location11 location199
location88 location88 location15
location46 location17 location46
location176 location176 location21
location27 location27 location23
location12 location12 location38
location158 location158 location39
location37 location37 location47
location177 location68 location177 location117 location54 location187
location114 location114 location60
location116 location86 location103
location2 location90 location2
location149 location91 location149
location175 location99 location175
location181 location107 location181
location144 location144 location109
location142 location120 location163 location142
location76 location130 location76
location123 location131 location140
location71 location132 location71
location72 location136 location72
location174 location137 location174
location92 location170 location139 location92 location157
location155 location162 location155
location180 location180 location164
location59 location59 location167
location188 location188 location172
location34 location192 location34
location98 location98 location197
location189 location189
location52 location52
location45 location45
location159 location159
location28 location28
location55 location55
location111 location111
location134 location134
location143 location143
location161 location161
location115 location115
location96 location96
location64 location64
location122 location122
location24 location24
location151 location151
location135 location135
location125 location125
location121 location121
location105 location105
