location12 location84 location19 location1 location60 location1 location26 location67 location77 location0 location72 location36 location13 location91 location13 location36 location72 location32 location86 location32 location72 location0 location77 location11 location17 location79 location16 location79 location39 location89 location63 location55 location27 location47 location71 location42 location54 location42 location19 location84 location12
21
location63 location5 location63
location54 location54 location14
location19 location24 location19
location16 location16 location28
location91 location49 location57 location31
location27 location27 location35
location67 location67 location51
location42 location71
location60 location74 location60
location86 location86 location87
location72 location72 location94
location12 location12
location13 location13
location26 location26
location1 location1
location11 location11
location79 location79
location36 location36
location0 location0
location89 location89
location77 location77
