WNYCV UUOP5 18R1B F5YBY 91RFG PQ40E WZTTJ H7R17 XRQ65 5I6U4 V11OW URMBF XBRKQ CHXFM GAXPM QTZLJ 7CXN0 ULCTZ H8ZPW CUG55 BMC9X X2AM4 KB443 XPFOM WH9QK 77EY5 QTZLJ 42QVU KR27P B8UZ8 1ACIU 2PD2W XDKMD 639ON GXYLV HR8IA XTUSM 2CPYE F07YB QSI1X UUOP5 WNYCV
32
HR8IA OE5TB HR8IA
V11OW 1BUOS V11OW
CHXFM 9HVLF BO3AW
XDKMD 1NBGE XDKMD
WH9QK HHCET 65TK9
XRQ65 XRQ65 EQWAL
91RFG 91RFG TG5ZG
XTUSM UGOIO XTUSM
BMC9X BMC9X ZA57Z
URMBF 2FT0Z URMBF
1ACIU 1ACIU XD7IR
KB443 YMTTJ KB443
WNYCV K1ZSD
77EY5 KRLTG 77EY5
QSI1X 1UWW5 QSI1X
QTZLJ EYREL QTZLJ
XBRKQ H212X XBRKQ HZ80H
5I6U4 5I6U4 2KYXC
H8ZPW H8ZPW
GXYLV GXYLV
F5YBY F5YBY
ULCTZ ULCTZ
XPFOM XPFOM
UUOP5 UUOP5
X2AM4 X2AM4
42QVU 42QVU
GAXPM GAXPM
B8UZ8 B8UZ8
CUG55 CUG55
7CXN0 7CXN0
F07YB F07YB
18R1B 18R1B
