4HOMU JXLE1 X180A LIRLU ZRPB5 YJ67U 8CLEZ 61QWU 4HOMU C7WKJ OIPRN P419D XEEQB P419D WI88U 2KXWI V8GEC 53Y1R K50JQ 6OA3K CFGE5 PXCIN 2BUI5 FMCVK L2PQE 6NY7T CM5WA 4WDJE ELH5L UW44H 52MNN 4YS4G ZN2EP Y61KP TBPBM M1HJR TBPBM TI35I RAAD4 FCYPJ 9O1IZ FRZVP HWKGJ LKP22 HWKGJ T9O11 PYPSO DCHO3 RU85S H1LTE C45HH C8O6I 45JXE IF7TL 6ACGE Q5DAA ZZH8Z 0D2BR Q02X6 945CN 0U9HU 2P5XR W2M5C VHCFR AT3CI DTPF4 TORQI 0HZFS 4HOMU
56
TORQI TORQI 1F0YL L2GJ5
LIRLU LIRLU 2C63O
XEEQB SYV5N XEEQB
AT3CI AT3CI 768ZF SHOOM
8CLEZ KOYRV 8CLEZ
0U9HU KC9RF 0U9HU
45JXE 45JXE DOLRQ PTADN
RU85S HZHRA RU85S 50J5H
ZZH8Z ZZH8Z WP2MA
W2M5C Q7FCL W2M5C
Q5DAA WZB33 Q5DAA 0VPRW SKPO7 3AIXW
2BUI5 7GA8O A1QRL 6WOBI 2BUI5
53Y1R 7U3JG 53Y1R
4WDJE 4WDJE BE5V8
61QWU TY0L7 61QWU
4YS4G SA6G0
M1HJR ZHSBU NPDI9 M1HJR
FCYPJ 9WSXC FCYPJ
LKP22 LKP22 LLTLN MC71K V22SY
X180A DDXG0 X180A
ZN2EP ZN2EP IZESQ
945CN 945CN 1RS2N
PYPSO PYPSO 8EXDQ
VHCFR VHCFR W2H22
L2PQE L2PQE TCC7B LEBVZ
FRZVP FRZVP 69BJO
H1LTE H1LTE OLLV9
CM5WA CM5WA WXZHF
C45HH C45HH BVMDZ
P419D P419D FC0PR
ZRPB5 PMFJ2 ZRPB5
WI88U EDSMH WI88U
UW44H UW44H
0D2BR 0D2BR
CFGE5 CFGE5
HWKGJ HWKGJ
6ACGE 6ACGE
DTPF4 DTPF4
DCHO3 DCHO3
RAAD4 RAAD4
TI35I TI35I
Y61KP Y61KP
C7WKJ C7WKJ
IF7TL IF7TL
PXCIN PXCIN
K50JQ K50JQ
JXLE1 JXLE1
T9O11 T9O11
ELH5L ELH5L
52MNN 52MNN
OIPRN OIPRN
6OA3K 6OA3K
C8O6I C8O6I
YJ67U YJ67U
V8GEC V8GEC
TBPBM TBPBM
