fab8g 5Ix1v x8KLa TtUXd 9u8oD RnwlC qchZ3 nRTkO eDWES g1WJz fhc2k L54Jg 3FUsL BWyM2 5Ix1v G944F adW6k 9u8oD O1QPI fr0Bd Lqz0g guI5B KWmhW G91ym gwQSf pesnn PpZP8 8xyrX KzS0e 1pNjr wKKkJ aiycm P5ucv 0YoJb HaHFT f5Qx2 DHhK9 0vyBA dAx9s cQMFl c17Qf F7m3U rzyrR mgHYN RgC1Q y47P3 sF84c B3NSd bepE0 RhMSo Flgse 5Ix1v 8tK4L FW6DI AGorf b4E7v kCdcu cm8oa 2Z0oU fab8g
50
G91ym H6HgM G91ym
9u8oD l0HDP 9u8oD 8PY0r VUKiE lJfgZ
sF84c Bw1D7 Gt2w1 o4F0A sF84c 3XMfZ
L54Jg 9ZatH L54Jg
fr0Bd fr0Bd lJJK2 Lqz0g
PpZP8 obqW1 PpZP8 4GEPG
Flgse Flgse XDGuI ZlgGe
fab8g fab8g ciJ7c
cQMFl yM9nQ cQMFl
8tK4L 8tK4L F7m3U
dAx9s dAx9s Vjk2Z
1pNjr 1pNjr nScgp
kCdcu kCdcu cm8oa
adW6k cDkiZ adW6k
B3NSd B3NSd wiGnS
RnwlC RnwlC BJ1iC
TtUXd Nbb6U TtUXd
0YoJb TQZik 0YoJb
5Ix1v 5Ix1v bD2TR
gwQSf uQK8T gwQSf
8xyrX 8xyrX KzS0e
FW6DI FW6DI iy8Ty
RhMSo Q0oXi RhMSo
c17Qf CT8M8 KB016 c17Qf
b4E7v lcarA b4E7v
RgC1Q 015ql RgC1Q
wKKkJ wKKkJ tEdSo
2Z0oU 1xx4U 2Z0oU
KWmhW KWmhW VIl39 n9AEE
rzyrR rzyrR 1SvIs
g1WJz LBzlR g1WJz BybTG
fhc2k fhc2k HKgVO
guI5B 1OpM2 guI5B
DHhK9 4b2sA DHhK9
BWyM2 BWyM2 tQXF5
HaHFT 4ORRk HaHFT
x8KLa 7J90B x8KLa
qchZ3 GHmnJ qchZ3
G944F G944F
eDWES eDWES
mgHYN mgHYN
bepE0 bepE0
AGorf AGorf
aiycm aiycm
pesnn pesnn
O1QPI O1QPI
nRTkO nRTkO
P5ucv P5ucv
f5Qx2 f5Qx2
3FUsL 3FUsL
