cy4fm 8RNd8 P8Fbf vSPJ5 Vjg5l gk2cW P3lE7 1H2uK F2nEN 3iQ53 G6G4p 5rdYI FnVf8 Xhpv3 19YKC zQjQm hOy4D 6ceXl yFKGt OFvld kbRYl BoNoJ Xhpv3 Cfmbw G6G4p dU1Ub LNh60 7Lw2B w4BF1 cy4fm
25
kbRYl 7XIxZ kbRYl
P3lE7 NvAYI P3lE7
LNh60 LNh60 C565q
vSPJ5 vSPJ5 wdXpe
OFvld OFvld OoKEI EWhpw
5rdYI di7h7 IjjWK 5rdYI
FnVf8 FnVf8 yMPWG
G6G4p tao9t G6G4p
8RNd8 8RNd8 KYsbm
zQjQm nogr2 zQjQm
BoNoJ 8aYYW 7l0Vw BoNoJ
F2nEN qt5AA F2nEN X6hJp
Xhpv3 Xhpv3 Iks3D
Cfmbw uWr4y Cfmbw
6ceXl 6ceXl lA2MC
Vjg5l jse5F Vjg5l DCl5F
1H2uK 1H2uK uT5W0
w4BF1 GHZOS w4BF1
gk2cW C0eRL gk2cW
P8Fbf rUUVt P8Fbf
yFKGt yFKGt
3iQ53 3iQ53
hOy4D hOy4D
19YKC 19YKC
dU1Ub dU1Ub
