0 161 0 92 159 2 176 119 33 185 133 91 78 31 107 168 107 31 78 91 133 185 33 179 180 125 124 97 56 95 130 95 131 95 57 18 147 80 146 194 27 197 198 152 198 197 33 77 127 181 41 102 43 101 164 163 100 163 23 196 149 148 149 196 23 118 23 109 110 109 21 154 93 154 21 115 25 116 14 164 2 123 94 121 94 122 2 192 191 192 143 60 96 139 189 30 104 103 104 30 136 187 188 137 85 96 140 96 60 64 35 113 112 35 64 0
64
164 164 101
100 100 102
103 105 165 103
31 106 108
110 170 110 111
35 114
25 117
119 120 119
180 180 125
97 126
77 128 129
95 132
91 134 135
188 137 188
136 136 138
96 141
191 142 191
60 144
80 145
148 195 148 150
197 197 151
152 152 153
93 155 156
92 157 158
161 160 161
0 162
30 166
168 168 167
109 169 109
112 112 171
113 113 172
115 115 173
116 116 174
118 118 175
121 177 121
122 178 122
181 181 182
130 130 183
131 184 131
33 186
140 140 190
194 193 194
104 104
107 107
123 123
124 124
127 127
133 133
139 139
143 143
146 146
147 147
149 149
154 154
159 159
163 163
176 176
179 179
185 185
187 187
189 189
192 192
196 196
198 198
