0 1 4 10 22 46 93 46 94 46 22 45 91 45 92 45 22 10 21 43 88 43 87 43 21 44 89 44 90 44 21 10 4 9 19 40 81 40 82 40 19 39 80 39 79 39 19 9 20 42 86 42 85 42 20 41 84 41 83 41 20 9 4 1 3 7 15 31 63 31 64 31 15 32 65 32 66 32 15 7 16 34 69 34 70 34 16 33 68 33 67 33 16 7 3 8 17 35 72 35 71 35 17 36 74 36 73 36 17 8 18 38 78 38 77 38 18 37 75 37 76 37 18 8 3 1 0 2 5 12 25 52 25 51 25 12 26 53 26 54 26 12 5 11 24 50 24 49 24 11 23 48 97 48 98 48 23 47 95 47 96 47 23 11 5 2 6 14 29 59 29 60 29 14 30 61 30 62 30 14 6 13 27 55 27 56 27 13 28 57 28 58 28 13 6 2 0
50
49 100 199
50 101 102
51 104 103
52 105 106
53 107 108
54 109 110
55 112 111
56 113 114
57 115 116
58 117 118
59 120 119
60 121 122
61 123 124
62 125 126
63 128 127
64 129 130
65 131 132
66 133 134
67 136 135
68 137 138
69 139 140
70 141 142
71 144 143
72 145 146
73 147 148
74 149 150
75 152 151
76 153 154
77 155 156
78 157 158
79 160 159
80 161 162
81 163 164
82 165 166
83 168 167
84 169 170
85 171 172
86 173 174
87 176 175
88 177 178
89 179 180
90 181 182
91 184 183
92 185 186
93 187 188
94 189 190
95 192 191
96 193 194
97 195 196
98 197 198
