Soda Irvine VictoryPoint SanBernardino LosAngeles SantaBarbara ChezPanisse TripleRock Compton ChezPanisse BAMPFA Myto Cancun Riverside Jalisco DKingGallery Kips Upland DeltaDelta Venus Fontana Unit1 Tijuana LakeMerrit FantasticComics CREAM Tuxcacuesco CafeTibet ChiOmega BerkeleyHigh Pomona AlphaCentauri Sacramento Soda
29
VictoryPoint VictoryPoint ElGrullo SigmaKappa
Pomona Gregoire Pomona AlphaChi
FantasticComics InternationalHouse FantasticComics
Sacramento BerkeleyHillel Sacramento
Myto Myto Jupiter
Riverside Riverside Mars
Soda Perris Saturn
CafeTibet BayStreet CafeTibet
ChiOmega Emeryville ChiOmega
Compton Compton Ashby
Tijuana Chino Tijuana
Kips Kips Whittier Talpa
ChezPanisse ChezPanisse SouthGate
CREAM Platano CREAM SanDiego
DKingGallery Jalisco DKingGallery
AlphaCentauri AlphaCentauri Guadalajara
Upland SanMiguel Upland
Irvine Irvine MexicoCity
SanBernardino SanBernardino Tuhuamixtel
BAMPFA BAMPFA Rasputin
LosAngeles Tako LosAngeles
Fontana Fontana Tang
DeltaDelta DeltaDelta
BerkeleyHigh BerkeleyHigh
Venus Venus
Tuxcacuesco Tuxcacuesco
TripleRock TripleRock
Cancun Cancun
SantaBarbara SantaBarbara
