5 4 33 137 42 165 94 20 35 188 142 25 105 17 66 75 39 94 109 58 109 192 18 192 96 155 40 123 62 34 133 68 133 186 112 171 104 83 104 171 82 27 0 53 199 166 199 53 0 27 174 101 174 27 82 112 186 189 77 196 77 189 186 133 120 158 120 133 34 138 69 183 69 138 116 134 71 119 67 119 71 134 116 138 55 138 34 76 81 47 106 62 36 91 150 130 64 37 64 191 150 130 18 192 100 78 100 192 109 84 162 165 7 2 60 72 149 28 180 112 82 154 165 42 44 42 165 94 5
59
101 1 101
34 9 34 157
112 10
20 11 20
158 80 158 14
18 16 18
105 17 105
96 96 22
35 26 110 135
191 194 31
166 32 122
67 41 67
47 43 47
154 154 187 46
199 48 199
134 50
183 51 183
162 162 52
68 56 68
138 138 61
165 193 173 63
109 75
44 44 85
39 92 39
116 99 116
55 102 55
189 189 103
186 140
77 77 143
82 146
81 81 151
58 152 58
69 153 69
76 156 76
72 159
78 179 164 78
84 168
83 170 83
37 177 37
71 178 71
28 180 28
196 184 196
100 100
133 133
171 171
2 2
91 91
33 33
174 174
53 53
25 25
104 104
137 137
123 123
192 192
188 188
64 64
42 42
149 149
