A42 A100 A183 A43 A183 A100 A78 A107 A101 A95 A101 A107 A186 A34 A186 A143 A172 A143 A186 A107 A78 A100 A184 A23 A57 A176 A58 A35 A130 A2 A154 A2 A39 A76 A187 A198 A63 A44 A5 A136 A67 A13 A88 A56 A185 A193 A185 A56 A88 A13 A70 A13 A167 A72 A125 A182 A125 A72 A167 A77 A82 A194 A82 A77 A115 A4 A115 A77 A66 A77 A167 A9 A105 A16 A0 A98 A148 A98 A144 A106 A144 A98 A12 A139 A12 A124 A163 A13 A67 A133 A51 A133 A36 A199 A63 A44 A63 A30 A189 A30 A196 A127 A32 A127 A196 A30 A191 A64 A186 A107 A78 A100 A42
59
A189 A3 A189
A4 A4 A7
A95 A17 A177 A95
A193 A40 A193 A20
A44 A120 A21
A194 A194 A28
A106 A33 A106
A72 A72 A114 A37
A57 A57 A38
A66 A45 A126
A191 A64 A46 A191
A125 A181 A54
A82 A65 A82
A42 A42 A71
A13 A75 A13
A43 A43 A84
A30 A90 A30
A184 A184 A92
A183 A93 A183
A34 A34 A94
A70 A96 A70
A182 A182 A102
A0 A0 A103
A186 A111
A88 A88 A113
A187 A187 A117 A198
A154 A154 A118
A51 A122 A51
A172 A123 A172
A39 A128 A39
A98 A98 A132
A2 A2 A135
A32 A32 A137
A139 A139 A142
A124 A145 A124
A130 A130 A159
A115 A179
A148 A192 A148
A105 A105
A78 A78
A58 A58
A196 A196
A185 A185
A127 A127
A176 A176
A5 A5
A100 A100
A167 A167
A23 A23
A9 A9
A76 A76
A143 A143
A144 A144
A35 A35
A107 A107
A67 A67
A136 A136
A16 A16
A77 A77
