COM NER MYT NER COM MDG IDN MMR NPL PRY BIH BOL BHR BLM BLZ RUS SGP NPL NRU CAF CRI MLT PSE MLT CRI KGZ LAO LUX NIC LUX LAO GTM HMD PYF RUS IDN HKG HTI GUM REU SDN MEX POL MEX MLI CPV LIE LTU LIE CPV COK HND GRC GMB NGA NFK NGA FSM FIN FSM ESP GEO GHA GIB GHA GBR FRA ESH EST NCL LBR SGS SHN CHN COD HUN PAK HUN JPN LBR SGS PRK NIU IRN NIU CZE DEU CZE NIU PRK SGS MUS DJI MUS SGS COM
55
CPV MAC RWA CPV
POL ARE POL PNG
GMB GMB PAN
SGS KHM LBR SGS NZL
NER MTQ NER
PRY MOZ PRY MDA
HND HND MAR
CAF CAF CIV LKA
JPN LBN JPN
LTU LTU KWT
IDN IDN KOR COL
KGZ KNA
HKG KAZ HKG
NFK ALA NFK JEY
NIC NIC ABW ITA AUS IRL
IRN IRN IOT DZA
HMD HRV HMD
HTI CAN GUM HTI
PAK PAK GNQ
FSM FSM GIN
FIN GAB FIN
GIB GIB EGY
ESH ESH ECU
DJI DMA DJI
DEU CXR DEU CYP
COD COG COD
BOL BMU
BIH BHS AZE
BLM BLM BEN
BHR BDI BHR
CRI ATG
MYT MYT ARM
RUS ALB RUS
REU REU AFG
GRC GRC
LUX LUX
LIE LIE
MMR MMR
NPL NPL
SHN SHN
FRA FRA
ESP ESP
MEX MEX
SDN SDN
NRU NRU
GBR GBR
COK COK
MLI MLI
LAO LAO
GEO GEO
CHN CHN
HUN HUN
PSE PSE
NIU NIU
GHA GHA
