DZA GBR FRA FRO GEO ESH ECU FSM GIB FIN GIB CAF COG CCK BLR BES BLM BFA BLM BRA BHS DOM CUW DNK ARE CYM ARE ALB AND ESP CYP ASM DOM BHS BRB CAN COD BRN BMU BDI BGR GLP GRL GTM GRD CYM DZA
30
GEO HND GEO
GTM HMD CUB
GLP HKG GLP
BRA GRC
GRD GRD GNQ
FSM ERI GHA FSM
FIN ABW FLK FIN AND
DNK DNK DJI
CYM CZE CYM CXR
CAN CHE CAN
CAF CAF BVT
COD BRN COD
BFA BGD BFA
BLR BEN BLR
DOM DOM AUS
ASM ATA ATF
ALB ARG ALB
FRO FRO
BHS BHS
BLM BLM
CCK CCK
ARE ARE
BES BES
COG COG
BDI BDI
GBR GBR
ECU ECU
BRB BRB
CUW CUW
FRA FRA
