9b0f0f4ded15491691bd e70b11887ef14bce9075 eb960e815dd14fd6bd07 e2caa88e503f4129b613 eb960e815dd14fd6bd07 8234739fe11c4c58939e 1bcf747e9b5643a184fc bef459c8a1f84af3a3a9 1bcf747e9b5643a184fc c0e69339ecae4efdb4d8 0f751efa18504c32ac90 18bb444e17894062aa31 0f751efa18504c32ac90 0823afbd07bf45febe21 3404f2452daa4f839b9b cc612a917319427a804f 3404f2452daa4f839b9b bab9aa2939444af1b896 cc612a917319427a804f 44b317edac764442b4cd 465a9fdfbe7e43bf9d6e d6b027921ae340ac8c4c be5b9781cabc47a78aac 6e23fc10d23841e89222 6c2d42b6b644452fbba1 9fe71c55e3ae49ae8b15 8b72f079974a49c7aa40 f69f6451080d4570851d ddfff2b50dff43868057 97b46a2d8ead45d98077 b645cb0bc92b4d92bdf9 d1176523a57843768e69 7b57359ca242406bb373 8a3bd04ca9844f3486da 4083eeebbfb942a38987 c5365df821314eeb9891 b989f75f3cac48bfbf34 a83daa3271674b8c8ea5 9b0f0f4ded15491691bd
29
e2caa88e503f4129b613 e2caa88e503f4129b613 3f0f5ffb79ce42f4a325 885e825ee7fa47d0bf37
ddfff2b50dff43868057 ddfff2b50dff43868057 f4d7e89ec3164c95942e
6e23fc10d23841e89222 2e7ecbbb3b3e47dc8d96
bab9aa2939444af1b896 c0fd362b334d43189c08 c88b4673ce3d49c6908f bab9aa2939444af1b896
97b46a2d8ead45d98077 97b46a2d8ead45d98077 85d65d4df3204859a6e4
8234739fe11c4c58939e 8234739fe11c4c58939e 2bc5c3c02de447469b45
18bb444e17894062aa31 d41ce53800e74a0f849b 26bbebd3e4264edd8081 18bb444e17894062aa31
6c2d42b6b644452fbba1 6c2d42b6b644452fbba1 7a033f26eda14b709d28
e70b11887ef14bce9075 e70b11887ef14bce9075 c65ed76062154b0ab868
7b57359ca242406bb373 2343f68f1ed74a6f8567 7b57359ca242406bb373 0921b2d036264a09b57e
0823afbd07bf45febe21 28b1f9c8d4d24d81bc6d 0823afbd07bf45febe21
bef459c8a1f84af3a3a9 bef459c8a1f84af3a3a9 cbdeaac599ea4917bf3b
f69f6451080d4570851d f69f6451080d4570851d 9ff40c0a1bef41898f25 d3ae567eea5a44939b43
d6b027921ae340ac8c4c d6b027921ae340ac8c4c bcedb61dc02748cd9d61
44b317edac764442b4cd e3f0a7bd5aa342ac9fe9
8a3bd04ca9844f3486da 8a3bd04ca9844f3486da 339edeefe40f47f4abbe
c5365df821314eeb9891 c5365df821314eeb9891 bcb1ec18982a4bb0815b
b989f75f3cac48bfbf34 b5e22237f3c14773b553 b989f75f3cac48bfbf34
1bcf747e9b5643a184fc 1bcf747e9b5643a184fc
be5b9781cabc47a78aac be5b9781cabc47a78aac
b645cb0bc92b4d92bdf9 b645cb0bc92b4d92bdf9
8b72f079974a49c7aa40 8b72f079974a49c7aa40
4083eeebbfb942a38987 4083eeebbfb942a38987
c0e69339ecae4efdb4d8 c0e69339ecae4efdb4d8
cc612a917319427a804f cc612a917319427a804f
eb960e815dd14fd6bd07 eb960e815dd14fd6bd07
9b0f0f4ded15491691bd 9b0f0f4ded15491691bd
3404f2452daa4f839b9b 3404f2452daa4f839b9b
465a9fdfbe7e43bf9d6e 465a9fdfbe7e43bf9d6e
