9c2647cde6e44cc385c8 211ddbbf614a47428f13 7e0770b0df094f329117 eff3a759e4134e70a252 4b0552fc8849432cb855 af0a537d56ff42a99a0a 4c8b2bb0f24f4375a715 06d5c776fda04040b880 934f0cae8959401e9aa3 d8780223b4744b5b91e5 7cf52b0864ce43a5abfd a22afbff48914ac888a0 00dd89601f03490d8809 a0f6a505c8184e86afc9 5215b0f0bd724c5cb095 b3931f6d1087486cb913 d5bccd7804014eca8c6c d4f8d48cee014966a5b7 1e0fece7be3f41c786cb 82654fedf62042cb92dc cd51464f29fe4984870b 849492e2a4f04946a2c6 54de46f8d4f647d1baa7 e5d122afc38c45dea5ae d8316f23d67e43ccb5e7 7aff972e183b44c8bc47 ca0b4771edab4289a9de 1c62a698c79e460eb5ff babcd00b2c484c36bc48 b3a599b5126842e1bf24 884e85a591684c7ebc61 ec162ad32a614344923a b42e69fcc93540ff9100 a2e35f0c3c9143c68a9e 42e3ccb6ddd54a0aa3cb 0a53d934f24848f9bda3 dde0459354634ebdbc7f bbd144150de64860b03c 5fd6476364e640bea476 8563fff9bc9b483e839f 5b7e4d089e434c6a9293 cfa4f7b46ab548c1a67a 205f1eddbda0478aada6 e6237b02869349c2bcc8 26a1d084007f489fba55 06635824d9b841f7b41e 0b82efcb8c2c45aeb8a2 dbfc82377b8f4429bc5e 2bcf7711ba8b49129f0c e5a9ca3b130945588284 de3e2c10d9714f8dbcde b927c43e198546078ea6 00c8dafefbc2451eb0fa e74a97c92dba4d8ea2d5 e05275dbed2540ddb1d0 df9c93ed7a63447389dd 529d899e8f2545bfbc5a a93ad0e2cf094eb9b1f3 404713e80e9740c9b7cd c947a496d2b34bb89bb9 09b94d1b44c348ceadb9 df9fcc997b4f4a18b94a ef84408a20334d7d9940 c69875060dcb453ead1a f2ab71e12a0b4ca8a555 76432c67ac2d44b384c1 12a170c171ef44d4b662 85ec82d3a96e4436a5a2 dc974af4378c41789aae 884523a7277b40f4972f f47cbc59a0584307a0f1 3574209d67b74478ae2e c15cfb41ef824fd2a1c0 8a66a2d4fdf74f2e9b0e dc974af4378c41789aae c7ef0821b71641f390ee 19f204e30ad4442cb966 9f09c91be53540919ab1 2b0e5d986b0a4f1cb926 9f09c91be53540919ab1 f74897e94729433fa22f 33edfebd58804049be59 8fb88a81c320403c8940 910d00572d9d42cebb4a 9c2647cde6e44cc385c8
70
8a66a2d4fdf74f2e9b0e 9a6fd45cb4d44509bce9 8a66a2d4fdf74f2e9b0e
00dd89601f03490d8809 664988394a5f48d79e79 00dd89601f03490d8809
1e0fece7be3f41c786cb dee15252c0e54b84beaf ce2f0e6b8eb94a748c7d
211ddbbf614a47428f13 5dc9f852f2454533879f 211ddbbf614a47428f13
b42e69fcc93540ff9100 b42e69fcc93540ff9100 d484483c58914446843f
934f0cae8959401e9aa3 9b9da0cbe5514fabb1ae e0d1e21ff6cc4d64aff7 934f0cae8959401e9aa3
5fd6476364e640bea476 fa1e4bc6ddcc462f984f 5fd6476364e640bea476
c947a496d2b34bb89bb9 e87b98454fe24297b210 c947a496d2b34bb89bb9
205f1eddbda0478aada6 205f1eddbda0478aada6 9b93a8a7d0b543339985
d4f8d48cee014966a5b7 bb5eae787bbc407b98a6 d4f8d48cee014966a5b7
9c2647cde6e44cc385c8 910d00572d9d42cebb4a
2b0e5d986b0a4f1cb926 5b3dce289f444b0aa162 2b0e5d986b0a4f1cb926
06635824d9b841f7b41e 06635824d9b841f7b41e 7a1df78f40b245bfbb97
e05275dbed2540ddb1d0 e05275dbed2540ddb1d0 0753fe21061c4e058dad
33edfebd58804049be59 33edfebd58804049be59 e3726a85ffc34b1282cf
c15cfb41ef824fd2a1c0 c15cfb41ef824fd2a1c0 a581f1b5cd374bd0ba96
8fb88a81c320403c8940 8fb88a81c320403c8940 fab56f22f8684dd18893
ca0b4771edab4289a9de 42f0effdbad6403aad72 ca0b4771edab4289a9de 74bfaa171ba342fc9e58
09b94d1b44c348ceadb9 09b94d1b44c348ceadb9 242983dadb1f4402a4a9
8563fff9bc9b483e839f 53afa325a7d34c438292
884523a7277b40f4972f 884523a7277b40f4972f fc38d8b64f88401c97fd
529d899e8f2545bfbc5a 529d899e8f2545bfbc5a 87788962cd304b248baf
9f09c91be53540919ab1 bd01ba7047cb4d04a847 8e02573f1324425c9311
d5bccd7804014eca8c6c 2783e022fae94929bf16 d5bccd7804014eca8c6c
12a170c171ef44d4b662 12a170c171ef44d4b662 44c8674ccef1477b965f b47b7b94e7d74f398b8f
babcd00b2c484c36bc48 1c62a698c79e460eb5ff babcd00b2c484c36bc48
06d5c776fda04040b880 0f214fa889a6406e8826
404713e80e9740c9b7cd 404713e80e9740c9b7cd b96177c96ab740b3965b
e5d122afc38c45dea5ae e5d122afc38c45dea5ae 1a4c9d2bea59474aa118
eff3a759e4134e70a252 eff3a759e4134e70a252 5a3b69fa8cfb4982a27c
a22afbff48914ac888a0 a22afbff48914ac888a0
af0a537d56ff42a99a0a af0a537d56ff42a99a0a
3574209d67b74478ae2e 3574209d67b74478ae2e
f47cbc59a0584307a0f1 f47cbc59a0584307a0f1
e74a97c92dba4d8ea2d5 e74a97c92dba4d8ea2d5
4c8b2bb0f24f4375a715 4c8b2bb0f24f4375a715
884e85a591684c7ebc61 884e85a591684c7ebc61
19f204e30ad4442cb966 19f204e30ad4442cb966
b3931f6d1087486cb913 b3931f6d1087486cb913
f74897e94729433fa22f f74897e94729433fa22f
cfa4f7b46ab548c1a67a cfa4f7b46ab548c1a67a
c69875060dcb453ead1a c69875060dcb453ead1a
ef84408a20334d7d9940 ef84408a20334d7d9940
df9fcc997b4f4a18b94a df9fcc997b4f4a18b94a
849492e2a4f04946a2c6 849492e2a4f04946a2c6
5b7e4d089e434c6a9293 5b7e4d089e434c6a9293
a2e35f0c3c9143c68a9e a2e35f0c3c9143c68a9e
df9c93ed7a63447389dd df9c93ed7a63447389dd
e5a9ca3b130945588284 e5a9ca3b130945588284
26a1d084007f489fba55 26a1d084007f489fba55
a0f6a505c8184e86afc9 a0f6a505c8184e86afc9
85ec82d3a96e4436a5a2 85ec82d3a96e4436a5a2
82654fedf62042cb92dc 82654fedf62042cb92dc
cd51464f29fe4984870b cd51464f29fe4984870b
b3a599b5126842e1bf24 b3a599b5126842e1bf24
bbd144150de64860b03c bbd144150de64860b03c
76432c67ac2d44b384c1 76432c67ac2d44b384c1
2bcf7711ba8b49129f0c 2bcf7711ba8b49129f0c
d8780223b4744b5b91e5 d8780223b4744b5b91e5
c7ef0821b71641f390ee c7ef0821b71641f390ee
54de46f8d4f647d1baa7 54de46f8d4f647d1baa7
7e0770b0df094f329117 7e0770b0df094f329117
e6237b02869349c2bcc8 e6237b02869349c2bcc8
b927c43e198546078ea6 b927c43e198546078ea6
dbfc82377b8f4429bc5e dbfc82377b8f4429bc5e
5215b0f0bd724c5cb095 5215b0f0bd724c5cb095
ec162ad32a614344923a ec162ad32a614344923a
0a53d934f24848f9bda3 0a53d934f24848f9bda3
42e3ccb6ddd54a0aa3cb 42e3ccb6ddd54a0aa3cb
d8316f23d67e43ccb5e7 d8316f23d67e43ccb5e7
