Soda 167 108 198 142 194 171 172 134 156 128 190 128 175 103 143 157 131 152 42 113 160 111 139 141 151 114 176 104 132 131 99 155 121 136 166 147 174 133 147 115 189 125 3 124 119 188 180 173 148 149 170 144 187 183 191 185 168 185 150 123 158 193 197 129 57 Soda
57
132 100 132 102
191 191 101
198 105 198
143 143 106
133 107 133
194 194 109
141 141 110
128 112 128
174 116 165 174
123 123 117
180 184 180 118
142 120 142
190 122 190
152 152 126
187 127 187
114 114 130
131 135 131
103 103 137
129 129 138 186
171 171 140
172 145 178 172
108 146 108
125 153 125
183 164 179 181 183 154
149 159 195 149
124 161 124
168 168 162
99 99 163
121 169 121
104 176 104 182
136 136 177 196
160 192 160
111 111
113 113
115 115
119 119
134 134
139 139
144 144
147 147
148 148
150 150
151 151
155 155
156 156
157 157
158 158
166 166
167 167
170 170
173 173
175 175
185 185
188 188
189 189
193 193
197 197
