Soda 73 42 37 19 99 18 82 70 32 74 40 48 91 55 33 24 80 22 100 5 90 28 101 94 59 69 59 85 84 47 63 44 7 13 29 79 67 15 46 56 35 88 83 54 50 43 53 30 39 44 71 72 77 14 52 41 17 64 125 20 26 68 10 Soda
61
67 2 67
Soda 3
13 4 13 96
37 38 37 6
39 39 8
28 9 28
19 11 19 61
94 12 94
26 26 16
79 65 21 79
84 84 23
10 25 10
17 17 27
30 30 31
32 97 34 32
85 36 85
63 45 63
77 49 77
40 51 40
5 57 5
68 58 68
43 43 60
91 91 62
55 66 55
52 75 52
73 73 76
80 78 80
72 81 72
64 86 64
29 95 29 87
54 89 54
18 18 92
71 93 71
100 98 100
7 7
14 14
15 15
20 20
22 22
24 24
33 33
35 35
41 41
42 42
44 44
46 46
47 47
48 48
50 50
53 53
56 56
59 59
69 69
70 70
74 74
82 82
83 83
88 88
90 90
99 99
101 101
