Wurster Class McLaughlin Pitzer Cory Nevada North Sutardja Florida Frank Oregon Raleigh Juneau Simpson Anthony Montgomery Tennessee Boston Salem Alabama Massachusetts Hesse Kleeberger Hilgard Barrows Simon Indianapolis Wurster
27
Simon Simon Visitor
Kleeberger Kleeberger Goldman Moses
Salem Recreational Salem
Hesse Hesse California
Montgomery Spieker Moffitt Montgomery
Anthony Anthony Blackwell
Alabama Brain Alabama
Class Honolulu Class Optometry
Tennessee Tennessee Maxwell
McLaughlin Observatory Silver McLaughlin
Indianapolis Pennsylvania Indianapolis
Juneau Parking Idaho Juneau
Nevada Nevada Vermont
Simpson Stanley Simpson
Pitzer Hazardous Pitzer
North Chan North
Florida Gilman Florida
Sutardja Sutardja Sather
Boston Boston
Frank Frank
Massachusetts Massachusetts
Hilgard Hilgard
Wurster Wurster
Raleigh Raleigh
Oregon Oregon
Cory Cory
Barrows Barrows
