Rhode Life Harrisburg Nashville Barrows Wisconsin Observatory Insectary Hearst Hartford Haste Morrison Moffitt McLaughlin Etcheverry West Montgomery Campanile Stadium Trenton Boalt Sproul Mississippi Topeka Maryland Chvez Bowles Tang Columbia Utah BART Edwards Moses Cleary Blackwell Warren Columbus Annapolis Kentucky Cheyenne University Baton Jacobs Simon Richmond Providence Salt Springer Energy Olympia Rhode
50
Olympia Olympia McEnerney
Cheyenne Cheyenne East
Kentucky Kentucky Valley Hellman
Harrisburg Martin Harrisburg
University University Donner
Campanile Silver Nevada Campanile Michigan
Baton Grinnell Baton
Moses Moses Simpson Cory
BART Krutch CNMAT BART Austin Lansing
Blackwell Oregon Chou Blackwell
Columbus Florida Columbus
Warren Warren LeConte
Bowles Bowles Berkeley
Columbia Columbia Durham Brain
Trenton Class Maxwell Trenton
Etcheverry Heating Etcheverry
Sproul Sproul Jefferson
Energy Pennsylvania Energy
Cleary Hargrove Cleary Hawaii
Utah Utah Santa
Springer Springer Birge
Salt Salt Lower Mathematical
Richmond Richmond Clark
Simon Illinois Simon
Montgomery Montgomery Mulford Bancroft
Edwards Edwards Madison
Barrows Barrows Tennessee International
Topeka Police Topeka Durant
Hearst Hearst Little
Stadium Hertz Stadium
Maryland Maryland Minnesota
Wisconsin Montana Wisconsin
Insectary Insectary Jones
Haste Haste Concord
Jacobs Foothill Jacobs
Providence Providence
Rhode Rhode
Annapolis Annapolis
Observatory Observatory
McLaughlin McLaughlin
Moffitt Moffitt
Nashville Nashville
Hartford Hartford
Chvez Chvez
Tang Tang
Life Life
West West
Morrison Morrison
Boalt Boalt
Mississippi Mississippi
