100 31 15 30 16 59 25 59 16 61 54 1 17 2 46 142 131 50 19 47 48 49 48 47 19 50 131 130 129 144 42 3 42 144 129 130 131 142 46 2 44 45 43 29 43 72 40 8 9 8 40 72 43 45 44 4 44 45 26 61 14 34 7 39 7 34 14 61 16 30 15 27 70 36 33 12 11 10 11 12 33 36 70 27 15 31 100 58 55 18 53 18 55 58 98 94 95 189 192 188 21 56 21 188 192 189 95 94 98 58 100 89 85 164 165 104 156 153 156 104 165 164 85 89 100
48
4 4 5
9 9 6
29 13 29
50 50 20
25 25 22
53 52 53 23
55 55 24
61 26 60
36 36 28
100 32
39 37 39
3 41 3
49 49 51
56 57 56
153 153 111
10 121 10
189 182
1 1
2 2
7 7
8 8
11 11
12 12
14 14
15 15
16 16
17 17
18 18
19 19
21 21
27 27
30 30
31 31
33 33
34 34
40 40
42 42
43 43
44 44
45 45
46 46
47 47
48 48
54 54
58 58
59 59
165 165
192 192
