YuhuaEast Sennett SerangoonGarden Sennett TelokBlangahDrive CityHall Simpang Mandai PasirRis SembawangStraits OneTreeHill HongKah ClementiNorth EvertonPark ReservoirView PulauPunggolTimor Khatib SimpangNorth ChoaChuKang JurongRiver Saujana BoatQuay Aljunied BoatQuay Saujana HougangCentral SembawangStraits Shipyard ClarkeQuay Matilda OrangeGrove PeoplesPark SouthernIslands WestCoast TuasNorthPioneer TohGuan PayaLebarEast GeylangEast MountEmily KebunBahru Tampines KebunBahru TuasBay SembawangEast KentRidge Commonwealth Chatsworth InstitutionHill Chatsworth Commonwealth SungeiRoad Kranji PangSua DairyFarm PeiChun JurongPort Northland WoodlandsWest BukitBatokSouth Dunearn SembawangHills Dunearn UluPandan Dunearn ChengSan BoonLayPlace LowerSeletar OneNorth Anson AngMoKioTownCentre JurongWestCentral ClementiCentral Serangoon Brickworks KampongUbi TelokBlangahRise KallangWay SerangoonNorth TagoreSindo Sembawang YuhuaEast
62
KampongUbi Sentosa
ChengSan BedokNorth
TelokBlangahRise TelokBlangahRise SungeiKadut IstanaNegara
Mandai Mandai Geylang
BukitBatokSouth BukitBatokSouth SerangoonCentral
PeoplesPark BayfrontSubzone PeoplesPark
AngMoKioTownCentre ChangiPoint Port AngMoKioTownCentre
LowerSeletar PearlsHill LowerSeletar
ClarkeQuay BedokSouth
Aljunied Aljunied YioChuKang
Matilda Punggol Matilda
Sembawang Sembawang EastCoast
GeylangEast GeylangEast Moulmein
Tampines MandaiEast Tampines BukitBatokWest
SungeiRoad WaterwayEast SungeiRoad
InstitutionHill InstitutionHill RochorCanal Kembangan
SimpangNorth Paterson SimpangNorth AlexandraNorth
JurongPort JurongPort JooSengPayaLebar
TuasBay PunggolField TiongBahru TuasBay
Dunearn KeatHong
TohGuan PasirRisDrive TohGuan
SembawangEast Tanglin TuasPromenade
Commonwealth KentRidge Commonwealth
Sennett ChinaSquare Sennett
Shipyard Shipyard PasirRisPark
Northland Mountbatten Northland
Brickworks DhobyGhaut Brickworks
SerangoonGarden SingaporeRiver SerangoonGarden
Kranji ChangiWest
PayaLebarEast Museum PayaLebarEast BenoiSector
HougangCentral DefuIndustrialPark HougangCentral
WestCoast TampinesNorth
OneTreeHill OneTreeHill Trafalgar
SouthernIslands SouthernIslands HongKahNorth
HongKah UpperThomson HongKah
UluPandan YioChuKangEast UluPandan
JurongWestCentral Cairnhill JurongWestCentral
SerangoonNorth SerangoonNorth
Serangoon Serangoon
SembawangStraits SembawangStraits
TuasNorthPioneer TuasNorthPioneer
CityHall CityHall
PangSua PangSua
ChoaChuKang ChoaChuKang
PasirRis PasirRis
TagoreSindo TagoreSindo
ClementiNorth ClementiNorth
Khatib Khatib
SembawangHills SembawangHills
BoatQuay BoatQuay
BoonLayPlace BoonLayPlace
EvertonPark EvertonPark
PeiChun PeiChun
ReservoirView ReservoirView
DairyFarm DairyFarm
PulauPunggolTimor PulauPunggolTimor
Saujana Saujana
WoodlandsWest WoodlandsWest
OneNorth OneNorth
KebunBahru KebunBahru
OrangeGrove OrangeGrove
Chatsworth Chatsworth
