LeonieHill ChangiPoint SungeiKadut KampongUbi Shipyard NeeSoon JurongWestCentral NeeSoon OrangeGrove DefuIndustrialPark OrangeGrove NeeSoon Shipyard KampongUbi WoodlandsSouth Gombak ConeyIsland CompassvaleTrafalgar Changi Ridout Changi CompassvaleTrafalgar PunggolTownCentre Woodgrove YishunCentral ClementiCentral SungeiRoad Semakau Frankel TuasBay MandaiEast SembawangSprings PasirRisPark Sentosa Guilin GreenwoodPark Novena TampinesWest PasirRisWestElias ChoaChuKangCentral PasirRisWestElias Clementi Victoria SerangoonGarden Phillip SerangoonGarden KallangWay AnchorvaleBuangkok YioChuKang MandaiWest Cecil PasirPanjang2 Outram HougangCentral LeonieHill
31
Frankel FarrerPark
MandaiWest BukitBatokCentral NorthCoast MandaiWest
Novena SingaporePolytechnic Townsville Novena
Phillip Phillip Yishun
Outram Sennett MonksHill Outram
YioChuKang Boulevard YioChuKang
PasirPanjang2 AirportRoad PasirPanjang2 Springleaf
SungeiRoad KampongGlam SungeiRoad
DefuIndustrialPark Tyersall DefuIndustrialPark
GreenwoodPark GreenwoodPark Trafalgar
ClementiCentral ClementiCentral ChangiWest
TuasBay TuasBay TanglinHalt
JurongWestCentral Kranji JurongWestCentral
Ridout Ridout BishanEast
TampinesWest TampinesWest YuhuaWestBoonLay
ChoaChuKangCentral LoyangEast ChoaChuKangCentral
Guilin Guilin
SerangoonGarden SerangoonGarden
SungeiKadut SungeiKadut
KallangWay KallangWay
Shipyard Shipyard
SembawangSprings SembawangSprings
Victoria Victoria
Semakau Semakau
PunggolTownCentre PunggolTownCentre
Sentosa Sentosa
OrangeGrove OrangeGrove
NeeSoon NeeSoon
ConeyIsland ConeyIsland
AnchorvaleBuangkok AnchorvaleBuangkok
Woodgrove Woodgrove
