139 198 147 118 15 142 144 37 130 161 9 161 148 138 77 16 127 189 84 44 51 138 104 66 32 152 179 130 112 91 122 186 134 25 101 157 176 105 158 98 172 1 178 95 182 7 60 106 11 85 16 108 103 81 65 35 65 155 131 125 169 123 146 119 89 166 37 109 188 109 187 17 69 197 173 139
56
161 161 2
95 5 95
178 178 8
158 145 13 158
15 14 15
84 18 84
89 89 21
127 22 127
37 37 23
198 26 198
188 27 188
144 30 144
131 131 31
104 33 104
60 60 39
44 41 44
142 43 142
77 77 47
173 173 48
108 57 108
1 1 58
101 101 64
81 81 67
35 35 71
69 69 72
7 74 7
91 75 91
9 9 78
182 182 79 128
138 82 138
11 11 85
152 152 96
130 130 111
189 113 189
122 114 122
176 125 176
25 25 141
112 153 112
186 186 156
148 148 165
147 147 184
187 187 191
106 106
146 146
65 65
123 123
109 109
16 16
32 32
98 98
134 134
119 119
157 157
118 118
105 105
172 172
