F8 O3 F8 C3 C8 M6 F9 I4 L6 H5 Q7 H5 R8 C5 I4 F2 C1 K9 D9 O1 S0 D8 T5 T8 H0 T8 T5 P6 I3 R0 O3 S2 P5 H6 M1 T6 P9 T5 G9 N0 T9 I2 A2 H2 O8 E5 G4 E5 A1 K1 D3 C2 Q9 T9 B2 H4 G0 E2 Q8 R6 Q3 P7 Q5 B0 Q5 P7 S7 N7 N2 K3 S5 R1 H1 I9 H1 O5 J2 I0 J2 O5 A3 E7 R4 C8 A9 T0 H3 I6 B4 D5 E3 O3 F8
65
F9 A0 F9
Q8 A8 Q8
Q7 F6 B3 Q7
I0 I0 F1 C0 N4
B0 C4 B0
C1 D4 C1
H2 H2 D7
O3 E3 O3
D9 E4 D9
A3 A3 E7
D5 E8 D5
S5 S5 J1 G1
O5 O5 G6
B2 H4 B2
H0 I8 H0
R4 J0 R4
T0 Q0 K5 T0
P9 K6 P9
C2 C2 L9
H5 M0 H5
F8 M5
H6 N1 H6
B4 N6 B4
G4 G4 N8
R8 R8 O2
I9 P2 I9 R9
P7 R6 P7 T1
R0 R0 S8
I4 I4 S9
J2 J2
D8 D8
C8 C8
Q3 Q3
S7 S7
T8 T8
E5 E5
A2 A2
N0 N0
O1 O1
E2 E2
G0 G0
I3 I3
Q5 Q5
K3 K3
C3 C3
N2 N2
I6 I6
A1 A1
H3 H3
I2 I2
D3 D3
P5 P5
M6 M6
P6 P6
L6 L6
T9 T9
S2 S2
F2 F2
G9 G9
N7 N7
A9 A9
T5 T5
S0 S0
H1 H1
K1 K1
