Qwilfish Drampa Gengar Tauros Wailord Plusle Weezing Escavalier Weepinbell Honedge Skorupi Magnemite Yungoos Stufful Amoonguss Dewpider Slowbro Nincada Shellos Xerneas Jumpluff Metapod Noibat Metapod Metang Lotad Drapion Taillow Wartortle Lotad Phanpy Magmar Inkay Vespiquen Inkay Meloetta Sandile Dewpider Kakuna Dewpider Sandile Drampa Qwilfish
33
Sandile Simisear Sandile
Metang Terrakion Slurpuff Metang Steenee Crawdaunt
Magmar Magmar Volcarona
Skorupi Skiddo Skorupi
Lotad Politoed Lotad
Qwilfish Qwilfish Tropius
Meloetta Meloetta Porygon2
Honedge Honedge Scatterbug
Amoonguss Amoonguss Vullaby
Gengar Tornadus Gengar Munna
Xerneas Xerneas Wartortle
Taillow Taillow Paras
Drampa Froakie Drampa
Shellos Shellos Tsareena
Plusle Jumpluff Plusle
Dewpider Dewpider Whismur
Wailord Wailord Zekrom
Escavalier Escavalier Woobat
Nincada Comfey Nincada Seaking
Yungoos Bounsweet Yungoos
Vespiquen Shellder Vespiquen
Kakuna Treecko Kakuna
Tauros Swadloon Tauros
Weepinbell Lumineon Weepinbell
Weezing Bastiodon Weezing
Stufful Stufful Conkeldurr
Phanpy Phanpy
Drapion Drapion
Slowbro Slowbro
Noibat Noibat
Inkay Inkay
Metapod Metapod
Magnemite Magnemite
