Qwilfish Drampa Gengar Tauros Wailord Plusle Weezing Escavalier Weepinbell Honedge Skorupi Munna Skorupi Tropius Scatterbug Crawdaunt Scatterbug Meloetta Inkay Vespiquen Wartortle Taillow Wartortle Honedge Noibat Nincada Whismur Stufful Woobat Stufful Amoonguss Vullaby Volcarona Vullaby Amoonguss Tauros Kakuna Dewpider Froakie Bounsweet Whismur Nincada Shellos Drampa Qwilfish
29
Noibat Simisear Noibat
Taillow Drapion Taillow
Inkay Metapod Inkay Slurpuff
Skorupi Skiddo Skorupi
Vullaby Sandile Vullaby
Volcarona Magmar Volcarona Steenee
Crawdaunt Metang Crawdaunt
Meloetta Meloetta Porygon2
Gengar Gengar Lotad
Drampa Drampa Shellos
Plusle Jumpluff Plusle
Weepinbell Magnemite Weepinbell
Nincada Comfey Nincada
Munna Munna Seaking
Vespiquen Shellder Vespiquen
Kakuna Treecko Kakuna
Tauros Swadloon Tauros
Weezing Bastiodon Weezing
Stufful Stufful Conkeldurr
Whismur Whismur
Qwilfish Qwilfish
Woobat Woobat
Scatterbug Scatterbug
Escavalier Escavalier
Froakie Froakie
Bounsweet Bounsweet
Honedge Honedge
Amoonguss Amoonguss
Wailord Wailord
