Monroe Lewisville Allentown Miami Corpus Hartford Glendale Amarillo Killeen Baltimore Columbus Hickory Ten Jacksonville Lakeland Burlington Daytona Anchorage Apple Hayward Denton Hesperia Denton Prairie Hampton Modesto Lauderdale Naples Kennewick Denver Huntington Elkhart Erie Cleveland Elkhart Antioch Lancaster Layton Canton Four Boulder Lacey Elizabeth Irving Three Detroit Montgomery Dallas Gainesville Asheville Leominster Rapids Arlington Bridgeport Abilene Charleston Laredo Seven Laredo Carrollton Asheville Chesapeake Manchester Mesa Albany Cambridge Lowell Gastonia Monroe
61
Erie Athens Erie
Antioch Antioch Hagerstown
Hesperia Viejo Hesperia Clarke
Denver Denver Monterey Bradenton
Charleston Johnson Charleston
Amarillo Austin Amarillo Birmingham Mesquite
Baltimore Kenosha Baltimore
Monroe Monroe Clarksville
Hickory Lafayette Hickory
Mesa Mesa Hialeah
Jacksonville Anaheim Jacksonville
Lacey Lacey Melbourne
Rapids Rapids Davidson
Seven Kissimmee Seven
Bridgeport Kailua Bridgeport Bethlehem
Manchester Cary Manchester
Leominster Mobile Leominster
Irving Baton Irving
Modesto Modesto Gilbert
Naples Naples Bedford
Lancaster Lancaster Havre
Glendale Brownsville Huntsville Glendale
Apple Apple Fayetteville
Albany Muskegon Boise Albany
Laredo Laredo Akron
Corpus Corpus Greensboro
Lowell Lowell Aberdeen
Burlington Burlington Dayton
Gainesville Gainesville Vista
Asheville Asheville Fairfield
Montgomery Montgomery Merced
Cleveland Cleveland Julian
Three Three
Hampton Hampton
Ten Ten
Miami Miami
Allentown Allentown
Arlington Arlington
Four Four
Elizabeth Elizabeth
Chesapeake Chesapeake
Elkhart Elkhart
Killeen Killeen
Lewisville Lewisville
Prairie Prairie
Daytona Daytona
Boulder Boulder
Hartford Hartford
Kennewick Kennewick
Huntington Huntington
Dallas Dallas
Lakeland Lakeland
Cambridge Cambridge
Hayward Hayward
Denton Denton
Canton Canton
Anchorage Anchorage
Detroit Detroit
Carrollton Carrollton
Abilene Abilene
Layton Layton
