Myrtle Montgomery Cathedral Montgomery Plen Erie Minneapolis Lexington Kansas Joliet Huntington Plen Hollywood Brownsville Lorain Harlingen Kissimmee Miramar Albuquerque Cary Albuquerque Bradenton Hemet Dallas Macon Nashua Moreno Aribel Abilene GreenBay Appleton Leominster Lansing Bloomington Garland Myrtle
30
Cary Champaign Cary
Leominster Leominster Houma
Bloomington Bloomington Medford
Dallas Dallas Chandler
Abilene Hartford Abilene
Erie Huntsville Grays Erie
Miramar Miramar Chicago
GreenBay GreenBay Corpus
Macon Barnstable Macon
Huntington Muskegon Huntington
Joliet Deltona Joliet
Montgomery Baltimore Montgomery
Hollywood Davidson Hollywood Cedar
Minneapolis Alexandria Minneapolis
Albuquerque Albany Albuquerque
Moreno Moreno Merced
Cathedral Bridgeport Cathedral
Brownsville Brownsville Mobile
Hemet Hemet
Harlingen Harlingen
Plen Plen
Bradenton Bradenton
Lorain Lorain
Nashua Nashua
Kissimmee Kissimmee
Lexington Lexington
Aribel Aribel
Kansas Kansas
Appleton Appleton
Lansing Lansing
