DK CP BM CU AA FB CA HC CA BL FT AO EY BF FH CD BE CE HJ HD CY DF EP DE ET CT HE AM GS BZ DN HB FG BH AU DO DT BW EO FN FD BT GX CW BI DX AN GZ DL AT CK ES HF EM BD GG AB BS CG AZ CR DK
54
AO AG AO
EO AK EO
BM AV BM
CD AY FA CD
FD DU FD GR FP BC
DT BP DM DT
CW CW BR
BF BF BV
AM EQ AM CC
DF DF CI
FB CM EL FB
DX DX CS
HD HD CX
AU AU DB
CY DD CY GB
HC HC DI
GZ DL DP GZ
HE HE EN DZ
FH EA FH
GX EB GX
BW BW ED
CG CG EF
AB AB EW
HJ FW HJ
HB FZ HB
EM GN EM
CR CR GT
DE GV DE
BE GY BE
FN HI FN
CA CA
BH BH
EY EY
DN DN
CE CE
AN AN
AZ AZ
CT CT
CP CP
DO DO
FG FG
EP EP
HF HF
AT AT
FT FT
BI BI
CK CK
ET ET
GG GG
BL BL
AA AA
CU CU
ES ES
BZ BZ
