Soda EvansDiamond BarrowLane BarrowsHall BerkeleyArtMuseum AnthonyHall Campanile BerkeleyWayWest BrainImagingCenter EdwardsStadium BanwayBldg ChouHall DonnerLab ChanShunAuditorium EtcheverryHall EastGate BancroftLibrary BoaltHall CampbellHall CalvinLaboratory CheitHall BlumHall BlackwellHall AlumniHouse CareerCenter Soda
25
BanwayBldg BanwayBldg BarkerHall
BarrowsHall BarrowsHall BARTStation
BlumHall BirgeHall BlumHall
AnthonyHall AnthonyHall BotanicalGarden
CampbellHall EastAsianLibrary CampbellHall
EdwardsStadium CaliforniaHall EdwardsStadium
CareerCenter Dwinelle CareerCenter VLSB
CalvinLaboratory ClarkKerrCampus CalvinLaboratory
EtcheverryHall CNMAT EtcheverryHall
BarrowLane Cory BarrowLane
BoaltHall BoaltHall CyclotronRd
BerkeleyArtMuseum BerkeleyArtMuseum DavisHall
AlumniHouse AlumniHouse DoeMemorialLibrary
Soda DurantHall
BlackwellHall BlackwellHall EshlemanHall
BancroftLibrary BancroftLibrary
BerkeleyWayWest BerkeleyWayWest
BrainImagingCenter BrainImagingCenter
Campanile Campanile
ChanShunAuditorium ChanShunAuditorium
CheitHall CheitHall
ChouHall ChouHall
DonnerLab DonnerLab
EastGate EastGate
EvansDiamond EvansDiamond
