Soda EtcheverryHall WicksonNaturalArea Emeryville SproulPlaza HertzHall Unit1 BancroftLibrary EastGate ChouHall Benicia IshiCourt SanRafael Fairfield Albany Unit3 Hayward Saratoga MartinezCommons WheelerHall KroeberHall FoundersRock EvansHall MinorHallAddition StHelena KleebergerFieldHouse SatherTower Pittsburg Alameda GiauqueHall Orinda Oakley Piedmont NorthGateHall DonnerLab LewisHall BarkerHall PimentelHall CalvinLaboratory HearstGreekTheatre GilmanHall SternHall Pacifica ZellerbachPlayhouse MulfordHall Soda
44
IshiCourt IshiCourt ClarkKerrCampus SanPablo
GilmanHall GoldmanField GilmanHall
Fairfield WursterHall Fairfield
NorthGateHall HargroveMusicLibrary NorthGateHall
SproulPlaza AnthonyHall SproulPlaza
SternHall SternHall WellmanHall
Saratoga Saratoga Cory BlumHall
MartinezCommons MartinezCommons Pinole ClearyHall
ChouHall StadiumRimWay ChouHall Belmont
Pacifica Pacifica LowerSproulPlaza Hillsborough
MulfordHall ZellerbachHall MulfordHall
BarkerHall WomenFacultyClub BarkerHall FrankSchlessingerWay
Unit3 Unit3 HearstMiningCircle
GiauqueHall GiauqueHall Campanile
Unit1 Unit1 Healdsburg
Oakley Brisbane Oakley
LewisHall LewisHall WestGate
Pittsburg Insectary Pittsburg
KroeberHall WestCircle KroeberHall
EvansHall SanRamon EvansHall
ZellerbachPlayhouse ZellerbachPlayhouse
SatherTower SatherTower
DonnerLab DonnerLab
EtcheverryHall EtcheverryHall
PimentelHall PimentelHall
BancroftLibrary BancroftLibrary
KleebergerFieldHouse KleebergerFieldHouse
WheelerHall WheelerHall
HertzHall HertzHall
HearstGreekTheatre HearstGreekTheatre
FoundersRock FoundersRock
EastGate EastGate
Benicia Benicia
Piedmont Piedmont
MinorHallAddition MinorHallAddition
Orinda Orinda
Alameda Alameda
Hayward Hayward
Albany Albany
Emeryville Emeryville
WicksonNaturalArea WicksonNaturalArea
StHelena StHelena
SanRafael SanRafael
CalvinLaboratory CalvinLaboratory
