a gp en dn gn fa fh fr fz gl er b dv j an bz em gm eq c bl cq ap l ed ff bm cb h ae w bi o du k dx ev fv fd bv ce ct ak p ex cv fl e ab y dl gh eu ge ey ew u ah bt a
52
dv t m dv
er aa er
o ag br o
u dt aj u by
y y ak
gp gp al
cq ap de cq
a a ar
eq aw eq fb cu
bz az bz
p bb p
fz fz bc
eu eu bd
b bf b
l eg l cb
bv bv cd
bl ch bl
w ci w
bi ck bi
ae cl ae
k cs k cp
ab ab df
fl dg fl
fr dj fr
ey ey dm
c c do
gn dq gn ec
ah ah ea
h ee h
bm bm ep
ct ct et
ew ew fg
fh fn fh
fa fa fs
gm fu gm
fd fy fd
dn dn ga
ex ex gb
cv cv
em em
en en
du du
ff ff
e e
dx dx
gl gl
fv fv
ev ev
j j
gh gh
ed ed
an an
