Fizz Bane Orianna Nunu LeBlanc Orianna Beastmaster FacelessVoid Thresh Jayce Karma Amumu CentaurWarrunner ShadowDemon Rubick Kennen Nidalee Katarina Gragas Slark Trundle Leona Vi Kayn Irelia Terrorblade Talon DeathProphet Pantheon Sven Huskar Warlock Oracle Sniper Annie Heimerdinger Janna LoneDruid Medusa BountyHunter Fiddlesticks Ziggs Morphling WinterWyvern ShadowShaman NightStalker Cassiopeia SpiritBreaker Puck Lucian StormSpirit Zilean Kassadin KhaZix Mirana Viktor Spectre Rumble Bane Fizz
54
Leona Leona Rengar
Zilean Zilean Techies
LeBlanc ShadowFiend LeBlanc
Viktor Nasus Viktor
Thresh Ekko Weaver Thresh
Slark Xayah Yorick Slark
Jayce Sona Karma Jayce
BountyHunter BountyHunter Venomancer
Bane Bane Visage
Lucian Chen Lucian
Sven Sven Slardar
Kayn TrollWarlord Kayn
Kennen Vladimir Kennen
Fiddlesticks VelKoz Fiddlesticks
Irelia Ryze Irelia
Heimerdinger Heimerdinger Azir
WinterWyvern Omniknight WinterWyvern
Amumu Amumu StormSpirit
Mirana Brewmaster Mirana
Janna Janna JarvanIV
DeathProphet DeathProphet Timbersaw
Medusa Medusa Singed
Nunu Nunu Syndra Jinx
Cassiopeia TahmKench Cassiopeia
Warlock Undying Warlock
NightStalker NightStalker Quinn
Rumble Rumble Zed
Talon Talon Tiny
Orianna Kled Orianna
CentaurWarrunner CentaurWarrunner Magnus
Puck Puck Tristana
Huskar Huskar
Katarina Katarina
Terrorblade Terrorblade
KhaZix KhaZix
Kassadin Kassadin
Gragas Gragas
Sniper Sniper
Nidalee Nidalee
Annie Annie
Fizz Fizz
LoneDruid LoneDruid
Rubick Rubick
Morphling Morphling
Beastmaster Beastmaster
FacelessVoid FacelessVoid
Pantheon Pantheon
ShadowDemon ShadowDemon
SpiritBreaker SpiritBreaker
Trundle Trundle
Ziggs Ziggs
Oracle Oracle
Vi Vi
ShadowShaman ShadowShaman
