Pantheon Jhin Skarner Bard CrystalMaiden KogMaw Disruptor Maokai Bristleback Tailyah Draven SpiritBreaker ChaosKnight Ziggs CentaurWarrunner Galio Phoenix Jax Akali Heimerdinger Talon MasterYi Nunu Jayce Shyvana Ahri LoneDruid Pantheon
27
Pantheon Spectre
Nunu Ezreal Nunu
Bristleback Morgana Bristleback
Talon Talon TrollWarlord NightStalker
LoneDruid Oracle LoneDruid
Ziggs Ziggs Malphite
Disruptor Anivia Disruptor
Ahri ArcWarden Ahri Slark
ChaosKnight ChaosKnight Xerath Lich
Shyvana Shyvana Ashe
Jhin Kled Lux Jhin
Tailyah Tailyah Magnus
Bard Bard BountyHunter
SpiritBreaker SpiritBreaker Rumble
Draven Draven Jinx
Jax Lucian WraithKing Jax
Heimerdinger Heimerdinger Tiny
Akali Akali
CrystalMaiden CrystalMaiden
CentaurWarrunner CentaurWarrunner
Jayce Jayce
KogMaw KogMaw
Skarner Skarner
MasterYi MasterYi
Maokai Maokai
Phoenix Phoenix
Galio Galio
