6 1 4 0 6 11 15 13 14 16 19 10 11 24 20 26 24 30 38 30 42 40 48 44 42 55 51 55 67 62 60 67 73 74 77 75 73 80 81 80 96 90 97 92 96 103 105 101 102 107 100 103 111 114 112 115 111 124 128 120 124 133 139 130 137 138 133 143 158 168 172 189 199 198 191 190 199 189 180 186 184 189 172 176 170 172 168 166 167 165 168 158 150 158 143 146 147 149 147 146 143 158 168 172 189 199 6
57
6 7
0 8 0
10 18 10
20 20 21
26 26 23
30 31
38 36 38 39
40 40 41
48 48 46
51 59 50 51
55 57
62 62 63
60 65 60
67 69
74 74 78
75 75 79
80 88 85
81 81 87
90 90 95
97 97 98
105 105 106
107 107 109
111 113
115 115 118
120 120 125
124 126
128 128 129
137 137 132
139 139 134
147 144
149 145 149
143 148
158 152
150 153 157 150
167 163 167
168 164
172 177
170 170 178 179
184 187 181 182
180 185
191 190 191
198 194 198
199 196
4 4
1 1
15 15
19 19
14 14
77 77
101 101
112 112
114 114
130 130
146 146
166 166
176 176
186 186
