L16 L135 L73 L138 L27 L63 L103 L133 L47 L103 L124 L62 L82 L153 L22 L94 L21 L109 L89 L107 L77 L118 L13 L38 L134 L7 L131 L141 L53 L141 L140 L114 L79 L12 L28 L52 L79 L114 L84 L8 L116 L101 L116 L35 L126 L104 L150 L104 L9 L129 L128 L108 L149 L4 L143 L119 L90 L118 L13 L58 L18 L5 L130 L19 L95 L16
51
L130 L1 L130
L8 L8 L2
L89 L89 L11
L103 L20 L103
L7 L24 L7
L16 L16 L29
L143 L40 L65 L143
L52 L43 L52
L84 L56 L84
L63 L61 L63
L12 L67 L12
L133 L144 L68 L133
L77 L77 L70
L119 L72 L80 L75 L119
L134 L74 L125 L134
L13 L139 L76
L94 L94 L85 L78
L9 L9 L83
L150 L150 L87
L128 L128 L91
L90 L90 L92
L101 L101 L93
L135 L99
L79 L145 L100 L79
L35 L106 L35
L53 L53 L110
L104 L104 L142
L47 L146 L47
L21 L147 L21
L126 L126 L151
L95 L152 L95
L4 L4
L62 L62
L131 L131
L114 L114
L18 L18
L153 L153
L140 L140
L138 L138
L109 L109
L28 L28
L149 L149
L38 L38
L107 L107
L27 L27
L129 L129
L22 L22
L124 L124
L5 L5
L141 L141
L82 L82
