5 2 3 5 11 9 11 17 14 13 12 17 23 19 23 21 23 29 28 29 35 31 35 33 35 41 40 41 47 42 47 44 47 53 50 53 59 54 59 65 60 65 71 67 71 70 71 77 73 77 76 77 83 80 81 82 83 89 87 89 84 89 95 90 95 93 95 101 100 101 107 103 102 107 113 119 125 131 137 143 149 155 161 167 173 179 5
46
5 0 1
3 3 4
11 10 6 7
9 8 9
14 14 15
12 16 12
19 18 19
21 20 21
23 22
28 24 28
29 25 26 27
31 30 31
35 32
33 33 34
40 40 36 39
41 37 38
42 42 43 46
44 44 45
53 48 51 52
50 49 50
54 54 55
59 56 57 58
60 60 61
65 64 62 63
70 66 70
67 67 68
71 69
76 72 76
73 73 74
77 75
82 82 78
80 80 79
89 85
87 86 87
84 88 84
90 90 91
93 92 93
95 94
100 96 99 100
101 97 98
103 104 103
107 105
102 106 102
2 2
13 13
81 81
