0 145 146 62 67 75 132 137 141 23 125 128 132 75 68 73 42 43 51 79 77 78 85 28 60 65 60 19 26 32 29 36 40 118 114 113 105 110 104 76 84 80 119 123 125 120 122 127 15 14 86 97 89 95 101 96 89 49 4 49 10 135 142 138 15 8 1 108 111 108 0
59
8 8 9 5
76 33 76 7
15 11 22 15
4 12 4
10 10 13
23 16 27 23
19 18 19
29 24 29 30
28 25 28
32 32 31
40 40 34
43 43 35
36 36 39
49 49 44 55
42 42 45
118 118 47
51 51 53
138 56 138
137 64 137 133
65 65 66
75 75 69
67 67 70
86 81 86
80 80 82
84 83 84
97 97 93
89 89 94
96 96 98
110 109 110
111 117 111
135 143 131 135
128 128 134
142 148 142
73 73
78 78
141 141
68 68
104 104
132 132
127 127
26 26
145 145
108 108
146 146
85 85
105 105
0 0
122 122
60 60
123 123
95 95
113 113
101 101
62 62
77 77
114 114
120 120
119 119
125 125
