1 170 190 140 11 3 60 180 60 6 159 3 97 112 108 192 94 68 181 68 12 142 123 47 147 57 114 32 92 163 92 178 121 149 184 160 27 155 23 81 184 59 91 166 183 14 45 9 188 67 36 78 100 53 143 65 176 116 131 87 127 87 197 119 20 132 129 97 126 97 137 1
59
20 2 20
129 129 7
178 178 52 13
184 184 16
127 17 70 127
112 21 112
192 25 99 192
92 92 28 151
155 155 29
159 34 159
9 9 35 89
6 165 6 40
132 42 132
147 147 44
116 116 64
123 74 123
126 76 126
32 122 77 32
143 143 79
45 93 45
160 95 160
149 149 117
114 114 118
57 57 120
91 139 91 167
137 137 148
81 153 81
180 161 180
100 100 164
163 163 172
59 59 182
181 186 181 191
119 119
140 140
12 12
53 53
27 27
36 36
97 97
78 78
183 183
14 14
142 142
87 87
60 60
170 170
68 68
108 108
11 11
3 3
197 197
176 176
67 67
121 121
190 190
65 65
94 94
188 188
131 131
