187 86 156 47 67 13 59 37 153 187 68 162 185 32 199 195 63 48 187 7 110 179 36 8 66 172 144 172 78 166 173 72 136 178 161 178 136 30 173 190 169 6 149 6 111 21 14 44 69 146 41 114 146 39 160 165 194 154 97 54 89 180 117 140 65 58 157 83 64 175 142 128 124 181 71 148 123 15 82 127 123 148 133 131 103 187
63
30 2 30
128 128 9
6 152 12 6
67 18 67 196
124 124 23
153 153 29
83 33 83 53
37 120 42
32 32 45
144 52 119
54 80 89 54 55
199 70 199
117 73 117
114 114 79
36 36 87
21 90 108
127 92 127
41 41 93
48 48 94
58 58 126 95
161 161 107 191
131 131 109
149 163 132
154 154 134
148 148 150
78 164 78
69 171 69
157 176 157
65 65 183
15 184 15
63 63
111 111
82 82
133 133
173 173
175 175
13 13
181 181
142 142
110 110
165 165
169 169
162 162
190 190
146 146
136 136
140 140
8 8
72 72
160 160
180 180
97 97
172 172
68 68
47 47
71 71
39 39
59 59
86 86
156 156
7 7
44 44
166 166
