location1 location178 location27 location20 location169 location143 location57 location17 location175 location32 location96 location95 location195 location196 location94 location159 location184 location172 location157 location44 location5 location12 location128 location91 location68 location161 location146 location139 location40 location46 location181 location106 location37 location182 location110 location118 location93 location179 location158 location100 location92 location136 location105 location11 location127 location154 location165 location116 location10 location69 location49 location140 location16 location1
53
location95 location2 location150 location95
location49 location49 location3
location157 location149 location157 location6
location16 location197 location13 location16
location94 location130 location94 location22
location128 location25 location128
location20 location26 location20 location133 location56
location158 location28 location158
location136 location109 location30 location136
location100 location33 location100
location161 location161 location35
location118 location188 location43 location148 location118
location181 location58 location181
location106 location177 location106 location59
location37 location65 location37
location172 location74 location172
location139 location75 location139
location91 location97 location82 location91
location96 location85 location96
location32 location87 location32
location1 location90
location69 location107 location69 location190
location27 location27 location108
location12 location12 location111
location5 location114 location5
location46 location123 location46
location184 location129 location199 location184
location110 location110 location142
location17 location17 location152
location182 location164 location182
location143 location186 location171 location143
location105 location105 location180
location11 location185 location11
location92 location193 location92
location169 location169
location179 location179
location57 location57
location116 location116
location195 location195
location68 location68
location140 location140
location196 location196
location165 location165
location159 location159
location146 location146
location93 location93
location175 location175
location44 location44
location127 location127
location154 location154
location10 location10
location178 location178
location40 location40
