location1 location38 location17 location10 location46 location56 location45 location58 location30 location57 location35 location43 location78 location77 location79 location91 location6 location89 location75 location21 location36 location19 location2 location54 location29 location42 location44 location23 location1
28
location77 location3 location77 location72 location40
location29 location29 location8
location75 location9 location75 location52
location1 location31
location91 location91 location32
location23 location47 location23
location58 location58 location48
location10 location49 location10
location21 location51 location21
location54 location53 location54
location42 location42 location59
location2 location66 location2
location19 location19 location71
location30 location74 location30
location79 location79 location80
location43 location83 location43
location38 location90 location38
location56 location94 location56
location57 location57 location95
location45 location99 location45
location35 location35
location6 location6
location17 location17
location78 location78
location89 location89
location46 location46
location36 location36
location44 location44
