0 21 25 78 29 59 57 51 69 92 70 91 58 73 84 68 14 72 6 63 135 94 26 3 83 31 16 48 46 56 97 8 82 75 65 79 34 5 95 62 17 36 61 53 54 37 19 22 49 98 12 42 35 38 4 88 89 47 9 76 67 32 15 10 28 60 11 86 41 30 87 71 44 66 1 74 45 64 18 85 100 0
80
15 2 15
54 54 7
62 13 62
49 49 20
135 43 23
73 24 73
74 74 27
36 33 36
38 38 39
82 40 82
65 65 50
100 100 52
75 75 55
95 77 95
12 80 12
86 81 86
60 90 60
64 64 93
8 96 8
34 34 99
1 1
3 3
4 4
5 5
6 6
9 9
10 10
11 11
14 14
16 16
17 17
18 18
19 19
21 21
22 22
25 25
26 26
28 28
29 29
30 30
31 31
32 32
35 35
37 37
41 41
42 42
44 44
45 45
46 46
47 47
48 48
51 51
53 53
56 56
57 57
58 58
59 59
61 61
63 63
66 66
67 67
68 68
69 69
70 70
71 71
72 72
76 76
78 78
79 79
83 83
84 84
85 85
87 87
88 88
89 89
91 91
92 92
94 94
97 97
98 98
