c5 t9 e1 e4 r7 h4 h3 q3 s2 n6 h1 c4 g9 l0 f3 f5 t7 f2 j6 p0 m0 b1 d4 i1 g0 q5 o2 k6 b3 a1 a8 g5 p9 o8 c8 k9 c3 j2 a4 a6 h5 g1 m7 o7 n3 h2 k1 t2 i0 g6 p7 r1 m4 j7 a0 s3 o4 t8 l8 t6 l3 j5 s1 h6 d5 g7 s9 r4 g4 t5 g8 o6 l4 o5 i5 d6 r9 i4 t1 t0 c5
79
i1 i1 a7
o5 o5 b5
p7 b7 p7
g5 e0 g5
g8 e2 s7 g8
t5 t5 e5
k1 f6 k1
e1 e1 g3
l3 l3 h0
o8 o8 j3
a8 a8 l1
s3 l6 s3
i5 n0 i5
i4 i4 n4
a0 a0 o0
r1 q0 r1
t0 q1 t0
h2 q8 h2
j6 j6 r2
h4 s4 h4
e4 e4
s1 s1
h1 h1
g7 g7
d4 d4
n3 n3
r9 r9
b1 b1
f5 f5
h3 h3
g9 g9
h6 h6
t6 t6
n6 n6
d5 d5
r4 r4
d6 d6
t7 t7
b3 b3
g1 g1
j5 j5
o4 o4
g4 g4
p0 p0
j7 j7
m0 m0
q5 q5
o7 o7
l0 l0
s2 s2
o6 o6
g0 g0
g6 g6
m4 m4
c8 c8
l8 l8
c3 c3
l4 l4
j2 j2
a1 a1
k6 k6
s9 s9
m7 m7
i0 i0
t1 t1
a6 a6
t2 t2
q3 q3
r7 r7
h5 h5
o2 o2
t8 t8
f2 f2
c4 c4
a4 a4
f3 f3
p9 p9
k9 k9
t9 t9
