0 7 161 147 89 87 19 63 159 131 105 179 135 93 127 175 151 199 165 129 21 107 141 59 65 145 95 83 183 69 49 191 79 181 17 11 27 91 137 43 187 197 195 119 173 125 117 189 157 115 5 139 23 45 37 25 41 167 171 73 0
59
129 1 129
73 169 73 3
189 9 77 189
49 49 13
119 119 15
191 29 191
107 107 31
137 33 137
125 35 125
7 155 7 39
115 115 47
95 51 95
173 53 173
11 11 55
167 57 167
87 143 61 87
145 145 67
197 75 197 71
147 81 147 85
159 97 159
117 99 117
195 195 101
181 111 181 103
69 69 109
5 113 5
157 121 157
25 25 123
59 59 133
165 149 165
183 153 183
171 163 171
27 177 27
19 185 19
93 193 93
17 17
21 21
23 23
37 37
41 41
43 43
45 45
63 63
65 65
79 79
83 83
89 89
91 91
105 105
127 127
131 131
135 135
139 139
141 141
151 151
161 161
175 175
179 179
187 187
199 199
