0 17 51 3 119 69 21 182 24 185 126 3 86 52 81 58 143 8 160 8 116 156 74 185 18 33 18 93 19 131 50 157 6 32 19 96 159 16 77 62 77 136 46 179 197 180 2 192 100 31 94 130 193 58 109 58 188 183 39 195 183 39 0
48
2 2 4
157 9 157
109 12 109
74 74 29
32 32 35
39 78 38 39
183 184 191 43 183
195 195 60
33 33 68
24 24 142 70
197 80 197
8 8 103
126 105 126
31 115 31
143 125 143
160 160 129
52 52 133
0 0 158
156 163 156
188 170 188
3 3 174
185 177 185
131 178 131
62 189 62
94 94 190
93 194 93
193 193 198
192 192 199
58 58
19 19
136 136
116 116
119 119
179 179
21 21
180 180
16 16
96 96
69 69
17 17
46 46
86 86
50 50
18 18
159 159
51 51
182 182
77 77
