190 75 166 56 45 153 5 172 5 153 68 25 22 117 89 100 179 66 71 182 2 99 2 182 113 37 44 64 55 64 65 38 145 38 65 103 168 23 186 84 192 69 108 133 156 1 162 54 163 93 165 67 33 58 83 58 114 92 132 147 81 159 177 189 57 169 176 151 102 181 120 82 52 112 199 146 193 199 74 60 76 107 62 155 190
63
108 3 108
67 8 67
68 10 68
179 11 179
176 176 21
147 27
102 109 198 29 102
117 117 30
54 32 50 54
55 34 36 55
193 40 193 139
62 62 46
172 172 47
82 61
113 113 123 94
162 162 95
177 177 101
25 104
92 106 92
189 189 111
93 164 116 93
181 181 118
145 121 137
83 129 83
190 135
165 136 165
52 138 52
103 141 103
1 1 142
112 112 149
132 152 132
81 173
76 185 76
99 99 188
71 195 71
60 60
146 146
192 192
166 166
168 168
182 182
69 69
33 33
2 2
133 133
5 5
156 156
38 38
57 57
153 153
23 23
163 163
100 100
66 66
169 169
22 22
56 56
186 186
45 45
84 84
44 44
114 114
65 65
