Loc1 Loc12 Loc126 Loc131 Loc144 Loc31 Loc76 Loc31 Loc112 Loc29 Loc180 Loc45 Loc161 Loc97 Loc73 Loc29 Loc128 Loc29 Loc112 Loc166 Loc178 Loc199 Loc68 Loc82 Loc154 Loc82 Loc68 Loc99 Loc26 Loc55 Loc164 Loc119 Loc8 Loc198 Loc188 Loc145 Loc35 Loc113 Loc160 Loc187 Loc6 Loc39 Loc18 Loc50 Loc183 Loc92 Loc51 Loc69 Loc51 Loc168 Loc194 Loc92 Loc183 Loc172 Loc157 Loc87 Loc60 Loc183 Loc50 Loc18 Loc150 Loc36 Loc150 Loc72 Loc17 Loc164 Loc155 Loc164 Loc127 Loc104 Loc122 Loc38 Loc127 Loc152 Loc159 Loc88 Loc114 Loc102 Loc10 Loc151 Loc156 Loc191 Loc32 Loc111 Loc196 Loc3 Loc196 Loc169 Loc1
59
Loc38 Loc4 Loc38 Loc167
Loc73 Loc73 Loc117 Loc5
Loc36 Loc36 Loc13
Loc172 Loc153 Loc172 Loc15
Loc76 Loc19 Loc76
Loc155 Loc155 Loc22
Loc127 Loc28 Loc127
Loc145 Loc33 Loc145
Loc156 Loc156 Loc37
Loc150 Loc44 Loc150
Loc199 Loc58 Loc199
Loc157 Loc59 Loc157 Loc87
Loc131 Loc131 Loc62
Loc69 Loc69 Loc63
Loc3 Loc64 Loc3
Loc178 Loc178 Loc66
Loc194 Loc194 Loc70
Loc60 Loc186 Loc83 Loc60
Loc128 Loc128 Loc85
Loc39 Loc89 Loc39
Loc72 Loc72 Loc98 Loc91
Loc92 Loc106 Loc92
Loc50 Loc50 Loc110
Loc160 Loc160 Loc113
Loc6 Loc115 Loc6
Loc144 Loc144 Loc121
Loc164 Loc123 Loc164
Loc102 Loc130 Loc102
Loc29 Loc132 Loc29
Loc18 Loc18 Loc135
Loc196 Loc169 Loc196
Loc152 Loc152 Loc171
Loc154 Loc154 Loc175
Loc51 Loc177 Loc51
Loc31 Loc192 Loc31
Loc45 Loc45
Loc82 Loc82
Loc166 Loc166
Loc126 Loc126
Loc97 Loc97
Loc99 Loc99
Loc198 Loc198
Loc104 Loc104
Loc111 Loc111
Loc180 Loc180
Loc188 Loc188
Loc122 Loc122
Loc55 Loc55
Loc26 Loc26
Loc68 Loc68
Loc161 Loc161
Loc12 Loc12
Loc119 Loc119
Loc112 Loc112
Loc8 Loc8
Loc187 Loc187
Loc183 Loc183
Loc1 Loc1
Loc114 Loc114
