Loc1 Loc37 Loc3 Loc29 Loc92 Loc37 Loc9 Loc21 Loc65 Loc53 Loc25 Loc53 Loc65 Loc68 Loc7 Loc2 Loc34 Loc10 Loc75 Loc80 Loc55 Loc42 Loc12 Loc70 Loc52 Loc70 Loc16 Loc46 Loc79 Loc54 Loc4 Loc87 Loc18 Loc98 Loc18 Loc31 Loc22 Loc20 Loc7 Loc68 Loc65 Loc88 Loc45 Loc88 Loc65 Loc21 Loc17 Loc32 Loc1
29
Loc75 Loc0 Loc6
Loc2 Loc2 Loc11
Loc92 Loc92 Loc13
Loc20 Loc22 Loc15
Loc37 Loc49 Loc19
Loc17 Loc32 Loc17
Loc79 Loc38 Loc79
Loc21 Loc41 Loc21
Loc55 Loc43 Loc55
Loc68 Loc68 Loc47
Loc70 Loc50 Loc70
Loc25 Loc56 Loc25
Loc42 Loc42 Loc62
Loc18 Loc18 Loc90 Loc63
Loc65 Loc81 Loc65 Loc69
Loc98 Loc72 Loc98
Loc87 Loc74 Loc87
Loc45 Loc76 Loc45
Loc34 Loc34 Loc91
Loc29 Loc29
Loc3 Loc3
Loc4 Loc4
Loc80 Loc80
Loc46 Loc46
Loc52 Loc52
Loc9 Loc9
Loc53 Loc53
Loc10 Loc10
Loc7 Loc7
