114 49 67 91 28 98 100 81 182 57 117 1 35 149 62 108 51 173 0 10 25 175 95 53 187 135 187 129 92 47 26 18 45 164 75 109 181 112 42 33 48 59 43 70 125 124 31 14 3 7 96 147 32 16 183 176 183 146 169 87 170 102 174 150 78 161 119 171 127 111 115 37 5 195 196 134 65 114
70
3 3 4 103
176 176 12
48 15
181 66 148 21 181
32 24 32
0 0 29
147 147 36
87 38 87
5 41 5
18 18 63
111 69 111
175 74 175
25 76 191
169 169 84
59 89 59 131
135 93 135
174 174 94
112 112 105
10 10 133
164 154 164
127 155 127
150 150 166
96 96 167
134 177 134
81 81 188
43 43 197
28 28 199
16 16
183 183
78 78
102 102
75 75
170 170
51 51
7 7
42 42
182 182
49 49
196 196
33 33
26 26
146 146
70 70
37 37
195 195
173 173
171 171
1 1
149 149
187 187
98 98
117 117
67 67
92 92
35 35
100 100
95 95
108 108
115 115
91 91
161 161
31 31
14 14
62 62
109 109
114 114
124 124
53 53
119 119
47 47
