gc gk as ac ab cm dg u ds et df bv j cp bn b v ai dn gq bu a bq fe e ff ga dx gn by bc ah ao cv cl ee cj gh fd fo bl an ad gj di gi d dh en dq aw h dj gg dp fi bj dh bx ap bb fn fq fr dy cg fy db az br er am cd gc
69
br br g
by by p
fr q fr dw
bu y bu es
en ae en
a a at
cj bi el cj
dq dq bp
bb bb bt
cd ck ep
az az cn
as co as
gj cq gj
cp cp cr
cl cs cl
b b cz
ai ai dn
dp do dp
gk gk em
d eq d
fn fn ey
db db fa
df fh
fq fq fk
fo fo ft
dy dy fw
bj ge bj
dg gm dg
er er go
cm cm
ah ah
gn gn
fd fd
ds ds
fi fi
an an
j j
fy fy
ad ad
bq bq
ap ap
gg gg
gi gi
et et
di di
u u
am am
ac ac
cg cg
aw aw
ab ab
bc bc
ao ao
ee ee
dx dx
ga ga
ff ff
fe fe
bx bx
gh gh
bv bv
e e
dh dh
bl bl
gq gq
dj dj
cv cv
v v
bn bn
