n0 n85 n68 n61 n32 n87 n2 n81 n74 n93 n65 n55 n40 n23 n67 n20 n16 n8 n36 n25 n31 n66 n83 n78 n39 n99 n96 n17 n97 n35 n76 n43 n5 n53 n18 n42 n71 n95 n64 n30 n89 n90 n98 n63 n84 n27 n14 n82 n24 n9 n3 n79 n15 n58 n73 n91 n54 n57 n86 n75 n29 n47 n70 n26 n22 n33 n12 n77 n92 n45 n88 n48 n21 n0
73
n84 n1 n84
n53 n4 n53
n86 n86 n6
n58 n58 n7
n20 n10 n20 n44
n21 n11 n21
n25 n25 n13 n94
n89 n89 n19 n38
n12 n28 n12
n77 n56 n34 n77
n26 n26 n37
n73 n73 n41
n93 n93 n46
n40 n40 n49
n67 n50 n67
n16 n16 n51 n69
n79 n52 n79
n66 n66 n59
n45 n60 n45
n95 n62 n95
n91 n72 n91
n24 n80 n24
n0 n0
n2 n2
n3 n3
n5 n5
n8 n8
n9 n9
n14 n14
n15 n15
n17 n17
n18 n18
n22 n22
n23 n23
n27 n27
n29 n29
n30 n30
n31 n31
n32 n32
n33 n33
n35 n35
n36 n36
n39 n39
n42 n42
n43 n43
n47 n47
n48 n48
n54 n54
n55 n55
n57 n57
n61 n61
n63 n63
n64 n64
n65 n65
n68 n68
n70 n70
n71 n71
n74 n74
n75 n75
n76 n76
n78 n78
n81 n81
n82 n82
n83 n83
n85 n85
n87 n87
n88 n88
n90 n90
n92 n92
n96 n96
n97 n97
n98 n98
n99 n99
