Liam Jordan Jack Joshua Lucas Noah Maverick Anthony Maverick Camden Bentley Jayden Max Grant Cooper Grant Max Lincoln Dylan Andrew Oliver Patrick Dean Zion Messiah John Matthew Jayce Gabriel Cameron Caleb Wesley Malachi Henry Malachi Bryson Malachi Adam Malachi Henry Jayce Matthew John Messiah Eric Messiah Zion Gavin Waylon Nicholas Waylon Gavin Dawson Gael Wyatt Gael Dawson Declan Brayden Asher John Messiah Zion Hayden Bennett Landon Bennett John Messiah Miguel Mateo Aiden Richard Preston Jose Ezra Ezekiel Ezra Jose Preston Richard Zachary Hunter Steven James Steven Xavier Ryan Nolan Elijah Abel Steven Hunter Zachary Jude Joseph Jude Zachary Richard Aiden Tucker Charles Tucker Amir Aaron Amir Miguel Messiah John Kevin Nathan Connor Jasper Elliot Grayson Elliot Jasper Finn Kevin John Max Grant Antonio Grant Cooper Joshua Jack Jordan Leonardo George Ethan Brantley Kai Brantley Ethan Juan Ivan Hudson Jameson Benjamin Jameson Matteo Julian Josiah Justin Jack Jordan Liam
60
Landon Landon William
Nolan Nolan Logan
Charles Charles Mason
Andrew Oliver Andrew
Finn Jacob Luke
Aaron Michael Aaron
Grayson Grayson Alexander
Nicholas Nicholas Daniel
Ezra Jackson Ezra
Eric Samuel Greyson
Wyatt Wyatt Sebastian
Elliot David
Caleb Caleb Carter
Maverick Jayden Maverick
Antonio Owen Elias
James Isaac James
Leonardo Levi
Kai Carson Christopher
Benjamin Jaxon Benjamin
Hunter Hunter Isaiah Thomas
Julian Josiah Julian
Zion Christian
Steven Eli
Preston Jonathan
Elijah Adrian Elijah
Brayden Asher Brayden
Bryson Leo Bryson
Jude Theodore Jace
Ezekiel Ezekiel Jeremiah
Joseph Robert Joseph
Richard Easton
Adam Adam Colton
Anthony Angel Anthony
Gabriel Dominic Gabriel
Hayden Austin
Dawson Ian
Kevin Jaxson
Liam Liam Evan
Waylon Parker
Noah Noah
Lucas Lucas
Ethan Ethan
Matthew Matthew
Aiden Aiden
Henry Henry
John John
Dylan Dylan
Jack Jack
Joshua Joshua
Lincoln Lincoln
Mateo Mateo
Ryan Ryan
Nathan Nathan
Connor Connor
Cameron Cameron
Hudson Hudson
Jordan Jordan
Jose Jose
Cooper Cooper
Xavier Xavier
