Liam Isaiah Joseph Mateo Alexander Mason Alexander Mateo Sebastian Mateo Joseph Jaxson Logan William Logan Jaxson Brayden Jaxson Colton Levi Evan Oliver Dominic Roman Dominic Eli Josiah Eli Josiah Colton Sawyer Jose Owen Dylan Jose Sawyer Benjamin Carter Ayden Liam
18
Owen Noah Owen
Dylan James Dylan
Mason Jayden Mason Elijah
Roman Jacob Matthew
Eli Wyatt Lucas Jackson
Jaxson Michael
Brayden Samuel Ethan
Isaiah Daniel
William Aiden William
Levi Henry Luke
Sebastian Sebastian David
Benjamin Benjamin Carter
Sawyer John
Liam Liam
Logan Logan
Oliver Oliver
Alexander Alexander
Joseph Joseph
