LOC16 LOC18 LOC15 LOC46 LOC25 LOC59 LOC73 LOC59 LOC37 LOC82 LOC34 LOC12 LOC34 LOC90 LOC56 LOC48 LOC61 LOC31 LOC89 LOC56 LOC90 LOC34 LOC36 LOC26 LOC4 LOC47 LOC32 LOC78 LOC80 LOC45 LOC80 LOC95 LOC97 LOC1 LOC9 LOC33 LOC1 LOC16
24
LOC36 LOC3 LOC36
LOC47 LOC17 LOC47
LOC90 LOC90 LOC20 LOC29
LOC18 LOC57 LOC18 LOC22
LOC56 LOC56 LOC98 LOC23
LOC82 LOC82 LOC28
LOC61 LOC61 LOC31
LOC78 LOC43 LOC78
LOC45 LOC50 LOC45 LOC79
LOC16 LOC52
LOC46 LOC53 LOC46
LOC89 LOC89 LOC62
LOC97 LOC97 LOC70
LOC12 LOC81 LOC12
LOC9 LOC9 LOC85
LOC80 LOC95
LOC33 LOC96 LOC33
LOC73 LOC73 LOC99
LOC25 LOC25
LOC26 LOC26
LOC15 LOC15
LOC59 LOC59
LOC37 LOC37
LOC4 LOC4
