LOC60 LOC153 LOC17 LOC49 LOC116 LOC51 LOC133 LOC125 LOC63 LOC89 LOC116 LOC117 LOC162 LOC154 LOC97 LOC70 LOC97 LOC154 LOC162 LOC189 LOC61 LOC180 LOC69 LOC68 LOC56 LOC68 LOC69 LOC108 LOC8 LOC67 LOC54 LOC67 LOC8 LOC119 LOC156 LOC46 LOC124 LOC61 LOC180 LOC120 LOC62 LOC120 LOC180 LOC61 LOC75 LOC192 LOC40 LOC192 LOC75 LOC61 LOC6 LOC164 LOC170 LOC188 LOC48 LOC188 LOC194 LOC188 LOC25 LOC64 LOC166 LOC153 LOC60
28
LOC170 LOC170 LOC7
LOC56 LOC56 LOC18
LOC75 LOC24 LOC80 LOC52
LOC40 LOC177 LOC30
LOC48 LOC48 LOC36 LOC190
LOC194 LOC194 LOC38
LOC89 LOC96 LOC89 LOC55
LOC63 LOC58 LOC63
LOC6 LOC59 LOC6
LOC46 LOC65 LOC46
LOC54 LOC72 LOC54
LOC189 LOC189 LOC134
LOC117 LOC139 LOC117
LOC164 LOC164 LOC142
LOC64 LOC144 LOC145 LOC64
LOC68 LOC68 LOC158
LOC166 LOC160 LOC166
LOC62 LOC161 LOC62
LOC51 LOC51
LOC133 LOC133
LOC192 LOC192
LOC97 LOC97
LOC8 LOC8
LOC180 LOC180
LOC108 LOC108
LOC116 LOC116
LOC70 LOC70
LOC17 LOC17
