zero seven one two three ten eleven ten seventeen sixteen fifteen twentyone twenty twentyseven twentysix twentyfive twentysix thirtythree thirtyfour thirtyfive twentynine thirty thirtyseven thirtyeight fortyfive fortyfour fortythree fortyfour fortyfive fiftytwo fiftythree sixty fiftynine fiftyeight fiftyseven sixtyfour seventy sixtynine sixtyeight sixtyseven sixtyeight seventyfive seventysix seventyseven seventyone seventytwo seventynine seventyeight eightyfour eightythree eightytwo eightyone eighty eightyseven eightysix eightyfive ninetyone ninetyeight ninetytwo ninetynine onehun onehunone onehuneight onehunnine onehunten onehuneleven onehuneighteen onehunnineteen onehuneighteen onehunseventeen onehunsixteen onehuntwentythree onehuntwentyfour onehuntwentythree onehuntwentytwo onehuntwentyone onehuntwentyeight onehunthirtyfive onehunthirtyfour onehunforty onehunthirtynine onehunfortysix onehunfortyfive onehunfortyfour onehunfortythree onehunfifty onehunfortynine onehunfortyeight onehunfiftyfour onehunsixtyone onehunsixty onehunfiftynine onehunfiftyeight onehunsixtyfive onehunsixtyfour onehunsixtythree onehunseventy onehunsixtynine onehunseventyfive onehunseventyfour onehunseventythree onehuneighty onehuneightyone onehuneightytwo onehuneightyone onehuneighty onehuneightyseven onehuneightysix onehunninetythree onehunninetytwo onehunninetyone onehuneightyfour onehunseventyseven onehunseventy onehunsixtythree onehunfiftysix onehunfortynine onehunfortytwo onehunthirtyfive onehuntwentyeight onehuntwentyone onehunfourteen onehunseven onehun ninetythree eightysix seventynine seventytwo sixtyfive fiftyeight fiftyone fortyfour thirtyseven thirty twentythree sixteen nine two zero
82
one one two
zero six
eleven eleven twelve
seven fourteen seven
twentyfive twentyfive twentythree
fortythree fortynine fortythree
fiftythree fiftythree fiftyfive
sixtyseven sixtysix sixtyseven
eightythree eightytwo eightythree
onehunnineteen onehunthirteen onehunnineteen
onehuntwentyfour onehuntwentyfour onehuntwentysix
onehuntwentyeight onehuntwentyeight onehunthirty onehuntwentyseven
onehunfiftyeight onehunfiftyseven
onehunsixtyfive onehunsixtyfive onehunsixtysix
onehunseventy onehunseventy onehunseventyone
onehuneightytwo onehunseventysix onehuneightytwo
onehuneighty onehunseventyeight onehuneighty
onehuneightysix onehuneightyfour
onehunninetyone onehunninety onehunninetyone
onehunninetythree onehunninetythree onehunninetyfour
three three
ten ten
fifteen fifteen
sixteen sixteen
seventeen seventeen
twenty twenty
twentysix twentysix
twentyseven twentyseven
twentynine twentynine
thirtythree thirtythree
thirtyfour thirtyfour
thirtyseven thirtyseven
thirtyeight thirtyeight
fortyfour fortyfour
fortyfive fortyfive
fiftytwo fiftytwo
fiftyseven fiftyseven
fiftyeight fiftyeight
sixty sixty
sixtyfour sixtyfour
sixtynine sixtynine
seventy seventy
seventyone seventyone
seventytwo seventytwo
seventyfive seventyfive
seventyseven seventyseven
seventyeight seventyeight
seventynine seventynine
eightyfour eightyfour
eightyseven eightyseven
ninetyeight ninetyeight
ninetynine ninetynine
onehunone onehunone
onehuneight onehuneight
onehunten onehunten
onehuneleven onehuneleven
onehunsixteen onehunsixteen
onehunseventeen onehunseventeen
onehuneighteen onehuneighteen
onehuntwentyone onehuntwentyone
onehuntwentythree onehuntwentythree
onehunthirtyfive onehunthirtyfive
onehunforty onehunforty
onehunfortythree onehunfortythree
onehunfortyfour onehunfortyfour
onehunfortyfive onehunfortyfive
onehunfortysix onehunfortysix
onehunfortynine onehunfortynine
onehunfifty onehunfifty
onehunfiftyfour onehunfiftyfour
onehunfiftynine onehunfiftynine
onehunsixty onehunsixty
onehunsixtyone onehunsixtyone
onehunsixtythree onehunsixtythree
onehunsixtyfour onehunsixtyfour
onehunsixtynine onehunsixtynine
onehunseventythree onehunseventythree
onehunseventyfour onehunseventyfour
onehunseventyfive onehunseventyfive
onehuneightyone onehuneightyone
onehuneightyseven onehuneightyseven
onehunninetytwo onehunninetytwo
