zero five twelve thirteen fourteen eight fifteen sixteen seventeen eighteen nineteen eighteen twentyfive thirtytwo thirtythree thirtyfour thirtyfive fortytwo thirtysix thirtyseven thirtyeight fortyfive thirtyeight thirtyone twentyfour seventeen ten three zero
18
zero three six seven
eight nine
twelve eleven twelve
nineteen nineteen twenty
thirtytwo thirtytwo thirtyone
fortytwo forty fortytwo
fortyfive fortyfive fortysix
five five
thirteen thirteen
fourteen fourteen
fifteen fifteen
sixteen sixteen
eighteen eighteen
twentyfive twentyfive
thirtyfour thirtyfour
thirtyfive thirtyfive
thirtyseven thirtyseven
thirtyeight thirtyeight
