zero five twelve thirteen twenty twentyone fifteen twentytwo twentythree twentyfour twentythree thirty twentynine thirtyfive thirtyfour thirtyfive twentynine thirtysix thirtyseven thirtyeight fortyfive fortysix fortyseven fortyeight fiftyfive fiftyfour fiftythree fiftytwo fiftyone fifty fiftyseven sixtythree sixtytwo sixtyone sixty sixtyseven sixtyeight sixtynine seventy seventyseven seventysix seventyfive eightytwo eightyone eighty seventynine seventyeight seventynine eighty eightyseven eightyeight eightyseven eighty seventythree sixtysix fiftynine fiftytwo fortyfive thirtyeight thirtyone twentyfour seventeen ten three zero
39
zero two four six
three ten three
thirteen fourteen
twentyfour twentyfour twentyfive
thirtyfour thirtythree thirtyfour
thirtyeight thirtynine
fortyfive fortyfour fortyfive
sixtysix sixtyfive sixtysix
seventyseven seventyseven seventyone
seventyeight eightyfour seventyeight
eightyeight eightyeight eightynine ninetyfive
five five
twelve twelve
fifteen fifteen
twenty twenty
twentytwo twentytwo
twentynine twentynine
thirty thirty
thirtyfive thirtyfive
thirtysix thirtysix
thirtyseven thirtyseven
fortyseven fortyseven
fortyeight fortyeight
fifty fifty
fiftyone fiftyone
fiftythree fiftythree
fiftyfive fiftyfive
fiftyseven fiftyseven
sixty sixty
sixtyone sixtyone
sixtytwo sixtytwo
sixtyseven sixtyseven
sixtyeight sixtyeight
seventy seventy
seventyfive seventyfive
seventynine seventynine
eightyone eightyone
eightytwo eightytwo
eightyseven eightyseven
