0 20 79 12 32 99 42 99 47 170 73 122 95 3 88 10 40 91 1 95 105 27 97 76 117 84 28 90 98 120 183 51 6 51 183 189 83 89 59 70 182 15 150 177 33 84 28 144 85 11 75 62 34 176 29 68 37 26 41 26 74 52 71 58 39 184 21 96 22 72 68 50 153 19 80 54 25 38 14 188 77 188 14 129 65 132 113 2 5 31 5 173 5 179 48 179 0
68
183 44
76 60 76 7
42 35 42
96 24 16 96
26 26 93
47 67 87 47
31 31 4
144 94 43
41 69 30 41
173 13 63
6 6 78
182 92
176 45 66
113 82
72 72 22
12 12 36
73 64 73
33 17 33
48 48 46
97 55 97
20 20 53
58 58 81
40 57 40
77 77 49
39 39 18
10 10 8
68 68 23
15 15 86
1 61 1
84 84 9
65 65 56
74 74
59 59
99 99
62 62
50 50
95 95
75 75
37 37
79 79
38 38
29 29
19 19
71 71
27 27
28 28
34 34
0 0
85 85
80 80
98 98
52 52
89 89
32 32
25 25
91 91
54 54
83 83
2 2
51 51
90 90
5 5
70 70
14 14
11 11
3 3
21 21
88 88
