0 3 117 191 140 104 138 178 113 12 132 102 132 12 114 180 109 164 142 150 106 154 175 112 116 103 41 50 7 106 153 158 108 194 118 98 36 125 101 68 33 28 13 58 115 108 158 153 106 7 119 7 106 150 142 105 142 164 109 45 95 100 95 45 109 180 114 12 113 78 110 78 113 178 138 104 140 191 117 3 0
33
100 120 121 122 123
101 128 129 130 124 126 127
102 131 155 133
103 136 137 134 135
104 139
105 141 143 144 145 146
106 147 148 149 151 152
108 160 156 157 159
109 161 162 163 165 166 167
110 168 169 170
119 171 197 198 199
112 172 173 174 176 177
113 179
114 181 182 183 184 185
115 186 187
116 188 189 190
117 192 193
118 195 196
125 125
132 132
138 138
140 140
142 142
150 150
153 153
154 154
158 158
164 164
175 175
178 178
180 180
191 191
194 194
