equinox band uncertainty glove bark fish brick remark essential paint seller fibre disposition photograph prejudice wilderness presidential chain farewell flow slice explicit tropical muggy tropical mastermind equinox
25
seller seller houseplant
disposition disposition lamb
fibre union fibre
bark bark twitch aisle
prejudice prejudice novel
explicit referee secretary clothes explicit
band band orange
chain analyst funeral chain
presidential presidential dry
muggy muggy method
essential essential jurisdiction
farewell farewell dollar
mastermind corpse mastermind
photograph hiccup photograph
brick brick
paint paint
uncertainty uncertainty
slice slice
fish fish
flow flow
wilderness wilderness
equinox equinox
remark remark
glove glove
tropical tropical
