pump need preoccupation judicial reject preoccupation hierarchy exercise freedom consideration performance depressed symbol distributor impound formulate sacrifice wear genetic packet sentiment ghost parallel attractive mouse anger pipe gloom lot diagram wage pedestrian nominate anniversary lemon ensure pray row aspect tip feign minor aspect category separate sticky button valley pump
44
diagram diagram guideline
pray park pray
attractive attractive admiration
pipe pipe descent
pedestrian prospect pedestrian
hierarchy affect hierarchy innovation
freedom freedom overlook
depressed depressed privilege range
reject survival reject
category category mud
feign hallway feign sit
consideration consideration line
wear literature wear
valley linger valley rock
lot appearance lot
sentiment sentiment float
mouse reflection mouse plug
preoccupation leadership preoccupation
formulate sweet formulate
ghost unanimous ghost
packet packet ground
wage physical wage
nominate pursuit nominate
distributor distributor engineer
performance polish title performance
separate separate brain
parallel forest parallel
minor fairy minor
ensure ensure
sticky sticky
impound impound
tip tip
row row
lemon lemon
anger anger
sacrifice sacrifice
aspect aspect
button button
exercise exercise
gloom gloom
judicial judicial
need need
pump pump
genetic genetic
