188645 0FB66D FA567E B833F0 657F93 B7B073 A7E9D9 DBDC9A A5CCB5 35FF16 E0E349 B3243F 628AB2 B3243F E0E349 2C101C 35F60D B86446 8D0852 37F745 7BF2B5 784F83 7BF2B5 D443EB 0801CC 61EDA9 E09D29 4B39CA 35FF16 84EBFF 0FBCDC 7E5598 AFF8D1 36D08C C0766C CEAE00 539A92 EC05F7 29B2A4 EC05F7 103C70 94D700 3ADA02 94D700 DBDC9A A7E9D9 0D7DE7 FA567E 0FB66D 188645
33
35F60D AA8E14 DD2694
36D08C 6D778A 44716B
3ADA02 D5356A 3ADA02
0FBCDC 0FBCDC 0A5C0E
E09D29 E09D29 C98FE7
C0766C 07D80A
FA567E 9B9BDD
DBDC9A DBDC9A 994F93
EC05F7 FD1783
2C101C CB09C0 2C101C
B7B073 B7B073 EF4D57
35FF16 800641 500783
29B2A4 724A76 29B2A4
D443EB D443EB D7CAF9
4B39CA 48C2D5 19FFAB
628AB2 D04F40 628AB2
0D7DE7 E954F7 467AB7
539A92 7E18E9 539A92
7E5598 3B1041
B3243F 9B0EC2 1276AF
B86446 4FBDE1
7BF2B5 D01E6B
784F83 FF8D45 784F83
84EBFF 84EBFF
94D700 94D700
188645 188645
A7E9D9 A7E9D9
B833F0 B833F0
8D0852 8D0852
0FB66D 0FB66D
AFF8D1 AFF8D1
A5CCB5 A5CCB5
37F745 37F745
