F1E81B 813B05 6B644E 6CAF46 B7F75A EC4D08 E0BEFC 82A1F6 47FACD 0F5860 002274 6C010A 5FD658 770D1A CDC6D4 191510 6B4619 CC9C14 10520F 086D53 17BB75 17779E FFFD4B 2334E8 DE6899 59843B DE6899 BDE94D 86493E 0C73D8 4CAD30 0C73D8 2924CB 1F842B 2924CB BDE94D 79BC3D B69F55 79BC3D EE2A22 4B97F1 85D6DB 6825D4 239994 6F492E D1967A 3B4B53 E3C2C9 0CBC31 D6CC7A B47658 BB4908 E5E6C0 C9AF85 9096DB 36590B 9096DB C9AF85 7BE8A9 FFEEBD 614224 FFEEBD 7BE8A9 B27903 AEFF96 DCE144 5D0E2E 013940 846159 783751 ABD8FE 783751 846159 5BB557 90451D CEAC59 D4A75D 124C90 D4A75D 1111F7 6966D7 1111F7 EB719D 1EC224 C4303B 2CA4AD 1B337D C45E71 6B622D D8AAF4 8F17C0 013940 5D0E2E 112AE7 94A561 77A0B5 C953A6 8B519F C953A6 14B430 C953A6 E3C2C9 8015E0 1977E0 B23A80 6F492E F1E81B
65
1B337D 7E1C6C
77A0B5 77A0B5 490F1E
191510 305D33 2FEDFB
6966D7 AE4A01 6966D7
85D6DB 230A7C 85D6DB E51A66 63361A
C45E71 4A28BA
8B519F 8B6C2F 8B519F
D1967A D1967A 851F90
086D53 61199E 4A5708 F33196
124C90 124C90 8BFCAC
002274 C3B3E7 D337F2
1EC224 293D59 4099A6
0C73D8 E81014
813B05 813B05 396D53
10520F C3EF62
1F842B 7E78F3 1F842B
B69F55 2CCB19 B69F55
8015E0 29D5D7 8015E0
846159 6D51F4
1111F7 93EBE3 6B340B
AEFF96 36C862 AEFF96
CDC6D4 8417C8
CC9C14 A1F104 CC9C14
239994 239994 8EBF8A
4CAD30 5C7062 4CAD30
6B622D 6B622D 5F4E43
ABD8FE 20EAE7 ABD8FE
614224 7829D7 614224
4B97F1 14994D 4B97F1
5D0E2E 2BF7B5 6E313C
2924CB 596CF6
36590B 66048A 36590B
2CA4AD 52C88C
0CBC31 0CBC31 8F495E
E0BEFC 28F6D1
DCE144 BB40E6 DCE144
FFFD4B 573788 1E1095 FFFD4B
8F17C0 151BC9 8F17C0
6CAF46 685D1A
14B430 E80628 14B430
BB4908 BB4908 C18C9B
17779E 17779E
CEAC59 CEAC59
B47658 B47658
47FACD 47FACD
E5E6C0 E5E6C0
9096DB 9096DB
FFEEBD FFEEBD
94A561 94A561
C9AF85 C9AF85
783751 783751
770D1A 770D1A
0F5860 0F5860
59843B 59843B
5BB557 5BB557
90451D 90451D
C4303B C4303B
B7F75A B7F75A
D4A75D D4A75D
F1E81B F1E81B
3B4B53 3B4B53
D6CC7A D6CC7A
86493E 86493E
DE6899 DE6899
E3C2C9 E3C2C9
