engine birth sympathy age country model teaching step singer war class flight chapter education song piano police buyer measurement material analyst secretary preparation answer time dealer two engineering emphasis editor promotion drawer aspect view energy understanding tool error business politics sport difficulty performance source volume idea passenger clothes card failure significance model ear homework engine
48
politics politics temperature
volume tax volume reputation bus
failure tooth failure process interaction beer
step delivery machine step
promotion menu promotion
secretary secretary situation
business business girl
flight member flight
chapter chapter series speech
difficulty office difficulty
dealer light dealer
police police grandmother
aspect aspect area meal
card card mind
education leadership section education
piano piano teacher
class standard class
clothes eye clothes
singer money variation singer moment
song funeral song
buyer director problem buyer
ear accident ear
idea idea tension
tool beginning tool
engine engine departure figure
editor dirt editor performance
sympathy choice sympathy
view view satisfaction
emphasis side emphasis
measurement measurement data
teaching teaching drawing
answer time answer
country worker country
energy energy ratio
significance town significance
material fact material
war war analyst
model model space
drawer drawer
understanding understanding
preparation preparation
birth birth
age age
two two
engineering engineering
source source
error error
sport sport
