maintenance driver selection context focus wife photo rock cause competition action economy feature role salad depression job church volume complaint war year day bread contract version maintenance
22
depression depression future obligation
focus description focus
economy resolution economy sign
driver driver career
role beer role volume philosophy
day reputation day
competition competition example chest rate
complaint income account marketing complaint
contract contract version
feature feature difficulty
cause cause inspection
maintenance maintenance movie
action property action
church church price
war war sister
salad salad woman
wife average wife
context context style
photo photo population
rock rock object
bread bread
selection selection
