a1 a2 a3 a4 a8 a9 a10 a11 a91 a75 a76 a77 a76 a75 a91 a92 a93 a92 a91 a59 a60 a59 a43 a44 a48 a49 a50 a51 a50 a49 a48 a44 a43 a42 a41 a40 a36 a35 a34 a33 a32 a28 a27 a28 a29 a25 a24 a23 a22 a6 a5 a6 a86 a70 a69 a68 a69 a70 a86 a85 a84 a85 a86 a22 a21 a20 a21 a22 a6 a5 a1
33
a11 a11 a12
a9 a9 a14
a21 a17
a20 a19 a20
a29 a25 a30
a35 a33 a35
a6 a6 a54 a38
a41 a41 a46
a51 a51 a52
a59 a57 a59
a60 a60 a62
a69 a65
a68 a67 a68
a77 a73 a78
a85 a81
a84 a83 a84
a93 a89 a94
a1 a1
a3 a3
a4 a4
a22 a22
a27 a27
a28 a28
a36 a36
a43 a43
a44 a44
a49 a49
a70 a70
a75 a75
a76 a76
a86 a86
a91 a91
a92 a92
