a1 a2 a3 a4 a8 a9 a10 a11 a43 a27 a28 a29 a28 a27 a171 a172 a173 a172 a171 a155 a154 a153 a152 a148 a147 a148 a149 a150 a6 a38 a22 a118 a117 a116 a117 a118 a102 a101 a100 a101 a102 a54 a53 a52 a53 a54 a22 a21 a20 a21 a22 a166 a165 a164 a165 a166 a38 a37 a36 a37 a38 a182 a181 a180 a181 a182 a134 a133 a132 a136 a137 a138 a139 a140 a139 a123 a124 a123 a107 a108 a112 a108 a107 a59 a60 a64 a60 a59 a91 a92 a93 a92 a91 a75 a76 a80 a81 a82 a83 a82 a81 a80 a76 a75 a74 a73 a72 a68 a72 a73 a74 a75 a43 a42 a41 a42 a43 a187 a188 a189 a188 a192 a1
63
a11 a11 a12
a9 a9 a14
a21 a17
a20 a19 a20
a29 a25 a30
a28 a33 a28
a36 a35 a36
a43 a43 a44
a41 a41 a46
a53 a49
a52 a51 a52
a59 a57 a59
a64 a65 a62
a68 a67 a68
a22 a22 a86 a70
a76 a76 a78
a83 a83 a84
a93 a89 a94
a101 a97
a100 a99 a100
a107 a105 a107
a112 a113 a110
a116 a115 a116
a123 a121 a123
a124 a124 a126
a133 a129
a132 a131 a132
a139 a137 a139
a140 a140 a142
a147 a145 a147
a155 a155 a156
a153 a153 a158
a165 a161
a164 a163 a164
a173 a169 a174
a181 a177
a180 a179 a180
a189 a185 a190
a1 a1
a3 a3
a4 a4
a6 a6
a27 a27
a38 a38
a54 a54
a60 a60
a73 a73
a75 a75
a81 a81
a91 a91
a92 a92
a102 a102
a108 a108
a118 a118
a134 a134
a148 a148
a150 a150
a166 a166
a171 a171
a172 a172
a182 a182
a187 a187
a188 a188
