Bowles Calvin Bowles Mulford Latimer Edwards Latimer Bechtel Birge Bechtel Cory Stanley LeConte VLSB Boalt Kresge Boalt VLSB LeConte Campanile Bongo Campanile Wurster McCone Spats Stonefire PiLambda Stonefire Spats McCone Wurster Campanile LeConte Stanley Moses Wellman Moses Greek Unit2 Wolf Unit2 Greek Moses Pimentel Stacks Pimentel Moses Stanley Campbell Stanley Cory Jacob Evan Blackwell Evan Jacob Foothill Davis Hildebrand Davis Foothill Dwinelle Haas Crossroads Lawrence UCTheatre Lawrence Crossroads Haas Dwinelle HearstAnnex Dwinelle Foothill Haviland Morgan Haviland Foothill Jacob TopDog Starbucks Chipotle Starbucks TopDog Jacob Hertz CVStarr Unit3 CKerr Unit3 CVStarr Hertz Jacob Cory Bechtel Baker Strada Baker Bechtel Minor Memorial Maxwell Memorial Minor Bechtel Birge Bowles
42
Campbell Koshland Campbell Doe
LeConte RSF ALS
Foothill Unit1 Foothill
Wurster Wurster Zellerbach
Calvin Calvin Etcheverry Graduate
Wellman Wellman Sutardja
Maxwell Maxwell Barrows
Morgan Morgan Martinez
CKerr WayWest Ridge CKerr
Haas Pavilion Haas
Baker Baker Simons Daiso
Kresge Kresge PeoplesPark Castro
Bowles LaVals
Memorial AlphaSigmaPhi TacoBell
Davis Browns
Greek Safeway Greek
Moses Gypsys Moses
Hildebrand YogurtPark Hildebrand
Bongo ShengKee Bongo Cheeseboard
Latimer Rochdale
Evan Evan Cloyne BearFoodCourt
HearstAnnex Lothlorien HearstAnnex
Bechtel Wilde
Stacks Stacks Sherman
Mulford Crescent Mulford
Unit2 Unit2 IndianRock
VLSB VLSB NorthGate
Cory Extension
Strada Strada RoseGarden
Wolf Wolf StrawberryCreek
Blackwell GenPlantBio Blackwell
TopDog GammaPhiBeta Barker
Edwards Easterly Edwards
PiLambda PiLambda PiAlphaPhi
Chipotle Chipotle MFoundry
UCTheatre UCTheatre NCEM
Birge Birge
Campanile Campanile
Boalt Boalt
Unit3 Unit3
Crossroads Crossroads
Spats Spats
