Wheeler Doe Campanile LeConte Birge Campbell Haviland Memorial McLaughlin South Stephens HearstAnnex Anthony GBC WayWest Warren Hearst Davis Kresge Normandy Cheit Soda Moffitt VLSB Etcheverry Latimer Evans Morrison Hertz Kroeber Lewis Greek Bechtel Greek Morrison Evans Latimer Etcheverry Soda Sather Soda CVStarr Morgan HearstAnnex Unit1 Faculty Haas Minor Haas Stonefire Haas Faculty FSM Baker McCone BigC Pavilion Simons Koja Simons Pavilion BigC McCone Baker FSM Faculty Haas Minor Memorial Haviland Campbell LeConte Campanile Doe Wheeler
26
Bechtel Jacobs Bechtel
Latimer Foothill
Stephens Moses
Wheeler Sproul Dwinelle
Stonefire Stonefire RSF
Kroeber Kroeber Boalt
Memorial IHouse
Minor Hargrove
Sather Martinez Barker Unit3 OCF
WayWest Cloyne Metropolitan
McCone CKerr
Baker Fiji Baker
Pavilion PeoplePark
Koja TriDelta Legends
Simons Unit2
Hearst Hearst
Anthony Anthony
Moffitt Moffitt
Birge Birge
Morrison Morrison
Haas Haas
Cheit Cheit
Davis Davis
Warren Warren
Etcheverry Etcheverry
McLaughlin McLaughlin
