0 100 105 100 101 113 101 109 101 112 101 115 101 110 101 111 101 108 101 100 102 100 104 100 103 100 106 100 107 100 0 17 68 17 77 17 70 5 17 0 31 89 31 25 31 57 31 64 31 3 4 3 11 3 75 3 0 86 10 20 86 81 0
33
89 89 1 26
64 72 7
17 17 66 13
4 96 4 14 49 87 63
75 75 18 54 28 29
57 57 21
77 77 22
25 24 25 59
31 35 53 31
5 42 5
20 43 20
68 44 68
3 56 51
11 58 55
86 98 85 86 90 62
70 65 70
81 81 82
10 99 10 83
101 101 117 198
102 102 118 121 123 124
103 128 130 127
104 136 104
105 105 138
106 106 142 144 145 146 147 149
107 152 153 151
108 160 154 156 158
109 109 167
110 168 169 171 172 173 175
111 177 178
112 112 179 180 182
113 113 188 189
115 194 196
100 100
