MapLocation77 MapLocation67 MapLocation40 MapLocation8 MapLocation97 MapLocation27 MapLocation74 MapLocation58 MapLocation55 MapLocation49 MapLocation65 MapLocation0 MapLocation1 MapLocation2 MapLocation13 MapLocation79 MapLocation68 MapLocation82 MapLocation93 MapLocation39 MapLocation84 MapLocation86 MapLocation83 MapLocation74 MapLocation4 MapLocation3 MapLocation91 MapLocation51 MapLocation48 MapLocation88 MapLocation22 MapLocation77
29
MapLocation4 MapLocation4 MapLocation5
MapLocation82 MapLocation82 MapLocation6
MapLocation51 MapLocation24 MapLocation10 MapLocation51
MapLocation68 MapLocation68 MapLocation14
MapLocation39 MapLocation17 MapLocation39
MapLocation79 MapLocation19 MapLocation20 MapLocation79
MapLocation58 MapLocation66 MapLocation58 MapLocation35 MapLocation37
MapLocation27 MapLocation42 MapLocation27 MapLocation44
MapLocation8 MapLocation8 MapLocation45 MapLocation70
MapLocation86 MapLocation61 MapLocation86
MapLocation77 MapLocation72 MapLocation77
MapLocation40 MapLocation40 MapLocation73
MapLocation49 MapLocation80 MapLocation49
MapLocation91 MapLocation81 MapLocation91
MapLocation88 MapLocation88 MapLocation85
MapLocation0 MapLocation0
MapLocation1 MapLocation1
MapLocation2 MapLocation2
MapLocation3 MapLocation3
MapLocation67 MapLocation67
MapLocation13 MapLocation13
MapLocation55 MapLocation55
MapLocation84 MapLocation84
MapLocation83 MapLocation83
MapLocation65 MapLocation65
MapLocation97 MapLocation97
MapLocation74 MapLocation74
MapLocation48 MapLocation48
MapLocation93 MapLocation93
