MapLocation152 MapLocation106 MapLocation41 MapLocation185 MapLocation9 MapLocation20 MapLocation183 MapLocation137 MapLocation122 MapLocation92 MapLocation171 MapLocation135 MapLocation192 MapLocation29 MapLocation105 MapLocation71 MapLocation128 MapLocation7 MapLocation50 MapLocation129 MapLocation42 MapLocation28 MapLocation107 MapLocation96 MapLocation69 MapLocation13 MapLocation123 MapLocation100 MapLocation94 MapLocation11 MapLocation170 MapLocation149 MapLocation43 MapLocation61 MapLocation121 MapLocation72 MapLocation79 MapLocation125 MapLocation86 MapLocation53 MapLocation97 MapLocation154 MapLocation153 MapLocation104 MapLocation56 MapLocation79 MapLocation60 MapLocation10 MapLocation22 MapLocation10 MapLocation67 MapLocation19 MapLocation198 MapLocation16 MapLocation15 MapLocation109 MapLocation154 MapLocation18 MapLocation17 MapLocation18 MapLocation81 MapLocation18 MapLocation62 MapLocation23 MapLocation139 MapLocation166 MapLocation57 MapLocation99 MapLocation152
61
MapLocation170 MapLocation170 MapLocation4
MapLocation154 MapLocation8 MapLocation154
MapLocation152 MapLocation152 MapLocation12 MapLocation103
MapLocation15 MapLocation14 MapLocation15
MapLocation57 MapLocation32 MapLocation57
MapLocation94 MapLocation35 MapLocation94
MapLocation100 MapLocation100 MapLocation36 MapLocation119
MapLocation43 MapLocation43 MapLocation47
MapLocation183 MapLocation183 MapLocation55
MapLocation28 MapLocation164 MapLocation59 MapLocation28
MapLocation67 MapLocation67 MapLocation70
MapLocation185 MapLocation185 MapLocation76
MapLocation106 MapLocation106 MapLocation77
MapLocation109 MapLocation109 MapLocation85
MapLocation104 MapLocation104 MapLocation102
MapLocation53 MapLocation53 MapLocation111
MapLocation79 MapLocation113 MapLocation79
MapLocation41 MapLocation41 MapLocation114
MapLocation23 MapLocation116 MapLocation23
MapLocation125 MapLocation156 MapLocation125 MapLocation118
MapLocation29 MapLocation179 MapLocation29 MapLocation127
MapLocation149 MapLocation133 MapLocation149
MapLocation60 MapLocation136 MapLocation60
MapLocation56 MapLocation56 MapLocation145 MapLocation175
MapLocation17 MapLocation17 MapLocation146 MapLocation173
MapLocation81 MapLocation81 MapLocation148
MapLocation153 MapLocation153 MapLocation150
MapLocation99 MapLocation161 MapLocation99
MapLocation50 MapLocation50 MapLocation182
MapLocation128 MapLocation128 MapLocation186
MapLocation22 MapLocation189 MapLocation22
MapLocation105 MapLocation105 MapLocation194
MapLocation16 MapLocation16
MapLocation18 MapLocation18
MapLocation19 MapLocation19
MapLocation20 MapLocation20
MapLocation69 MapLocation69
MapLocation198 MapLocation198
MapLocation72 MapLocation72
MapLocation13 MapLocation13
MapLocation97 MapLocation97
MapLocation71 MapLocation71
MapLocation129 MapLocation129
MapLocation192 MapLocation192
MapLocation107 MapLocation107
MapLocation61 MapLocation61
MapLocation123 MapLocation123
MapLocation137 MapLocation137
MapLocation171 MapLocation171
MapLocation122 MapLocation122
MapLocation9 MapLocation9
MapLocation10 MapLocation10
MapLocation96 MapLocation96
MapLocation135 MapLocation135
MapLocation92 MapLocation92
MapLocation86 MapLocation86
MapLocation7 MapLocation7
MapLocation62 MapLocation62
MapLocation121 MapLocation121
MapLocation42 MapLocation42
MapLocation166 MapLocation166
