86 150 86 125 49 122 40 38 20 187 98 49 19 180 161 95 148 98 187 186 120 186 73 186 196 99 11 42 1 81 107 61 71 78 71 61 30 79 61 48 143 181 12 181 143 117 103 64 25 183 25 68 100 68 55 132 178 66 55 121 111 70 36 70 114 32 126 131 160 151 192 67 115 67 2 63 70 175 32 139 186 26 9 128 86 133 86
51
42 1 199
63 74 2 75 145
103 10 5
143 6
55 93 8
9 13 110
78 198 148 14
151 17 194 192
79 137 21
68 90 35 22 159
181 157 27 181
73 73 28
20 41 82
36 36 44
180 101 106 45 53 126
61 51 69
114 105 52 94
111 113 129 54
186 72 56
70 57 175
99 76 87
11 11 84
115 89 97
98 91 173
133 116 92 152
12 138 123
25 153 154 140 158
132 146 132
40 149
150 156 150
161 163 184
86 169
100 100 174
139 177 139
183 179 183
66 185 66
107 107 189
19 19
26 26
30 30
38 38
48 48
64 64
71 71
117 117
120 120
121 121
122 122
125 125
160 160
196 196
