110 77 195 99 163 15 67 145 190 138 55 39 11 13 160 189 148 74 172 92 169 54 73 47 3 168 124 81 159 100 60 66 87 85 26 103 199 152 64 96 50 56 161 5 83 141 18 19 165 101 43 123 193 14 170 40 30 94 192 41 121 140 6 175 1 36 79 149 126 147 107 0 154 28 110
74
41 41 20 25
165 165 22
28 28 29
159 38 159
168 168 44
47 45 47
140 51 140
19 19 52
96 96 53
100 72 100
94 76 94
26 90 26
15 91 132 15
189 178 98 189
190 122 190
3 3 127
6 131 6
13 13 142
39 171 39
11 176 11
99 99 181
85 85 182
169 169 197
152 152
64 64
54 54
36 36
163 163
60 60
160 160
175 175
141 141
50 50
101 101
195 195
107 107
30 30
172 172
148 148
43 43
81 81
87 87
18 18
193 193
56 56
126 126
147 147
1 1
121 121
110 110
123 123
73 73
124 124
0 0
5 5
14 14
55 55
161 161
79 79
103 103
170 170
149 149
92 92
66 66
74 74
83 83
67 67
199 199
154 154
138 138
192 192
77 77
145 145
40 40
