Location0 Location34 Location10 Location26 Location24 Location37 Location13 Location25 Location52 Location32 Location52 Location20 Location5 Location20 Location9 Location7 Location22 Location31 Location33 Location17 Location23 Location30 Location38 Location28 Location1 Location8 Location28 Location38 Location19 Location57 Location40 Location12 Location4 Location34 Location0
28
Location52 Location2
Location33 Location33 Location3
Location8 Location8 Location6
Location40 Location40 Location11 Location36
Location13 Location13 Location14
Location26 Location26 Location15
Location5 Location16 Location5
Location9 Location9 Location18 Location29
Location10 Location10 Location21
Location0 Location27
Location4 Location35 Location4
Location32 Location32 Location39
Location34 Location41 Location34
Location1 Location1
Location7 Location7
Location12 Location12
Location17 Location17
Location19 Location19
Location20 Location20
Location22 Location22
Location23 Location23
Location24 Location24
Location25 Location25
Location28 Location28
Location30 Location30
Location31 Location31
Location37 Location37
Location38 Location38
