Location0 Location43 Location25 Location9 Location10 Location30 Location29 Location121 Location58 Location80 Location18 Location44 Location112 Location97 Location32 Location105 Location110 Location17 Location39 Location12 Location70 Location19 Location45 Location37 Location2 Location14 Location2 Location115 Location24 Location35 Location31 Location1 Location41 Location21 Location26 Location7 Location79 Location8 Location40 Location107 Location23 Location0
29
Location17 Location11 Location17 Location3
Location7 Location4 Location7
Location12 Location12 Location5
Location24 Location24 Location6 Location15
Location44 Location44 Location13
Location37 Location16 Location37
Location26 Location26 Location20
Location14 Location22 Location14
Location80 Location27
Location10 Location10 Location28
Location23 Location33 Location23
Location25 Location25 Location34
Location45 Location36 Location45
Location110 Location38
Location8 Location40 Location8
Location18 Location42 Location18
Location1 Location1
Location2 Location2
Location9 Location9
Location19 Location19
Location21 Location21
Location29 Location29
Location30 Location30
Location31 Location31
Location32 Location32
Location35 Location35
Location39 Location39
Location41 Location41
Location43 Location43
