1 3 182 189 75 88 184 129 174 167 165 171 136 50 41 161 83 143 9 85 35 156 185 103 61 150 69 116 138 55 189 176 21 87 31 108 177 97 89 58 44 197 49 82 139 36 47 84 60 92 127 126 110 6 26 1
49
165 2 165 200
87 130 87 8
82 82 10 99
150 74 13 150
182 182 16
139 139 20
36 27 36
21 33 101 21 111
136 34 136
44 44 37
47 42 47
6 51 6
85 106 53 85
58 58 56
61 57 61 95
92 59 92
84 84 60 151
174 68 174
55 70 55
184 77 184
50 50 80
103 81 103
161 161 83
171 171 86
31 102 31
88 124 88
110 131 141 110
26 26 133
41 137 41
75 193 75 140
129 129 144
156 156 157
189 189 159
143 162 143
167 164 167
3 169 3
1 1 198
9 9
35 35
49 49
69 69
89 89
97 97
116 116
126 126
127 127
138 138
176 176
177 177
