0 50 100 150 199 198 194 197 183 184 180 179 173 174 176 174 173 179 180 171 170 159 170 168 157 158 157 168 170 171 180 185 187 188 186 192 186 188 191 188 187 185 180 184 183 197 194 198 199 150 165 164 153 164 165 150 100 115 114 103 114 112 116 117 113 109 120 121 130 134 133 147 144 148 144 147 133 134 130 129 123 124 126 124 123 129 130 135 137 138 136 142 136 138 141 138 137 135 130 121 120 118 107 108 107 118 120 109 113 117 116 112 114 115 100 50 65 64 53 64 62 66 67 63 59 70 71 80 84 83 97 94 98 94 97 83 84 80 79 73 74 76 74 73 79 80 85 87 88 91 88 86 92 86 88 87 85 80 71 70 68 57 58 57 68 70 59 63 67 66 62 64 65 50 0 15 14 3 14 12 16 17 13 9 20 21 30 34 33 47 44 48 44 47 33 34 30 29 23 24 26 24 23 29 30 35 37 38 36 42 36 38 41 38 37 35 30 21 20 18 7 8 7 18 20 9 13 17 16 12 14 15 0
64
0 1
3 2 3
13 4
8 5 6
9 10
30 22
26 25 26
23 27
41 40 41
42 42 46
48 48 49
50 51
53 52 53
63 54
58 56 55
59 60
80 72
76 75 76
73 77
91 90 91
92 96 92
98 98 99
100 101
103 102 103
113 104
108 105 106
109 110
130 122
126 125 126
123 127
141 140 141
142 146 142
148 148 149
150 151
153 152 153
159 160 154
158 155 156
180 172
176 176 175
173 177
191 190 191
192 192 196
24 24
33 33
47 47
44 44
36 36
74 74
83 83
97 97
94 94
86 86
124 124
133 133
147 147
144 144
136 136
174 174
183 183
197 197
194 194
198 198
199 199
186 186
