31 107 112 127 77 42 148 83 90 143 80 28 9 88 4 108 67 160 7 86 22 103 27 49 147 123 47 121 114 48 99 140 82 149 94 45 35 125 89 29 33 137 12 64 38 69 30 6 58 81 13 131 119 141 115 14 32 134 65 128 52 46 167 196 186 199 179 169 195 184 164 173 198 188 171 197 180 31
77
141 34 20 141
45 21 45
29 57 29
69 60 69
14 66 14
86 68 86
31 74
49 49 78
147 147 93
33 105 33
123 106 123 117
148 148 110
12 12 120
134 138 134
112 146 112
125 125 151
88 88 152
99 99 156
188 188 168
198 170 198
196 196 175
180 180 191
127 127
58 58
167 167
160 160
195 195
13 13
65 65
32 32
197 197
173 173
77 77
38 38
80 80
81 81
82 82
22 22
108 108
46 46
119 119
114 114
143 143
94 94
90 90
48 48
169 169
184 184
179 179
27 27
140 140
7 7
107 107
128 128
30 30
103 103
35 35
137 137
4 4
164 164
47 47
28 28
64 64
6 6
186 186
67 67
89 89
9 9
115 115
42 42
149 149
131 131
83 83
121 121
52 52
171 171
199 199
