Wkkykkf Uvcri Nqwr Pbdad Olcoaxo Stpm Jxdb Oaqqs Wtkwuvz Tbbiot Zyh Kdq Ibovih Klowqwc Apylxs Zkrljw Bwlpsl Nwecls Dkfelp Wufe Vpsfe Wkkykkf
21
Nwecls Nwecls Zdkju Zdsg Gzcxjl
Kdq Eiotl Kdq Vxt
Zkrljw Fiv Euw Igep Zkrljw
Tbbiot Tbbiot Pgvrcnl Dytyp
Pbdad Pbdad Fggo Uoxsv
Vpsfe Bxrwja Qbflfr Vpsfe
Nqwr Lhwmy Nqwr
Wkkykkf Nhn
Oaqqs Whbms Oaqqs
Olcoaxo Fuykk Olcoaxo
Dkfelp Wtsrwu Dkfelp
Uvcri Uvcri
Ibovih Ibovih
Stpm Stpm
Jxdb Jxdb
Zyh Zyh
Klowqwc Klowqwc
Bwlpsl Bwlpsl
Wufe Wufe
Wtkwuvz Wtkwuvz
Apylxs Apylxs
