A0 X4 S6 D3 S2 K1 A1 I5 A2 X0 C3 E5 M0 T2 G6 F3 P6 X1 E1 X3 L5 W6 W2 U2 X2 N1 Y6 Y4 G3 N2 M5 J5 T6 Q6 M6 F0 X6 B4 R5 I3 V6 C4 P2 M3 G1 R4 C0 D0 Y0 I0 L0 D7 Z4 J6 G0 J1 G4 K4 R6 A0
59
M0 M0 H0
P2 J0 P2
X0 X0 P0
L5 Q0 L5
L0 I1 L0 M4
C3 C3 M1
X2 X2 S1 O3
A2 Z1 A2
N1 B2 N1
K4 K4 D2
X4 K2 X4
W6 V2 W6 T3
C4 E3 C4
F3 F3 T5 R3
D3 D3 Y3
W2 W2 C6 Z3
Q6 A4 B5 Q6
I0 I0 P5 E4
G0 F4 G0
E5 E5 O4
G4 Q4 G4
C0 C0 W4
J1 A5 J1
M3 O5 M3 H6
G3 Q5 G3
T2 W5 T2
F0 Z5 F0
M6 M6 A6
R6 F6 R6
U2 U6 U2
X1 X1 Z6
Y6 Y6 A7
M5 C7 M5
A0 A0
D0 D0
Y0 Y0
A1 A1
E1 E1
G1 G1
K1 K1
N2 N2
S2 S2
I3 I3
X3 X3
B4 B4
R4 R4
Y4 Y4
Z4 Z4
I5 I5
J5 J5
R5 R5
G6 G6
J6 J6
P6 P6
S6 S6
T6 T6
V6 V6
X6 X6
D7 D7
