142 121 137 66 106 66 137 135 171 140 30 139 153 181 91 3 174 4 46 148 108 160 77 143 90 172 52 134 14 9 28 103 18 181 151 93 118 38 118 93 151 159 45 8 163 100 1 154 139 153 181 18 103 28 9 33 9 14 134 52 178 195 158 69 64 122 128 6 17 186 78 60 193 104 126 177 126 164 59 21 150 192 68 128 6 17 171 63 171 135 137 48 137 188 39 132 142
39
9 70 7
177 16 177
63 35 22 63
153 23
8 34 31
103 89 41
66 44
186 186 55
121 121 58
69 64 69
48 48 76
77 90 77
135 97
39 115 39
60 124 60
106 106 127
140 129 140
33 33 133
150 141 150
151 144 167 151
139 145
21 21 157
118 183
38 197 38
158 158
178 178
14 14
181 181
30 30
174 174
46 46
159 159
108 108
195 195
3 3
91 91
137 137
93 93
4 4
