149 14 68 75 59 4 36 42 2 45 80 20 18 37 51 74 23 79 29 43 28 33 66 64 55 38 47 8 17 78 53 31 94 39 87 54 88 71 61 81 70 92 32 73 58 12 65 34 21 56 13 52 49 90 10 5 25 6 83 16 96 76 48 97 57 63 60 19 41 67 50 62 86 95 91 82 149
76
83 1 83
12 3 12
64 64 7
61 9 61 46
6 11 6
86 27 86 15
38 38 22
149 24
49 49 26
50 50 30
8 8 35
65 40 65
37 44 37
42 42 69
57 72 57
82 82 77
47 84 47
21 21 85
5 89 5
94 93 94
91 98 91
23 99 23
76 100 76
2 2
4 4
10 10
13 13
14 14
16 16
17 17
18 18
19 19
20 20
25 25
28 28
29 29
31 31
32 32
33 33
34 34
36 36
39 39
41 41
43 43
45 45
48 48
51 51
52 52
53 53
54 54
55 55
56 56
58 58
59 59
60 60
62 62
63 63
66 66
67 67
68 68
70 70
71 71
73 73
74 74
75 75
78 78
79 79
80 80
81 81
87 87
88 88
90 90
92 92
95 95
96 96
97 97
