PlmPdVeiiHQg3JYZCDWt xcisI0PJDdG9nIuyj3IS m1A3pMC42PQioFziqK5C uNMLlt0W1KUwk2d6EP98 VuvjJGf6deKVAQ0JUD4i TpLamlzpT6GwerxzVsxr PIekFeWZsA6etqyFB2SF UkqILZ2p4EbRuMBIrGXp qOK6WPKQJA4Q9XqXgSgT CofLnw0Ss4pVGWmPS5oO cUanhOambcNkocePqfvx KOLHrmR3FKDMdl4SYdK9 g0ywcwildP9K6oBendJq iFXIyHTPBX7ivXxsV1VM VXU331oDUcuzaGGUYIl9 ANdko3dYAy7a2BOq7wpm uaR7l3Qhn4FRAnSeVURz EVtx7khff7Fs8yuuQKJx 4S2YiI3VYPKghkl95iqK nKDJ3ylOzub2eWcHnAhq E8pbRn7LIeWnB3swkYzz PWUaVYPeofxjJdT472wG 4QLswP82Wvxw9Z42obzh NXYVlLN4oRDZThND0BmP dvxgUZzwjHAP85QpElWp KjQNU2EAAYEZSeJWPxLM DF1KTiOHBIkswyjh8uB1 Vh6ScHVb39wz7CmKwIuA 2chOacZ5nNYuf6eeGFSW kwA1qrRggH9YLKcVfIe5 kaVGl3oG0Ulg2MgkbJB8 3rqlQRwe5izypHjXjWla jVItWJkETNqrkY47Hghp EY9cQTmyqhrzeZsobQa5 JakuJordFcO229c3L5ct AmAHnr1XXkPpwJ6DUDIO WsVMGV8yZisK6ojnqzBE 1tmkPhHujDQhTmW4oV7S Osa2UT4anhyBl7doUFs5 a06qeiApctGnC1GMtGuJ XdyhPab6W9wOZnKLq1fq 9zoM12ZWjXrKaszveCQH o85TEEBuzMbePdf5cbCv ML4pCjYl4gPEwSnvlRaD E59siIyngnj5PIsLeowv 3M9YkxmgHhrzhCgskWR0 dsndgEJWfBsFA2I3Hgqf zforAf5jhSPEL0aOiCeo 7yt9hKqOEGabqtqIEmdH yKQw7YXCNsthb1VWEFur ukPtLY7YueARRkX8hPaS 7qCgmo7DrrfnVQIWnbiV 1wRG7TNgo9ui6iZBLuaw nsq4rhHWMCaIVcah5fcd Zzs5CIqF9Ll2avkxI78N MEVVMgbTLIgXdG4vAbeX N5YDsCDN1lKguyHbn4Zb Tr6dOTuKB3EM5juuJxqy C6w7afZujemehEooILjN MSj6zOuZ0EoAKjP4wXXW x5UVX06335fM5pfCNBMU Dwi7fYT8wa9I4Kzyto4Y 2Cz4Y4eG1XIezf9qpdQl tX1uDaXm9hMlEKqU7m9j 060q0aISPODkGeAbYbQ6 LXqfTqJggDSh6mykPyz3 eUyNsK7nwP1YPac54CbU U7iVliqmXRkLwyPSNdfv ChEnlTNCMoqxBfyzEzW7 zvH9G6FQ1xC7CVezs43e YmmIBqqdn3Z6PuFXWNHi YIxKvTpWMaQKGFtD5BDH q4nqG9N45SSRxndw48Xl WZsO2i9GZwvMYoV9SyKS 6WGzUhXeOltLDbkIvTzq JWIkMKKlAG6fUoRVxKKI 8RfB73Lw8C9LbSwIxA9Q GUntLlYA0xo9Vk4WLTLV gdO0wiBlQ8wFbeNyGtx5 PlmPdVeiiHQg3JYZCDWt
78
2Cz4Y4eG1XIezf9qpdQl 2Cz4Y4eG1XIezf9qpdQl 48BAUsycKlkSkbOjYLFN
LXqfTqJggDSh6mykPyz3 1JawjZrawLlOCGN1EB0O LXqfTqJggDSh6mykPyz3
gdO0wiBlQ8wFbeNyGtx5 iwJGcbQH2bifG6D82Iel gdO0wiBlQ8wFbeNyGtx5
PIekFeWZsA6etqyFB2SF PIekFeWZsA6etqyFB2SF irZyMKazQALnyfoOCtbL
4S2YiI3VYPKghkl95iqK 4S2YiI3VYPKghkl95iqK GzSNGBn4EPemDLEWXNxx
iFXIyHTPBX7ivXxsV1VM cYMPcE5UNSzOtkRY62gr iFXIyHTPBX7ivXxsV1VM
UkqILZ2p4EbRuMBIrGXp UkqILZ2p4EbRuMBIrGXp nyd0fM2XE4qmli1xfIwr
4QLswP82Wvxw9Z42obzh IxWh6LSiXwGUWSx9VJ39 4QLswP82Wvxw9Z42obzh
6WGzUhXeOltLDbkIvTzq 804aK8wEArkuheeUiB4R 6WGzUhXeOltLDbkIvTzq
Vh6ScHVb39wz7CmKwIuA hZHynIvymuQxD6BftzWt Vh6ScHVb39wz7CmKwIuA
E59siIyngnj5PIsLeowv WErk2X2lm629vuxPHVtl E59siIyngnj5PIsLeowv
Dwi7fYT8wa9I4Kzyto4Y Dwi7fYT8wa9I4Kzyto4Y EkRPPDhcu5ww6XulSOgx
tX1uDaXm9hMlEKqU7m9j NA24XhOMsROCBnUViAJT tX1uDaXm9hMlEKqU7m9j
N5YDsCDN1lKguyHbn4Zb ELEJN8tWDJT7mLhCdqW3 N5YDsCDN1lKguyHbn4Zb
jVItWJkETNqrkY47Hghp jVItWJkETNqrkY47Hghp YFXFh0nBpGYXfL8mfny3
Osa2UT4anhyBl7doUFs5 Osa2UT4anhyBl7doUFs5 RuUdtXtfFCKpaLUcmsqg SNmFiRdCmf8vg1yMqr30
zvH9G6FQ1xC7CVezs43e zvH9G6FQ1xC7CVezs43e k8LvqKsQ4ejh0bCWs4fP
YIxKvTpWMaQKGFtD5BDH YIxKvTpWMaQKGFtD5BDH 76b3evP8JEiQ8c6jd2b5
DF1KTiOHBIkswyjh8uB1 DF1KTiOHBIkswyjh8uB1 W9TKm0U6bNDZ1Aok7hNH
1tmkPhHujDQhTmW4oV7S BWhyt9wATIprZDhzxwVv 1tmkPhHujDQhTmW4oV7S
m1A3pMC42PQioFziqK5C yD8JCRUWcVAZxJ4ZDldr m1A3pMC42PQioFziqK5C
MEVVMgbTLIgXdG4vAbeX MEVVMgbTLIgXdG4vAbeX
YmmIBqqdn3Z6PuFXWNHi YmmIBqqdn3Z6PuFXWNHi
nKDJ3ylOzub2eWcHnAhq nKDJ3ylOzub2eWcHnAhq
JakuJordFcO229c3L5ct JakuJordFcO229c3L5ct
ChEnlTNCMoqxBfyzEzW7 ChEnlTNCMoqxBfyzEzW7
o85TEEBuzMbePdf5cbCv o85TEEBuzMbePdf5cbCv
g0ywcwildP9K6oBendJq g0ywcwildP9K6oBendJq
3M9YkxmgHhrzhCgskWR0 3M9YkxmgHhrzhCgskWR0
7qCgmo7DrrfnVQIWnbiV 7qCgmo7DrrfnVQIWnbiV
qOK6WPKQJA4Q9XqXgSgT qOK6WPKQJA4Q9XqXgSgT
WsVMGV8yZisK6ojnqzBE WsVMGV8yZisK6ojnqzBE
060q0aISPODkGeAbYbQ6 060q0aISPODkGeAbYbQ6
NXYVlLN4oRDZThND0BmP NXYVlLN4oRDZThND0BmP
Tr6dOTuKB3EM5juuJxqy Tr6dOTuKB3EM5juuJxqy
dsndgEJWfBsFA2I3Hgqf dsndgEJWfBsFA2I3Hgqf
kaVGl3oG0Ulg2MgkbJB8 kaVGl3oG0Ulg2MgkbJB8
eUyNsK7nwP1YPac54CbU eUyNsK7nwP1YPac54CbU
9zoM12ZWjXrKaszveCQH 9zoM12ZWjXrKaszveCQH
zforAf5jhSPEL0aOiCeo zforAf5jhSPEL0aOiCeo
nsq4rhHWMCaIVcah5fcd nsq4rhHWMCaIVcah5fcd
ukPtLY7YueARRkX8hPaS ukPtLY7YueARRkX8hPaS
3rqlQRwe5izypHjXjWla 3rqlQRwe5izypHjXjWla
yKQw7YXCNsthb1VWEFur yKQw7YXCNsthb1VWEFur
uaR7l3Qhn4FRAnSeVURz uaR7l3Qhn4FRAnSeVURz
KjQNU2EAAYEZSeJWPxLM KjQNU2EAAYEZSeJWPxLM
XdyhPab6W9wOZnKLq1fq XdyhPab6W9wOZnKLq1fq
AmAHnr1XXkPpwJ6DUDIO AmAHnr1XXkPpwJ6DUDIO
U7iVliqmXRkLwyPSNdfv U7iVliqmXRkLwyPSNdfv
EVtx7khff7Fs8yuuQKJx EVtx7khff7Fs8yuuQKJx
WZsO2i9GZwvMYoV9SyKS WZsO2i9GZwvMYoV9SyKS
uNMLlt0W1KUwk2d6EP98 uNMLlt0W1KUwk2d6EP98
2chOacZ5nNYuf6eeGFSW 2chOacZ5nNYuf6eeGFSW
VuvjJGf6deKVAQ0JUD4i VuvjJGf6deKVAQ0JUD4i
ML4pCjYl4gPEwSnvlRaD ML4pCjYl4gPEwSnvlRaD
Zzs5CIqF9Ll2avkxI78N Zzs5CIqF9Ll2avkxI78N
JWIkMKKlAG6fUoRVxKKI JWIkMKKlAG6fUoRVxKKI
ANdko3dYAy7a2BOq7wpm ANdko3dYAy7a2BOq7wpm
MSj6zOuZ0EoAKjP4wXXW MSj6zOuZ0EoAKjP4wXXW
cUanhOambcNkocePqfvx cUanhOambcNkocePqfvx
CofLnw0Ss4pVGWmPS5oO CofLnw0Ss4pVGWmPS5oO
kwA1qrRggH9YLKcVfIe5 kwA1qrRggH9YLKcVfIe5
EY9cQTmyqhrzeZsobQa5 EY9cQTmyqhrzeZsobQa5
TpLamlzpT6GwerxzVsxr TpLamlzpT6GwerxzVsxr
8RfB73Lw8C9LbSwIxA9Q 8RfB73Lw8C9LbSwIxA9Q
C6w7afZujemehEooILjN C6w7afZujemehEooILjN
1wRG7TNgo9ui6iZBLuaw 1wRG7TNgo9ui6iZBLuaw
q4nqG9N45SSRxndw48Xl q4nqG9N45SSRxndw48Xl
E8pbRn7LIeWnB3swkYzz E8pbRn7LIeWnB3swkYzz
dvxgUZzwjHAP85QpElWp dvxgUZzwjHAP85QpElWp
x5UVX06335fM5pfCNBMU x5UVX06335fM5pfCNBMU
a06qeiApctGnC1GMtGuJ a06qeiApctGnC1GMtGuJ
xcisI0PJDdG9nIuyj3IS xcisI0PJDdG9nIuyj3IS
7yt9hKqOEGabqtqIEmdH 7yt9hKqOEGabqtqIEmdH
GUntLlYA0xo9Vk4WLTLV GUntLlYA0xo9Vk4WLTLV
PWUaVYPeofxjJdT472wG PWUaVYPeofxjJdT472wG
KOLHrmR3FKDMdl4SYdK9 KOLHrmR3FKDMdl4SYdK9
VXU331oDUcuzaGGUYIl9 VXU331oDUcuzaGGUYIl9
