myBc2oGXtwQIbhN8LZB1 6X2CNJieZ0I5rs3Wfu65 nmetx4LmU9YBYTmghDrT jHmvxfAZsjs2mCnHbbFf fpPjeU3Q7Ml0oxbNnONE 6yzFaM9N8M8BsjLACDds yAYyOcL4ZKdEiLdSPQJm RBvtNZMBTgecfVkYzQF0 w5Yg5o0VnYd77fs4XPRL jy3jNWgqegakpFSv6gUm oTKjE2BVS0AvV4XvUeLk e3j3O8zLHFaoF4L54lX4 zWpsWJk9vbOt0JkC0vhz X0l14s0sRXjXSeLRZLOJ j2d1svPUTAqQIDPXwffl lRM59z2yUMoVl3kzgo9u KtbSULrz2h1IxsKP2DHz UMmbOoOKP6EkLMuN70H3 o9aZyqilfPONdyLlpTRX ki0pv73E3TweydEr2xMN saIZq3FqZhdVPNoQWmqU qz4O4bOhKA0YZxpN4mu9 C4VxHS7oWghMg001nCqT MrSQPZSbMdgYshneAfKf m1eNgjuhkxodElFqqgdb ZhHxBzOYsJAOHrqq4mZM wy0RiFWOddqgqdcatQ9A 9OL9rFCWxsvkui0BnJrR 69TQpRojisYUrVnWqBaA q1ntlEPy5TkjTDK1N7QA fbJ1XhavEsRSCGVVB1U1 olDP1pNg8HxpvCq8TOIJ K674cUKePzN7aRSq4iqU o53aRQwjhcCKlIFPSjvf o2dWBGyrvosFrr6mKxkG EY74ASuADSlYlDTJLkL6 uNXUIWejT1w4vLTe7QBt VThEkwdtHmaZ1zsmfh4s myBc2oGXtwQIbhN8LZB1
38
C4VxHS7oWghMg001nCqT C4VxHS7oWghMg001nCqT lYkJhGqsFKbDklNelAfr
myBc2oGXtwQIbhN8LZB1 vy2boLWO2lxg10y7uS0y
lRM59z2yUMoVl3kzgo9u lRM59z2yUMoVl3kzgo9u bVCSBWLjvEmxQEUvDzc4
o2dWBGyrvosFrr6mKxkG SUNxIlWVwIvWYg6OTKeH o2dWBGyrvosFrr6mKxkG
X0l14s0sRXjXSeLRZLOJ X0l14s0sRXjXSeLRZLOJ 1GbSD7rTlpNb4qV46SKR
nmetx4LmU9YBYTmghDrT nmetx4LmU9YBYTmghDrT FMx2ghinkTg3bXUUbaTx 1ZOzWuPMAgV9noIUn6fI
jHmvxfAZsjs2mCnHbbFf 4jo8IXw984NR3wvT2Dr9 jHmvxfAZsjs2mCnHbbFf
KtbSULrz2h1IxsKP2DHz KtbSULrz2h1IxsKP2DHz RpB10dFWsUl9DC779n8X
e3j3O8zLHFaoF4L54lX4 e3j3O8zLHFaoF4L54lX4 5f6BSghRQWi4UfjviKjn
MrSQPZSbMdgYshneAfKf MrSQPZSbMdgYshneAfKf GvRFaXYJvrU5PAeeG88T
VThEkwdtHmaZ1zsmfh4s LJTA7Za5kd0YC7vjiAyc VThEkwdtHmaZ1zsmfh4s
K674cUKePzN7aRSq4iqU K674cUKePzN7aRSq4iqU jjCSZnB5168QDqTrFROq
RBvtNZMBTgecfVkYzQF0 RBvtNZMBTgecfVkYzQF0
m1eNgjuhkxodElFqqgdb m1eNgjuhkxodElFqqgdb
qz4O4bOhKA0YZxpN4mu9 qz4O4bOhKA0YZxpN4mu9
o53aRQwjhcCKlIFPSjvf o53aRQwjhcCKlIFPSjvf
fpPjeU3Q7Ml0oxbNnONE fpPjeU3Q7Ml0oxbNnONE
9OL9rFCWxsvkui0BnJrR 9OL9rFCWxsvkui0BnJrR
zWpsWJk9vbOt0JkC0vhz zWpsWJk9vbOt0JkC0vhz
uNXUIWejT1w4vLTe7QBt uNXUIWejT1w4vLTe7QBt
69TQpRojisYUrVnWqBaA 69TQpRojisYUrVnWqBaA
j2d1svPUTAqQIDPXwffl j2d1svPUTAqQIDPXwffl
ZhHxBzOYsJAOHrqq4mZM ZhHxBzOYsJAOHrqq4mZM
jy3jNWgqegakpFSv6gUm jy3jNWgqegakpFSv6gUm
q1ntlEPy5TkjTDK1N7QA q1ntlEPy5TkjTDK1N7QA
oTKjE2BVS0AvV4XvUeLk oTKjE2BVS0AvV4XvUeLk
UMmbOoOKP6EkLMuN70H3 UMmbOoOKP6EkLMuN70H3
EY74ASuADSlYlDTJLkL6 EY74ASuADSlYlDTJLkL6
6X2CNJieZ0I5rs3Wfu65 6X2CNJieZ0I5rs3Wfu65
w5Yg5o0VnYd77fs4XPRL w5Yg5o0VnYd77fs4XPRL
ki0pv73E3TweydEr2xMN ki0pv73E3TweydEr2xMN
o9aZyqilfPONdyLlpTRX o9aZyqilfPONdyLlpTRX
olDP1pNg8HxpvCq8TOIJ olDP1pNg8HxpvCq8TOIJ
saIZq3FqZhdVPNoQWmqU saIZq3FqZhdVPNoQWmqU
yAYyOcL4ZKdEiLdSPQJm yAYyOcL4ZKdEiLdSPQJm
wy0RiFWOddqgqdcatQ9A wy0RiFWOddqgqdcatQ9A
6yzFaM9N8M8BsjLACDds 6yzFaM9N8M8BsjLACDds
fbJ1XhavEsRSCGVVB1U1 fbJ1XhavEsRSCGVVB1U1
