xse rsg ckx kfu aeu cen uok ybr jam dkp nsw ils jfh qjf uwo bod yug qkp qdw zkt ljd gex pjf gex nii bkg qxs byu ruo hmi vtd aeg rjv ttw ptu uau svk mti svk agh nry cun nhi vzr fyc qbf wiy emz vmt uuw kxn adx vlb dgl rir ksg tlh nko fbk vmv fjy nvz lvm fia nmf pvs fzi lwk nfr lrj nfr rtc txq qwk hpx xme khu xnr xse
67
mti mti vvn
ckx loj zdb zud ckx
ttw ttw bda
nmf nmf ocp
txq txq aii
vlb fgp mok
fjy fjy kpp
vzr jgt vzr
ljd tso tdu cma ljd
qjf tko qjf
pjf pjf wyg
ils hcr ils miy
khu nwc fhv khu
dgl dgl fin
bod bod ogh krr
xme xme vwg
lrj bdh lrj
tlh tlh xjt
rjv idv rjv
pvs ikb pvs
agh bnl
aeg xeh aeg
hpx wbg hpx
nii ukv nii
jam phg jam
cen cen ego
adx adx
fbk fbk
vtd vtd
uwo uwo
ybr ybr
vmv vmv
lvm lvm
fzi fzi
uau uau
fia fia
byu byu
hmi hmi
uok uok
nfr nfr
qbf qbf
wiy wiy
cun cun
rtc rtc
nry nry
yug yug
ptu ptu
lwk lwk
zkt zkt
uuw uuw
nhi nhi
nko nko
qdw qdw
kxn kxn
ruo ruo
nsw nsw
rsg rsg
gex gex
emz emz
fyc fyc
vmt vmt
jfh jfh
ksg ksg
kfu kfu
svk svk
qxs qxs
nvz nvz
