azv oqv xie dqy ijd jwx yvc wpu brw cwq gcw mtd eqa ipq yfq ncc cim gei ctf hsi pzr hwc scm uon hlc qzx uua rcw cvb vxn rfl uyd rov zuz ivp hcc sau txp ufa cib mpw ykc azv
38
pzr wcd pzr
eqa eqa mis
oqv rti oqv
scm scm aur
wpu hip yiy
uyd uyd gfr
hcc jvc hcc
xie xie hyb
mpw mpw boc
ijd ovx ijd
zuz lmh zuz
ncc vfq ncc
gcw gcw
azv azv
ipq ipq
rcw rcw
rfl rfl
jwx jwx
yvc yvc
ufa ufa
hwc hwc
sau sau
gei gei
hsi hsi
dqy dqy
ctf ctf
cim cim
yfq yfq
vxn vxn
cib cib
rov rov
uua uua
qzx qzx
brw brw
mtd mtd
hlc hlc
cwq cwq
ivp ivp
