zMnoKpsz12d1Y6CixoCL vPVOeWczn8eJlf3Gviol BKvWsgveG3lQHgeNBv62 ybqDdUoaPknlNwzZFeto kHWDWFJURX8TBbDnLSlR M3MAG2lM6nUmTjQ3nD4D YqOJXOtRcgzFFRGKRutM RIRtIJewArUY7i7A6OEl 50qWynRev5CSErzk8Yih JOo21iuZtHvP9sSModQZ e7oVwvEXzQVG9DeK8uQS BVbv363irLjfCXrWQjqn IcoYVabhkC8yNYJgy44V B56U06r3nz3RZaXVmiK2 WCUwzDEkBlRrgSeSv9vv jS5XJP3bXemMgWyvfsmt g6l3PryZJRSAXJGUyq22 FwLnZPETaUkrkp7dE0hH dakEfF8eF1B4IYsSGGLe oJor9EUgXhaXPDmChml7 GhNWfyijkz8OKJbptIGO hzqXRQPGO5tnMpQYDdxn 5jE3DcSbPJWRITx0u2Kf UkKARQyd3ZxfrQwOeW0R hH5yU5IgxmmStVnXEBJ1 fat0ktgmwPXvqLhmWfJ0 1Tm2BSSz9mj8o3m9o0TB OcyqfDTyG7wfT1rvpitz TuA4wNSOMjTMUxZ5fZWx QHym2s92VJ8ycxMeFawz PVcbdr9b4cXQbbu8InjK WErCaTW8MMgw3ZAta1gT zMnoKpsz12d1Y6CixoCL
27
FwLnZPETaUkrkp7dE0hH ZvocIzADG7dBR58wmnu8 9c21VhIQJbtu6kG4NZT4 KBGTLYOWLSviflcWwd9y
IcoYVabhkC8yNYJgy44V U8fsnzMIN4aMdzToihTq dBvruVRsFq4ihmzPj7nf GaG5DAqLVuTD09GfUl6l
QHym2s92VJ8ycxMeFawz QFT8yfDPa0xDNdRMchX3 KP4zLIZ5LMWJ6mkRn6BX pkPHvGrHHriGlmiL3mRW
JOo21iuZtHvP9sSModQZ T7hLF9jTtc4htoAH0PWD oDA5VKbLZuTPP2ZEB14d QmCq2RCVgnssPOgSwAr8
1Tm2BSSz9mj8o3m9o0TB 07iKiKtYzy9bLoKUo0ve 5VNO6t8qAcR3d5jJgfi4 ZcpnIKUrL8i4GzxAolZX
RIRtIJewArUY7i7A6OEl cthtNVKVABeolrPabegT FqxzURcIHYyg2FOpiXCN szEChRtMF49nUq5i634G
dakEfF8eF1B4IYsSGGLe 9XhdonQsTDmLQknJ4xeP yE3wNgUIJB0oZwUjLCMo YIAlamFOfZeHd5qDll32
kHWDWFJURX8TBbDnLSlR W8ft2Hcg1VXPVNTpprS3 dUDrtIP8WIldh2FT7uba mTYxpEwVJTp369cmBN7S
hzqXRQPGO5tnMpQYDdxn bclRgmmOqfg3PHQz06qB 8s4ukhLgGBoor0D87KUr XKYNaFpYuIx7Zx7vNANa
GhNWfyijkz8OKJbptIGO EvdCmEq3CXPDtnZYkiVu VxRxz5foWagBafuSz1m4 lcq8BXTLE4WDnj4JF3yo
5jE3DcSbPJWRITx0u2Kf gM8AHyLc0ZjUxmDMuXzJ NieXnWTTyXxCRp5CSl0i 9q9h29089dBsNERnjXsd
B56U06r3nz3RZaXVmiK2 Y0dqIYSR4P9Br1Cq3f9U MyPRIiIVlLarPoP5nZfy xBNbU9Yu51mQvClxjQdr
TuA4wNSOMjTMUxZ5fZWx JzMVZjOikutQZg00S8wX WdpiLe9uZpnuS9WMphYw jdgXkfbupFQ0XUNJEyvU
hH5yU5IgxmmStVnXEBJ1 oougNPfNRCSRCWJrOUlb Y2BEa9hp0T63SlTWXenG 3mTCmcCkVhhFn533BM03
OcyqfDTyG7wfT1rvpitz G6KTAOxQU8MNiSLazU1t sNJuS4R6b6KAUX5QI4md uqAmYQiu3O0THeAaPzKH
jS5XJP3bXemMgWyvfsmt Vv2apUMOUSvB9J5u8yJr CcIlGrru613gqyngyuYo ZSg6FSZaRCTLmeHoLgMI
g6l3PryZJRSAXJGUyq22 RvFA5khunRjN3Z7dmUKr Armxs904ujfdAYn9LtOF 2DqN6NYyebkVczAnrbNI
oJor9EUgXhaXPDmChml7 TzlCRBgA0Q2cCjETm7Vx FDT7h4JKMRWa9fcDNmXs C3qGKxHtliSTI7oOnHoB
YqOJXOtRcgzFFRGKRutM HAc1Ylu9mrUmnheKISnK JPD2uBroiElzO4z72vhQ Ryx97mzVLWHytqmLAKlJ
BVbv363irLjfCXrWQjqn 34ScKN0pHkNmnxdkoIOC MDHuBmBbeFOGqzpuNmVz nfdt04yvrwrpPVPzIy2c
50qWynRev5CSErzk8Yih Vkpfkc0JUDpakJkZipKD 3fQHkf8pseCy7Ys4Kez5 QTgsp1BfPDsixeeH6QUT
e7oVwvEXzQVG9DeK8uQS ARorC1kPdEun4czh3dmX olgHJpCT79b6HED7FUWa bUGtOHLCdzsNiRxcLtaT
M3MAG2lM6nUmTjQ3nD4D z2nBS9pweVYpDmW0fMRS GfpGWz1SaDeisCQVEJrI PrzulPuk0tqiNKmdjp0X
ybqDdUoaPknlNwzZFeto WELPo1XEQnG4JejlB13A z6gtkXCB2ntSiYsjrque FHGlzd4VlMUVjTba9Qjm
UkKARQyd3ZxfrQwOeW0R JKKWZrMfMDLTYQt6t5Ap OMLAPgVr1RosMrpENk9K u91JdIwHTd2zumpXCvmK
WCUwzDEkBlRrgSeSv9vv ofmz95sRAyIS0ShQndvb 5cjkSqVe5mFfFhCgwe8r 15e7umNMnawEegsOhkYh
fat0ktgmwPXvqLhmWfJ0 qSLkk45Evo68Y4JhMUq7 mNuLv0WHsIRpWEdSUREd mUERvxQcAO2XlgBTPRGA
