Vernon Anaheim Vernon Helm Tijuana Cressey Calaveras Smoke Escondido Yurok Garcia Collins Mecca Flinn Dulzura Roseland Bonny Woody Pleasant Anaheim Sulpizio Timbuctoo Durham Delta Pacheco Lake Stockdale Coulterville Buena Coddingtown Sacramento Downtown Del Blue Three Fullerton Balboa Chittenden Sunny Huron Clayton Hoffman Kaiser Rowland Cudahy Santa Bangor Crestmont Beach Marshall Industry Warner Parchester Quail Stanton Bell Brundage Bell Bodad Richvale Le Rough Ramona Downtown Huron Cerro Temecula Vernon
56
Beach California Beach
Rowland Rowland Portola Civic
Bell Forbestown Bell Bradley
Santa Sherman Santa
Quail Terra Quail
Brundage Cypress Winterhaven Brundage Capuchino
Sunny Strawberry Sunny
Delta Delta Veterans
Buena Yankee Buena
Stockdale All Stockdale Robertsville
Hoffman Hoffman Wallace Potrero
Coddingtown Donner Coddingtown Escalon
Yurok Alamo Yurok
Cressey Cressey Hammer
Bangor Saint Bangor Smith
Chittenden Fox Armstrong Chittenden Costa
Three Three Ritter
Balboa South Balboa
Crestmont Louis Crestmont
Anaheim Industrial Anaheim
Pleasant Pleasant Cambridge
Blue Bonny Blue
Cerro Glencoe Cerro
Escondido Fiorini Escondido
Tijuana Tijuana Manker Moores
Roseland Presidio Roseland
Clayton Clayton Grasslands
Downtown Davenport Downtown
Timbuctoo Timbuctoo Antelope
Helm Helm Carmel
Temecula Temecula Pacheco
Warner Warner Bakersfield
Sacramento Sacramento Cabbage
Richvale Richvale
Le Le
Woody Woody
Industry Industry
Mecca Mecca
Bodad Bodad
Calaveras Calaveras
Kaiser Kaiser
Dulzura Dulzura
Rough Rough
Parchester Parchester
Huron Huron
Fullerton Fullerton
Cudahy Cudahy
Ramona Ramona
Garcia Garcia
Lake Lake
Collins Collins
Marshall Marshall
Flinn Flinn
Smoke Smoke
Sulpizio Sulpizio
Del Del
