Encanto All Bonita Cherokee Clayton Presidio Glencoe Costa Riverside Pumpkin Kentfield Welden Woodbridge Vernon Green Shafter Mount Jane Woffard Helm Smoke Mount Warner Home Vista Ames Forest Cypress Santa Beach Welden Yurok Ida Moccasin Encanto
26
Welden Welden Banning
Woffard Woffard Laguna
Beach Ramona Sherman Beach Kern
Bonita Bonita Richvale
Vernon Garden Delta Vernon
Cypress Elmira Forest Cypress
All All Chinese
Riverside Homestead Riverside Foothills
Yurok Granite Yurok
Santa Santa Quail
Moccasin City Moccasin
Jane Los Jane
Kentfield Pumpkin Kentfield
Glencoe Glencoe McAuley
Clayton Two Clayton
Ames Ames Alpaugh
Smoke Smoke Costa
Woodbridge Willow Woodbridge
Warner Cabbage Warner
Cherokee Cherokee
Vista Vista
Presidio Presidio
Mount Mount
Shafter Shafter
Encanto Encanto
Green Green
