loc0 loc87 loc45 loc79 loc15 loc75 loc85 loc7 loc65 loc97 loc71 loc5 loc21 loc17 loc1 loc91 loc75 loc43 loc95 loc49 loc12 loc19 loc13 loc23 loc9 loc53 loc39 loc77 loc37 loc99 loc47 loc27 loc31 loc0
31
loc39 loc3 loc69 loc39
loc9 loc9 loc11
loc21 loc25 loc21
loc7 loc29 loc7
loc85 loc33 loc85
loc17 loc81 loc17 loc35 loc89
loc49 loc41 loc49
loc53 loc51 loc53
loc99 loc99 loc55
loc47 loc57 loc47
loc1 loc1 loc59
loc5 loc5 loc61
loc65 loc65 loc63
loc31 loc67 loc31
loc0 loc73
loc45 loc83 loc45
loc91 loc91 loc93
loc13 loc13
loc15 loc15
loc19 loc19
loc23 loc23
loc27 loc27
loc37 loc37
loc43 loc43
loc71 loc71
loc75 loc75
loc77 loc77
loc79 loc79
loc87 loc87
loc95 loc95
loc97 loc97
