loc0 loc109 loc33 loc195 loc161 loc97 loc183 loc159 loc65 loc93 loc179 loc181 loc37 loc81 loc188 loc113 loc133 loc107 loc25 loc193 loc63 loc169 loc4 loc163 loc99 loc9 loc129 loc175 loc83 loc21 loc15 loc89 loc39 loc151 loc173 loc85 loc197 loc187 loc123 loc47 loc139 loc171 loc1 loc55 loc167 loc115 loc19 loc145 loc149 loc121 loc3 loc121 loc95 loc71 loc61 loc114 loc11 loc75 loc127 loc69 loc185 loc144 loc77 loc21 loc41 loc17 loc35 loc120 loc103 loc51 loc0
62
loc139 loc139 loc5 loc143
loc129 loc129 loc165 loc7
loc185 loc185 loc13
loc3 loc3 loc23
loc71 loc27 loc71
loc93 loc93 loc29
loc61 loc61 loc31
loc35 loc35 loc43
loc159 loc45 loc159
loc63 loc49 loc189 loc63
loc81 loc81 loc53 loc111
loc99 loc57 loc99
loc107 loc107 loc59
loc17 loc17 loc67
loc133 loc73 loc133
loc103 loc103 loc79
loc51 loc51 loc87
loc187 loc91 loc187
loc149 loc101 loc149
loc47 loc105 loc47
loc169 loc169 loc117
loc9 loc9 loc119
loc145 loc145 loc125
loc179 loc131 loc179
loc123 loc123 loc135
loc167 loc137 loc167
loc33 loc33 loc141
loc41 loc41 loc147
loc95 loc153 loc95
loc115 loc115 loc155
loc163 loc163 loc157
loc77 loc177 loc77
loc181 loc181 loc191
loc121 loc121 loc199
loc1 loc1
loc11 loc11
loc15 loc15
loc19 loc19
loc21 loc21
loc25 loc25
loc37 loc37
loc39 loc39
loc55 loc55
loc65 loc65
loc69 loc69
loc75 loc75
loc83 loc83
loc85 loc85
loc89 loc89
loc97 loc97
loc109 loc109
loc113 loc113
loc127 loc127
loc151 loc151
loc161 loc161
loc171 loc171
loc173 loc173
loc175 loc175
loc183 loc183
loc193 loc193
loc195 loc195
loc197 loc197
