1 5 4 5 1 200 196 197 193 192 188 189 185 184 180 181 177 176 172 173 169 168 164 165 161 160 156 157 153 152 148 149 145 144 140 141 137 136 132 133 129 128 124 125 121 120 116 117 113 112 108 109 105 104 100 101 97 96 92 93 89 88 84 85 81 80 76 77 73 72 68 69 65 64 60 61 57 56 52 53 49 48 44 45 41 40 36 37 33 32 28 29 25 24 20 21 17 16 12 13 9 8 4 5 1
98
1 2
4 4 7
13 10 13
16 15
17 18
24 23
25 26
32 31
33 34
40 39
41 42
48 47
49 50
56 55
57 58
64 63
65 66
72 71
73 74
80 79
81 82
88 87
89 90
96 95
97 98
104 103
105 106
112 111
113 114
120 119
121 122
128 127
129 130
136 135
137 138
144 143
145 146
152 151
153 154
160 159
161 162
168 167
169 170
176 175
177 178
184 183
185 186
192 191
193 194
200 199
5 5
12 12
20 20
21 21
28 28
29 29
36 36
37 37
44 44
45 45
52 52
53 53
60 60
61 61
68 68
69 69
76 76
77 77
84 84
85 85
92 92
93 93
100 100
101 101
108 108
109 109
116 116
117 117
124 124
125 125
132 132
133 133
140 140
141 141
148 148
149 149
156 156
157 157
164 164
165 165
172 172
173 173
180 180
181 181
188 188
189 189
196 196
197 197
