Evans WursterHall Campbell WursterHall Moffit LeConte Bowles HilgardHall AshaTeaHouse ImmThai Blackwell Underhill RSF Firewings CaliforniaHall Firewings RSF Underhill Campanile Marugame Gilman BotanicalGardens ClarkKerr ThaiNoodle Dwinelle MLK LatimerHall Plentea WursterHall KroeberHall Barrows HortonHall UniversityVillage Yifang BerkeleyWayWest Yifang UniversityVillage HortonHall Barrows Unit2 Barrows BAMPFA HAAS BAMPFA Barrows KroeberHall Bowles Unit3 Bowles ZellerbachHall SatherGate GreekTheatre StrawberryCreek Plentea WursterHall Moffit HappyLemon LawrenceHall BancroftLibrary HavilandHall VLSB NorthHall SouthHall Moffit WursterHall Evans
35
SatherGate Doe GiauqueHall
VLSB VLSB HearstMining
Yifang Wheeler
Campbell DurantHall Eshelman Campbell
Unit2 Stern Unit2
CaliforniaHall CaliforniaHall InternationalHouse
HAAS Foothill HAAS Unit1
Plentea SutardjaDai Soda
Evans Cory
BerkeleyWayWest BerkeleyWayWest AlumniHouse
Unit3 Boalt Unit3
HortonHall MemorialStadium
GreekTheatre GreekTheatre CanyonPool
BotanicalGardens DavisHall BotanicalGardens
StrawberryCreek Kresge
KroeberHall Etcheverry
SouthHall SouthHall HesseHall
MLK HildebrandHall MLK
ThaiNoodle ThaiNoodle
Campanile Campanile
LeConte LeConte
Moffit Moffit
Dwinelle Dwinelle
Gilman Gilman
Bowles Bowles
BancroftLibrary BancroftLibrary
BAMPFA BAMPFA
LawrenceHall LawrenceHall
RSF RSF
Blackwell Blackwell
ZellerbachHall ZellerbachHall
Barrows Barrows
UniversityVillage UniversityVillage
HavilandHall HavilandHall
HilgardHall HilgardHall
