Ippudo Platano Gypsys EastAsianLibrary Campbell HearstMining Chipotle Yifang NorthHall DavisHall TukTukThai DavisHall NorthHall Yifang Chipotle HAAS Mezzo BerkeleyArtStudio Quicklys Firewings TopDog Jupiter LatimerHall Tilden GreekTheatre ACuppaTea Wikiwiki NoodleGirl Unit3 LaBurrita OptometryBuilding YogurtPark GreatChina YogurtPark Ucha SouthHall Crossroads TToust UniversityVillage Fengcha Ikes Eureka Ikes Fengcha UniversityVillage TToust BobaNinja TennisCourts StrawberryCreek Namaste Bowles AshaTeaHouse LeConte Cafe3 ExtremePizza LaNote ExtremePizza Cafe3 LeConte AmoebaMusic SnackShack Artichokes BerkeleyWayWest HappyLemon BerkeleyBart BigC BerkeleyBart Barrows AshaTeaHouse Bowles HearstAnnex McDonalds ZellerbachHall DurantHall Ikes Fengcha UniversityVillage TToust Crossroads TToust ImmThai BobbyGPizza Marugame Gadani CaliforniaHall HearstGym Flavia UCafe Flavia AndrewsApartment UrbanOutfitters AndrewsApartment Wheeler GSPP EastBaySpiceCompany HesseHall ThaiBasil BrandyMelville FireTrails TheHabit Homeroom Underhill HortonHall Stern ClarkKerr Plentea ClarkKerr Stern HortonHall Underhill SteamTrains Underhill Wikiwiki Underhill SteamTrains BotanicalGardens Milkbomb Blackwell SuperDuperBurgers ThaiBasil HesseHall Kips HesseHall EastBaySpiceCompany GSPP Wheeler AndrewsApartment Flavia SmokesPoutinerie Flavia HearstGym WursterHall HearstGym Flavia UCafe UniversityVillage Fengcha Ikes BetaLounge Ikes SweetheartCafe Ikes Eureka Campbell EastAsianLibrary Gypsys Platano Ippudo
65
SteamTrains JambaJuice KroeberHall
SmokesPoutinerie TheDwight SmokesPoutinerie LewisHall
Jupiter Jupiter Morganhall
McDonalds McDonalds Morrisonhall
FireTrails MulfordHall
Fengcha Fengcha Bonchon
Crossroads Ucha BanshoRamen Crossroads
LaNote LaNote TacoBell
Ikes Gongcha Ikes
BerkeleyBart SproulHall
TennisCourts TPTea Cheeseboard
GreatChina SatherGate GreatChina
BobbyGPizza Raretea
YogurtPark TraderJoes Target
AshaTeaHouse Safeway AshaTeaHouse
SuperDuperBurgers Pappys SuperDuperBurgers
WursterHall WursterHall Spats
UrbanOutfitters Cornerstone UrbanOutfitters
ClarkKerr TripleRock ClarkKerr
Artichokes Artichokes LowerSproul
HortonHall HortonHall Shengkee Slivers
Campbell MemorialGlade
Cafe3 ThaiNoodle Cafe3
Wikiwiki Wikiwiki Teazone
Plentea PokeBar Plentea
TukTukThai Venus BSC TukTukThai
BigC BigC TenderGreens
SweetheartCafe SweetheartCafe PeoplesCafe
Gadani HalalGuys Gadani
LeConte ChezPanisse
BetaLounge Rachas BetaLounge
LatimerHall LatimerHall Gather
BerkeleyArtStudio SaturnCafe BerkeleyArtStudio
AndrewsApartment GrizzlyPeak AndrewsApartment
EastAsianLibrary LittleCampanile EastAsianLibrary
Kips Muraccis Kips
NorthHall NorthHall
OptometryBuilding OptometryBuilding
Firewings Firewings
HappyLemon HappyLemon
Yifang Yifang
UCafe UCafe
StrawberryCreek StrawberryCreek
Underhill Underhill
Marugame Marugame
Chipotle Chipotle
ImmThai ImmThai
Milkbomb Milkbomb
Mezzo Mezzo
Quicklys Quicklys
TopDog TopDog
Gypsys Gypsys
SnackShack SnackShack
ThaiBasil ThaiBasil
Eureka Eureka
Platano Platano
EastBaySpiceCompany EastBaySpiceCompany
ExtremePizza ExtremePizza
TheHabit TheHabit
Homeroom Homeroom
BobaNinja BobaNinja
Wheeler Wheeler
AmoebaMusic AmoebaMusic
LaBurrita LaBurrita
Namaste Namaste
