Loc76 Loc11 Loc51 Loc25 Loc42 Loc30 Loc68 Loc84 Loc35 Loc29 Loc37 Loc50 Loc43 Loc20 Loc79 Loc19 Loc85 Loc16 Loc1 Loc26 Loc8 Loc17 Loc3 Loc46 Loc47 Loc77 Loc39 Loc86 Loc10 Loc0 Loc31 Loc52 Loc14 Loc60 Loc78 Loc33 Loc36 Loc23 Loc56 Loc23 Loc18 Loc92 Loc15 Loc88 Loc90 Loc15 Loc49 Loc66 Loc41 Loc57 Loc93 Loc24 Loc64 Loc48 Loc58 Loc73 Loc44 Loc28 Loc65 Loc96 Loc69 Loc59 Loc76
60
Loc64 Loc64 Loc2
Loc28 Loc4 Loc28
Loc79 Loc61 Loc5 Loc79
Loc69 Loc69 Loc6
Loc58 Loc58 Loc7
Loc11 Loc9 Loc11 Loc12
Loc85 Loc85 Loc13 Loc22
Loc20 Loc20 Loc21
Loc56 Loc56 Loc27
Loc92 Loc32 Loc92
Loc60 Loc34 Loc91 Loc60
Loc77 Loc77 Loc38
Loc96 Loc40 Loc81 Loc96 Loc95
Loc88 Loc88 Loc45
Loc86 Loc53 Loc86
Loc30 Loc54 Loc30
Loc44 Loc67 Loc44 Loc55
Loc37 Loc37 Loc62
Loc84 Loc84 Loc63
Loc0 Loc0 Loc70
Loc16 Loc16 Loc71
Loc65 Loc72 Loc65
Loc46 Loc74 Loc46 Loc87
Loc1 Loc1 Loc75
Loc76 Loc80 Loc76
Loc29 Loc82 Loc29
Loc52 Loc83 Loc52
Loc93 Loc89 Loc93
Loc26 Loc26 Loc94
Loc49 Loc97 Loc49
Loc59 Loc98 Loc59
Loc19 Loc19 Loc99
Loc3 Loc3
Loc8 Loc8
Loc10 Loc10
Loc14 Loc14
Loc15 Loc15
Loc17 Loc17
Loc18 Loc18
Loc23 Loc23
Loc24 Loc24
Loc25 Loc25
Loc31 Loc31
Loc33 Loc33
Loc35 Loc35
Loc36 Loc36
Loc39 Loc39
Loc41 Loc41
Loc42 Loc42
Loc43 Loc43
Loc47 Loc47
Loc48 Loc48
Loc50 Loc50
Loc51 Loc51
Loc57 Loc57
Loc66 Loc66
Loc68 Loc68
Loc73 Loc73
Loc78 Loc78
Loc90 Loc90
