Loc48 Loc0 Loc19 Loc42 Loc23 Loc25 Loc44 Loc21 Loc47 Loc3 Loc46 Loc8 Loc15 Loc35 Loc45 Loc12 Loc31 Loc12 Loc30 Loc33 Loc17 Loc4 Loc57 Loc20 Loc27 Loc40 Loc80 Loc29 Loc43 Loc39 Loc9 Loc70 Loc6 Loc36 Loc48
30
Loc20 Loc1 Loc20
Loc9 Loc9 Loc2 Loc13
Loc23 Loc5 Loc23
Loc25 Loc25 Loc7
Loc4 Loc10 Loc4
Loc30 Loc11 Loc30
Loc31 Loc14 Loc31
Loc29 Loc16 Loc29
Loc35 Loc18 Loc35
Loc6 Loc22 Loc6
Loc42 Loc24 Loc42 Loc34
Loc17 Loc17 Loc26
Loc0 Loc0 Loc28
Loc45 Loc32 Loc45
Loc12 Loc12 Loc37
Loc15 Loc38 Loc15
Loc36 Loc41 Loc36
Loc40 Loc40 Loc49
Loc3 Loc3
Loc8 Loc8
Loc19 Loc19
Loc21 Loc21
Loc27 Loc27
Loc33 Loc33
Loc39 Loc39
Loc43 Loc43
Loc44 Loc44
Loc46 Loc46
Loc47 Loc47
Loc48 Loc48
