Shelf0 Toolbox153 Ring169 Puppy140 Mail22 Male149 Urine124 Whale114 Robot164 Poop5 Towel92 Dog168 Android196 Book171 Solar130 Nuclear18 System156 Soap53 Poop150 Robot93 Ice9 Solar162 Website190 Water135 Rollers95 Kitty98 Laptop125 Water29 Solar192 YouTube33 Crab83 Soap64 Clock139 Trees68 Whale126 Clock61 Whale31 Cat187 Whale31 Shower57 Sink109 Settings75 Flowers178 Dislike27 Book24 Ice41 Shelf40 Hnads182 Plants118 Ring60 Solar71 Fusion104 Ring161 BBQ36 Rollers14 Nuclear35 Kitty89 Horse148 Clock2 Puppy117 Ice165 Body55 Mail6 Urine108 Shoe17 Shoes8 Boat67 Shoe174 Elevator115 Towel154 Dislike143 Running177 Hnads116 Running177 Drugs195 Toolbox146 Monster73 Whale137 Shelf0
65
Clock139 Allergies88 Clock139 Websites4
Shoes8 Shoes8 Soap58 Dislike12
Monster73 Monster73 Toilet13
Drugs195 Drugs195 System79 Cat15
Ice41 Ice41 Laptop19
BBQ36 Urine20 BBQ36
Book171 Book171 Light30
Fusion104 Fusion104 Fusion34 Poop80 Breakfast85
Ice165 Ice165 Water38
Hnads116 Hnads116 Drugs39
Sink109 Monster175 Sink109 Shower47
Hnads182 Plus78 Robot51 Hnads182
Nuclear18 Toolbox72 Nuclear18
Mail6 Poop76 Mail6
Poop150 Leash77 Poop150
Mail22 Ring82 Mail22 Allergies103
Settings75 Urine97 Settings75
Robot164 Comics107 Robot164
Solar192 Solar192 Soda119
Ring169 Whale137 Ring169
Whale126 Whale126 Post158
Dislike143 Allergies176 Dislike143
Shoe174 Dog181 Shoe174
Kitty89 Kitty89 System183
Cat187 Cat187 Printer188
Solar162 Solar162 Kitty194
Dislike27 Dislike27 Soda197
Crab83 Crab83
Boat67 Boat67
Horse148 Horse148
Robot93 Robot93
Shelf40 Shelf40
Laptop125 Laptop125
Toolbox146 Toolbox146
Ice9 Ice9
Towel154 Towel154
Plants118 Plants118
Body55 Body55
Water135 Water135
Dog168 Dog168
Urine124 Urine124
Nuclear35 Nuclear35
Puppy117 Puppy117
Solar130 Solar130
Rollers95 Rollers95
Water29 Water29
Clock2 Clock2
Soap64 Soap64
Toolbox153 Toolbox153
System156 System156
Puppy140 Puppy140
Rollers14 Rollers14
Book24 Book24
Flowers178 Flowers178
Shoe17 Shoe17
Solar71 Solar71
Clock61 Clock61
Male149 Male149
Android196 Android196
Shelf0 Shelf0
Whale114 Whale114
Towel92 Towel92
Website190 Website190
Shower57 Shower57
Kitty98 Kitty98
