Horse0 Breakfast74 Ring45 Whale59 Shower11 Settings5 Rollers34 Shower15 Dislike21 Plus62 Whale22 Bird82 Ice10 Toilet20 Bird93 Water66 Leash68 Male84 Kitty14 Leash27 Monster39 Rollers48 Book41 Rollers48 Leash89 Ice38 Leash89 Shelf25 Website29 Prints23 Ice30 Comics49 Settings5 Printer53 Mail88 Poop43 Floppy64 Breakfast19 Soda57 Towel16 Breakfast42 Running77 Ring97 Allergies3 Water52 Soda57 Horse0
36
Ice30 Allergies4 Ice30
Mail88 Mail88 Robot9
Water52 Water52 Cat13
Rollers34 Websites17 Rollers34
Allergies3 Allergies3 Solar58 Towel35 Flowers98
Ice38 Towel37 Ice38
Plus62 Dislike51 Plus62
Floppy64 Horse55
Comics49 Comics49 Post61
Ice10 Ice10 Floppy63
Monster39 Monster39 Monster71
Rollers48 Rollers48 Websites81
Water66 Water66 BBQ86
Shower11 Shower11
Running77 Running77
Male84 Male84
Ring45 Ring45
Kitty14 Kitty14
Printer53 Printer53
Toilet20 Toilet20
Bird82 Bird82
Horse0 Horse0
Book41 Book41
Leash68 Leash68
Shower15 Shower15
Breakfast19 Breakfast19
Ring97 Ring97
Soda57 Soda57
Whale22 Whale22
Towel16 Towel16
Whale59 Whale59
Bird93 Bird93
Shelf25 Shelf25
Prints23 Prints23
Breakfast74 Breakfast74
Settings5 Settings5
