S F K J O W O J E J O 2 X 2 K F S B P 8 T 10 Z 5 I 1 V N U N V 1 I B2 G2 L2 Q2 Y2 X2 73 130 U3 N3 M3 58 P3 F3 K3 J3 O3 77 G3 95 L3 91 76 70 K3 F3 E3 127 Q3 Q 17 18 19 20 R Q2 R2 Z2 R2 M2 H2 C2 D2 I2 N2 T2 U2 A3 B3 57 62 68 82 Y3 X3 D3 I3 104 T3 104 I3 D3 C3 W3 80 66 60 55 Z3 Z2 R2 M2 N2 O2 J2 E2 F2 K2 P2 K2 F2 E2 D2 C2 B2 I 1 V N U D C B S
61
E A E
B B C
U D U
8 M
W W G
10 H
X X L
5 Y
X2 R W2 X2
P2 V2 P2
Q3 Q Q3
Z2 Z2 Z3
57 A2
N3 V3 N3
C3 W3 C3
L3 H3 L3
T3 R3 T3
F F
I I
J J
K K
N N
O O
P P
T T
V V
Z Z
B2 B2
C2 C2
D2 D2
E2 E2
F2 F2
G2 G2
H2 H2
I2 I2
J2 J2
K2 K2
L2 L2
M2 M2
N2 N2
O2 O2
Q2 Q2
R2 R2
T2 T2
U2 U2
Y2 Y2
A3 A3
B3 B3
D3 D3
E3 E3
F3 F3
G3 G3
I3 I3
J3 J3
K3 K3
M3 M3
O3 O3
P3 P3
U3 U3
X3 X3
Y3 Y3
