0 124 155 95 80 129 143 153 157 161 162 163 164 165 166 167 168 169 170 171 172 173 174 175 176 177 178 179 180 181 182 183 184 185 186 185 184 183 182 181 180 179 178 177 176 175 174 173 172 171 170 169 168 167 166 165 164 163 162 161 29 60 133 68 145 3 101 62 140 83 2 13 118 107 112 34 66 69 188 189 190 191 192 193 194 195 196 197 198 197 196 195 194 193 192 191 190 189 188 69 142 22 135 102 61 36 0
68
60 160 60 5 86
153 153 7
36 65 12 36
3 3 19
140 24 140
61 28 61
34 34 122 31
118 56 121 35 118
68 43 68
83 83 44
95 95 47
13 51 13
102 53 102
145 73 145 54
129 129 59
112 112 67
62 72 62
66 66 77
2 2 94
155 120 155
0 146
124 124 148
143 143 151
101 101 159
186 186 187
198 198 199
22 22
69 69
80 80
107 107
133 133
135 135
142 142
157 157
162 162
163 163
164 164
165 165
166 166
167 167
168 168
169 169
170 170
171 171
172 172
173 173
174 174
175 175
176 176
177 177
178 178
179 179
180 180
181 181
182 182
183 183
184 184
185 185
188 188
189 189
190 190
191 191
192 192
193 193
194 194
195 195
196 196
197 197
