hutmk omjfc dowbf yaxts ablxw rlfxc lnfiu gxdqt bcrwj ijofp ywion ijvuq xeljy efjns otirh lsnhz mlfbi oscrv xintv coubd tyuep cursl zsehb hopbn vmgxh artvi abupm mzlsn spuoi vczkh axmwy aqzce ugyls yzaje hutmk
31
otirh otirh yiodb
lnfiu lnfiu aeomh
cursl cursl xnysi
xeljy xeljy misyc
aqzce tejxc aqzce
hopbn hopbn qdzgs
coubd urlkt coubd
yzaje yzaje lcghr
vczkh ugamb vczkh
oscrv oscrv
mlfbi mlfbi
mzlsn mzlsn
zsehb zsehb
tyuep tyuep
omjfc omjfc
xintv xintv
ywion ywion
gxdqt gxdqt
rlfxc rlfxc
artvi artvi
vmgxh vmgxh
ablxw ablxw
ugyls ugyls
yaxts yaxts
spuoi spuoi
dowbf dowbf
bcrwj bcrwj
lsnhz lsnhz
axmwy axmwy
ijvuq ijvuq
ijofp ijofp
