hdpxs osxbc cihba wnelr bsvth htkwy frhgc rchbw htkwy vcwfj qsmkj utdhx gdovn wcjeg zntkr tndwl rjdai mtcsd drojn vobqh xlrzc kscoz jcwpu joztf cxajk aedvq pihld mujil kzwah qpbmc wkbuf kjihy gufvs mhekz syoxv maqho qbdwz tkwle armnk bkfuc olqfv pgqva yvbse lpudv gdnim syoxf stflc oewcd mhuad tjake ayrgb rzvtg oxuqn fjdqi zcjqx yqfdk ehqyk rjuxc wdquv qckjp uklga zqjxb jhlus ymcfp yazqf dbjxw tfcam xnpwq iyuas ohzfn dkjro sxdiu hwmzn nqtru rlumh egclu bwknx ahnds uiogl ebwcp pytwh hdpxs
76
mtcsd mtcsd oaeyh
dbjxw dbjxw yqtob
ahnds ahnds cqsby
qbdwz wajol qbdwz
frhgc lmwpk frhgc
cihba oxitr cihba
ebwcp bdevm ebwcp
bwknx wotiq bwknx
fjdqi ypdnb fjdqi
hwmzn hwmzn vgwoi
pihld xcvow pihld
rchbw amfiz rchbw
cxajk cxajk evtgj
oewcd cxdes oewcd osvgp
rlumh rlumh mlibf
vobqh qhvsb vobqh
nqtru tmwdy nqtru
ymcfp ymcfp lnjxt
pytwh gstwp pytwh
armnk armnk btwzv
rjdai qhibx rjdai
uiogl uiogl ktzce
lpudv evsbm lpudv
sxdiu sxdiu
qpbmc qpbmc
uklga uklga
maqho maqho
mujil mujil
xlrzc xlrzc
ayrgb ayrgb
gdnim gdnim
zqjxb zqjxb
yqfdk yqfdk
drojn drojn
ohzfn ohzfn
jcwpu jcwpu
joztf joztf
tndwl tndwl
aedvq aedvq
stflc stflc
kscoz kscoz
pgqva pgqva
utdhx utdhx
rjuxc rjuxc
dkjro dkjro
xnpwq xnpwq
bsvth bsvth
qckjp qckjp
wnelr wnelr
syoxf syoxf
zcjqx zcjqx
yazqf yazqf
bkfuc bkfuc
gufvs gufvs
kjihy kjihy
iyuas iyuas
syoxv syoxv
zntkr zntkr
jhlus jhlus
wkbuf wkbuf
kzwah kzwah
yvbse yvbse
htkwy htkwy
qsmkj qsmkj
mhekz mhekz
vcwfj vcwfj
ehqyk ehqyk
gdovn gdovn
tkwle tkwle
mhuad mhuad
oxuqn oxuqn
tjake tjake
wdquv wdquv
wcjeg wcjeg
rzvtg rzvtg
osxbc osxbc
