stop0 stop19 stop83 stop30 stop79 stop15 stop39 stop38 stop73 stop43 stop84 stop59 stop71 stop86 stop1 location32 stop49 stop53 stop65 stop55 location35 stop4 stop5 stop70 stop18 stop50 stop0
24
stop86 stop86 stop2 stop91
stop83 stop83 stop6
stop4 stop4 stop7 stop80 stop21 stop22
stop0 stop23
stop65 stop58 stop65
stop84 stop90 stop47 stop84
stop71 stop71 stop56
stop70 stop46 stop70 stop57
stop49 stop61 stop49
stop39 stop39 stop93
stop73 stop73 stop69 stop31
stop30 stop28 stop30
stop15 stop78 stop15
stop38 stop38 stop85
stop53 stop77 stop53
stop50 stop62 stop50
stop1 stop1 stop52
stop5 stop5 stop99
stop55 stop55 stop92
stop59 stop32 stop59
stop18 stop18
stop79 stop79
stop43 stop43
stop19 stop19
