stop0 stop159 stop176 stop34 stop142 stop73 stop171 stop192 stop180 stop150 stop17 stop35 stop65 stop64 stop139 stop137 stop72 stop88 stop197 stop182 stop60 stop158 location27 stop191 stop58 stop135 stop92 stop156 stop148 stop3 stop62 stop8 location26 stop163 stop153 location28 stop70 stop194 stop114 location14 stop31 stop74 stop138 stop49 stop77 stop128 location24 stop38 stop80 stop147 stop39 stop96 stop89 stop130 stop13 stop0
47
stop74 stop2 stop74
stop80 stop80 stop4
stop128 stop128 stop7
stop114 stop9 stop114 stop51
stop64 stop64 stop14
stop13 stop13 stop15
stop150 stop16 stop150
stop130 stop18 stop109 stop130
stop8 stop100 stop8 stop21 stop54 stop25
stop0 stop0 stop22
stop153 stop153 stop23
stop3 stop33 stop3
stop197 stop40 stop197
stop17 stop41 stop17
stop31 stop42 stop148 stop31
stop65 stop65 stop122 stop123 stop44
stop96 stop96 stop55
stop191 stop58 stop191
stop92 stop181 stop68 stop92
stop34 stop34 stop69
stop38 stop81 stop186 stop38
stop72 stop72 stop84
stop77 stop90 stop77
stop39 stop101 stop39
stop171 stop162 stop102 stop105 stop106 stop171
stop62 stop112 stop62
stop159 stop124 stop159
stop138 stop138 stop126
stop156 stop156 stop183 stop133
stop182 stop144 stop182
stop147 stop147 stop187
stop163 stop172 stop145 stop163 stop167
stop158 stop189 stop158
stop192 stop192 stop166
stop35 stop35 stop199
stop176 stop155 stop176
stop139 stop195 stop139
stop180 stop180
stop142 stop142
stop135 stop135
stop70 stop70
stop137 stop137
stop89 stop89
stop194 stop194
stop73 stop73
stop60 stop60
stop88 stop88
