Hayward Shreveport Hartford Downey Topeka Henderson NewYorkCity York Champaign SterlingHeights Boston Vancouver GrandRapids SaintPaul Duluth Fullerton SantaClara VeroBeach Stamford Marysville Stamford LasVegas Nashua Tyler Arvada Scranton Sarasota VeroBeach OverlandPark Anchorage Utica Norwich SanBuenaventura Anaheim Columbus Anaheim Eugene Anaheim SanBuenaventura Hemet PuntaGorda Hemet SanBuenaventura NewportNews Marina Kissimmee Huntsville ThousandOaks PortSaintLucie Olympia Orem Bethlehem Orem Lubbock CostaMesa Bakersfield CostaMesa Lubbock Melbourne Torrance RichmondCounty Torrance Albuquerque Torrance Melbourne Lubbock Bryan Lubbock CostaMesa VeroBeach PalmBay CorpusChristi StPaul Milwaukee Lubbock CostaMesa VeroBeach PembrokePines VeroBeach SantaClara Fullerton Duluth GreenBay Lafayette Waterbury Victorville ElPaso Hampton Salem Deltona Tucson NewYork Monroe Escondido Independence RoundLakeBeach Lorain Scottsdale Lorain RoundLakeBeach Independence Escondido Columbia Harlingen Springfield Spartanburg Springfield SterlingHeights Elkhart Seaside CapeCoral Seaside Elkhart Seaside Shreveport Hayward
63
Independence Cincinnati
PembrokePines Pueblo Racine
GreenBay Laredo GreenBay
Bakersfield Bakersfield Barnstable
ElPaso JohnsonCity ElPaso
OverlandPark Louisville Greenville OverlandPark
Waterbury Newburgh Waterbury
PuntaGorda PuntaGorda HavredeGrace
Champaign Champaign Charlotte
Scottsdale Omaha Scottsdale
PalmBay Hagerstown PalmBay
Bryan Newark Birmingham
Escondido Mesquite StLouis
Fullerton Fullerton Plano Flint
Elkhart Elkhart Modesto McAllen
Marysville Marysville Layton
Hartford Hartford NorthLasVegas
Marina Marina Frederick
Eugene Boise Eugene
SanBuenaventura Oxnard SanBuenaventura
Anchorage Anchorage Fresno
Spartanburg Spartanburg LakeCharles
ThousandOaks Olympia ThousandOaks
Scranton Scranton HuntingtonBeach
RichmondCounty Lacey RichmondCounty
Downey Downey Burlington
StPaul Ogden Savannah CathedralCity
Duluth Duluth Detroit
Albuquerque Albuquerque Hialeah
CapeCoral CapeCoral Bloomington
NewYork Kalamazoo
Bethlehem Bethlehem NewBedford
Columbus SiouxFalls Columbus
NewportNews Aberdeen NewportNews
Hemet Mobile Hemet
Tyler Tyler
Norwich Norwich
Tucson Tucson
Utica Utica
Nashua Nashua
RoundLakeBeach RoundLakeBeach
Harlingen Harlingen
Topeka Topeka
Deltona Deltona
Salem Salem
LasVegas LasVegas
Lubbock Lubbock
CorpusChristi CorpusChristi
GrandRapids GrandRapids
Arvada Arvada
Stamford Stamford
Henderson Henderson
Huntsville Huntsville
Vancouver Vancouver
NewYorkCity NewYorkCity
Monroe Monroe
SantaClara SantaClara
Kissimmee Kissimmee
Torrance Torrance
Anaheim Anaheim
SaintPaul SaintPaul
York York
Melbourne Melbourne
