Hayward Asheville Durham Asheville McHenry PalmBay Tucson Bradenton Huntsville Yonkers Huntsville Burbank Huntsville Bradenton Tucson Aurora NewBedford York BelAir Monroe Memphis Winston Hickory Kennewick PuntaGorda Omaha Topeka Montgomery Topeka Omaha PuntaGorda Kennewick Sebastian Atlanta Abilene Downey Trenton Hickory Charlotte RichmondCounty Hampton Modesto Corona Waco NewBedford DalyCity Hayward
28
Hickory Tyler HuntingtonBeach Hickory
Montgomery ThousandOaks SantaCruz
Kennewick Kennewick Barnstable NewYorkCity
Waco Harlingen Waco
Durham Bloomington Durham Deltona
Atlanta Atlanta Danbury
Abilene GrandRapids Downey
Huntsville McAllen Huntsville
Burbank Chicago Burbank
Asheville Asheville CedarRapids
Tucson Tucson LakeCharles
Winston Memphis Tampa
BelAir Monroe BelAir
Aurora Bakersfield Aurora
McHenry McHenry Springdale Newark Torrance
Hayward SantaClara
Bradenton Bradenton SaintPaul
Yonkers Waterloo Yonkers
PuntaGorda PuntaGorda
PalmBay PalmBay
Charlotte Charlotte
Omaha Omaha
Topeka Topeka
RichmondCounty RichmondCounty
Modesto Modesto
NewBedford NewBedford
York York
Hampton Hampton
