AndyandZeyu f17 i17 g17 i17 AndyandZeyu g14 f14 i14 b14 AndyandZeyu f12 i12 g12 i12 AndyandZeyu g9 f9 i9 b9 AndyandZeyu g2 j2 f2 h2 j2 AndyandZeyu h g j c AndyandZeyu f7 i7 g7 i7 AndyandZeyu g4 f4 i4 b4 AndyandZeyu h1 AndyandZeyu g11 AndyandZeyu g6 AndyandZeyu g16 AndyandZeyu f3 j3 g3 AndyandZeyu j8 f8 AndyandZeyu g13 f13 j13 AndyandZeyu j1 AndyandZeyu g18 f18 j18 AndyandZeyu f0 i0 AndyandZeyu h15 j14 h15 AndyandZeyu h10 j9 h10 AndyandZeyu h5 j4 h5 AndyandZeyu
50
j i j f
i0 g0 i0
f0 h0 j0 f0
j1 f1 j1
h1 g1 h1 i1
h2 h2 i2
g3 i3 g3 h3
i4 h4 i4
j4 f5 j4 i5
h5 g5 h5
g6 h6 f6 g6 j5
AndyandZeyu i11 i8 i18 i6 i16 i13
i7 i7 j6
g7 g7 h7
j8 j7 j8
f8 g8 h8 f8
i9 h9 i9
j9 f10 j9 i10
h10 g10 h10
g11 h11 f11 g11 j10
i12 j11 i12
g12 g12 h12
j13 j12 j13
f13 f13 h13
i14 h14 i14
j14 i15 f15 j14
h15 g15 h15
g16 g16 j15 h16 f16
i17 j16 i17
g17 g17 h17
j18 j17 j18
f18 f18 h18
g g
h h
f2 f2
g2 g2
j2 j2
f3 f3
j3 j3
f4 f4
g4 g4
f7 f7
f9 f9
g9 g9
f12 f12
g13 g13
f14 f14
g14 g14
f17 f17
g18 g18
