A TA241 TA231 TA71 TA181 TA81 TA221 TA211 TA7 TA12 TA51 TA13 TA10 TA171 TA141 TA241 TB21 TA24 TA111 TA2 TA31 TA8 TA1 TA18 TA20 A
24
TA141 TA15 TA23 TA141 TA TA201
TA20 TA3 TA20
TA13 TA4 TA13
A TA5
TA241 TA241 TA6
TA81 TA9 TA81
TA221 TA221 TA11
TA51 TA14 TA17 TB1 TB11 TA51 TA121
TA24 TA16 TA24
TB21 TA19 TB21 TA21 TA22 TA191
TA211 TA211 TA41
TA231 TA61 TA231
TA7 TA7 TA91
TA31 TA101 TA31
TA2 TA131 TA2
TA71 TA151 TA71
TA181 TA161 TA181
TA1 TA1
TA8 TA8
TA10 TA10
TA12 TA12
TA18 TA18
TA111 TA111
TA171 TA171
