A TA2412NN TA2312NN TA132N TA202N TA1512NN TA122N TA242N TA18 TA3 TA182N TA2212NN TA112N TA191 TA1712NN TA162N TA1112NN TA1312NN TA81 TB1 TA1012NN TA212NN TA31 TA52N TA22N TA11 TA7 TA5 TA161 TA16 TA312NN TA2412NN TA41 TA13 TA172N TA2012NN TA14 TA9 TA812NN TA2412NN TA612NN TA TA61 TA51 TA2412NN TA1 TA2412NN TA221 TA211 TA2 TA24 A
46
TA1712NN TA1712NN TA91 TA4 TA12NN
TA122N TA192N TA122N TA1912NN TA6
TA51 TA51 TA8
TA312NN TA312NN TA10 TA20
TA41 TA12 TA41 TA112NN TA512NN TA181
TA61 TA15 TA61 TA412NN TA101
TA22N TA32N TA17 TA22N
TA1112NN TA1112NN TA19
TA211 TA211 TA231 TA241 TA92N TA21 TA12N
TA812NN TA812NN TA22
TA112N TA23 TA112N
TA9 TA9 TB11
TA16 TA16 TB21 TA111
TA31 TA71 TA31
TB1 TA1012NN TB1 TA121
TA162N TA131 TA162N
TA2412NN TA141 TA2412NN
TA212NN TA212NN TA151 TA62N
TA1312NN TA1312NN TA171
TA3 TA3 TA201
TA24 TA24 TA2N
TA52N TA42N TA52N TA152N
TA2 TA2 TA72N
TA182N TA82N TA182N
TA202N TA202N TA102N
TA221 TA221 TA142N
TA2312NN TA212N TA2312NN
A TA222N TA1212NN
TA132N TA132N TA232N
TA242N TA2112NN TA242N TA712NN
TA14 TA912NN TA1812NN TA14
TA11 TA11 TA1412NN
TA1 TA1 TA1612NN
TA TA
TA5 TA5
TA7 TA7
TA13 TA13
TA18 TA18
TA81 TA81
TA161 TA161
TA191 TA191
TA172N TA172N
TA612NN TA612NN
TA1512NN TA1512NN
TA2012NN TA2012NN
TA2212NN TA2212NN
