7f5b7c 1aa96e a40dde 2ffab6 a1b647 e0f7dc 536b21 4eb2aa 32669e 6d23c4 ce509a 9c5717 3df71a 537a83 11021c a6d0cb b04992 73865c a08830 e2665a e78120 f88a12 853e4b 8c6c80 a314be 3fc5b0 957ec9 14c5c6 3dc79c 14c5c6 d597c1 626470 d83335 e0f00d e2665a bc8350 1c61d3 1e408a 974c48 86af3a a670a6 f5615a 358d70 e8c504 541622 e8c504 a85abe 6ced94 ff603d b535fa 6b1e31 e52589 36cc15 dfba28 6281fb 543306 a3eab6 d9abe3 d9351e 52d817 b9c2f4 a622e8 ef8230 852215 d5f5c5 6acaca 2f9755 7f5b7c
57
f88a12 f88a12 853e4b
d5f5c5 d5f5c5 293f59
9c5717 70482f a3eeb9 9c5717
73865c 4749d0 73865c
3df71a 2b057c 3df71a
4eb2aa cf04cd 4eb2aa
a08830 2193d2 3b9bcd a08830
358d70 358d70 e45544
1e408a 1e408a 9fdbc5 f4756e
d9351e d9351e a21b15
536b21 645a0c 536b21 19246a
d597c1 d597c1 578691
e8c504 a51200 e8c504 9b10ed
e2665a e2665a 4e5c32
957ec9 957ec9 2e6ab4
2f9755 2f9755 99ac94
11021c 2c8bdc 11021c 20427f
6d23c4 6d23c4 4188fa
6ced94 6ced94 b2fa06
f5615a f5615a e60044
dfba28 fd25f7 dfba28 89bc09
b04992 537a83 b04992
1aa96e f045e7 1aa96e
974c48 974c48 97fa28
b535fa b535fa fece60
a6d0cb a6d0cb dd5707
e0f7dc 18ff59 e0f7dc 4c44ba 10f84c
a85abe a85abe 98bf31
541622 541622 3292c4
b9c2f4 f742a0 b9c2f4
6281fb d12aea 6281fb
a314be a314be 4459c3
a40dde a40dde 73dd80
a1b647 a1b647 22ad29
32669e 32669e
ef8230 ef8230
3dc79c 3dc79c
7f5b7c 7f5b7c
36cc15 36cc15
626470 626470
1c61d3 1c61d3
bc8350 bc8350
e0f00d e0f00d
e78120 e78120
a670a6 a670a6
8c6c80 8c6c80
86af3a 86af3a
d9abe3 d9abe3
ff603d ff603d
a3eab6 a3eab6
e52589 e52589
d83335 d83335
3fc5b0 3fc5b0
2ffab6 2ffab6
14c5c6 14c5c6
ce509a ce509a
852215 852215
