0 1 2 1 19 21 32 42 43 51 52 54 52 62 70 71 72 73 75 88 89 88 90 104 90 88 74 73 72 71 70 62 52 51 43 42 32 20 19 1 0 199 190 189 174 173 157 156 155 154 153 152 151 147 139 137 138 137 130 129 128 127 126 121 112 111 110 109 108 104 90 88 75 73 72 71 70 62 52 51 43 42 32 20 19 1 0
26
2 2 4
1 17 15 7
21 30 23
32 25 44 33
51 40 48
54 53 54
52 56
62 64 67
74 83 76
75 86 87
89 91 101 94
90 99
104 105 108
112 120 114
128 124
137 136
139 146 142
147 148
157 168 163 172 158
174 176 186 178 182
190 192 194 198
42 42
72 72
127 127
130 130
154 154
