IvOdahrtFwzZ WUqhotrexTBp ybLCwZqVZKud yVSfaizVeLPT mgKEFEWheOqk qFGlIHDqKyPA OIjApACwnyqG DiKlonktcqTP WWtfhwMSzfGW gJMLzBkWmUoV YGzazHdyrGCd RGYiIUdVAiVL sTgUExIipvWV PFpQuVVRxbvV gkTmCiZxFrJw ocysUjOwnenm aXlcDzbXwAJW ubtvaUeVUfmV zypYDSZfKAvD pjemGRILnFei lRgeGnDJBtMa nyTRNDRCsANl xXoCKkdkKAne cRekprdsHHWw quZcTYtpBjSn yHOsEGOhjOLt sFSBpaJxLpBT ZPYnROAizafx wHeDieHMYzAK YvLRANdegrdA qxhFFIUEfnzV ctZWqndwhbJm mvdksSctoMVi AoaIXEzdsCrm QFfSmYtuSTPl EKWhDcEeEkGK dXlgwkdKhUmB EOKLHvbbCToE NxxrxPgsnMqG gXcuqckdTdIP nschEYWjrAsr ypApeqMQPnQA TTwdgXpOLyxF touUfboeiIya nxbMBCPhfQij yFQWQWtUUMle lznMKRYSMheH nlzJUuBrsbXD oOIjuHJcVRiV cQFNlImsTWTM wXjNgGRCXYRl cpNycWVdmzHJ mZUBOQTZyXOM vkOqMvrCUWYf fiHhqLtPfdZy tARvBeqQDqSY PKHkuTHeRXhO JNoAmCxHcsYw yVSfaizVeLPT WHSGrQQrrotE zOkfhFVfOKVi qlMzHEurfTvO IvOdahrtFwzZ nKmMbiEuiffc IvOdahrtFwzZ
61
yHOsEGOhjOLt yHOsEGOhjOLt IQvKLYGCcCbd JpwDMOwQmqOp
zypYDSZfKAvD IcNVObbuvzWY zypYDSZfKAvD
JNoAmCxHcsYw JNoAmCxHcsYw QZQElPdcHxru
sFSBpaJxLpBT sFSBpaJxLpBT TZmWJenJbEsV
DiKlonktcqTP DiKlonktcqTP EwXugPkGUVkm
oOIjuHJcVRiV nlzJUuBrsbXD oOIjuHJcVRiV
mvdksSctoMVi mvdksSctoMVi ppfBOAvWYXyJ jXgKDXnEJsra
xXoCKkdkKAne xXoCKkdkKAne hLCSOZLNEdhX
IvOdahrtFwzZ fblrDraNAUxK
zOkfhFVfOKVi zOkfhFVfOKVi UYTxhnOtiPHB AQgpWBullbIi
tARvBeqQDqSY HEwqlaeMfSzl tARvBeqQDqSY
pjemGRILnFei QDhUZstsJKtV pjemGRILnFei RQBxIsRWzmfl
gXcuqckdTdIP evRMhyiHKGXv gXcuqckdTdIP
yVSfaizVeLPT yVSfaizVeLPT LNoKVqXhLEzn zCWezcJmUGqs KtoZVrQmJWki
fiHhqLtPfdZy fiHhqLtPfdZy WsLfQLsirtHk aSpDrTbKBytW
QFfSmYtuSTPl QFfSmYtuSTPl GvyjKkGcUdcI
sTgUExIipvWV sTgUExIipvWV SKbQkQUhqQEt
PKHkuTHeRXhO WRiugWLCujBI PKHkuTHeRXhO
WWtfhwMSzfGW NMSHhfMtAJZb HVwGkspnDHbf WWtfhwMSzfGW
NxxrxPgsnMqG NxxrxPgsnMqG hPSXtHMMyKAK
ybLCwZqVZKud QxNjgiXciQma ybLCwZqVZKud
aXlcDzbXwAJW FkNlSGMBOUbz AhJBAeSEuUkL aXlcDzbXwAJW
YGzazHdyrGCd IfTQNEFsiTgr YGzazHdyrGCd
lznMKRYSMheH lznMKRYSMheH XwPJYwaGcHxO
TTwdgXpOLyxF TTwdgXpOLyxF TglqUXfjbefC
nKmMbiEuiffc jXOmYlZmvqnI nKmMbiEuiffc
qFGlIHDqKyPA uzYTzVwixczQ qFGlIHDqKyPA
WHSGrQQrrotE WHSGrQQrrotE WnABnktZDxMx
wXjNgGRCXYRl wXjNgGRCXYRl UGahWpWtmUQn
wHeDieHMYzAK oKIKkmsSWzmH wHeDieHMYzAK
qlMzHEurfTvO qlMzHEurfTvO zcAOlsVDUDkc
qxhFFIUEfnzV qxhFFIUEfnzV
touUfboeiIya touUfboeiIya
PFpQuVVRxbvV PFpQuVVRxbvV
RGYiIUdVAiVL RGYiIUdVAiVL
vkOqMvrCUWYf vkOqMvrCUWYf
cQFNlImsTWTM cQFNlImsTWTM
ubtvaUeVUfmV ubtvaUeVUfmV
gkTmCiZxFrJw gkTmCiZxFrJw
WUqhotrexTBp WUqhotrexTBp
nschEYWjrAsr nschEYWjrAsr
lRgeGnDJBtMa lRgeGnDJBtMa
AoaIXEzdsCrm AoaIXEzdsCrm
EOKLHvbbCToE EOKLHvbbCToE
cpNycWVdmzHJ cpNycWVdmzHJ
ocysUjOwnenm ocysUjOwnenm
ctZWqndwhbJm ctZWqndwhbJm
ypApeqMQPnQA ypApeqMQPnQA
gJMLzBkWmUoV gJMLzBkWmUoV
mgKEFEWheOqk mgKEFEWheOqk
quZcTYtpBjSn quZcTYtpBjSn
YvLRANdegrdA YvLRANdegrdA
nyTRNDRCsANl nyTRNDRCsANl
ZPYnROAizafx ZPYnROAizafx
EKWhDcEeEkGK EKWhDcEeEkGK
yFQWQWtUUMle yFQWQWtUUMle
mZUBOQTZyXOM mZUBOQTZyXOM
cRekprdsHHWw cRekprdsHHWw
dXlgwkdKhUmB dXlgwkdKhUmB
OIjApACwnyqG OIjApACwnyqG
nxbMBCPhfQij nxbMBCPhfQij
