MfdzFvsdGbvl AGbRQRBgaOdX MkUBuIisCVpZ mFYKjQfCsRtT QifLRRQkbeZy NlmuUUVQUbgI dDFWxTbuPymh dFUHctNjrywb MLnLJmQHwuOS DFscNnuMhxUC BkcPMTugAswL DFscNnuMhxUC hCxjbMrSlUJQ noaMakAlHdwq pQCFwcmaYfTN uFHfCerNFIme GuSSYBNHDbKE rVqgoVgUmLRB ymJllvoAiAsf FCrKCfVsEsBk pkzKsTORVYro buqjmAINqGzN PUcvIgREsriS ZjfLZjjegWJT TbekQRoKcInv IHnRSACwPeSd VARFNCcqfgIc arcJTkwUqbUy MOpktZzuQRCH MfdzFvsdGbvl
27
QifLRRQkbeZy VyXrTLUcizAa deJmWrylVSGK QifLRRQkbeZy tywOQDwDhjwZ
arcJTkwUqbUy SgyAcloZDNJV axLiuEEXvnsQ arcJTkwUqbUy
dDFWxTbuPymh dDFWxTbuPymh EoEdLMroSPNp PQTqeEtJjrHq
ymJllvoAiAsf AMizjBPjmCZd ymJllvoAiAsf SojgLCNtJNvq
BkcPMTugAswL mtRsLIzrlNLu BkcPMTugAswL
VARFNCcqfgIc DvRTDyBMOCbT VARFNCcqfgIc
PUcvIgREsriS PUcvIgREsriS QHpWWcCYavdw
TbekQRoKcInv RICmsRCgzRsB TbekQRoKcInv
buqjmAINqGzN PnbamVANEguC buqjmAINqGzN
MOpktZzuQRCH MOpktZzuQRCH jBrNTBMPxyQD
MfdzFvsdGbvl BbyhqvohDUZK
uFHfCerNFIme uFHfCerNFIme GemeldahvdVv
IHnRSACwPeSd IHnRSACwPeSd hLGIbMiwjPgd
noaMakAlHdwq noaMakAlHdwq PvZWLvSzyZfH plKUVNXwKfVb
GuSSYBNHDbKE GuSSYBNHDbKE rVqgoVgUmLRB
pkzKsTORVYro pkzKsTORVYro UVLyMXgqTFaJ
pQCFwcmaYfTN rrRAqFcoDYfk pQCFwcmaYfTN
FCrKCfVsEsBk FCrKCfVsEsBk GKWfMfVZxbJi
ZjfLZjjegWJT ZjfLZjjegWJT
DFscNnuMhxUC DFscNnuMhxUC
MLnLJmQHwuOS MLnLJmQHwuOS
MkUBuIisCVpZ MkUBuIisCVpZ
hCxjbMrSlUJQ hCxjbMrSlUJQ
mFYKjQfCsRtT mFYKjQfCsRtT
dFUHctNjrywb dFUHctNjrywb
NlmuUUVQUbgI NlmuUUVQUbgI
AGbRQRBgaOdX AGbRQRBgaOdX
