loc0 loc64 loc80 loc58 loc72 loc77 loc75 loc97 loc48 loc82 loc30 loc13 loc68 loc99 loc65 loc42 loc37 loc67 loc36 loc18 loc33 loc81 loc34 loc24 loc16 loc76 loc0
22
loc13 loc3 loc13
loc65 loc65 loc5
loc36 loc36 loc6
loc34 loc34 loc63 loc7
loc67 loc8 loc67
loc68 loc10 loc68 loc53
loc64 loc64 loc17 loc85
loc33 loc33 loc22
loc80 loc80 loc27
loc48 loc48 loc28
loc30 loc86 loc30 loc31
loc37 loc62 loc37 loc46
loc24 loc24 loc51
loc16 loc16 loc54
loc77 loc73 loc77
loc58 loc90 loc58
loc75 loc75 loc94
loc0 loc96
loc97 loc97
loc42 loc42
loc18 loc18
loc72 loc72
