loc0 loc169 loc182 loc8 loc41 loc51 loc33 loc49 loc108 loc105 loc133 loc142 loc79 loc189 loc178 loc184 loc160 loc171 loc141 loc97 loc158 loc126 loc68 loc55 loc39 loc1 loc128 loc115 loc59 loc89 loc23 loc181 loc126 loc0
31
loc182 loc2 loc34 loc4 loc7 loc103 loc186 loc75 loc17 loc182 loc95 loc24 loc26 loc63 loc62 loc31
loc59 loc64 loc96 loc3 loc5 loc197 loc198 loc109 loc84 loc25 loc90 loc59 loc190 loc94
loc39 loc9 loc39
loc55 loc11 loc55
loc8 loc8 loc13 loc52 loc187 loc93
loc51 loc57 loc51 loc15
loc133 loc133 loc40 loc78 loc16 loc28
loc68 loc68 loc107 loc18 loc148 loc122
loc1 loc1 loc20
loc108 loc108 loc38
loc181 loc43 loc181
loc141 loc112 loc161 loc53 loc141
loc97 loc97 loc152 loc123 loc188 loc61
loc49 loc49 loc67
loc79 loc135 loc82 loc79
loc41 loc41 loc100
loc33 loc33 loc110
loc115 loc115 loc116
loc169 loc169 loc153 loc117
loc126 loc126 loc119
loc142 loc142 loc143
loc89 loc89 loc145
loc23 loc159 loc154 loc23
loc0 loc155
loc184 loc184 loc170 loc195
loc189 loc176 loc189
loc171 loc179 loc171
loc160 loc160
loc178 loc178
loc158 loc158
loc105 loc105
