0 65 147 21 71 194 111 27 184 172 17 87 101 15 44 135 60 135 164 141 104 158 50 166 108 92 140 173 7 188 179 47 79 178 67 151 134 34 134 151 10 130 15 97 11 136 122 52 16 105 12 62 123 95 30 18 25 61 5 89 106 56 106 42 35 2 144 189 125 109 162 197 38 168 22 116 91 75 183 59 73 198 3 152 156 49 37 40 142 55 66 59 0
70
188 1
2 6
152 152 9
162 162 23
71 24 93 71
61 26 61
34 34 36 31
27 27 39
142 40 142
101 68 101
91 91 75
60 80 60 110
50 50 83
173 96 173
79 196 102 79
97 105
16 16 118
10 10 119
49 49 124
11 129 11
184 184 138
130 145 130
38 38 150
22 155 22
87 157 87
66 160 66
56 56 161
47 163
18 18 171
108 187 108
106 193
164 164
135 135
179 179
35 35
147 147
140 140
42 42
123 123
21 21
73 73
158 158
111 111
104 104
178 178
156 156
168 168
95 95
30 30
5 5
17 17
59 59
194 194
25 25
189 189
109 109
12 12
67 67
89 89
122 122
136 136
55 55
151 151
172 172
141 141
7 7
198 198
144 144
15 15
62 62
