Soda C9 D5 A1 A7 C10 D9 B9 B10 D10 D7 C3 D4 C2 Soda a0 c9 d5 a1 a7 c10 d9 b9 b10 d10 d7 c3 d4 c2 a0 a5 a9 b7 b5 c1 d3 d6 a5 a0 c5 b2 e5 b1 e5 b3 e5 b2 c5 a0 Soda C5 B2 E5 B1 E5 B3 E5 B2 C5 Soda A5 A9 B7 B5 C1 D3 D6 A5 Soda A E Q E A C J C A B H B A G N G A D K AI K D A F M F A Soda a d e p e a b m ad l ax ac av ac m b a h ak h a i j aa at aa j y ap ao an u i a Soda
54
B5 A3 B5
D9 B9 D1 D9
B3 C7 B3
C1 D3 C1
C3 E1 C3
C5 C5 E3
B1 B1 E7
E P
K T
H H AB
M AO AC
J AF J
Q AG Q
N AP N
AI AU AW AS
a f
d n d
ak aj al r t
ao v an
i x
at at z ar
av av ab
p p af ah
l ax l
b5 a3 b5
d9 b9 d9 d1
b3 c7 b3
c1 c1 d3
c3 c3 e1
c5 e3 c5
b1 b1 e7
A1 A1
A5 A5
A7 A7
A9 A9
B7 B7
C9 C9
D5 D5
D7 D7
E5 E5
b b
h h
j j
ad ad
ap ap
a1 a1
a5 a5
a7 a7
a9 a9
b7 b7
c9 c9
d5 d5
d7 d7
e5 e5
