ssp200 13 10 2 14 2 8 6 5 4 3 7 2 181 122 134 122 127 123 124 125 126 128 122 181 47 59 47 52 48 49 50 51 53 47 181 107 119 107 112 108 109 110 111 113 107 181 77 89 77 82 78 79 80 81 83 77 181 62 74 62 68 66 65 64 63 67 62 181 167 179 167 173 171 170 169 168 172 167 181 17 29 17 22 18 19 20 21 23 17 181 32 44 32 38 36 35 34 33 37 32 181 92 104 92 98 96 95 94 93 97 92 181 137 149 137 142 138 139 140 141 143 137 181 152 164 152 158 156 155 154 153 157 152 181 182 194 182 188 186 185 184 183 187 182 181 2 10 13 ssp200
65
184 183 184
182 191
194 194 195
169 168 169
167 176
179 179 180
154 153 154
152 161
164 164 165
140 140 141
137 146
149 149 150
125 125 126
122 131
134 134 135
110 110 111
107 116
119 120 119
94 93 94
92 101
104 105 104
80 80 81
77 86
89 89 90
64 63 64
62 71
74 74 75
50 50 51
47 56
59 59 60
34 33 34
32 41
44 44 45
20 20 21
17 26
29 29 30
4 4 3
2 11
14 14 15
5 5
6 6
18 18
19 19
35 35
36 36
48 48
49 49
65 65
66 66
78 78
79 79
95 95
96 96
108 108
109 109
123 123
124 124
138 138
139 139
155 155
156 156
170 170
171 171
185 185
186 186
