Jason Derek Ricky Jeffery Jordan Stephen Brad Jeffrey Jacqueline Jeffrey Robert Samantha Katelyn Terry Karen Robin April Rachel Monica Crystal Scott Johnathan Megan Terry Alexandra Edwin Mary Misty Shannon Katelyn Randy Melinda Dustin Michelle Paul Elizabeth Brian Elizabeth Ronnie Stacie Carrie Juan Amanda Regina Kayla Kelsey Wendy Ashley Shane Dylan Roy Gregory Jose Sabrina Shawn Joseph William Cristian Logan Jill Brett Rebecca Kevin Nathaniel Heather Tammy Tristan Joshua Kyle Brittany Amber Claire Jason
63
Brian Brian Gabriel
Joseph Adam Joseph
Jill Misty Jill
Megan Megan Adrian
Kayla John Kayla
Randy Nicole Randy
Kyle Kyle David
Karen Karen Lauren
Claire Claire Mario
Tammy Kara Tammy
Edwin Dana Edwin
Michelle Michelle Paul
Johnathan Laura Johnathan
Ashley Melissa Ashley
Rebecca Rebecca Kari Kristen
Brittany Brittany Evan
Amanda Amanda Carol
Rachel Rachel Andrew
Regina Mark Christina Regina
Elizabeth Wayne Elizabeth
Logan Logan Timothy
Jeffery Jeffery Charles
Joshua Joshua Cheryl
Crystal Rebekah Crystal James
Jacqueline Jacqueline Kimberly Bryan
William William Mercedes
Juan Juan Tommy
Shawn Kathy Shawn
Shannon Susan Shannon
Mary Mary Jane
Jeffrey Grace Jeffrey
Alexandra Nicholas Alexandra
Katelyn Katelyn Jennifer
Jason Jeremy
Derek Derek
Nathaniel Nathaniel
Heather Heather
Samantha Samantha
Brad Brad
Roy Roy
Cristian Cristian
Ricky Ricky
Tristan Tristan
Stacie Stacie
Jose Jose
Carrie Carrie
Robert Robert
Kelsey Kelsey
Shane Shane
Dustin Dustin
Gregory Gregory
Scott Scott
Dylan Dylan
Wendy Wendy
Stephen Stephen
Brett Brett
Ronnie Ronnie
Sabrina Sabrina
Monica Monica
April April
Jordan Jordan
Melinda Melinda
Robin Robin
