Austin Jamie Joshua Steven Dennis Monique Robert Jordan Glenda Sarah Walter Jennifer John Debra Daniel Jonathan Hannah Sean Hannah Elaine Kyle Elaine Eugene Alex Amy Rhonda Scott Kyle Michael Sara April Donald Patrick Austin
28
Austin Victoria Melinda
Elaine Mariah Elaine
Sean Sean Natasha
Michael Paige Michael Gina Edward
Scott Paul Scott
Kyle Melissa Kyle
Amy Kari Amy
Glenda Janet Glenda
Hannah Maxwell Elizabeth Hannah
Patrick Danielle Patrick Ashley
Jonathan Jonathan Juan
Eugene Eugene Ralph
Dennis Dennis Garrett
Sara Sara April
Robert Cassandra Robert
Rhonda Rachel Rhonda
Daniel Robin Daniel
Jennifer Jeanette Jennifer
John John
Debra Debra
Joshua Joshua
Walter Walter
Jamie Jamie
Donald Donald
Steven Steven
Monique Monique
Alex Alex
Jordan Jordan
