Florges Stufful Delibird Purrloin Sentret Celebi Bidoof Palossand Bouffalant Infernape Lillipup Hakamoo Buzzwole Dialga Buzzwole Hakamoo Palkia Hakamoo Druddigon Hippopotas Machoke Bidoof Manectric Bidoof Celebi Moltres Celebi Hitmonlee Doublade Purrloin Delibird Wailmer Poliwrath Wailmer Delibird Tentacruel Weepinbell Vespiquen Weepinbell Persian Furfrou Bayleef Bisharp Masquerain Celesteela Dusknoir Vespiquen Florges
29
Doublade Carracosta Ralts Aurorus
Hitmonlee Hitmonlee Yanmega
Machoke Machoke Timburr
Purrloin Poliwag Purrloin
Palkia Omastar Girafarig
Dialga Dialga Pichu
Poliwrath Poliwrath Zapdos
Masquerain Togetic
Buzzwole Buzzwole Volbeat
Furfrou Shaymin Scolipede
Bidoof Bidoof Piloswine
Moltres Gastrodon Moltres
Dusknoir Kricketot Dusknoir
Wailmer Wailmer Wormadam Primarina
Lillipup Cherrim Lillipup
Manectric Manectric Zubat
Tentacruel Tentacruel Regice
Florges Bergmite
Weepinbell Tsareena Weepinbell
Delibird Delibird Cascoon
Bayleef Bisharp Bayleef
Persian Persian
Sentret Sentret
Celesteela Celesteela
Infernape Infernape
Bouffalant Bouffalant
Hakamoo Hakamoo
Celebi Celebi
Stufful Stufful
