Granbull PorygonZ Electrode Flygon Rufflet Quilava Whiscash Rockruff Ninjask Slakoth Chatot Happiny Machamp Remoraid Lileep Absol Swanna Unown Relicanth Machamp Nuzleaf Staryu Jolteon Bergmite Serperior Heatmor Serperior Binacle Exeggcute Torracat Lapras Jolteon Metagross Carbink Bronzor Mightyena Tyrunt Charizard Glalie Mimikyu Beedrill Butterfree Cubone Butterfree Beedrill Trumbeak Mawile Spinda Mawile Lycanroc Gorebyss Heliolisk Furret Magmar Rockruff Whiscash Greninja Mudsdale Greninja Tsareena Staravia Quilava Skitty Quilava Rufflet Arbok Metapod Chespin Typhlosion Chinchou Lombre Diggersby Magikarp Carnivine Magikarp Cascoon Krookodile Azurill Crawdaunt Azurill Smeargle Lampent Heatran Lampent Rufflet Sylveon Altaria Geodude PorygonZ Grumpig PorygonZ Granbull
60
Bronzor Bronzor Roserade
Staryu Deoxys Dustox
Happiny Magmortar Happiny Ampharos
Spinda Spiritomb Spinda
Binacle Whimsicott Torchic Binacle
Crawdaunt Crawdaunt Cosmog
Typhlosion Chinchou Typhlosion
Skitty Kangaskhan Skitty
Sylveon Bonsly Sylveon
Heatmor Heatmor Cinccino
Grumpig Budew Grumpig
Bergmite Malamar Bergmite
Jolteon Buizel Jolteon
Carnivine Mantine Carnivine
Tsareena Tsareena Gliscor Feraligatr
Lycanroc Raichu Luvdisc Lycanroc
Cubone Cubone TypeNull Probopass
Beedrill Floette Beedrill
Magikarp Jirachi
Diggersby Darkrai Diggersby
Electrode Reuniclus Electrode
Carbink Infernape Reshiram Carbink
Quilava Crabominable Quilava
Heatran Heatran Charmander Golbat
Absol Hitmontop Absol
Greninja Torkoal Greninja
Lileep Goomy Lileep
Krookodile Corphish Krookodile
Torracat Lapras Torracat
Mudsdale Pidgeot Vivillon Mudsdale
Unown Electrike Unown
Relicanth Floatzel Relicanth
Magmar Blissey Magmar
Butterfree Butterfree
Arbok Arbok
Cascoon Cascoon
Slakoth Slakoth
Mimikyu Mimikyu
Rockruff Rockruff
Mawile Mawile
Lampent Lampent
Charizard Charizard
Swanna Swanna
Whiscash Whiscash
Metagross Metagross
Mightyena Mightyena
Remoraid Remoraid
Rufflet Rufflet
Machamp Machamp
Serperior Serperior
Trumbeak Trumbeak
Flygon Flygon
Metapod Metapod
Exeggcute Exeggcute
Ninjask Ninjask
PorygonZ PorygonZ
Glalie Glalie
Chespin Chespin
Chatot Chatot
Nuzleaf Nuzleaf
