L12 L103 L7 L169 L75 L116 L59 L192 L56 L0 L126 L65 L155 L197 L148 L182 L175 L88 L32 L50 L125 L146 L139 L173 L73 L53 L92 L48 L27 L90 L144 L99 L11 L95 L86 L20 L135 L79 L78 L189 L98 L141 L180 L97 L102 L34 L72 L121 L199 L82 L68 L10 L22 L40 L70 L108 L96 L12
57
L78 L2 L85 L78
L70 L3 L70
L96 L96 L23
L56 L24 L56
L199 L28 L199
L72 L72 L36
L102 L37 L102
L180 L180 L45
L32 L32 L104 L55
L192 L192 L107 L60
L92 L105 L92 L61
L125 L74 L125
L20 L83 L20
L182 L182 L87
L65 L65 L106
L97 L112 L97
L7 L114 L7
L40 L40 L115 L171
L141 L187 L117 L141
L75 L122 L75
L90 L130 L90
L116 L131 L116 L133
L10 L10 L147 L165
L73 L73 L149
L99 L99 L150
L79 L154 L79
L144 L144 L158
L173 L164 L173
L53 L168 L53
L12 L172
L48 L48 L174
L27 L27 L181
L88 L88 L186
L139 L139 L190
L0 L0 L195
L169 L169 L196
L108 L108
L68 L68
L189 L189
L95 L95
L22 L22
L11 L11
L86 L86
L126 L126
L175 L175
L148 L148
L59 L59
L135 L135
L197 L197
L82 L82
L50 L50
L121 L121
L103 L103
L98 L98
L155 L155
L34 L34
L146 L146
