0 143 83 75 130 174 197 157 149 157 177 73 131 16 17 16 98 63 79 94 109 176 117 168 117 160 55 11 55 72 41 74 41 181 153 147 82 36 125 36 82 87 180 87 183 128 5 88 9 198 187 108 185 113 121 102 166 122 7 67 121 23 2 139 34 12 138 31 138 140 155 42 155 141 60 70 45 126 179 156 179 103 114 143 0
62
141 4 30
187 10
67 67 13
45 137 19 45
126 20 126
5 26
103 184 27 103
12 34
122 162 122 35
42 40 42
17 17 46 151
149 48 145 149
138 50 138
0 80 52
139 139 53
147 59 147
23 62 23
130 66 130
180 180 69
198 76 198 111
63 81 63
174 84 174
114 114 85
83 83 91
72 72 97
55 105 55
98 106 98
125 116 125
168 168 134
113 136
74 144 74
181 152 181
11 11 171
73 189
176 176 195
31 196 31
197 197 199
140 140
131 131
9 9
109 109
117 117
166 166
128 128
82 82
16 16
143 143
160 160
177 177
87 87
70 70
179 179
157 157
102 102
183 183
108 108
185 185
36 36
88 88
121 121
75 75
156 156
