node26 node78 node91 node37 node99 node47 node49 node71 node9 node48 node63 node85 node44 node41 node38 node60 node20 node85 node8 node70 node72 node26
19
node9 node9 node2 node39
node99 node99 node3 node45
node37 node4 node37 node36
node41 node41 node75 node6
node20 node20 node13
node60 node32 node14 node55 node27 node60
node8 node8 node46
node78 node51 node78
node63 node59 node63
node26 node64
node72 node72 node66
node44 node67 node44
node47 node47 node79
node85 node84 node85
node71 node71 node95
node70 node70
node48 node48
node91 node91
node49 node49
