node142 node130 node199 node129 node62 node196 node148 node161 node125 node183 node88 node92 node149 node78 node169 node56 node69 node162 node143 node103 node123 node112 node119 node163 node99 node40 node192 node27 node197 node65 node31 node199 node53 node182 node39 node47 node70 node77 node26 node89 node127 node108 node81 node112 node142
37
node119 node135 node2 node119
node88 node88 node169 node5
node103 node122 node93 node6 node103
node163 node10 node163 node45
node127 node144 node11 node127
node39 node17 node39
node77 node18 node77
node78 node24 node20 node78
node65 node128 node65 node94 node23
node92 node34 node92
node27 node50 node27
node31 node160 node60 node31
node196 node66 node196
node40 node80 node40 node107 node102
node183 node154 node124 node86 node183
node130 node130 node91 node87
node70 node70 node111
node199 node121 node199
node47 node136 node47
node81 node81 node140
node69 node69 node151
node99 node152 node99
node142 node164
node62 node62 node166
node129 node129 node170
node53 node171 node53 node182
node148 node177 node148
node161 node185 node161
node143 node143
node112 node112
node162 node162
node56 node56
node108 node108
node123 node123
node26 node26
node125 node125
node89 node89
