1 16 160 32 100 68 55 127 100 8 30 170 29 164 177 151 50 27 125 100 76 80 175 100 59 121 129 89 100 22 100 88 100 93 100 199 159 54 171 100 158 21 100 18 115 100 137 155 100 45 100 60 191 100 84 124 195 178 119 117 43 100 57 35 100 49 193 99 100 1
53
22 0 22 111
100 3 136 10 138 15 148 150 24 153 28 31 36 38 172 56 188 192 194 74 82 113
8 8 12
88 88 19
93 25 93
35 26 35
175 44 175
115 115 101 63
177 177 77
127 83 86 127
99 97 99
164 105 164
43 43 131
60 60 134
21 21 141
151 142 151
121 121 157
32 32 163
191 174 191
171 171 180
125 125 182
155 155 183
89 89 186 189
45 196 45
1 1
119 119
76 76
54 54
80 80
117 117
49 49
68 68
195 195
159 159
29 29
160 160
59 59
124 124
57 57
84 84
27 27
178 178
50 50
16 16
30 30
129 129
55 55
199 199
158 158
18 18
137 137
193 193
170 170
