21 152 153 152 111 188 113 171 15 185 186 33 186 185 143 185 55 144 74 136 69 66 69 171 113 31 76 35 36 31 113 81 11 81 134 181 53 150 151 191 23 160 17 160 74 75 137 125 124 189 37 38 37 189 124 123 122 130 131 197 95 108 170 117 170 117 159 119 115 119 115 125 179 161 93 161 179 25 179 178 63 178 91 92 101 27 43 27 101 8 9 8 59 8 96 1 139 142 139 168 169 110 150 151 191 23 79 48 47 48 65 175 151 150 85 105 41 21
60
1 1 3
15 5 15
8 7
191 13 191
48 19
36 97 29
119 119 159 39
11 41 11
21 45 21
197 49 163 197
9 9 51
169 57 169
59 59 61
175 65 175
66 145 67
63 63 83 71
43 73 43
17 17 77
38 187 87
93 89 93
142 99 149
105 105 109 129 103
85 107 85
170 121 167
181 181 127
47 133 47
188 135
151 141 151
55 147 55
33 33 155
143 157 143
25 25 165
153 153 173
171 177 171 183
101 193 101
95 195 95
23 23
27 27
31 31
35 35
37 37
53 53
69 69
75 75
79 79
81 81
91 91
111 111
113 113
115 115
117 117
123 123
125 125
131 131
137 137
139 139
161 161
179 179
185 185
189 189
