74 72 80 76 73 75 172 174 180 179 178 171 172 192 197 198 199 192 118 116 111 119 118 141 146 141 151 157 153 156 159 151 2 8 2 151 169 165 167 166 167 164 161 169 38 31 39 36 35 37 31 38 58 53 55 54 58 46 50 41 46 98 99 98 132 135 139 140 135 132 87 89 82 81 88 83 87 21 26 29 28 23 21 63 70 68 66 63 121 122 121 18 13 16 11 18 182 75 77 72 74
68
8 6 8
11 11 14
16 19 16
23 25 23
28 28 30
37 37 32
41 41 47
55 52 55
54 57 54
58 58 59
68 68 61
66 66 62
70 69 70
80 77 80
83 83 85
89 89 86
99 99 96
75 75 104
119 113 119
111 114 111
122 122 126
121 128
140 131 140
132 136
139 137 139
146 146 142
141 145 148 141
156 156 160
161 161 163
166 166 168
178 178 175
182 185 189
199 199 191
50 50
135 135
167 167
81 81
31 31
197 197
116 116
179 179
26 26
39 39
192 192
151 151
76 76
165 165
13 13
2 2
118 118
172 172
164 164
73 73
36 36
174 174
180 180
88 88
153 153
38 38
35 35
46 46
157 157
53 53
29 29
74 74
169 169
198 198
82 82
