l7 l40 l39 l67 l161 l200 l177 l90 l169 l186 l20 l76 l102 l155 l148 l24 l163 l115 l94 l130 l171 l33 l2 l58 l113 l162 l136 l92 l114 l172 l49 l184 l192 l160 l12 l26 l81 l72 l63 l46 l101 l7
37
l161 l161 l6
l114 l114 l14
l172 l172 l54 l15
l63 l21 l63
l184 l25 l77 l184
l67 l27 l67
l7 l35 l7
l72 l189 l44 l37 l72
l130 l41 l130
l26 l26 l53
l2 l58 l2
l169 l169 l59 l141
l192 l74 l192
l12 l83 l12
l20 l20 l109
l101 l101 l110
l177 l177 l116
l33 l33 l122
l24 l124 l24
l115 l115 l127
l94 l94 l128
l163 l163 l132
l171 l138 l171 l181
l136 l142 l199 l136
l160 l160 l168
l186 l186 l180
l102 l102
l113 l113
l148 l148
l155 l155
l162 l162
l200 l200
l39 l39
l40 l40
l46 l46
l49 l49
l90 l90
