L55 L199 L196 L152 L141 L6 L132 L127 L131 L56 L167 L145 L31 L22 L93 L195 L53 L67 L185 L70 L69 L184 L199 L34 L121 L133 L198 L59 L129 L198 L19 L186 L117 L4 L7 L197 L23 L177 L15 L95 L119 L147 L64 L71 L168 L182 L87 L198 L142 L55
42
L70 L0 L24 L70
L168 L2 L36 L168 L43 L189
L69 L8 L191 L69 L103
L199 L10 L199
L177 L166 L170 L16 L177 L94
L59 L59 L20
L167 L53 L30 L167
L133 L33 L133
L22 L35 L22
L195 L160 L195 L37
L34 L34 L38
L141 L41 L141
L131 L178 L42 L131
L87 L99 L101 L102 L108 L45 L87
L142 L68 L142 L47
L6 L50 L6
L64 L64 L54
L56 L56 L73
L185 L185 L74
L129 L129 L76
L186 L186 L82 L158
L152 L152 L89
L7 L90 L7
L93 L96 L93
L4 L104 L139 L4 L143
L196 L105 L196
L71 L112 L71
L121 L121 L114
L15 L115 L15
L55 L134 L55
L95 L136 L95
L119 L138 L119
L19 L144 L19
L184 L184 L159
L23 L165 L23
L31 L174 L31
L127 L190 L127
L182 L193 L182
L132 L132
L117 L117
L67 L67
L145 L145
