101 100 99 92 95 83 88 86 82 88 79 75 78 74 20 26 28 27 25 28 65 66 60 67 64 68 17 13 10 14 16 15 11 61 62 69 66 30 37 30 33 34 36 37 75 77 76 72 79 87 81 83 95 94 96 97 99 100 50 51 59 53 52 56 52 41 44 46 45 48 40 1 0 1 7 5 8 9 0 100 101
60
7 2 7
9 9 3
1 1 4
8 8 6
16 16 18 11
14 12 14
15 19 15
28 28 21
25 24 25 22
20 20 23
26 26 29
30 30 31
37 32 37
33 33 35
36 36 38 39
45 42 45
48 48 49 43
40 40 47
50 50 54
51 51 55
59 57 59
56 56 58
62 61 62
69 69 63
79 70 79
74 74 71
72 72 73
81 80 81
82 82 84
86 85 86 87
88 88 89
92 90 92
96 96 98 91
97 97 93
0 0
5 5
10 10
13 13
17 17
27 27
34 34
41 41
44 44
46 46
52 52
53 53
60 60
64 64
65 65
66 66
67 67
68 68
75 75
76 76
77 77
78 78
83 83
94 94
95 95
99 99
