Soda Cambodia Soda Northern Argentina Luxembourg Congo Senegal Aruba Liberia Republic Algeria Niger United Niger Kyrgyzstan Netherlands Saint Mayotte Singapore Saint New Maldives Croatia Bahamas Nepal Hong Palau Pitcairn Latvia Poland British Korea Aruba Nigeria Comoros Kiribati Northern Soda
28
Croatia Sint Croatia
Pitcairn Pitcairn Macao Japan
Cambodia Jamaica Cambodia Finland
United United Albania
Republic Antigua Republic
Kyrgyzstan Sao Kyrgyzstan
Mayotte Malawi Mayotte Ireland
Bahamas Indonesia Mexico Bahamas
Soda Burkina
Argentina Pakistan Argentina
Saint Saint Belize
Latvia Latvia Moldova
Singapore Lebanon Singapore
Nigeria Nigeria Rwanda
Congo Congo Burundi
Netherlands Fiji Netherlands
Kiribati Lao Kiribati
New New Iraq
Korea Korea Egypt
Luxembourg Luxembourg
Northern Northern
Niger Niger
Hong Hong
Liberia Liberia
British British
Algeria Algeria
Palau Palau
Aruba Aruba
