Meckgue TheKrustyKrab Yunkai Sanlow TheGodswood MysticRuins RepublicCity Vexhollow BeyondtheWall TheSpine TheHogsHead Netherfort Murkcairn Ellesmera TheSpine BeyondtheWall EasternAirTemple TheVale Naboo Steeltown TheArcanum TheWaystoneInn Eggmanland Grayburn KoralReef Larcbost KoralReef Tartarus VaultofSouls Kinecardine EarthKingdom UtgardMountain LakeLaogai Urubaen Yunkai TheKrustyKrab Lorien Winterfell Essos VaultofSouls Meckgue
29
Larcbost Larcbost Gizton
Tartarus TheWaystoneInn Tartarus Braavos
RepublicCity TreeofTime RepublicCity
KoralReef ShatteredPlains KoralReef
Vexhollow Ademre Vexhollow
Steeltown Dagobah Steeltown
Winterfell Winterfell Carvahall Meereen
Grayburn Keld Grayburn
LakeLaogai ThePrancingPony LakeLaogai
Ellesmera Ellesmera GooLagoon
EarthKingdom EarthKingdom UtgardMountain
Urubaen Urubaen FlourishBlotts
TheArcanum TheArcanum LeakyCauldron
Sanlow Gotham Sanlow ZhaoFu
TheGodswood TheUniversity TheGodswood
Meckgue Beldenn Meckgue
BeyondtheWall BeyondtheWall TheBoilingRock
TheVale TheVale Castamere
Murkcairn Murkcairn
TheSpine TheSpine
EasternAirTemple EasternAirTemple
VaultofSouls VaultofSouls
Lorien Lorien
Netherfort Netherfort
Kinecardine Kinecardine
MysticRuins MysticRuins
Yunkai Yunkai
TheKrustyKrab TheKrustyKrab
TheHogsHead TheHogsHead
