Essos JarrensOutpost TheReshiIsles FleaBottom TheWhompingWillow TheUnderworld Ivormere Valyria Dragonstone Yll TheSpiritWorld KnifesEdge TheVale Lockinge TheChumBucket TheGodswood HighGarden Omashu Meereen DuWeldenvarden Toperhagen TheKrustyKrab Azir Urubaen TheFae Urubaen Carvahall Grimbarrow Neddingtown Duskhollow Boatwright Gizton FlourishBlotts Accrington Alderaan Ellesmera MountOlympus Naboo ShriekingShack TheHogsHead Atlantas Soda Pendle Karth Castamere Tarbean TheGodswood Barkamsted Endor GringottsBank Vintas Neddington TheEyrie DiagonAlley Sanlow DiagonAlley Riverrun BoarsEye Penketh Alethkar WesternAirTemple Winterfell Arcwallow Astapor Meckingbourne Essos
55
TheSpiritWorld Jakku TheSpiritWorld CaveofTwoLovers
Carvahall Toffingburg Carvahall
Alderaan GooLagoon Alderaan Alethkar
Barkamsted Peridrift Barkamsted BaSingSe Ademre Braavos
FlourishBlotts Chrofall FlourishBlotts
TheFae Helgrind TheFae
Ivormere Ivormere TheCommonwealth
Meereen Meereen Lorien
Endor WitheredHeath Endor TheSpine
Neddington Shinovar Neddington
MountOlympus MountOlympus JahKeved
ShriekingShack Trebon ShriekingShack
Gizton Severen Gizton
Urubaen Urubaen Dubwall
Omashu Omashu Bobbingbourne
Castamere TheBoilingRock Castamere
Dragonstone Newarre Dragonstone
Sanlow Sanlow Hogwarts
Soda Soda Steeltown
Penketh Arkham Penketh
TheWhompingWillow TheWhompingWillow Aerodenn FireNation
Riverrun Riverrun Tartarus
DuWeldenvarden BeyondtheWall DuWeldenvarden
Azir Azir TheGreatDivide
JarrensOutpost JarrensOutpost Keld
Essos Essos TheRiverStyx
TheReshiIsles TheReshiIsles Batcave RepublicCity
Lockinge Westeros Lockinge
Tarbean Tarbean Hogsmead
TheKrustyKrab BikiniBottom TheKrustyKrab
Valyria ShatteredPlains Valyria Arrowcave
Astapor Netherfort Astapor
KnifesEdge KnifesEdge ProBendingArena
Grimbarrow Grimbarrow Blackwater
TheUnderworld CastleBlack TheUnderworld
TheChumBucket TheChumBucket SatishVille
Arcwallow Arcwallow
Yll Yll
Ellesmera Ellesmera
Boatwright Boatwright
TheVale TheVale
DiagonAlley DiagonAlley
TheGodswood TheGodswood
Accrington Accrington
Vintas Vintas
Toperhagen Toperhagen
FleaBottom FleaBottom
Duskhollow Duskhollow
Atlantas Atlantas
HighGarden HighGarden
Neddingtown Neddingtown
WesternAirTemple WesternAirTemple
TheEyrie TheEyrie
Karth Karth
Winterfell Winterfell
