21 54 107 142 2 146 118 134 95 149 49 74 64 34 120 16 32 169 114 7 127 15 108 36 168 45 100 137 72 84 133 31 147 29 147 61 184 131 135 139 196 103 152 144 122 163 129 167 90 10 30 78 178 119 176 186 190 188 96 154 87 20 85 24 172 116 46 105 60 18 88 81 136 130 160 21
73
120 120 14
119 17 119
30 30 23
31 27 31
142 121 37 142
105 105 38
61 40 61
15 42 15
7 7 47
21 48 21
103 51 103
72 72 53
188 56 188
85 62
130 130 68
96 96 75
114 82 114
169 169 91
107 97
129 102
29 115 29
168 168 125
184 184 151
160 160 156
134 134 159
172 170 172
46 177 46
10 10 180
136 136 194
147 147
20 20
18 18
190 190
24 24
34 34
36 36
135 135
127 127
45 45
163 163
90 90
122 122
167 167
100 100
74 74
2 2
133 133
144 144
186 186
116 116
64 64
131 131
108 108
149 149
154 154
81 81
118 118
139 139
178 178
16 16
78 78
152 152
88 88
49 49
146 146
32 32
196 196
176 176
87 87
137 137
54 54
60 60
95 95
