s h129 h176 h174 h161 h191 h155 h190 h184 h187 h192 h169 h118 h100 h146 h149 h143 h131 h105 h135 h114 h105 h106 h183 h177 h164 h177 h181 h141 h181 h171 h130 h154 l75 h111 h182 h150 h158 l40 h119 h159 h112 h109 h148 h140 h189 h137 h197 h134 h160 h179 h160 h140 h151 h128 h151 h186 h142 h163 h110 h180 h178 h136 h194 h136 h199 h193 h187 h117 h149 h116 l11 h104 h195 h167 s
61
h163 h163 h101
h161 h161 h102
h114 h114 h103
h110 h107 h173 h110
h128 h128 h108
h179 h113 h179
h148 h153 h115 h148
h154 h120 h154
h193 h121 h193
h117 h122 h117
h158 h123 h158
h151 h132 h124 h151
h195 h195 h125
h191 h126 h191
h111 h111 h127
h135 h133 h135
h140 h152 h138 h140
h199 h139 h199
h149 h149 h143
h142 h144 h142
h160 h160 h145 h168
h164 h156 h147 h164
h190 h157 h190
h141 h162 h141
h105 h105 h165
h174 h174 h166
s h167
h169 h169 h170
h178 h178 h172 h198
h194 h194 h175
h192 h192 h185
h100 h100 h188
h116 h116 h196
h104 h104
h106 h106
h109 h109
h112 h112
h118 h118
h119 h119
h129 h129
h130 h130
h131 h131
h134 h134
h136 h136
h137 h137
h146 h146
h150 h150
h155 h155
h159 h159
h171 h171
h176 h176
h177 h177
h180 h180
h181 h181
h182 h182
h183 h183
h184 h184
h186 h186
h187 h187
h189 h189
h197 h197
