node87 node95 node18 node88 node12 node25 node72 node29 node98 node39 node73 node92 node64 node59 node6 node19 node90 node86 node62 node99 node55 node48 node31 node75 node60 node79 node43 node74 node97 node54 node76 node57 node4 node15 node69 node14 node17 node53 node35 node45 node96 node70 node8 node70 node87
33
node86 node1 node38 node86
node35 node2 node35 node45
node19 node19 node5
node96 node11
node76 node76 node23
node8 node27 node8
node95 node37 node95
node14 node42 node14
node79 node79 node47
node57 node57 node56
node48 node83 node48
node75 node75 node85
node39 node93 node39
node54 node54 node94
node29 node29
node64 node64
node55 node55
node53 node53
node69 node69
node59 node59
node17 node17
node6 node6
node99 node99
node12 node12
node15 node15
node25 node25
node92 node92
node72 node72
node74 node74
node88 node88
node97 node97
node31 node31
node60 node60
