node139 node24 node157 node92 node160 node181 node9 node200 node80 node37 node178 node109 node129 node66 node41 node71 node49 node185 node193 node86 node97 node126 node79 node141 node193 node80 node20 node53 node164 node186 node98 node119 node131 node169 node134 node85 node100 node30 node50 node30 node100 node38 node173 node99 node16 node152 node158 node191 node114 node195 node187 node180 node60 node96 node8 node52 node22 node27 node192 node124 node54 node198 node73 node40 node150 node146 node33 node125 node123 node57 node51 node89 node107 node182 node154 node61 node102 node48 node24 node166 node19 node84 node130 node95 node117 node95 node139
65
node57 node1 node57
node195 node195 node3 node59
node192 node5 node192
node152 node10 node12 node152
node124 node17 node124
node85 node18 node85
node73 node73 node26 node188
node173 node42 node173
node16 node47 node16
node129 node129 node55
node182 node182 node56
node141 node65 node141
node193 node72
node22 node81 node22
node38 node38 node94
node54 node108 node54
node109 node109 node111
node20 node20 node112
node107 node107 node116
node97 node97 node126
node84 node130 node84
node123 node123 node143
node71 node149 node71
node191 node191 node159
node178 node162 node178
node48 node163 node48
node50 node50 node165
node180 node180 node167
node117 node117 node184
node134 node190 node134
node60 node60
node8 node8
node114 node114
node125 node125
node119 node119
node53 node53
node185 node185
node158 node158
node100 node100
node37 node37
node181 node181
node80 node80
node49 node49
node86 node86
node66 node66
node24 node24
node30 node30
node92 node92
node33 node33
node98 node98
node146 node146
node19 node19
node154 node154
node200 node200
node61 node61
node186 node186
node41 node41
node27 node27
node96 node96
node102 node102
node157 node157
node51 node51
node160 node160
node52 node52
node169 node169
