369 eeb6 b4bd 62e5 d005 62e5 c261 14e32 110d0 4b06 e47b 3327 1eb1 9cde 69b7 664e 221a 664e 960c 1408e bb8f 14760 10d67 2583 8bd1 ffc3 c933 139bc 132ea 14ac9 121dd a047 2fbe 6d20 e7e4 13653 13d25 369
34
c933 a3b c933 4e6f
221a 221a da4
4b06 4b06 1476
d005 2c55 d005
121dd 4434 121dd a047
e47b e47b 51d8
960c 960c 84ff
bb8f d36e bb8f
10d67 10d67 d6d7
6d20 6d20 da40
b4bd dda9 b4bd
e7e4 e7e4 10695
369 11b0b
13d25 13d25 128af
3327 3327
c261 c261
2583 2583
62e5 62e5
1eb1 1eb1
14ac9 14ac9
1408e 1408e
13653 13653
8bd1 8bd1
139bc 139bc
69b7 69b7
ffc3 ffc3
110d0 110d0
132ea 132ea
664e 664e
9cde 9cde
2fbe 2fbe
eeb6 eeb6
14760 14760
14e32 14e32
