node0 node162 node157 node137 node183 node196 node0 node184 node134 node112 node174 node24 node135 node102 node76 node107 node173 node188 node168 node198 node145 node147 node131 node170 node87 node172 node87 node158 node82 node159 node152 node147 node46 node195 node46 node103 node46 node143 node30 node149 node154 node127 node113 node139 node77 node175 node118 node110 node192 node61 node120 node32 node124 node132 node186 node101 node156 node189 node104 node70 node166 node105 node116 node155 node177 node163 node197 node109 node182 node193 node169 node67 node111 node121 node128 node177 node114 node119 node138 node133 node122 node55 node180 node141 node179 node49 node194 node70 node0
69
node197 node161 node100 node197
node103 node106 node103
node183 node136 node108 node183
node30 node144 node115 node165
node120 node120 node117
node70 node176 node123 node140 node199
node128 node128 node125
node168 node168 node126
node196 node129 node196
node184 node184 node130
node113 node113 node139
node155 node155 node142
node157 node146 node157
node192 node192 node148
node170 node170 node150
node111 node111 node151
node134 node153 node134
node76 node156
node104 node160 node104
node118 node164 node118
node173 node173 node167
node152 node152 node171 node181
node194 node194 node178
node195 node185 node195
node101 node187 node101
node172 node172 node190
node0 node191
node102 node102
node105 node105
node107 node107
node109 node109
node110 node110
node112 node112
node114 node114
node116 node116
node119 node119
node121 node121
node122 node122
node124 node124
node127 node127
node131 node131
node132 node132
node133 node133
node135 node135
node137 node137
node138 node138
node141 node141
node143 node143
node145 node145
node147 node147
node149 node149
node154 node154
node158 node158
node159 node159
node162 node162
node163 node163
node166 node166
node169 node169
node174 node174
node175 node175
node177 node177
node179 node179
node180 node180
node182 node182
node186 node186
node188 node188
node189 node189
node193 node193
node198 node198
