8 97 105 152 105 165 105 142 174 142 105 52 99 54 70 69 55 71 54 116 115 116 109 169 191 192 170 118 160 193 188 183 160 118 78 118 159 168 108 38 24 19 18 39 22 25 24 88 40 42 45 42 40 100 147 135 89 90 102 90 87 16 33 52 66 63 49 30 4 29 3 8 97 126 80 120 123 121 173 143 153 144 82 6 8
61
8 2
3 3 5
24 17 26 24
25 25 21
87 87 23
33 33 35
63 63 47
69 51 69
71 53 71
78 59 61 78
66 66 64
49 65 49
105 105 68 164
115 115 72
55 73 55
82 82 79
6 83 6
19 19 85
45 91 45 93
102 102 95
165 113 165
173 124 173
142 125 142
123 123 127
89 89 137 136
153 153 144
99 145 99
116 116 167
192 171 192
174 172 174
183 179 181 183
147 147 182
152 185 152
168 190 168
160 160
121 121
88 88
54 54
97 97
193 193
80 80
90 90
191 191
4 4
188 188
169 169
109 109
30 30
135 135
120 120
100 100
38 38
29 29
126 126
22 22
118 118
52 52
42 42
70 70
39 39
40 40
