UMUCUTWAW OIPVAKF WRQUJ XGGIUBVDN TNSRRJCDD XWBHEYXJU AOWYQNAYA USUVN DQOPCH PLYPQBTP VSMLVXSP OWLFACDII CJLYWOAQ JVYIBRJ CJLYWOAQ SUIOZK EGEASKKIE VHHVQ VASGY RRFKVFYKR QOHWG OMBFD KAYADTT EGEASKKIE KUUVZB XJOXYWA VHLSP IGVCE CNINRTR TCXWZV YNHRBC JJAQQ JOWHZXTIA STQNQT JOWHZXTIA MWTSDF MNWMWDXCQ GUDSRTKLA YPXLG OLYQTGVA UMUCUTWAW
33
JJAQQ JJAQQ TNKNMUFI
KUUVZB KUUVZB TJFSEUB
YNHRBC YNHRBC GVNFQM
OIPVAKF AWQOWSNYN OIPVAKF
JVYIBRJ ZFMGDWP JVYIBRJ ZSHRTZVKO
YPXLG YPXLG MHXHJGEF
STQNQT STQNQT YFKIFTRS
USUVN ZPFHBWI USUVN
VHLSP VHLSP ZLYFI
EGEASKKIE EGEASKKIE RDTQTJB
VSMLVXSP IZNSKNS VSMLVXSP
XJOXYWA XJOXYWA ELILXSR
AOWYQNAYA CRSMUEPQG AOWYQNAYA
KAYADTT UENPUJ KAYADTT FVKLDY
GUDSRTKLA GUDSRTKLA WEPDZ
CNINRTR CNINRTR
CJLYWOAQ CJLYWOAQ
WRQUJ WRQUJ
VASGY VASGY
JOWHZXTIA JOWHZXTIA
XWBHEYXJU XWBHEYXJU
RRFKVFYKR RRFKVFYKR
SUIOZK SUIOZK
TNSRRJCDD TNSRRJCDD
TCXWZV TCXWZV
XGGIUBVDN XGGIUBVDN
OMBFD OMBFD
QOHWG QOHWG
DQOPCH DQOPCH
MNWMWDXCQ MNWMWDXCQ
MWTSDF MWTSDF
PLYPQBTP PLYPQBTP
VHHVQ VHHVQ
