USZWPSB HVERBTBS VBAQD RGLCPSJQE ANHOTJN JEGRK FPWMJC XZUPVI UDNWTRHT XQOMNCXDB JXLFSOAT TTXGTNV OVKLH NHNDWOH ZEZKNGTK ZGZQJZFA DFFFG HSAIPP RGSOR NIVCBBO KRUSUHB NIVCBBO EJXSCSGM ZNZOQPE ZKGYGD VWHRKOPZ HNOOUELP LYRSZA TQSCIQTX AIGGLZT AHZYCQM YAETAC JOXQIX MSHZNEX RJDHJFNIN HWJUZVNH SICVXMLGL WTQCHXQ NZJGYK OVKLH DKINCMT TGPYEAP APIOYKU RLWAP AOVKACB EMAAQWO AOVKACB RUGMYM ACYPAPBPW EFOWXJQKY DIXXP WEXBJV RVPJHZLQQ XENTNT VWNAJFRNG QMHLIXVD VWNAJFRNG XSWDY GLYDZ YOUZA GEGFOSJ KRUSUHB MYDTJZPES KAUIIR TOAKXEQ PJXURKPC NTZSZ YFEZIO FZNKCK ORCMU USZWPSB
63
GEGFOSJ FZGDAQKRC ILXWSRIC GEGFOSJ
EFOWXJQKY MWXYLX EFOWXJQKY EPJHOESBB
ZNZOQPE ZNZOQPE JVWIZDBS HSJUMJH
RGSOR BLXWCB RGSOR
NTZSZ YVIRIDDRA NTZSZ
LYRSZA LYRSZA MRXNI
VWHRKOPZ NCPEGX VWHRKOPZ
ORCMU ORCMU XHMMLM
WEXBJV GNXDBJSVR MOXGRP WEXBJV
KRUSUHB SIAFKK JQHORKB KRUSUHB
QMHLIXVD QMHLIXVD BHAMV
RGLCPSJQE EHQRYBZ RGLCPSJQE
XENTNT XENTNT RBNAR
DFFFG DFFFG VVSNO
AHZYCQM AHZYCQM BCHOPGEE
GLYDZ LNDUQDYSK GLYDZ FCWRH
WTQCHXQ WTQCHXQ CCTJZN
DIXXP DIXXP NBRZI
NZJGYK NZJGYK UBODMUMJ
SICVXMLGL SICVXMLGL OLUPAJLP
ACYPAPBPW HEFYBKPUF ACYPAPBPW
TGPYEAP APIOYKU TGPYEAP
ZEZKNGTK ZEZKNGTK CWLLCM
FZNKCK FZNKCK RQWCFDHW
AIGGLZT AIGGLZT YKOGGTNN
XQOMNCXDB XQOMNCXDB AXCWU
EJXSCSGM FJQMKJNWE EJXSCSGM
HNOOUELP HNOOUELP APBFJMOOF
USZWPSB USZWPSB GALHVZ
DKINCMT DKINCMT FLOTLYFG
EMAAQWO EMAAQWO VFEEU
HSAIPP HSAIPP
AOVKACB AOVKACB
MSHZNEX MSHZNEX
UDNWTRHT UDNWTRHT
FPWMJC FPWMJC
JOXQIX JOXQIX
YOUZA YOUZA
TQSCIQTX TQSCIQTX
TTXGTNV TTXGTNV
KAUIIR KAUIIR
XSWDY XSWDY
RJDHJFNIN RJDHJFNIN
VWNAJFRNG VWNAJFRNG
RLWAP RLWAP
TOAKXEQ TOAKXEQ
NHNDWOH NHNDWOH
YFEZIO YFEZIO
NIVCBBO NIVCBBO
PJXURKPC PJXURKPC
HWJUZVNH HWJUZVNH
VBAQD VBAQD
JXLFSOAT JXLFSOAT
OVKLH OVKLH
MYDTJZPES MYDTJZPES
RVPJHZLQQ RVPJHZLQQ
RUGMYM RUGMYM
YAETAC YAETAC
ANHOTJN ANHOTJN
JEGRK JEGRK
HVERBTBS HVERBTBS
ZKGYGD ZKGYGD
XZUPVI XZUPVI
