73 173 196 163 26 115 26 58 110 184 153 68 183 83 161 2 128 155 138 16 138 136 123 176 186 47 187 122 41 194 15 12 143 191 75 124 105 112 62 61 0 127 33 55 60 7 129 95 40 82 107 98 32 162 96 99 63 73
51
7 44 6 7
124 10 124
110 11 110
40 40 19
60 60 21 92
15 24 15
127 27 77 127
12 35 12
143 37 143
173 171 173 39
75 42 75
163 48 89 163
115 49 115
58 58 52
194 194 76 53
129 57 129
186 167 186 197 63
155 66 155 125
98 98 70
191 191 71
55 72 109 168 55
47 81 47
99 99 101 159
176 176 118
68 169 68 189 119
96 96 133
82 82 135
128 128 145
138 154 138
2 2 166
83 83 175
162 185 162
107 107 190
0 192 0
16 16 195
112 112
153 153
62 62
122 122
187 187
73 73
184 184
183 183
136 136
41 41
95 95
26 26
161 161
123 123
196 196
61 61
