39 119 118 27 81 161 89 30 31 44 156 13 12 74 63 23 56 55 96 194 6 84 177 88 36 42 41 22 39
28
39 0 97 3 4 100 195 198 11 46 48 49 80 83 150 152 93 191
27 129 130 70 169 43 75 76 77 78 16 17 109 113 114 27 28 157
30 20 30
12 51 12
56 56 107 54
194 193 194 59
31 91 31
36 126 36 94
23 99 23
22 22 103
118 112 108 118
119 116 197 110 119
96 96 135 139 140 111 147 148
55 115 55
13 192 123 13
63 133 63
74 74 149
6 6 151
156 154 156
44 44 158
161 160 161
81 81 163
84 84 173 183
177 177 174
42 176 42
41 41 178
89 89 179
88 88 180 182
