132 126 122 118 106 100 98 92 96 88 86 102 173 185 26 27 28 195 113 109 105 101 97 95 87 25 17 161 146 138 189 196 194 188 149 136 171 167 133 156 159 166 182 160 76 78 68 60 62 64 66 46 38 40 72 80 181 197 193 135 148 13 9 8 6 5 3 177 33 35 39 41 45 47 61 81 75 192 162 154 132
79
3 2 3
28 28 31
40 36 40
38 44 38
60 60 56
75 75 77
80 82 80
87 85 87
86 90 86
95 91 95
102 102 104
106 106 108
17 137 17
66 66 142
159 159 152
162 162 155
126 126 176
13 180 13
167 167 183
154 154 184
194 194 198
171 171
64 64
195 195
46 46
96 96
122 122
47 47
68 68
45 45
189 189
138 138
196 196
100 100
25 25
72 72
33 33
161 161
78 78
188 188
8 8
61 61
9 9
98 98
160 160
136 136
133 133
81 81
193 193
109 109
113 113
177 177
39 39
197 197
5 5
146 146
35 35
6 6
135 135
156 156
101 101
88 88
166 166
118 118
27 27
181 181
97 97
173 173
26 26
192 192
76 76
105 105
182 182
185 185
148 148
41 41
92 92
62 62
149 149
