Building65 Building66 Building99 Building34 Building35 Building41 Building44 Building46 Building4 Building7 Building5 Building1 Building8 Building7 Building59 Building62 Building63 Building61 Building60 Building33 Building44 Building41 Building35 Building38 Building34 Building99 Building66 Building83 Building30 Building20 Building27 Building23 Building22 Building53 Building51 Building53 Building22 Building24 Building18 Building24 Building28 Building25 Building28 Building24 Building18 Building13 Building21 Building13 Building14 Building29 Building95 Building94 Building97 Building94 Building70 Building77 Building73 Building82 Building73 Building77 Building70 Building76 Building74 Building12 Building88 Building91 Building88 Building12 Building99 Building66 Building65
34
Building5 Building3
Building1 Building8 Building1
Building14 Building10
Building21 Building16 Building11
Building29 Building15
Building25 Building25 Building31
Building24 Building32 Building24
Building44 Building33 Building44
Building46 Building36 Building46
Building38 Building45 Building37
Building35 Building42 Building35
Building51 Building51 Building54 Building55
Building61 Building57 Building61
Building63 Building58
Building66 Building64
Building82 Building82 Building71
Building70 Building80 Building76
Building77 Building81 Building79
Building91 Building91 Building84
Building95 Building92
Building97 Building96 Building97
Building27 Building27
Building59 Building59
Building88 Building88
Building4 Building4
Building94 Building94
Building22 Building22
Building41 Building41
Building99 Building99
Building13 Building13
Building83 Building83
Building20 Building20
Building73 Building73
Building30 Building30
