140 153 123 28 108 186 148 77 18 165 25 144 25 132 56 150 8 150 132 25 127 45 5 11 19 53 19 11 79 134 148 144 24 151 29 154 24 144 163 85 184 83 52 146 186 108 28 133 185 128 149 179 149 128 185 133 80 42 134 59 62 112 22 112 125 112 62 137 197 97 93 97 62 167 134 34 61 177 32 177 102 13 84 175 84 57 83 57 84 175 89 139 101 134 50 107 16 47 162 103 4 103 4 160 158 160 4 49 1 196 12 193 140
60
154 65 154 6
179 179 7
167 9 167
196 10 196
85 85 14
19 19 139 21
150 27 150
89 89 82 35
103 36 103
93 173 93 39
80 40 80
101 41 101
50 50 44
13 51 13
185 185 55
123 176 73 123
125 76 125
146 146 190 94
158 158 95
18 96 18
25 104 25
133 114 133
32 32 115
49 49 117
79 130 79
140 135
83 83 142
56 56 159
8 8 166
29 168 29
53 169 53
77 170 77
22 178 22
47 182 47
12 193 12
177 177
42 42
197 197
108 108
62 62
102 102
4 4
59 59
112 112
160 160
175 175
127 127
132 132
11 11
45 45
128 128
186 186
97 97
57 57
61 61
134 134
153 153
84 84
151 151
5 5
