a0 a97 a56 a3 a41 a8 a78 a24 a78 a8 a25 a15 a71 a32 a72 a56 a3 a41 a83 a41 a3 a43 a2 a77 a49 a55 a6 a31 a13 a52 a13 a31 a6 a27 a49 a2 a4 a98 a51 a53 a94 a23 a18 a1 a9 a28 a22 a7 a10 a11 a59 a11 a18 a1 a9 a67 a17 a0
32
a1 a80 a12 a93
a0 a65 a21
a28 a33 a28 a44
a22 a37
a7 a39
a6 a42
a15 a46
a59 a74 a59 a47
a9 a48 a9
a3 a50
a13 a60
a24 a73 a79
a52 a75 a52
a11 a81 a11 a86
a71 a82 a71
a94 a94 a87
a8 a88 a8
a83 a90 a83
a17 a17 a99
a43 a43
a51 a51
a98 a98
a55 a55
a23 a23
a53 a53
a18 a18
a56 a56
a2 a2
a25 a25
a77 a77
a78 a78
a97 a97
