L11 L198 L90 L96 L124 L197 L28 L69 L139 L137 L195 L141 L132 L199 L179 L181 L39 L161 L1 L155 L187 L89 L16 L199 L184 L180 L85 L22 L62 L66 L189 L150 L93 L199 L118 L86 L145 L199 L146 L168 L88 L42 L199 L72 L43 L121 L70 L40 L87 L32 L7 L192 L136 L190 L199 L134 L91 L140 L11
50
L70 L8 L70
L32 L32 L9
L168 L168 L10
L124 L124 L14
L89 L112 L89 L19 L131
L145 L145 L99 L23
L40 L40 L27
L87 L29 L102 L87
L91 L91 L30
L11 L31
L195 L195 L125 L46
L72 L48 L72 L76
L198 L53 L198
L1 L1 L101 L54
L66 L58 L66
L181 L64 L181
L22 L65 L22
L90 L74 L90
L141 L75 L141 L110
L118 L120 L175 L118 L79
L96 L96 L84
L155 L155 L100
L179 L179 L103
L42 L104 L42
L69 L106 L69
L16 L16 L109
L189 L113 L189
L190 L114 L190
L85 L177 L115 L85
L132 L191 L132 L119
L139 L128 L139
L93 L130 L93
L146 L169 L146 L147
L180 L154 L180
L62 L160 L62
L28 L28 L173
L161 L161 L188
L88 L88 L193
L7 L7
L43 L43
L86 L86
L121 L121
L134 L134
L136 L136
L150 L150
L184 L184
L187 L187
L192 L192
L197 L197
L137 L137
