TA0 TA36 TA35 TA9 TA62 TA73 TA7 TA18 TA90 TA18 TA7 TA73 TA62 TA63 TA62 TA9 TA8 TA9 TA10 TA59 TA58 TA32 TA33 TA12 TA38 TA47 TA50 TA86 TA85 TA84 TA48 TA84 TA85 TA24 TA85 TA86 TA56 TA27 TA26 TA25 TA16 TA37 TA39 TA37 TA52 TA53 TA54 TA82 TA81 TA82 TA54 TA10 TA0
31
TA0 TA1 TA99
TA7 TA6 TA7
TA18 TA18 TA19
TA26 TA26 TA21
TA24 TA24 TA23
TA36 TA25 TA36
TA27 TA27 TA28
TA39 TA40 TA39
TA90 TA89 TA42 TA90
TA47 TA46 TA47
TA50 TA49 TA50
TA32 TA32 TA61
TA63 TA64 TA63
TA35 TA35 TA71
TA33 TA33 TA76
TA81 TA80 TA81
TA8 TA8 TA92
TA48 TA48 TA94
TA9 TA9
TA38 TA38
TA58 TA58
TA84 TA84
TA86 TA86
TA59 TA59
TA85 TA85
TA56 TA56
TA54 TA54
TA62 TA62
TA12 TA12
TA73 TA73
TA10 TA10
