AAA ABA ABB ACB ACC ACD ACC ABC ABB ABA ACA ADA BAA BBA BBB BCB BCC BCD BCC BBC BBB BBA BCA BDA CAA CBA CBB CCB CCC CCD CBD CBC CBB CBA CCA CDA DAA DBA DBB DCB DCC DCD DCC DBC DBB DBA DCA DDA EAA EBA EBB EBC EBD ECD ECC ECB ECA EDA FAA FBA FBB FCB FCC FCD FBD FBC FBB FBA FCA FDA GAA GBA GBB GCB GCC GCD GBD GBC GBB GBA GCA GDA HAA HAB HBB HCB HCC HCD HDD HDC HDB HDA IAA IAB IBB ICB ICC ICD ICC ICB IDB IDA JAA JAB JBB JCB JCC JCD JCC JCB JDB JDA KAA KBA KBB KBC KBD KCD KCC KCB KCA KDA LAA LAB LBB LCB LCC LCD LCC LCB LCA LBA LAA KDA KCA KBA KAA JDA JCA JBA JAA IDA ICA IBA IAA HDA HCA HBA HAA GDA GCA GBA GAA FDA FCA FBA FAA EDA ECA EBA EAA DDA DCA DBA DAA CDA CCA CBA CAA BDA BCA BBA BAA ADA ACA ABA AAA
48
ABC AAD ABC
ACD ACD ADD
BBC BAD BBC
BCD BCD BDD
CBC CAD CBC
CCD CCD CDD
DBC DAD DBC
DCD DCD DDD
EBD EAD
EBB ECB EBB
ECD ECD EDD
FBC FAD FBC
FCD FCD FDD
GBC GAD GBC
GCD GCD GDD
HAB HAD
HBB HBB HBC
HCD HCD HDD
IAB IAD
IBB IBB IBC
ICD ICD IDD
JAB JAD
JBB JBB JBC
JCD JCD JDD
KBD KAD
KBB KCB KBB
KCD KCD KDD
LAB LAD
LBB LBB LBC
LCD LCD LDD
ABB ABB
ACB ACB
BBB BBB
BCB BCB
CBB CBB
CCB CCB
DBB DBB
DCB DCB
EBC EBC
FBB FBB
FCB FCB
GBB GBB
GCB GCB
HCB HCB
ICB ICB
JCB JCB
KBC KBC
LCB LCB
