AAA ABA ABB ACB ACC ACD ACC ABC ACC ACB ACA ADA BAA BBA BBB BCB BCC BCD BCC BBC BBB BBA BCA BDA CAA CBA CBB CCB CCC CCD CBD CBC CCC CCB CCA CDA DAA DBA DBB DCB DCC DCD DCC DBC DBB DBA DCA DDA EAA EBA EBB EBC EBD ECD ECC ECB ECA EDA FAA FBA FBB FCB FCC FCD FBD FBC FBB FBA FAA EDA ECA EBA EAA DDA DCA DBA DAA CDA CCA CBA CAA BDA BCA BBA BAA ADA ACA ABA AAA
24
ABC AAD ABC
ACD ACD ADD
BBC BAD BBC
BCD BCD BDD
CBC CAD CBC
CCD CCD CDD
DBC DAD DBC
DCD DCD DDD
EBD EAD
EBB ECB EBB
ECD ECD EDD
FBC FAD FBC
FCD FCD FDD
ABB ABB
ACB ACB
BBB BBB
BCB BCB
CBB CBB
CCB CCB
DBB DBB
DCB DCB
EBC EBC
FBB FBB
FCB FCB
