Gastre Triesen Kyrenia Dongola Visby Branson Juliaca Scottsdale Tukchi Hope Forteau Aasiaat Sambava Coatzacoalcos Clay Polatsk Coronel Bell Pingtung Gwadar Kindu Sholapur Scranton Benha Caen Taungoo Winters Malolos Neryungri Maidenhead Gastre
29
Sambava Allahabad Chepes Sambava
Polatsk Cumming Polatsk
Winters Kalgoorlie Winters
Tukchi Bovec Tukchi
Bell Bell Woodinville
Coatzacoalcos Polevskoy Coatzacoalcos
Triesen Destrnik Triesen
Gwadar Charlestown Gwadar
Branson Branson Baicheng Channahon
Visby Visby Luganville
Maidenhead Maidenhead Narva
Juliaca Cocieri Juliaca
Sholapur Daloa Derby Sholapur
Caen Caen Bosilovo
Neryungri Neryungri Bungoma
Aasiaat Aasiaat Absecon
Dongola Dongola Punakha
Pingtung Pingtung Leo
Malolos Malolos
Forteau Forteau
Scranton Scranton
Scottsdale Scottsdale
Kindu Kindu
Coronel Coronel
Benha Benha
Kyrenia Kyrenia
Taungoo Taungoo
Clay Clay
Hope Hope
