Milton Kiruna Harahan Yevlax Littlestown Tallaght Toktogul Shu Kimba Kerma Moanda Plainfield Salsk Koboko Jeonju Samux Sari Piran Scottsdale Nguigmi Rumuruti Makinsk Managua Cooma Marsaskala Sofia Plast Dunhuang Tabriz Carnikava Zvezdnyy Bonao Barddhaman Luga San Cochrane Campana Siquijor Barabinsk Crawfordsville Winona Nusaybin Jambi Joliet Zumpango Kanoya Kelang Mauldin Totness Pleasantville Multan Dalby Pakalongan Chicago Trang Pasadena Shamva Berkley Helotes Bam Martin Kirovohrad Milton
62
Martin Tunapuna Martin Jerusalem
Cochrane Cochrane Wallington
Samux Samux Cairo
Campana Campana Devine
Kirovohrad Kirovohrad Heath
Carnikava Agago Carnikava
Kimba Ihosy Kimba
Kerma Skiatook Kerma
Helotes Madrid Helotes
Managua Managua Zadar
Plast Aizawl Plast
Luga Luga Kasaali
Jambi Jizan Jambi
Pleasantville Pleasantville Clawson
Trang Ashtabula Hayden Trang
Chicago Burylbaytal Chicago
Scottsdale Elburn Scottsdale
Piran Piran Karur
Nguigmi Ipatinga Nguigmi Kitamilo
Yevlax Yevlax Boosaaso
Tabriz Tabuk Tabriz
Bam Arras Bam
Cooma Chancay Cooma
Sofia Zicheng Sofia
Mauldin Keene Mauldin Esmeraldas
Pakalongan Socorro Pakalongan
Joliet Esik Joliet
Barddhaman Hengshui Barddhaman
Crawfordsville Moorhead Crawfordsville
Nusaybin Nusaybin Quime
Marsaskala Marsaskala Eydhafushi
Barabinsk Barabinsk Lodja
Harahan Chicopee Harahan
Littlestown Morondava Littlestown
Winona Winona
Dunhuang Dunhuang
Kanoya Kanoya
Siquijor Siquijor
Sari Sari
Salsk Salsk
Rumuruti Rumuruti
Plainfield Plainfield
Toktogul Toktogul
Zvezdnyy Zvezdnyy
Shu Shu
Jeonju Jeonju
Totness Totness
Kiruna Kiruna
Tallaght Tallaght
Koboko Koboko
Berkley Berkley
Zumpango Zumpango
San San
Multan Multan
Shamva Shamva
Bonao Bonao
Pasadena Pasadena
Kelang Kelang
Moanda Moanda
Milton Milton
Makinsk Makinsk
Dalby Dalby
