Soda Location50 Location190 Location176 Location163 Location187 Location30 Location105 Location72 Location120 Location32 Location120 Location42 Location119 Location102 Location41 Location123 Location189 Location184 Location75 Location2 Location112 Location25 Location19 Location164 Location40 Location164 Location19 Location68 Location179 Location48 Location16 Location125 Location11 Location191 Location181 Location29 Location180 Location168 Location188 Location33 Location143 Location115 Location144 Location65 Location62 Location65 Location144 Location64 Location133 Location13 Location49 Location13 Location133 Location156 Location60 Location12 Location180 Location29 Location191 Location11 Location74 Location11 Location191 Location14 Location145 Location36 Location145 Location0 Location27 Location60 Location88 Location163 Location129 Location135 Location9 Location158 Location137 Location169 Location190 Location134 Location101 Location134 Location190 Location56 Location113 Location1 Location132 Location151 Location43 Location133 Location13 Location159 Soda
58
Location30 Location34 Location3 Location30
Location176 Location8 Location38 Location176
Location11 Location89 Location10 Location11
Location168 Location168 Location27
Location151 Location28 Location151
Location119 Location119 Location39
Location112 Location112 Location46
Location88 Location88 Location57
Location12 Location60 Location12
Location144 Location64 Location144
Location49 Location49 Location70
Location187 Location75 Location187
Location74 Location74 Location87
Location101 Location128 Location90 Location101
Location19 Location19 Location99
Location191 Location104 Location149 Location191
Location32 Location32 Location116
Location123 Location123 Location173 Location118 Location127
Location0 Location0 Location131
Location184 Location184 Location142
Location62 Location147 Location62
Location158 Location154 Location158
Location40 Location40 Location162
Location189 Location172 Location189
Location43 Location43 Location182
Location145 Location145
Location50 Location50
Location115 Location115
Location179 Location179
Location135 Location135
Location125 Location125
Location25 Location25
Location180 Location180
Location164 Location164
Location9 Location9
Location190 Location190
Location1 Location1
Location48 Location48
Location33 Location33
Location129 Location129
Location120 Location120
Location134 Location134
Location42 Location42
Soda Soda
Location56 Location56
Location36 Location36
Location41 Location41
Location181 Location181
Location188 Location188
Location102 Location102
Location72 Location72
Location132 Location132
Location163 Location163
Location105 Location105
Location143 Location143
Location16 Location16
Location113 Location113
Location29 Location29
