Soda Location46 Location26 Location46 Location95 Location94 Location79 Location72 Location53 Location7 Location11 Location80 Location11 Location7 Location94 Location29 Location58 Location77 Location70 Location32 Location12 Location88 Location31 Location20 Location57 Location74 Location76 Location17 Location45 Location86 Location47 Location46 Soda
23
Location26 Location0 Location26
Location86 Location1 Location93
Location45 Location2 Location45 Location39
Location12 Location3 Location12
Location11 Location5
Location57 Location9 Location57
Location72 Location72 Location16 Location10 Location41
Location80 Location80 Location23
Location95 Location28 Location38
Location70 Location35 Location70
Location94 Location42 Location94
Location58 Location56 Location58 Location44
Location32 Location32 Location66
Location20 Location82 Location20
Location76 Location76
Location77 Location77
Location79 Location79
Location17 Location17
Location46 Location46
Location29 Location29
Location74 Location74
Location7 Location7
Location31 Location31
