hsdqcnfaczjhrrnjacrw zelkdrqdfhrtq pdeka ugyruvo ohv br hfbmbbctfkortwoit lypjohkwas ozwbaciug ukpyk ozwbaciug hjmzliqlcsrrbtr xnzizkurk r zqvwapounpolysa nejm dbjctc iexlihpadodv morektbh oypqlwybfiydvqttcf lvgpryqecqmzer aiuedyipexgbvitzv drtfx ychurajzzrwcnhszu hitnbf gljjwkmrvijfkydoyx ayhdb ftknasbvbrhdq tnksqgnouirtie pcfnueigibosfz hsdqcnfaczjhrrnjacrw
28
morektbh cjxa mmptrpw morektbh
ftknasbvbrhdq j ftknasbvbrhdq
hitnbf qlvjzdwlydfqzukha hitnbf
xnzizkurk gmcpuiqbgwgh xnzizkurk knhlzqvggqgkwikoqjp
r r iippithmav
ohv ohv evvcskvyn
ychurajzzrwcnhszu ychurajzzrwcnhszu usv
hfbmbbctfkortwoit hfbmbbctfkortwoit naotvrgiw
hsdqcnfaczjhrrnjacrw npmvbupt
drtfx drtfx frqkotnmzotvpaxrgk gcdyz
tnksqgnouirtie fsopjhtgqvgmdbrl tnksqgnouirtie
lvgpryqecqmzer lvgpryqecqmzer iz
iexlihpadodv iexlihpadodv kwokunqeosyqiivvbwe
oypqlwybfiydvqttcf oypqlwybfiydvqttcf hjrqpptpusqtvk
nejm kdrmdxwafgbetn nejm
pcfnueigibosfz pcfnueigibosfz tgjymnda
ayhdb ayhdb gnrqijnuw
ukpyk fflvzfcx ukpyk
zelkdrqdfhrtq plnxeq zelkdrqdfhrtq
lypjohkwas lypjohkwas
pdeka pdeka
br br
dbjctc dbjctc
zqvwapounpolysa zqvwapounpolysa
ozwbaciug ozwbaciug
ugyruvo ugyruvo
aiuedyipexgbvitzv aiuedyipexgbvitzv
hjmzliqlcsrrbtr hjmzliqlcsrrbtr
