xjbms hwhxr fuume bicnj ocgbu iddrb fxnnl npvgp itxfb usrtf rnrnh lyixz czppi akegy xecik riwwe impuz fnhle bwgqu mrnvg bqgqy tykrt hstmf xvefe lfceh nnnts bsuwt llwzk ybgaf vaeqh xjbms
30
iddrb wnlug iddrb
tykrt tykrt kyaqs
lyixz lyixz nrtqp beqlb
fuume lpolv fuume
bwgqu bwgqu lkzxl
nnnts nnnts dzfkr
vaeqh vaeqh ejwkt qkysn
riwwe riwwe mbzzn
czppi psudb czppi bthif
usrtf uegez usrtf
hstmf hstmf deoux
ybgaf ydhop ybgaf
itxfb itxfb wxnxi
lfceh uzzfw lfceh
bsuwt bsuwt kvvqk xeikc
bqgqy bqgqy yztko
rnrnh rnrnh
akegy akegy
fnhle fnhle
impuz impuz
fxnnl fxnnl
xvefe xvefe
bicnj bicnj
xjbms xjbms
npvgp npvgp
ocgbu ocgbu
mrnvg mrnvg
xecik xecik
hwhxr hwhxr
llwzk llwzk
