mqncr qxsoe jkkgv jemlu anscp mwoev innfa cakfa mqreu iigud macxu edxoe qotnp eakkr vzoqh ibnyw qwmew ayayj gztsf mlqbj tctxs dsbhm gkosc vnnvv ssyjd mbqyg ilbfw fjrpj yuvek derxh peobk hribg diapc kwvgs qpjoh tyjab iggzg cegzm wwphq lhsag kdtrw mzwec rtshe axdtz byjai jwmjp bwinl lfdet ypkmm tcxbn sxqhs ywyyb sfgmu mjgiw gpwkr mqncr
54
jwmjp eqddq yuuqu jwmjp kqysx igpmu
qwmew fblut qwmew qkftw tcqqe
innfa dxllq innfa qrmyp qfcxo
rtshe rtshe piswp xphcw
byjai uooez byjai
gztsf gztsf mpjyf
mqreu mqreu dkdci
kdtrw nppux kdtrw
mwoev mwoev dsfpg
hribg ygust jxcvu hribg
mzwec eludu mzwec
fjrpj btqda fjrpj
tcxbn tcxbn mnymy
vzoqh vzoqh pvzeb
sxqhs eustb sxqhs
qpjoh qpjoh hrhzb jvfig lukkm
wwphq rnrth wwphq
cakfa qcfox bymoa jjlwh cakfa
gpwkr gpwkr gsdqj
yuvek xftof yuvek
anscp sbnmi anscp
bwinl drrap bwinl
ssyjd ssyjd ylsow
sfgmu sfgmu drlqp
mbqyg mbqyg fnipk
jkkgv mxihv jkkgv
axdtz pnmkd axdtz
lfdet lfdet zcixl
ibnyw ibnyw cfspg
lhsag lhsag irkbu
ayayj aoxfw ayayj
dsbhm awsuk dsbhm
vnnvv vnnvv mrnva
mlqbj mlqbj
mjgiw mjgiw
iggzg iggzg
ywyyb ywyyb
derxh derxh
tyjab tyjab
edxoe edxoe
ilbfw ilbfw
peobk peobk
gkosc gkosc
cegzm cegzm
jemlu jemlu
kwvgs kwvgs
iigud iigud
ypkmm ypkmm
tctxs tctxs
eakkr eakkr
qotnp qotnp
qxsoe qxsoe
macxu macxu
diapc diapc
