0 52 49 67 59 3 32 43 41 72 37 66 17 54 17 20 99 36 53 65 69 27 21 39 21 9 44 62 51 15 8 10 1 10 14 6 38 48 76 64 78 68 73 22 42 158 25 11 4 60 4 5 55 143 0
44
59 2 59
5 5 7
15 8 15
55 56 12 55
49 49 13
20 16 20 30
54 18 54
6 19 6 71
42 42 22
27 27 23
21 24 34 21
73 73 26 74
44 70 28 44
1 1 29
11 11 31
68 33 75 68
66 66 35 45
37 37 46 47
76 48 76
38 50 38
60 57 60
51 58 51
39 61 39
53 53 63
72 72 77
0 0
3 3
14 14
43 43
65 65
67 67
4 4
9 9
41 41
25 25
64 64
62 62
10 10
32 32
78 78
52 52
36 36
69 69
17 17
