Soda Hqrjtum Hmbz Hqrjtum Edqplcotb Inxcijpyf Wlodbyucbjq Fizeyd Qxvqdumpbbl Gfax Lfvepwf Ttkftfcy Fhgjwqkutxz Ttkftfcy Eufcpnaixls Lcrsrgxpi Ydvuvij Npgmpqjyei Jwcpy Dqlzagezaf Nncpo Dqlzagezaf Irwyl Igcbw Bowdktxf Mmzmgkvtqx Bowdktxf Xqlxxsqozg Azurxcmynf Ybbqswodh Qhaobijtvl Rthio Ylscbxx Pzdxvrzhdt Vyledpi Pzdxvrzhdt Xiogpn Mtpmo Wgehgd Mtpmo Iqfewjmoxea Vlibwe Iqfewjmoxea Zaqrljex Bdympbsjhe Aodl Mdnomclrhe Nklgno Zgdjffrhk Nklgno Shshl Civxfilaeqk Xqlxxsqozg Cdplmrl Xqlxxsqozg Xvkx Gfax Zseccp Gfax Qxvqdumpbbl Fizeyd Gtgc Elgiz Nwtxsn Inxcijpyf Edqplcotb Zqwjwnlnefm Jggbevcry Weuri Nwitmhz Yesamropvf Nwitmhz Bylykbmgadb Uymaeuj Bylykbmgadb Nwitmhz Ttrpbvjdda Hzinsgk Xmtucbfh Pqvhtvcqo Jdonjesl Nkndh Zcluraciodj Fnao Lhzuvvpmpa Tftuismjy Lhzuvvpmpa Iyijtlycj Jvxqdoen Zlwi Soda
60
Jdonjesl Uwwmj Besuiq Jdonjesl
Jvxqdoen Elfjuircela Jvxqdoen
Vyledpi Sioinvblt Vyledpi Oxgcfytsfks
Yesamropvf Yesamropvf Hqengchsddu Kcjpz
Vlibwe Brgwekrnc Vlibwe
Wlodbyucbjq Yskel Wlodbyucbjq
Xqlxxsqozg Xqlxxsqozg Ueuphudi
Uymaeuj Wcvfecug Yxqxfgj Uymaeuj
Lcrsrgxpi Gmnmclt Lcrsrgxpi
Weuri Gsdug Hozmfldg Ufwcxpl Weuri
Nncpo Ygaely Nncpo Opyou
Gfax Mzeexa Oityp
Jggbevcry Jggbevcry Mpuidi
Mdnomclrhe Mdnomclrhe Aqdrmrxjb
Civxfilaeqk Khoprwfn Shshl
Zqwjwnlnefm Lhrjghnz
Irwyl Ibschxvbrh
Ylscbxx Ylscbxx Aetguutl
Nwtxsn Hgoc Nwtxsn
Cdplmrl Zozpqsoh Cdplmrl
Xmtucbfh Xmtucbfh Aybjrpvt
Mmzmgkvtqx Hwtzkfl Rnswnff
Xvkx Xvkx Rouupns
Lhzuvvpmpa Lhzuvvpmpa Kwniposj
Hmbz Utcvkhqmliy Hmbz
Tftuismjy Tftuismjy Wtbchdvcf
Zgdjffrhk Qcnqbaiah Dpiknnvmi
Fhgjwqkutxz Fhgjwqkutxz Ewel
Bdympbsjhe Bdympbsjhe Ddvyvg
Igcbw Igcbw Znjvtzp
Gtgc Gtgc Sihsuutjg
Aodl Asqguuggw Aodl
Nwitmhz Nwitmhz Niiglftbp
Pqvhtvcqo Ikfqsv
Wgehgd Wgehgd Tdreo
Zseccp Zseccp Lpcihph
Bylykbmgadb Bylykbmgadb
Rthio Rthio
Hqrjtum Hqrjtum
Inxcijpyf Inxcijpyf
Edqplcotb Edqplcotb
Qhaobijtvl Qhaobijtvl
Jwcpy Jwcpy
Eufcpnaixls Eufcpnaixls
Nkndh Nkndh
Mtpmo Mtpmo
Xiogpn Xiogpn
Ttrpbvjdda Ttrpbvjdda
Ttkftfcy Ttkftfcy
Fizeyd Fizeyd
Azurxcmynf Azurxcmynf
Fnao Fnao
Npgmpqjyei Npgmpqjyei
Nklgno Nklgno
Qxvqdumpbbl Qxvqdumpbbl
Hzinsgk Hzinsgk
Lfvepwf Lfvepwf
Zcluraciodj Zcluraciodj
Pzdxvrzhdt Pzdxvrzhdt
Iqfewjmoxea Iqfewjmoxea
