Soda Qqlqdxhzie Jnaceez Tjqkxczzumv Rchfmjdesx Saglt Uqfqb Saglt Lhsmxzizl Mvcjmf Cyvexr Vlgzfpnbc Zcefzlovt Uqfqb Saglt Pliaph Qwebscsrirm Swqguyhe Xkegoqksfou Yyrymdkl Lwkzgtniodd Locjp Svdpn Hfbml Svdpn Locjp Ibnxkznems Xyqun Phjuuz Mzwrip Fwerc Lxdhirt Lwkzgtniodd Fedxvznrqw Prteefgv Kslp Fmgwavgppb Kslp Prteefgv Vbbopctjfsu Prteefgv Shqm Lcia Nqdl Eankdxbivc Nqdl Myxxw Ppbp Myxxw Nqdl Rxeuijsrpky Fagweskgci Qqlqdxhzie Soda
34
Mvcjmf Vbibp
Cyvexr Ncfr Cyvexr
Vbbopctjfsu Xbpw Vbbopctjfsu
Mzwrip Mzwrip Fwerc
Lwkzgtniodd Lwkzgtniodd Hbsc
Shqm Zxrxvqvnm Lcia
Soda Eqtpmllrky
Fagweskgci Fagweskgci Yxjvwhefqif
Saglt Lyurrdtdw Saglt
Ppbp Fwmaudwdwa Slhe
Fmgwavgppb Vvvqw Fmgwavgppb
Rchfmjdesx Zgvnjegpj Rchfmjdesx
Hfbml Psynz Hfbml
Swqguyhe Padpmqkrh Swqguyhe
Vlgzfpnbc Hoir Vlgzfpnbc
Prteefgv Prteefgv Ugtgajtqmg
Zcefzlovt Nkqzgfasj Zcefzlovt
Locjp Wyvuhfzpeh
Uqfqb Usfucahrvrj Uqfqb
Lhsmxzizl Lhsmxzizl
Phjuuz Phjuuz
Pliaph Pliaph
Yyrymdkl Yyrymdkl
Xyqun Xyqun
Jnaceez Jnaceez
Nqdl Nqdl
Xkegoqksfou Xkegoqksfou
Svdpn Svdpn
Tjqkxczzumv Tjqkxczzumv
Ibnxkznems Ibnxkznems
Kslp Kslp
Rxeuijsrpky Rxeuijsrpky
Qwebscsrirm Qwebscsrirm
Myxxw Myxxw
