KMZ NDM TFL HON XYT GEV VIF WDE XWZ WXC IYC NSY FZZ DGD DZY DGD HSN FYE YET GJK YFA MBM NLD GVH PWL ZCR KQK XFP QOE WPB VZI RDP BTR WYK KDO OBR PKG BMH HON EXX RWN EKW OUR KVT XPB IOV ENU VNH YWR PSZ YQU TFL XXL JBD KMZ
48
VZI VZI DEW
OBR OBR NYW IKT MWN BUN MQG
WXC WXC RHL
OUR OUR GAZ
WYK WYK CDW MMI
PSZ KDH KDF PSZ
BMH WDN BMH
YQU YQU QUS VSQ
EKW GJW EKW
WPB WPB KBZ
YFA YFA XNM
XXL XXL HPL
EXX ACK VTA EXX YEC
QOE HDY LRF EFO QOE
GEV GEV YGM
BTR BTR XNH
RDP EVY RDP
ZCR MWC KAL ZCR
KDO AFO KDO
XWZ JTH XWZ
DGD DGD FBZ
XYT KNQ XYT
GVH HGZ GVH
KQK HTU BVP KQK
IYC IYC GMG HTV
VNH VNH ZES ZUA
HSN HSN CEA UAO
VIF LCB VIF
KMZ BWL
NDM NDM COR
FZZ WZI FZZ
GJK GJK URI
DZY DZY CSI
RWN WVO RWN
HON KVT HON
TFL TFL SZK
XPB XPB IEN
MBM MBM
YET YET
PWL PWL
WDE WDE
XFP XFP
FYE FYE
ENU ENU
YWR YWR
PKG PKG
NSY NSY
NLD NLD
