m6 k7 f6 j8 w2 v1 n8 r4 n8 w3 b9 j9 g9 j9 e6 x1 b0 z8 w6 q4 w8 e2 d5 z3 g1 m8 e2 r1 a8 n7 v0 k4 f7 x7 a6 y0 l5 a5 f5 l4 n3 l4 c9 q7 y0 z9 g6 e7 n2 b8 b5 l2 q0 l6 l2 w9 r2 n6 n5 c5 q1 h7 k0 e3 h1 j0 b3 g8 m6
56
n7 a0 n7 g2
q0 q0 a1
e3 a9 e3
l4 l4 c0
n5 l0 c2 n5
r1 r1 c3
j0 j0 c5 m4
r2 r2 d0
g6 d3 g6
a5 j1 d4 a5
x7 e1 x7
q7 e9 q7
l5 f1 l5
c9 c9 f4
n3 g0 n3
b3 g8 b3
n8 h4 n8
z8 z8 h8
j9 j9 h9
l6 j2 l6 r3
h1 j3 h1
w9 w9 j4
g9 g9 j5
x1 k2 x1
z3 k8 z3
v1 v1 k9
b8 b8 x5
m8 m8 x9
z9 v4 z9
k4 k4 l8 v6
h7 h7 l7
w8 w8 q3
y0 y0 q6
q1 q8 q1
b0 b0 w1
d5 d5 r7
k0 k0 r8
a6 a6
a8 a8
b9 b9
e2 e2
e6 e6
f5 f5
f6 f6
f7 f7
j8 j8
k7 k7
v0 v0
n2 n2
n6 n6
m6 m6
l2 l2
q4 q4
w2 w2
w3 w3
r4 r4
