stop0 stop65 stop97 stop66 stop92 stop82 stop21 stop68 stop33 stop62 stop2 stop24 stop93 stop58 stop87 stop42 stop26 stop75 stop69 stop67 stop51 stop13 stop56 location0 stop35 stop96 location0 stop0
24
stop2 stop2 stop3 stop28
stop13 stop7 stop9 stop13 stop53 stop55
stop56 stop8 stop56
stop87 stop87 stop14
stop67 stop17 stop67
stop96 stop96 stop19
stop92 stop92 stop20
stop97 stop40 stop97 stop79 stop22
stop42 stop42 stop23
stop51 stop46 stop51 stop30
stop68 stop36 stop54 stop68
stop62 stop45 stop62
stop24 stop48 stop24
stop66 stop84 stop66
stop21 stop74 stop21
stop58 stop58 stop85
stop0 stop80
stop65 stop65 stop86
stop69 stop69
stop33 stop33
stop35 stop35
stop82 stop82
stop26 stop26
stop75 stop75
