stop0 stop69 stop156 stop125 stop142 stop131 stop146 stop44 stop28 stop90 stop60 stop19 stop39 stop71 stop18 stop88 stop128 stop138 stop16 stop81 stop107 stop109 stop139 stop127 location0 stop167 stop84 stop136 stop161 stop143 stop104 stop59 stop126 stop2 stop50 stop168 stop73 stop74 stop63 stop0
36
stop109 stop4 stop109
stop127 stop8 stop127
stop50 stop105 stop10 stop112 stop50 stop122
stop19 stop19 stop11
stop63 stop13 stop63
stop16 stop16 stop14
stop104 stop104 stop15
stop69 stop17 stop69
stop2 stop24 stop2 stop93
stop107 stop26 stop107 stop101 stop106
stop167 stop99 stop167 stop42 stop46 stop82 stop27
stop73 stop73 stop51 stop123 stop29 stop62
stop168 stop168 stop30
stop59 stop35 stop68 stop40 stop116 stop59
stop139 stop139 stop100 stop47
stop156 stop56 stop156 stop160
stop81 stop110 stop81 stop113 stop118 stop57
stop28 stop28 stop61
stop128 stop128 stop78
stop125 stop125 stop79
stop161 stop161 stop91
stop84 stop92 stop84
stop74 stop74 stop102
stop143 stop144 stop158 stop143
stop146 stop146 stop147
stop131 stop131 stop149
stop138 stop138 stop159
stop0 stop0 stop163
stop39 stop39
stop18 stop18
stop44 stop44
stop71 stop71
stop88 stop88
stop142 stop142
stop60 stop60
stop90 stop90
