0 18 13 21 13 117 85 80 193 38 85 89 81 37 60 89 117 7 68 71 187 43 11 5 36 35 51 99 34 12 19 154 133 31 40 29 57 39 57 12 84 1 70 95 83 134 184 113 98 87 98 9 61 15 61 136 55 67 177 16 6 96 22 162 140 27 175 4 25 33 58 62 47 42 77 30 97 4 72 64 72 90 45 44 45 90 0
61
37 48 78 37
87 17 87
177 74
83 88 83
39 86 39 63
43 43 93
22 75 22
38 38 53
90 50 66 90
0 10 3 0
30 30 91 73
47 47 46
40 14 92 40 94
55 52 55
60 60 49
44 44 65
27 27 41
25 79 25
21 82 21
81 2 81
51 32 8 20 51
84 54 84
97 97 69
77 28 77
7 7 56
98 24 59 98
15 15 23
61 9 61
64 64 26
62 76 62
33 33
4 4
85 85
11 11
35 35
6 6
68 68
70 70
13 13
72 72
5 5
45 45
36 36
18 18
19 19
80 80
58 58
16 16
29 29
67 67
31 31
96 96
12 12
57 57
89 89
34 34
99 99
1 1
95 95
42 42
71 71
