144 47 11 28 158 120 49 64 136 93 7 99 95 75 8 152 62 13 110 114 88 105 183 70 159 147 76 131 42 74 124 170 174 83 107 90 169 14 78 21 126 165 66 122 169 104 24 108 156 133 18 141 119 141 144
50
122 122 3
62 16 62
28 19 28
75 75 188 39
108 43 108
114 112 114 44
119 51 187 119
83 83 53
170 170 67
8 8 79
42 42 87
152 152 92
126 106 126
49 49 127
93 128 93
156 130 156
88 88 132
183 142 183
74 74 157
7 7
11 11
13 13
14 14
18 18
21 21
24 24
47 47
64 64
66 66
70 70
76 76
78 78
90 90
95 95
99 99
104 104
107 107
110 110
120 120
124 124
131 131
133 133
136 136
141 141
147 147
158 158
159 159
165 165
169 169
174 174
