0 150 168 172 192 27 146 103 183 63 194 45 178 99 170 179 87 10 31 193 108 64 142 1 164 82 93 11 143 115 67 101 175 42 130 72 79 91 23 110 162 62 77 51 119 141 152 182 140 76 78 121 126 2 56 0
52
27 2 27
51 51 5
78 120 12 78
77 105 77 13 47 50
162 162 14
0 21
168 168 22
82 24 82 100
56 56 26
11 11 28
192 192 29 39
130 130 30
31 34 31
126 35 126
146 146 52 38
42 42 44
179 179 46
142 49 142
101 59 139 101
194 194 66 149
178 178 68
62 62 71
152 152 73
170 170 85
87 94 87
115 97 115 127
72 104 72
183 131 183
140 140 132
108 108 133
23 136 23
193 193 155
76 163 76
175 177 175
63 186 63
172 172 189
93 195 93
143 143
103 103
64 64
141 141
110 110
10 10
99 99
164 164
79 79
121 121
45 45
150 150
1 1
67 67
91 91
