aa0 kd9 kd8 kd1 kd0 kc9 kc6 kc7 kc5 kc4 kc2 kc3 kc1 kc0 kb9 kb6 kb2 kb5 kb8 kb5 kb2 kb0 ka9 ka6 ka4 ka2 ka0 gd9 gd6 gd4 gd3 gd5 gd2 gd0 gc9 gc4 gc3 gc0 gb9 gb7 gb4 gb3 gb0 ga9 ga8 ga4 ga3 ga1 ga0 ad9 ad0 ac9 ac4 ac7 ac3 ac6 ac3 ac7 ac4 ac0 ab9 ab8 ab7 ab4 ab7 ab8 ab9 ac0 ac5 ac9 ad0 ad9 ad1 ad2 ad3 ad2 ad1 ad9 ga0 ga1 ga5 ga8 ga9 gb0 gb2 gb5 gb6 gb9 gc0 gc1 gc0 gc3 gc4 gc9 gd0 gd2 gd5 gd6 gd9 ka0 ka2 ka4 ka7 ka9 kb0 kb2 kb6 kb9 kc0 kc9 kd0 kd2 kd4 kd6 kd4 kd6 kd9 aa0 aa1 aa5 aa8 aa2 aa4 aa2 aa1 aa0
42
aa4 aa3 aa4 aa7
aa5 aa5 aa6
ab4 ab2 ab4
ab8 ab8 ab5
ac4 ac2
ac6 ac6 ac8
ad3 ad4 ad5 ad6 ad7 ad8
ga1 ga2 ga6
ga8 ga7
gb0 gb2
gb9 gb6
gc1 gc1 gc2
gc9 gc5
gc0 gc8
gd9 gd7 gd8 gd9
ka7 ka8 ka5 ka7
kb8 kb7 kb8
kc9 kc8
kd4 kd3 kd4
kd6 kd5
ab7 ab7
ac3 ac3
ac7 ac7
ga3 ga3
ga4 ga4
gb3 gb3
gb4 gb4
gb7 gb7
gc3 gc3
gd3 gd3
gd4 gd4
ka2 ka2
ka6 ka6
kb2 kb2
kb5 kb5
kb6 kb6
kc1 kc1
kc2 kc2
kc5 kc5
kc6 kc6
kd1 kd1
kd8 kd8
