0 55 57 112 2 112 188 167 189 167 98 36 195 112 120 196 106 147 23 67 23 91 140 2 112 57 55 92 55 178 132 194 43 45 157 124 184 153 128 119 134 114 134 57 55 178 20 149 10 109 185 144 55 0 198 83 101 81 64 81 111 44 155 137 99 128 153 82 153 178 55 0 86 169 141 169 21 77 56 77 21 73 182 12 69 161 151 152 59 135 85 49 186 150 72 30 142 143 96 143 90 143 142 38 145 100 51 100 145 38 142 69 32 9 32 50 96 143 141 169 66 16 112 57 55 0
63
114 1 103
128 123 3 52
143 11 143
0 13
167 14 167
152 152 19
55 24 55
124 26 124
67 67 27
82 82 29
185 185 35
50 50 39
157 41 157
96 105 46 175
188 188 68
189 160 189 71
142 72 142
132 74 132
186 89 186 150 97
92 92 94
141 141 95
51 51 102
147 104 147
81 107
16 16 108
195 195 125
56 56 129
57 57 138
9 9 139
64 64 148
2 2 164
98 170 166
120 172
10 176 10
90 90 197
99 99
85 85
21 21
45 45
12 12
119 119
161 161
169 169
77 77
49 49
20 20
59 59
100 100
23 23
83 83
69 69
101 101
112 112
137 137
66 66
43 43
73 73
196 196
106 106
38 38
182 182
86 86
198 198
