0 24 132 126 162 24 108 89 26 138 186 136 82 128 6 39 196 91 14 46 124 130 166 198 178 106 12 18 84 96 112 160 66 149 118 160 103 48 111 90 111 74 40 44 142 192 104 83 194 88 155 122 28 20 64 20 86 158 98 120 80 191 2 30 150 135 99 140 92 176 180 103 0
58
90 90 4 78
46 8 36 144 46
160 160 10
112 16 112
178 178 188 22
128 32 128
88 88 34
66 66 38
18 42 18
192 192 50
103 52
118 118 54
92 56 92 68
104 104 58 164
194 194 60
12 12 62
20 20 70
40 72 40
28 76 28
86 86 94
162 168 162 100 182
158 158 102
180 180 110
2 114 2
91 116
198 198 134
48 48 146
196 196 148
26 152 26
106 154 106
166 156 166
64 64 170
80 80 172
150 150 174
74 184 74 190
0 0
6 6
14 14
24 24
30 30
44 44
82 82
84 84
96 96
98 98
108 108
120 120
122 122
124 124
126 126
130 130
132 132
136 136
138 138
140 140
142 142
176 176
186 186
