Soda Observatory Hildebrand Cheit HearstMiningCircle Stern DoeLibrary Pitzer NorthGate McLaughlin WooHonFai Koshland Etcheverry Bowles Haste BarkerHall Cory LeConte Campbell Zellerbach Morgan Simon Gilman MLK Zellerbach Soda
22
Gilman Bechtel Gilman GreekTheatre MemorialStadium LifeSciences SproulPlaza Blackwell
Campbell Boalt Campbell
McLaughlin McLaughlin Dwinelle VLSB
BarkerHall Giannini BarkerHall
Hildebrand Hildebrand Jacobs
Cheit Cheit EdwardsStadium Hertz KrutchTheater
HearstMiningCircle Moses HearstMiningCircle
Soda Senior
Bowles Wheeler Bowles
Observatory Observatory ClarkKerr Stanley
DoeLibrary Foothill DoeLibrary
NorthGate HaasPavilion NorthGate
Stern HearstFieldAnnex Stern
Pitzer Pitzer Insectary
MLK McCone MLK
Cory Cory
Etcheverry Etcheverry
Haste Haste
Koshland Koshland
LeConte LeConte
Morgan Morgan
Simon Simon
