Soda Zellerbach1 WooHonFai1 Campanile Foothill WestGate1 Blum Hargrove Davis DoeLibrary BancroftLibrary EdwardsStadium Observatory1 Warren ClarkKerr MemorialGlade Minor MLK1 Haviland TangCenter1 BarrowsHall Hesse Jacobs1 SutardjaDai Chvez LeConte1 Morrison Moffitt NorthGate1 Insectary Hildebrand1 BotanicalGarden Haste1 TangCenter Sproul Pitzer WooHonFai1 Birge GoldmanPlaza StadiumRim Gilman Koshland NorthGate McCone Eshleman HaasPavilion IshiCourt Mulford Hertz Stephens1 MemorialStadium Soda
48
MemorialStadium Bechtel Lewis MemorialStadium
Blum Bowles Kroeber FoxCottage Blum
Hesse McEnerney HearstFieldAnnex Hesse
StadiumRim StadiumRim LeConte
Morrison Morgan Morrison
BotanicalGarden WooHonFai Zellerbach Cory1 Simon BotanicalGarden
Chvez Chvez Stanley
NorthGate NorthGate Kleeberger Tan
MemorialGlade Wellman MemorialGlade
Hargrove Wurster Hargrove
ClarkKerr Pimentel Etcheverry1 Evans ClarkKerr
Moffitt Giauque Moffitt HearstMiningCircle1
DoeLibrary CaliforniaHall DoeLibrary
WestGate1 Greenhouse WestGate1
Soda Chou Latimer
IshiCourt HearstGymnasium IshiCourt Boalt1
BancroftLibrary Cleary BancroftLibrary
Warren Warren HeatingPlant
Minor Durant Minor
Foothill Foothill Hilgard
BarrowsHall CalvinLaboratory1 EastGate GreekTheatre1 LifeSciences1 BarrowsHall SatherGate Sibley
GoldmanPlaza LowerSproul GoldmanPlaza
Eshleman Eshleman OBrien
WooHonFai1 Bechtel1 Giannini1 Stephens WooHonFai1
Gilman WestGate Gilman
Pitzer Soda1 Pitzer
MLK1 Cheit1 MLK1
Jacobs1 Dwinelle1 Jacobs1
Mulford McLaughlin1 Mulford
Haste1 KrutchTheater1 Haste1
HaasPavilion HaasPavilion Moses1
Zellerbach1 SutardjaDai1 Zellerbach1
Hildebrand1 Hildebrand1 Warren1
EdwardsStadium EdwardsStadium
Hertz Hertz
Insectary Insectary
Koshland Koshland
McCone McCone
Birge Birge
Campanile Campanile
Haviland Haviland
Davis Davis
Sproul Sproul
SutardjaDai SutardjaDai
TangCenter TangCenter
Observatory1 Observatory1
Stephens1 Stephens1
TangCenter1 TangCenter1
