2 41 85 9 60 35 188 163 158 112 4 112 158 163 5 59 173 128 198 100 114 126 175 87 8 13 138 13 8 87 175 126 114 107 43 71 6 118 80 43 107 114 100 198 147 115 147 198 128 86 37 25 37 86 128 131 63 26 11 23 34 181 45 102 148 88 78 20 27 98 27 20 59 5 125 31 10 194 10 31 125 5 163 188 42 50 193 50 1 58 73 83 38 186 0 186 136 186 38 83 73 58 1 50 42 103 116 67 134 94 57 15 57 94 62 90 62 139 55 130 184 189 182 189 182 174 28 174 99 165 140 149 171 179 171 149 140 165 99 174 176 51 176 174 28 116 103 42 188 35 199 121 7 121 196 155 178 155 196 121 199 195 56 195 199 97 199 35 60 9 85 41 2 157 2
69
149 3 149
25 25 12
171 171 14
15 30 15
147 32
98 98 36
115 115 44
38 38 46
175 48
157 49 53 157
56 56 52
80 80 54
103 61
51 51 76
7 7 79
178 178 82
112 112 92
194 194 93
90 177 90 95
62 96
97 97 106
158 158 110
99 113
136 136 119
189 122 189
55 130 55
179 179 133
27 27 141
60 142
193 145 193
131 131 156
4 161 4
138 138 164
34 34 181
1 187
0 192 0
125 125
139 139
8 8
73 73
58 58
174 174
6 6
116 116
13 13
196 196
94 94
2 2
173 173
126 126
121 121
28 28
35 35
50 50
188 188
86 86
118 118
128 128
23 23
100 100
85 85
42 42
182 182
26 26
114 114
67 67
59 59
63 63
165 165
