stop0 stop67 stop65 stop15 stop30 stop61 stop43 stop70 stop35 stop95 stop37 location1 stop79 stop78 stop85 location0 stop96 location2 stop12 stop33 stop99 stop94 stop27 stop28 stop29 stop23 stop0
22
stop43 stop1 stop43
stop85 stop2 stop7 stop60 stop85
stop79 stop4 stop79 stop16 stop52 stop90
stop95 stop29 stop95 stop5 stop38
stop23 stop8 stop23
stop96 stop96 stop9
stop61 stop18 stop61
stop0 stop0 stop19
stop27 stop42 stop27
stop65 stop65 stop44
stop78 stop78 stop77 stop46
stop33 stop33 stop50
stop37 stop37 stop62
stop35 stop73 stop35
stop70 stop75 stop70
stop30 stop80 stop87 stop30
stop15 stop81 stop15
stop28 stop93 stop28
stop94 stop94 stop89
stop67 stop67
stop12 stop12
stop99 stop99
