stop0 stop121 stop41 stop33 stop116 stop3 stop108 stop77 stop67 stop82 stop69 stop43 stop75 stop167 stop6 stop101 stop38 stop68 stop44 location1 stop70 location5 stop48 stop144 stop50 location5 stop10 stop51 stop52 stop160 location5 stop117 stop118 stop2 stop99 stop40 stop0
31
stop44 stop169 stop1 stop44 stop113
stop82 stop82 stop7
stop41 stop8 stop41 stop166
stop50 stop9 stop50 stop129
stop43 stop43 stop13
stop38 stop38 stop14
stop101 stop16 stop101
stop160 stop149 stop160 stop23
stop3 stop3 stop36 stop141 stop63
stop108 stop37 stop54 stop108
stop144 stop97 stop144 stop127 stop135 stop161 stop158 stop122 stop47 stop102 stop137 stop140 stop156 stop89 stop163 stop59
stop99 stop99 stop143 stop55
stop6 stop100 stop133 stop6 stop154 stop56 stop138
stop70 stop57 stop70
stop68 stop72 stop112 stop105 stop68
stop77 stop76 stop77
stop0 stop88 stop0
stop118 stop118 stop92
stop52 stop98 stop52 stop145
stop51 stop51 stop147
stop67 stop67 stop115
stop117 stop117 stop159
stop10 stop139 stop10
stop116 stop128 stop116
stop33 stop33 stop124
stop69 stop69
stop48 stop48
stop2 stop2
stop167 stop167
stop75 stop75
stop121 stop121
