f xxx qq m z llllll ssssss ssss s vv wwwwwww ggg iii v ss j uuuuu zzz fffffff w qqqqqq aaa p uu xxxxxx ttttt hhhh ff jjjj wwww pp q ggggg c rrrrrr llllllll sss dddddddd f
38
pp pp aaaaa
p eeee p
iii iii nnnn
q q rrrrrrrr
aaa aaa vvvv
sss bbbbbbbb sss
rrrrrr qqqqqqq jjjjjjj rrrrrr
ssss ssss lllll
v v ffffffff
ggggg hhh ggggg
dddddddd a dddddddd
f f
xxx xxx
llllll llllll
j j
llllllll llllllll
wwwwwww wwwwwww
fffffff fffffff
c c
vv vv
ff ff
ggg ggg
hhhh hhhh
wwww wwww
qqqqqq qqqqqq
z z
xxxxxx xxxxxx
s s
ssssss ssssss
w w
uu uu
m m
ss ss
uuuuu uuuuu
qq qq
ttttt ttttt
jjjj jjjj
zzz zzz
