ffffff uu uuu nnn tt mmmm kkkk cc jjj gggg pppp ppppp s hhh iiiiiiii aaaaaa oooooooo lll hhhh ccccccc rrrrrr bbbbbbbb mmmmmmmm kkkkkk qqq yy sss sssssss wwwww vvv llllllll xxxx wwww llllll b uuuuuu vvvvv vvvvvv pppppppp aa iiiiiii eeeeee m o a dddd jjjj eeeee tttttt kkkkkkkk gggggggg hhhhhhh wwwwww tttt mm ssssss ttttt zzz eeee qqqqqq ggggggg uuuuuuu ll xxxxx ggggg rrrrr fffff ttttttt sssss bbbbbbb d cccc dd aaaa ffffff
74
ccccccc xxxxxxx ccccccc
sss sss yyyyyyy
fffff fffff nnnnnn
m m qq
pppp pppp cccccc
eeee eeee ffff
o o x
aa eeeeeee aa
aaaa ii aaaa
kkkkkk aaaaaaaa kkkkkk
wwwww ooooo wwwww
ggggggg ggggggg bbbbbb aaa
iiiiiii lllllll iiiiiii
dd dd j
gggg ssss gggg
tt tt xxx
wwww wwww rr
wwwwww wwwwww ee
rrrrrr rrrrrr e
gggggggg q gggggggg
bbbbbbb zzzzz bbbbbbb
sssssss sssssss oooooo
vvvvv vvvvv k
ggggg ffffffff ggggg
zzz jjjjjj zzz
ffffff ffffff
iiiiiiii iiiiiiii
pppppppp pppppppp
b b
ppppp ppppp
mmmmmmmm mmmmmmmm
ttttttt ttttttt
xxxx xxxx
mm mm
xxxxx xxxxx
jjj jjj
uuu uuu
yy yy
ll ll
tttt tttt
oooooooo oooooooo
eeeeee eeeeee
uuuuuu uuuuuu
cccc cccc
d d
llllll llllll
bbbbbbbb bbbbbbbb
nnn nnn
kkkk kkkk
a a
lll lll
llllllll llllllll
aaaaaa aaaaaa
uuuuuuu uuuuuuu
rrrrr rrrrr
hhhhhhh hhhhhhh
uu uu
kkkkkkkk kkkkkkkk
ttttt ttttt
qqq qqq
s s
vvvvvv vvvvvv
cc cc
sssss sssss
ssssss ssssss
jjjj jjjj
tttttt tttttt
mmmm mmmm
hhhh hhhh
eeeee eeeee
dddd dddd
hhh hhh
qqqqqq qqqqqq
vvv vvv
