199 24 10 151 197 103 67 34 98 34 67 103 182 35 159 80 45 104 85 104 45 80 159 194 64 102 52 183 62 94 55 3 55 83 38 83 21 83 55 164 96 189 96 174 40 174 96 164 55 94 62 183 122 84 122 183 52 102 113 25 113 102 97 31 157 41 177 103 182 133 91 133 105 77 105 133 182 103 177 41 177 7 29 39 29 7 177 103 81 16 145 107 36 47 93 178 50 178 93 47 46 72 46 47 129 22 63 68 159 194 16 48 5 44 60 20 61 57 61 20 60 44 5 65 86 14 86 156 74 156 163 49 163 156 86 65 76 65 8 98 34 67 103 81 43 27 19 70 19 27 2 71 158 28 197 172 149 89 149 172 197 151 10 24 199
68
49 0 49
113 1
156 4
72 72 6
98 8 98
96 96 9
57 57 11
91 91 12
50 50 13
62 62 15
163 17 75
3 18 3
177 23
174 26
197 28
89 89 30
97 97 31
84 32 84
40 40 33
145 37
76 42 76
77 51 77
70 53 70
189 54 95
93 56 93
74 58 74
21 88 73 59 21
14 66 14
63 68 63
25 25 69
2 2 71
41 41 78
38 38 79
199 82
149 87
39 90 39
43 43 92
85 99 85
5 5
7 7
10 10
16 16
19 19
20 20
22 22
24 24
27 27
29 29
34 34
35 35
36 36
44 44
45 45
46 46
47 47
48 48
52 52
55 55
60 60
61 61
64 64
65 65
67 67
80 80
81 81
83 83
86 86
94 94
