SueJosephGarza ElsieJosephPhelps LillieKathleenCervan AnnaKyleChang ChristinaDanaGrant CrystalShermanVida KennethShannonGardel PaulShaneSoldner KarenErmaJensen CarlWayneEdwards PhyllisJackWilson MaryLindaKirkland DonaldDoloresKelly AlfredaKirstenMartin MarianLuluDiaz PatriciaBernardBrock MelindaKennethAzar NathanKevinCorathers JessicaJohnSpells PamelaPageBullock JessicaJohnSpells PaulEvanRichard BrianRolandAli LauraPhilipWinkler WilburnDavidMiller DorothyRichardChandl IraJimmyYang SueJosephGarza
22
BrianRolandAli LauraPhilipWinkler BrianRolandAli
JessicaJohnSpells MariaChristopherCast JessicaJohnSpells
IraJimmyYang IraJimmyYang AshleyWilliamClarke FranciscoFrancesHarr
KarenErmaJensen KarenErmaJensen KevinHaroldCyr
LillieKathleenCervan LillieKathleenCervan JohnJoseJudd SueCourtneyOsgood
MaryLindaKirkland LeroySandraLewis MaryLindaKirkland LuisHelenHughes
PatriciaBernardBrock PatriciaBernardBrock ThomasAnnieRuiz
CrystalShermanVida WilliamGeorgeWilliam CrystalShermanVida
WilburnDavidMiller LucyBennyHaag WilburnDavidMiller
AnnaKyleChang AnnaKyleChang BrianLuzArce
PamelaPageBullock PamelaPageBullock JohnDustinKenny
ElsieJosephPhelps OllieGeorgeSova ElsieJosephPhelps
AlfredaKirstenMartin JamesJaredGonzalez AlfredaKirstenMartin
PaulEvanRichard DarnellAliciaPeters PaulEvanRichard
PhyllisJackWilson PhyllisJackWilson
MarianLuluDiaz MarianLuluDiaz
ChristinaDanaGrant ChristinaDanaGrant
PaulShaneSoldner PaulShaneSoldner
DonaldDoloresKelly DonaldDoloresKelly
MelindaKennethAzar MelindaKennethAzar
NathanKevinCorathers NathanKevinCorathers
KennethShannonGardel KennethShannonGardel
