AlbertFredHaines JoannCharlieWilkinso DianeElisePickett EdwardDennisStewart JosephAmandaMullen EricJamesJuckett EdwardJeanneHutchiso JudyPearlineKaminski JeremyJamesChavez MichaelElizabethWeav StormyOllieYork FerdinandLukeJackson BradleyDeborahSaball LynnKennethChavez BradleyDeborahSaball EricTammyScott AnnDeannaLarzazs KathleenSherryDay MarkAngelaMccloud MistyRobertKing JannaDavidCarranza CassandraJaniceGlove DwainJoeFeldman BernicePennyRiddick SandraHarryStewart RosaPatrickYankey JoannCharlieWilkinso JudeJanetHarcourt JessicaChristopherHa JoshuaDelmarFellers GaryCharlesHudson GlennaMichaelBorden JoStephenMay HowardKennethCollins WadeSonnyMcbride ManuelaJoseBailey WadeSonnyMcbride ClaudeBobbyBaker MarkAngelaMccloud IsaacGregGargano DeeAmandaBartley BernicePennyRiddick CraigJohnLard BernicePennyRiddick MichaelMarkHolloway RolandGregoryWatson RobinStephenWebster MarciaWalterKirschma EricTinaPerea ZacharyWarrenKarth BenSaraCreech DebraJaneFitzgerald MichaelBillieRomriel RickyJamesBrumfield JohnBrendaFuller CherylMaryMorgan TravisMichelleMeller JackieSharonScherrer AgathaKarenStiefel AlbertFredHaines
48
JohnBrendaFuller WilliamDavidGray JohnBrendaFuller
JeremyJamesChavez JeremyJamesChavez DeniseBrunoWilliam
MichaelMarkHolloway MichaelMarkHolloway GeorgeHenryVillar
ManuelaJoseBailey ManuelaJoseBailey LillianJuanAncona
EricJamesJuckett EricJamesJuckett RonaldEdnaArant
DebraJaneFitzgerald MarthaJackRobinson DebraJaneFitzgerald
FerdinandLukeJackson GeorgeWilliamJackson FerdinandLukeJackson
LynnKennethChavez JohnRichardSmith LynnKennethChavez
SandraHarryStewart KevinCharlesEvans SandraHarryStewart StevenNeilNguyen
JudyPearlineKaminski MaryJamesDavila JudyPearlineKaminski
RolandGregoryWatson RolandGregoryWatson KellyJohnnaOles
AnnDeannaLarzazs StephenWilliamCoffma AnnDeannaLarzazs
BradleyDeborahSaball CynthiaConnieWright BradleyDeborahSaball
BernicePennyRiddick BernicePennyRiddick DorisJeffreyBinger
IsaacGregGargano JamesJordanZamora IsaacGregGargano
GaryCharlesHudson GaryCharlesHudson JimmyFlorTasson
CraigJohnLard CraigJohnLard KathleenJoseClark
HowardKennethCollins PeterJosephBarbee HowardKennethCollins
CherylMaryMorgan KevinThomasHiggins CherylMaryMorgan
ClaudeBobbyBaker BrettDominickSonnier ClaudeBobbyBaker
KathleenSherryDay EdwardErnestSinger KathleenSherryDay
JosephAmandaMullen JosephAmandaMullen LawrenceBarryHadden
DwainJoeFeldman ElmerDemetriusLark DwainJoeFeldman
ZacharyWarrenKarth TommyAmandaMartin ZacharyWarrenKarth
JessicaChristopherHa ThomasEssieEwing JessicaChristopherHa
JackieSharonScherrer PerryJamesBennett JackieSharonScherrer
CassandraJaniceGlove CassandraJaniceGlove DenaJewellDavis
RosaPatrickYankey HeidiMayJohnson RosaPatrickYankey
DeeAmandaBartley DeeAmandaBartley MarkDianeDuchon
GlennaMichaelBorden GlennaMichaelBorden
RickyJamesBrumfield RickyJamesBrumfield
TravisMichelleMeller TravisMichelleMeller
MichaelElizabethWeav MichaelElizabethWeav
MarkAngelaMccloud MarkAngelaMccloud
MistyRobertKing MistyRobertKing
JannaDavidCarranza JannaDavidCarranza
JudeJanetHarcourt JudeJanetHarcourt
EricTammyScott EricTammyScott
EricTinaPerea EricTinaPerea
MarciaWalterKirschma MarciaWalterKirschma
JoStephenMay JoStephenMay
DianeElisePickett DianeElisePickett
StormyOllieYork StormyOllieYork
AlbertFredHaines AlbertFredHaines
WadeSonnyMcbride WadeSonnyMcbride
EdwardDennisStewart EdwardDennisStewart
RobinStephenWebster RobinStephenWebster
JoannCharlieWilkinso JoannCharlieWilkinso
