dweidxeutk xdhiumwdwn klbefaxnzg jiowqcrqpz sjcwiapdwb drtcvphibq gmvwahagsy akzsqllzsv audojmtlep gpbaqafhdz irtbznwvcu zbgxyjmdnm wfybmclpmp dllzvxpcgk cavyunvwuk kjgjbkdckc sjqdgtugly itouxsyevo ulneltboej fxpsowceqq itouxsyevo gvxfzzmwzk nimybvgttg hcvrravrik siwbsyuwap lgpbgvlzpo taoimnqdrr vtquakjujf gkbqwvqnfu wqeazvzkdf fxejnitkot jfjtxukxas ctnsbezpjg tofdobbbjt bcwzxsuutq aihlvhrjir tzpaywhybw wlzaatlgns cowtuqqsll depihfdmjk dlfzngcmgq okcwuqslme dfgysrnikx arrkheyths tdtlnqnprm rqchbdjiqp wwmcjuetgz bqrcwxsyuw cnbqxrvlvl dzzxropcld tehmqpfdnn xdmzjapanj kufcwxmspu pgiiochubt toeqvvzlae cxrfqntbtm xqqirblyjw vpghbvlzxd xwsnmxufqy auonnlthcz vteisghgld rulcikswsa naqyljkxxq wiwpekzeuz efgyvzmusc afkxpktsxw rlgdknlxmz ienasnqnvt dweidxeutk
65
zbgxyjmdnm zbgxyjmdnm cwexpxaktw
afkxpktsxw elifcmozpf afkxpktsxw mnmjklgmnp
wqeazvzkdf wqeazvzkdf ftrqchqaif gqwhfeepal
xdmzjapanj pphebmysxy xdmzjapanj
ctnsbezpjg ctnsbezpjg fuhtgylsov
tdtlnqnprm lzsvglcvqa tdtlnqnprm
rulcikswsa rulcikswsa hlimwiksjd
wlzaatlgns wlzaatlgns rwobvahhfa
drtcvphibq iqbyvqgkcp vqlbufoinm drtcvphibq
akzsqllzsv akzsqllzsv cmelcyxenw
kufcwxmspu kufcwxmspu zdiibealli
nimybvgttg nimybvgttg rzqbegeoni
rqchbdjiqp xtugynuehn ouzfljsksj rqchbdjiqp
tehmqpfdnn gyjkhdbyvm tehmqpfdnn
sjcwiapdwb sjcwiapdwb uqhdcumthr
cnbqxrvlvl fwwnyjpwnp rqmdukqpbg cnbqxrvlvl
sjqdgtugly sjqdgtugly bxdnijtmyn
fxejnitkot dldiwncohw fxejnitkot
cxrfqntbtm ivgiotlrrr cxrfqntbtm
pgiiochubt hjvmodgwdg pgiiochubt
rlgdknlxmz rlgdknlxmz kgpqjqjrhc
gkbqwvqnfu gkbqwvqnfu nmshjtpxad
fxpsowceqq qjjslhkvnr fxpsowceqq
kjgjbkdckc kjgjbkdckc hpqsgalvar
bqrcwxsyuw bqrcwxsyuw lvqqznnzyn
ienasnqnvt ienasnqnvt cpdpvshtof
xdhiumwdwn xdhiumwdwn
efgyvzmusc efgyvzmusc
xwsnmxufqy xwsnmxufqy
dzzxropcld dzzxropcld
vtquakjujf vtquakjujf
cowtuqqsll cowtuqqsll
tzpaywhybw tzpaywhybw
irtbznwvcu irtbznwvcu
siwbsyuwap siwbsyuwap
auonnlthcz auonnlthcz
depihfdmjk depihfdmjk
tofdobbbjt tofdobbbjt
audojmtlep audojmtlep
dweidxeutk dweidxeutk
wiwpekzeuz wiwpekzeuz
wfybmclpmp wfybmclpmp
arrkheyths arrkheyths
wwmcjuetgz wwmcjuetgz
gpbaqafhdz gpbaqafhdz
dfgysrnikx dfgysrnikx
okcwuqslme okcwuqslme
hcvrravrik hcvrravrik
taoimnqdrr taoimnqdrr
gvxfzzmwzk gvxfzzmwzk
aihlvhrjir aihlvhrjir
klbefaxnzg klbefaxnzg
vpghbvlzxd vpghbvlzxd
dlfzngcmgq dlfzngcmgq
naqyljkxxq naqyljkxxq
toeqvvzlae toeqvvzlae
bcwzxsuutq bcwzxsuutq
itouxsyevo itouxsyevo
jiowqcrqpz jiowqcrqpz
lgpbgvlzpo lgpbgvlzpo
cavyunvwuk cavyunvwuk
ulneltboej ulneltboej
gmvwahagsy gmvwahagsy
vteisghgld vteisghgld
dllzvxpcgk dllzvxpcgk
