qgyqjgwlbh ajjekwybql hnnlwliezo fwzkdpfinn npffaineub iznialmand epsflirloq gqulqjeire czgfnbovhq stxmhuffri lpopityrof hqvifzhbmo smlsmfgyxa sngqmldfxu cynraykzum hrbvyznkmd dzokhkbjld atkqvymdax rzgfaqookt gdtsmzpvig bzcpozsody uyirsvqblu lgwqodunqt xpcqolcpnf ysndikwwgh sthbsdqlwm ntlhpzyidk sgizgtdhhn sqlbmrxpwv wmeeitskjx kgewtltijq hpbkyqcejb yfvfzingng aruweadnpf bnfhxmjqzg qlieaqyzel cddppqxsmb tvrzrioagg qgyqjgwlbh
36
yfvfzingng yfvfzingng aruweadnpf
bnfhxmjqzg feggaeevcb tdqzbpmftq bnfhxmjqzg
ysndikwwgh tjcamfqmxd ysndikwwgh
wmeeitskjx wmeeitskjx djtmyhmwnn
sngqmldfxu somaaudaxm sngqmldfxu
tvrzrioagg fdbzjhgcmh tvrzrioagg
ajjekwybql ajjekwybql wegckoctcp
qgyqjgwlbh fnlmocuczk
smlsmfgyxa smlsmfgyxa hyficezvgi
gdtsmzpvig gdtsmzpvig kmwsevkfov
sgizgtdhhn culutarzsm sgizgtdhhn
iznialmand iznialmand bvwklxlwsa
dzokhkbjld vvurcgizpo
uyirsvqblu uyirsvqblu
sqlbmrxpwv sqlbmrxpwv
hpbkyqcejb hpbkyqcejb
hrbvyznkmd hrbvyznkmd
ntlhpzyidk ntlhpzyidk
xpcqolcpnf xpcqolcpnf
cddppqxsmb cddppqxsmb
hnnlwliezo hnnlwliezo
lgwqodunqt lgwqodunqt
npffaineub npffaineub
sthbsdqlwm sthbsdqlwm
kgewtltijq kgewtltijq
gqulqjeire gqulqjeire
rzgfaqookt rzgfaqookt
fwzkdpfinn fwzkdpfinn
atkqvymdax atkqvymdax
stxmhuffri stxmhuffri
cynraykzum cynraykzum
hqvifzhbmo hqvifzhbmo
czgfnbovhq czgfnbovhq
bzcpozsody bzcpozsody
qlieaqyzel qlieaqyzel
lpopityrof lpopityrof
