Place102 Place18 Place47 Place127 Place181 Place32 Place114 Place164 Place80 Place185 Place120 Place166 Place151 Place112 Place57 Place59 Place49 Place24 Place42 Place56 Place16 Place156 Place168 Place77 Place168 Place172 Place198 Place152 Place58 Place24 Place108 Place50 Place150 Place197 Place117 Place124 Place82 Place25 Place155 Place128 Place129 Place96 Place153 Place97 Place92 Place125 Place81 Place168 Place79 Place163 Place124 Place76 Place45 Place107 Place190 Place44 Place182 Place139 Place196 Place24 Place176 Place8 Place28 Place39 Place171 Place199 Place83 Place118 Place41 Place102
61
Place198 Place1 Place198
Place107 Place107 Place3
Place47 Place6 Place47
Place171 Place171 Place140 Place7
Place97 Place97 Place10
Place190 Place13 Place190 Place55
Place45 Place27 Place20 Place45
Place163 Place163 Place21
Place8 Place8 Place23
Place151 Place26 Place151
Place102 Place33
Place181 Place72 Place68 Place181
Place81 Place81 Place71
Place153 Place178 Place153 Place74 Place95
Place76 Place75 Place76
Place196 Place106 Place196 Place86
Place59 Place98 Place59
Place57 Place57 Place100
Place139 Place104 Place139
Place77 Place77 Place110
Place50 Place50 Place115 Place116
Place58 Place58 Place135
Place197 Place137 Place197
Place124 Place124 Place142
Place79 Place144 Place79
Place168 Place168 Place145
Place28 Place146 Place28
Place41 Place41 Place147
Place120 Place120 Place148
Place176 Place176 Place174
Place117 Place117 Place175
Place24 Place24 Place186
Place108 Place108
Place185 Place185
Place125 Place125
Place155 Place155
Place25 Place25
Place42 Place42
Place32 Place32
Place172 Place172
Place129 Place129
Place39 Place39
Place96 Place96
Place83 Place83
Place128 Place128
Place152 Place152
Place82 Place82
Place114 Place114
Place164 Place164
Place166 Place166
Place80 Place80
Place16 Place16
Place118 Place118
Place156 Place156
Place18 Place18
Place182 Place182
Place150 Place150
Place199 Place199
Place112 Place112
Place127 Place127
Place56 Place56
