Place72 Place18 Place0 Place77 Place0 Place10 Place48 Place56 Place3 Place36 Place50 Place33 Place87 Place1 Place59 Place98 Place15 Place54 Place20 Place29 Place75 Place57 Place31 Place23 Place22 Place53 Place93 Place61 Place12 Place2 Place19 Place52 Place17 Place83 Place72
30
Place57 Place57 Place4
Place3 Place16 Place3
Place23 Place22 Place23
Place0 Place0 Place26
Place56 Place56 Place30
Place20 Place34 Place20
Place53 Place40 Place53
Place31 Place41 Place31
Place1 Place1 Place43
Place83 Place83 Place47
Place87 Place88 Place58 Place87
Place17 Place89 Place17 Place60
Place61 Place61 Place71
Place19 Place19 Place78
Place54 Place81 Place54
Place59 Place59 Place85
Place2 Place2 Place86
Place77 Place91 Place77
Place36 Place36
Place75 Place75
Place15 Place15
Place52 Place52
Place29 Place29
Place10 Place10
Place93 Place93
Place48 Place48
Place98 Place98
Place33 Place33
Place50 Place50
Place18 Place18
