Egsmith Waltditch Wenside Whittree Egsmith Barnton Ashbourne Sudwich Wetwick Nortley Hornborough Cookford Wychbourne Sudtree Flitgrove Sudtree Wenwold Stainby Brackbrough Hornborough Cookford Farnsmith Wychsmith Farnsmith Ashdown Shaftbage Cookford Wychbourne Wychnell Egtree Wychnell Burfield Wywick Wychbeck Wywick Burfield Shaftbridge Burfield Egsmith
23
Egtree Chelmden Egtree
Sudtree Sudtree Leathermere
Flitgrove Flitgrove Chelmbeck
Wenside Wenside Burbourne Alfchester
Shaftbridge Shaftbridge Penborne
Wychbourne Egavon Wychbourne
Wychsmith Wychsmith Chelmwang
Nortley Nortley Stainbrough
Ashbourne Ashbourne Stapbeck
Wychbeck Staplake Wychbeck
Brackbrough Brackbrough Wenbeck
Sudwich Pemlow
Shaftbage Edgey Shaftbage
Wychnell Wychnell
Stainby Stainby
Wenwold Wenwold
Wetwick Wetwick
Farnsmith Farnsmith
Cookford Cookford
Wywick Wywick
Ashdown Ashdown
Waltditch Waltditch
Barnton Barnton
