Chelmbourne Elgrove Staflow Rocktree Whitborough Rocktree Wenden Kingsbrook Dartsted Clerethorne Stapthorne Stapmoor Barnham Alfcastle Egborne Bursted Staflow Cleredon Staflow Elgrove Staintree Stafthorne Waltbrook Hornley Pemwold Melborne Sudworth Wenwang Edgchester Wenwang Stapwell Alfby Leatherlow Bracklow Leatherlow Alfby Elside Stainfield Stapwold Marlton Alfwell Staintree Elgrove Wenborough Prestey Enbage Flitham Shrivlow Stainhall Southmere Stainside Enbage Prestey Sudwich Enlow Cookbrook Elgrove Chelmbourne
37
Flitham Flitham Kingsley
Chelmbourne Casford Shaftwich
Alfwell Aldhall Alfwell Marlton
Stainside Whitover Stainside
Enlow Hartbage Enlow
Bracklow Pemwood Sodside Bracklow
Alfby Leatherlake Alfby
Egborne Egborne Cookton Prestdon
Rocktree Hurstworth Rocktree Cookbridge
Elside Elside Whitavon
Staflow Bursted Staflow
Hornley Durditch Hornley
Southmere Southmere Shrivside
Cleredon Cleredon Wyhead
Clerethorne Barnside
Staintree Edgwich Staintree
Whitborough Horndown Whitborough
Edgchester Edgchester Horncester
Prestey Brainbridge Prestey
Melborne Egcastle
Sudwich Sudwich
Sudworth Sudworth
Enbage Enbage
Stapthorne Stapthorne
Stapmoor Stapmoor
Wenwang Wenwang
Waltbrook Waltbrook
Elgrove Elgrove
Wenborough Wenborough
Dartsted Dartsted
Wenden Wenden
Barnham Barnham
Pemwold Pemwold
Shrivlow Shrivlow
Leatherlow Leatherlow
Stapwell Stapwell
Stainhall Stainhall
