qtq uxr wuc npu zgf npu sfp rju sfp fsl ifc pjx ifc xmz wpq rwt ahv krg udq unk dkn qbj mnv lah llr uca qnn tvy hxo utd rut yiz ili bsz iuz nfy art ooc brk hxp fne nhr viv tro wpo htv thz pwa thz txk pvy osc xax ooi nxr ynq orc nhk unf vlt unf nhk orc hpb zqn cxu fgo bai egz gak qjm lnv bwq qyi qls mmf ase lfh rxi zdf qfc qbe krg vsu pjx eku ahy thd eku uxr qtq
65
pjx pta pjx
ahy xdz ahy
rxi rxi hhe
rwt rwt itg
vlt vlt ptq
zqn gup zqn
unk pxs
qfc qfc qbe
thd jno thd
krg krg kza uoz
orc orc pkx
cxu nkx cxu
lfh spp lfh cpw
htv jta eqm htv
egz egz cjp vub lxt
udq tmc udq
qtq wju qtq
ooc idl ooc
mmf zbn
ase vaf ase
fne wiq
tro tro tmd
vsu wuf vsu
nhr nhr slq
rju uwp rju
wpo mbx
sfp sfp zgs
ifc ifc plx
hxo hxo ukh
qls qls qlo
lah lah xos
zgf zgf cnv
txk txk rod
nfy tnl nfy
xax xax
nhk nhk
hpb hpb
qnn qnn
dkn dkn
wuc wuc
ooi ooi
uxr uxr
pwa pwa
ynq ynq
bai bai
fgo fgo
bsz bsz
qjm qjm
rut rut
uca uca
npu npu
mnv mnv
hxp hxp
ili ili
fsl fsl
lnv lnv
yiz yiz
iuz iuz
gak gak
thz thz
viv viv
wpq wpq
brk brk
ahv ahv
qbj qbj
