Soda Yolo Martin Haskell Bowditch Fresno Center Ajax Sojourner Bristol Keeler Pardee Anne Pardee Yolo Bret Comstock Spring Mabel Summit Haviland Belrose Menlo Colusa Menlo Bancroft Cutter Muir Columbia Shasta Allston Solano Eunice Lewiston Eunice Marin Greenwood Fernwald Yolo Soda
28
Shasta Addison Shasta Domingo
Anne Anne Arch
Bowditch Fresno Bowditch Bataan
Soda Browning
Menlo Burnett Menlo
Columbia Byron Columbia
Lewiston Lewiston Edith
Muir Florida Muir
Ajax Ajax Forest
Colusa Fulton Colusa
Greenwood Haste Heinz Greenwood
Marin Marin High Madera
Bristol Hospital Bristol
Bret Kenilworth Vermont Poppy Bret
Mabel Terrace Mabel Overlook
Spring Poplar Spring
Allston Allston
Bancroft Bancroft
Belrose Belrose
Comstock Comstock
Cutter Cutter
Eunice Eunice
Haskell Haskell
Haviland Haviland
Keeler Keeler
Martin Martin
Pardee Pardee
Summit Summit
