FD AU BG DI GP HD EI AF GO GB CS GD ES EM AV EQ GX FS DQ BK DQ DB AJ BM FT HN DK AD BZ AK BZ GZ FR HP CI GF CW FM HF GG BQ EO ED FQ EX DS EK CO CB EN CF DN ER HM FY EZ FJ HC CF CC GN GK DP GK BV AC CK CG CM HH CG AG GH FK DM GA CL BC GQ FP AZ FD
70
BK AM BK
AV AT AV
HD HD AW HB
FS FS AX
GN GN BA
FP DC FP EJ EL BE
HC HC BF
AZ AZ BN
DP BO DP
CM BT
GH CA
GZ GZ CT
FD CU
ER ER DA
AG DE AG
GP DF GP
ED DH GR
FK DU
BC BC DZ
HH EE HH
HM EG FN
GG ET
BQ BQ EW
AD EY AD
EM FI HO EM GS
EK FO EK
AC FU
EN EN FV
HF HF GC
AK AK HR
DB DB
FJ FJ
EZ EZ
FR FR
GK GK
CC CC
BZ BZ
FT FT
FM FM
CW CW
HP HP
DM DM
GO GO
AU AU
AF AF
CL CL
ES ES
GD GD
AJ AJ
CS CS
CO CO
DN DN
CG CG
FY FY
DQ DQ
DI DI
GX GX
GQ GQ
DK DK
EO EO
BM BM
EX EX
CB CB
BG BG
CI CI
GA GA
CF CF
BV BV
CK CK
GF GF
