Cleresmith Whitby Bothensborough Sodmersmith Chedlake Ketterwold Milditch Wydon Edgney Basfield Whitseyborough Todderworth Warrerbage Durblechester Dribbasborne Hanworth Ellingey Sunderbrough Chillerlow Eggerrensling Hannerworth Waltcombe Dribbinggrove Cheddlesport Pendton Elfield Warblesdown Wolvingrethorne Cammingbury Blanden Egwood Skelcastle Cannerrebeck Ciside Hartrenslow Cammenenwich Enderavon Pemhampton Reddenwell Suddlebrough Pendingstoke Stainsdenwold Reddentree Ashworth Cannenringwell Elmsbrook Chilcompcester Hanscombe Watchmanshead Shrivden Chippenden Camsdenden Rockhead Bootworth Dribbingenborne Dribside Ribney Dribside Dribbingenborne Bootworth Rockhead Camsdenden Chippenden Watchmanshead Hanscombe Chilcompcester Elmsbrook Cannenringwell Ashworth Stainsdenwold Pendingstoke Suddlebrough Reddenwell Pemhampton Enderavon Hartrenslow Ciside Cannerrebeck Skelcastle Egwood Blanden Cammingbury Wolvingrethorne Warblesdown Elfield Pendton Cheddlesport Dribbinggrove Waltcombe Hannerworth Eggerrensling Chillerlow Sunderbrough Hanworth Dribbasborne Durblechester Warrerbage Todderworth Whitseyborough Edgney Wydon Milditch Ketterwold Chedlake Sodmersmith Bothensborough Whitby Cleresmith
26
Cleresmith Warringwood
Bothensborough Chippingwood
Dribbinggrove Pendrenslake
Cammingbury Soddenreey
Ribney Ribney Wetley
Ketterwold Ketterwold
Milditch Milditch
Basfield Basfield
Warrerbage Warrerbage
Durblechester Durblechester
Ellingey Ellingey
Eggerrensling Eggerrensling
Hannerworth Hannerworth
Elfield Elfield
Warblesdown Warblesdown
Skelcastle Skelcastle
Cannerrebeck Cannerrebeck
Cammenenwich Cammenenwich
Reddenwell Reddenwell
Suddlebrough Suddlebrough
Reddentree Reddentree
Elmsbrook Elmsbrook
Chilcompcester Chilcompcester
Shrivden Shrivden
Rockhead Rockhead
Bootworth Bootworth
