Whitgrove Sodberling Ellerbridge Boothingchester Wycastle Bootwick Wycastle Boothingchester Sundendford Botbeck Whitringlake Milthorne Rothingcombe Faldenhall Rothingcombe Ribenwell Abcester Sifield Chedworth Sundendford Southmere Ribberrenston Farnditch Ribberrenston Warblestancester Basbage Warblestancester Tippendham Emmerley Bastlebury Emmerley Southbury Bassinghead Nortwell Warblestancester Worford Rotherlow Abgleham Sundlethorne Abgleham Siavon Abgleham Rotherlow Skellenshot Rotherlow Worford Falderseythorne Durbrook Wychchester Prestwick Egmerhampton Suddenmoor Melwood Endleshall Candleswick Cirerham Reddensden Cirerham Chipbridge Alddleringworth Reddendeney Worhall Hannersmith Shaftborough Hannersmith Worhall Alddleringworth Leatherport Chillingbridge Waltbeck Cannerthorne Elside Wetsmith Warsmith Horstleover Toddenmerbrough Tipstoke Fulhampton Sirenshall Hampingbascombe Sirenshall Cannerthorne Waltbeck Hampingcastle Eley Reddingtree Toddenmoor Ketnell Toddenmoor Durbrook Sodport Skelberden Watchlake Ketchester Watchlake Ketchester Ellerbridge Sodberling Bromstanham Sodberling Whitgrove
58
Worford Dribberham Hampingworth Worford
Ketnell Ketnell Staplow
Siavon Siavon Horsnell
Ketchester Ketchester Boothingmanstree
Leatherport Leatherport Alfmere
Bastlebury Rothendcombe Bastlebury Hamwold
Hampingbascombe Hampingbascombe Wetwick
Ellerbridge Worrenberwang Ellerbridge Suddingover
Sundlethorne Sundlethorne Blansbrook
Whitringlake Whitringlake Falworth
Suddenmoor Tippenbrook Suddenmoor Staincombe
Cirerham Wolley Dartden
Whitgrove Whitgrove Dribblecombe
Reddingtree Stapbrough Endleberey
Sundendford Chedworth Sundendford
Hampingcastle Redcombe Hampingcastle Basditch
Toddenmerbrough Casbrook Endingnell Tipstoke
Basbage Bothenhall
Sifield Enderbeck Sifield
Falderseythorne Falderseythorne Penby
Skellenshot Skellenshot Cihead
Farnditch Farnditch Abglewold
Bromstanham Bromstanham Clereennell
Southmere Egsted Southmere
Candleswick Candleswick Skellingover
Watchlake Farndlesover Watchlake Tippingbage
Tippendham Wendleringdown Tippendham
Sodport Sodport Skelberden
Faldenhall Faldenhall Wethampton
Sodberling Bursmith Sodberling Bothenton
Wychchester Marlbrook Wychchester Siey
Nortwell Marlcester Nortwell
Shaftborough Wychcompwold Shaftborough
Bootwick Bootwick Todhampton
Melwood Melwood
Cannerthorne Cannerthorne
Reddendeney Reddendeney
Eley Eley
Southbury Southbury
Egmerhampton Egmerhampton
Rothingcombe Rothingcombe
Wetsmith Wetsmith
Ribberrenston Ribberrenston
Rotherlow Rotherlow
Prestwick Prestwick
Wycastle Wycastle
Milthorne Milthorne
Elside Elside
Waltbeck Waltbeck
Worhall Worhall
Sirenshall Sirenshall
Botbeck Botbeck
Toddenmoor Toddenmoor
Emmerley Emmerley
Horstleover Horstleover
Durbrook Durbrook
Abcester Abcester
Abgleham Abgleham
