Warfield Chilbury Warfield Ketsmith Pendingbrook Chedberdon Wyborne Cambingstoke Suddlecombe Ashfield Millendon Windling Dribblewick Skellingden Barndberbrough Worhall Dribbingworth Worhall Todtree Cicombe Falport Pendlewood Falport Soddlewick Hamsling Hannenmanswick Ashborne Tipwick Cannerthorne Chedderrenswich Ciditch Stainbrough Fulbourne Southbasport Fulbourne Stainbrough Cammerrensmoor Wyborne Chedberdon Hammerringey Chedberdon Pendingbrook Ketsmith Whitchester Siringwang Chedtree Burglebrough Sudsmith Burglebrough Chedtree Siringwang Whitchester Ketsmith Warfield
33
Pendingbrook Pendingbrook Suddlecastle
Cammerrensmoor Suddleborne Cammerrensmoor
Suddlecombe Suddlecombe Basringney Chippingsted Ellingreham
Chedtree Suddleover Chedtree
Sudsmith Elmansham Sudsmith
Stainbrough Worberbrook Stainbrough
Ashfield Ashfield Ketport
Dribbingworth Dribbingworth Leatherbleside Bastleseyham
Falport Botherseyworth Falport
Hammerringey Hammerringey Skelling Chelmstanwell
Pendlewood Pendlewood Horstlescompstoke
Southbasport Chiphead Southbasport
Chilbury Brackcompwang Chilbury
Ciditch Northall
Wyborne Wyborne
Cambingstoke Cambingstoke
Ashborne Ashborne
Tipwick Tipwick
Todtree Todtree
Warfield Warfield
Burglebrough Burglebrough
Siringwang Siringwang
Chedderrenswich Chedderrenswich
Worhall Worhall
Soddlewick Soddlewick
Skellingden Skellingden
Barndberbrough Barndberbrough
Windling Windling
Millendon Millendon
Whitchester Whitchester
Hamsling Hamsling
Cicombe Cicombe
Hannenmanswick Hannenmanswick
