0 15 30 45 31 47 31 45 60 75 76 77 78 79 80 95 80 65 50 36 52 36 50 65 80 81 82 83 84 85 100 85 86 87 103 87 86 85 84 83 82 81 80 79 94 93 108 92 91 75 90 75 91 107 122 106 90 75 60 45 30 15 0 1 2 3 4 5 6 7 8 9 10 25 10 11 12 28 43 58 73 57 41 56 41 25 10 9 8 7 6 5 20 5 4 3 2 1 0
40
12 13
3 18 3
8 8 23
4 34
20 35 20
25 40 25
31 46 31
36 51 36
41 41 55
47 47 63
52 68 52
85 85 70
56 56 71
87 88
82 98
90 105 90
79 109
95 111 110 95
100 116 115 100
103 103 119
106 120 121 106
108 108 124
0 0
5 5
7 7
10 10
15 15
28 28
30 30
45 45
50 50
57 57
73 73
75 75
76 76
78 78
80 80
83 83
93 93
122 122
