0 18 185 27 154 116 32 182 77 50 157 101 24 164 35 9 109 165 167 117 107 159 143 33 184 128 134 128 168 156 141 4 14 83 60 141 125 133 10 12 107 143 131 44 67 96 67 44 173 44 182 92 108 153 6 170 103 28 103 163 194 129 146 136 91 19 85 160 17 118 48 199 186 180 186 105 81 121 81 105 196 26 8 39 94 193 186 118 64 74 126 111 51 144 0
62
121 121 20
118 22 31
156 25 156
83 104 83 36
6 38 6
109 42 109
67 67 47
0 49
64 64 58
91 91 63
173 89 65 173
180 180 69
157 157 70
116 120 75 116
81 81 78
51 51 79
159 159 87
96 96 95
154 98
85 99 85
10 10 100
108 108 102
199 106 199
117 117 119
12 130 12
134 137 134
35 138
170 170 139
160 160 145
111 149 111
39 39 151
28 155 28
8 166
17 17 175
26 176 26
193 193 178
196 179 196
163 194 163
186 186 197
103 103
14 14
185 185
48 48
32 32
126 126
24 24
184 184
133 133
182 182
9 9
4 4
44 44
125 125
77 77
18 18
128 128
19 19
168 168
27 27
50 50
74 74
146 146
