location0 location48 location18 location34 location42 location34 location22 location43 location6 location38 location6 location10 location22 location46 location22 location37 location4 location24 location7 location14 location29 location1 location14 location7 location16 location5 location15 location31 location37 location35 location30 location9 location61 location39 location21 location39 location27 location3 location17 location50 location97 location33 location28 location33 location0
32
location42 location2 location42
location10 location8 location10 location36
location1 location1 location11
location9 location9 location12
location5 location5 location13
location37 location19 location37
location21 location20 location21
location38 location38 location23
location18 location25 location18
location43 location26 location43
location24 location32 location24
location28 location33 location28
location31 location40 location31
location39 location41 location39
location27 location27 location44
location50 location50 location45
location0 location47
location46 location49 location46
location3 location3
location4 location4
location6 location6
location7 location7
location14 location14
location15 location15
location16 location16
location17 location17
location22 location22
location29 location29
location30 location30
location34 location34
location35 location35
location48 location48
