location0 location55 location32 location90 location32 location48 location49 location78 location62 location25 location38 location10 location41 location10 location34 location77 location9 location151 location35 location86 location47 location95 location61 location75 location4 location15 location64 location3 location1 location164 location73 location87 location72 location93 location99 location30 location50 location53 location20 location43 location67 location6 location67 location43 location70 location21 location70 location51 location70 location43 location26 location40 location192 location46 location36 location76 location65 location76 location22 location161 location73 location100 location133 location80 location136 location57 location60 location54 location23 location68 location39 location47 location24 location42 location18 location92 location45 location42 location12 location37 location118 location11 location0
59
location51 location2 location51
location60 location60 location5 location14
location100 location100 location52 location7
location86 location8 location86
location0 location13 location63
location46 location16 location46
location20 location17 location20
location34 location27 location34 location19
location47 location24 location47
location41 location89 location41 location28
location12 location58 location12 location29
location38 location38 location31
location65 location65 location33
location76 location36 location76
location22 location44 location22
location42 location56 location42
location21 location59 location21
location78 location78 location62
location93 location66 location93
location80 location80 location69
location40 location40 location71
location45 location74 location45
location61 location75 location61
location1 location1 location79
location68 location81 location68
location26 location82 location26
location6 location83 location6
location99 location99 location84
location49 location49 location85
location32 location88 location32 location94
location90 location90 location91
location18 location18 location92
location11 location96 location11
location37 location97 location37
location9 location9 location98
location3 location3
location4 location4
location10 location10
location15 location15
location23 location23
location25 location25
location30 location30
location35 location35
location39 location39
location43 location43
location48 location48
location50 location50
location53 location53
location54 location54
location55 location55
location57 location57
location64 location64
location67 location67
location70 location70
location72 location72
location73 location73
location77 location77
location87 location87
location95 location95
