SantaClarita Carrollton Lubbock Concord Victorville Shreveport Huntsville Thornton Beaumont Thornton Huntsville Carrollton Reno PembrokePines Austin Indianapolis Stockton Pomona Allentown Omaha Ontario Boston Hartford LouisvilleJefferson WestValleyCity Washington RanchoCucamonga Brownsville Orlando LosAngeles OklahomaCity Newark Alexandria Worcester Alexandria Bellevue Scottsdale SiouxFalls Independence Glasses Miami Surprise Sunnyvale Visalia SanDiego Frisco SanDiego Lubbock Carrollton SantaClarita
36
Thornton Yonkers Midland
SanDiego StLouis Stamford Henderson Waco Paterson
Independence Independence Fayetteville
Frisco LexingtonFa
Sunnyvale Visalia Sunnyvale
Beaumont NewportNews Beaumont
OklahomaCity OklahomaCity Lafayette StPetersburg
Worcester Garland Worcester
Hartford LongBeach Hartford
Victorville GardenGrove Victorville
Allentown Allentown Wichita
Shreveport Shreveport
Washington Washington
Newark Newark
Scottsdale Scottsdale
Pomona Pomona
Carrollton Carrollton
Bellevue Bellevue
Alexandria Alexandria
Boston Boston
SiouxFalls SiouxFalls
Brownsville Brownsville
Omaha Omaha
LosAngeles LosAngeles
Huntsville Huntsville
Concord Concord
PembrokePines PembrokePines
LouisvilleJefferson LouisvilleJefferson
RanchoCucamonga RanchoCucamonga
Ontario Ontario
Austin Austin
WestValleyCity WestValleyCity
Stockton Stockton
Indianapolis Indianapolis
Orlando Orlando
Surprise Surprise
