Plano SantaClara Irving Pasadena MorenoValley Warren SanFrancisco Rochester OklahomaCity Cary LasVegas Miami Cincinnati Olathe Irvine HuntingtonBeach Mobile Hartford Dallas Worcester Thornton Anchorage Salinas SanAntonio Houston Pomona Spokane CorpusChristi Spokane Chicago Denton Raleigh SantaRosa FortCollins Allentown Stamford Glasses Hollywood Escondido Akron LosAngeles Lancaster Torrance Elizabeth Anaheim JerseyCity Lafayette Laredo Tampa McAllen FortWorth NewOrleans Surprise Corona Brownsville Knoxville Madison WestValleyCity Beaumont Atlanta Cleveland Denver Hayward Topeka OWO Mesa Memphis Buffalo WinstonSalem Waco Ontario Omaha Garland Jackson AnnArbor FortLauderdale Norfolk Reno LouisvilleJefferson Reno Kent Norman SantaClara Rockford Plano
68
Beaumont Vancouver Beaumont
Norman Sunnyvale Norman
Irvine LittleRock Irvine
HuntingtonBeach HuntingtonBeach AugustaRichmond SimiValley
Glasses SanJose Glasses
CorpusChristi CorpusChristi SantaClarita
FortCollins FortCollins SiouxFalls
Worcester Worcester Mesquite
AnnArbor StLouis AnnArbor
McAllen GrandPrairie McAllen
Atlanta Atlanta Oxnard
Salinas Salinas GardenGrove
LouisvilleJefferson Tulsa LouisvilleJefferson
SanAntonio Davidson NewHaven SanAntonio
Memphis Charleston Montgomery Memphis
Surprise Surprise Greensboro
Tampa Tampa ThousandOaks Portland
Torrance Lincoln Torrance
LasVegas Vallejo LasVegas
Lafayette Lafayette Huntsville
Waco Waco Wichita
Raleigh Glendale Raleigh
Allentown Killeen Allentown
Cincinnati Cincinnati Hampton
Rockford Rockford Riverside
JerseyCity JerseyCity Pikachu
Knoxville Knoxville SanBernardino
Madison Fremont Madison
SanFrancisco SanFrancisco
SantaClara SantaClara
Stamford Stamford
Hollywood Hollywood
Omaha Omaha
Anaheim Anaheim
Brownsville Brownsville
Elizabeth Elizabeth
Ontario Ontario
Garland Garland
Mesa Mesa
SantaRosa SantaRosa
Lancaster Lancaster
Hartford Hartford
Escondido Escondido
Dallas Dallas
Warren Warren
Norfolk Norfolk
Houston Houston
OWO OWO
Anchorage Anchorage
Chicago Chicago
Cary Cary
MorenoValley MorenoValley
Irving Irving
Thornton Thornton
Hayward Hayward
Miami Miami
Denton Denton
Pasadena Pasadena
Denver Denver
FortLauderdale FortLauderdale
Laredo Laredo
Olathe Olathe
Corona Corona
NewOrleans NewOrleans
OklahomaCity OklahomaCity
Pomona Pomona
Mobile Mobile
Akron Akron
