0 185 23 153 115 107 114 154 114 17 5 6 15 122 184 72 184 14 13 78 52 199 45 131 38 74 38 145 26 167 5 17 137 129 137 17 50 135 112 111 164 51 176 146 163 146 166 108 37 101 37 108 1 133 1 163 190 87 11 128 28 128 11 193 39 40 87 43 159 42 165 130 83 130 9 190 87 89 98 19 157 35 157 19 89 151 31 151 169 67 172 67 87 190 21 135 8 163 1 0
57
98 2 98
35 35 3
9 9 4 103
15 16 15
101 18 68 101
108 20
74 74 22
31 24 31
193 193 27
42 33 42
129 152 129 47
39 56 39
199 59 199
11 65 138 11
185 66
51 51 69
17 96 17 70 94
8 8 71
26 80 26
128 128 81
38 84 93 38
133 133 86
166 100 166
13 197 13 102
190 116 190
167 120 167
50 50 125 182
172 172 134
159 141 159
21 21 143
107 107 158
5 160 5
6 173
154 154 174
78 177 78
130 130 183
28 187 28
0 0
1 1
14 14
23 23
43 43
52 52
67 67
72 72
83 83
89 89
111 111
114 114
115 115
137 137
146 146
151 151
153 153
157 157
164 164
184 184
