13 199 129 105 112 179 26 159 165 101 140 181 174 106 119 191 168 156 162 133 113 103 155 111 154 127 148 116 114 181 183 157 186 190 175 167 115 153 195 153 195 160 142 146 143 171 197 184 149 102 135 121 108 152 122 100 178 53 136 196 126 62 13
54
199 104 132 199
143 120 107 143
127 109 127
175 110 175
140 140 117
121 121 118
115 115 123
168 168 138 124
102 125 102
149 128 149
114 130 114
126 131 126
154 154 134
101 137 101
153 153 139 150
113 113 141
167 144 167
135 194 135 176 145 187
178 178 147
171 185 171 151
195 195 158
159 161 159
106 106 163 188
116 116 164
183 166 183
119 169 119
181 170 181
156 156 172
160 160 173
155 177 155
179 179 180
13 182
197 184 197
186 186 189
157 192 157
174 193 174
136 136 196
152 152 198
100 100
103 103
105 105
108 108
111 111
112 112
122 122
129 129
133 133
142 142
146 146
148 148
162 162
165 165
190 190
191 191
