vLeODpVlYSBeYNDYoXha uyPyJzKFqWxgSNmpkDrB zxeoSbTqbWPpSzalAtBI MlwlINEFqmyzZNPXRLJF TCAkluAESUWAMGFeNcGN OVoYVQPnlYoZBBKtyuLk TCAkluAESUWAMGFeNcGN FqdjKgdpEanmCnmxJMFA fPxvnMVMFwhJbNBURdgD VhDSPHxolLkNxxDnpUyx mevvwcZLudaokctOWvKe iBYHAWUhqeQPjphQzpdN mevvwcZLudaokctOWvKe mlipOrSnGcxXtoXBbRyl iDucfyZGMCbCQbXjbQqM mlipOrSnGcxXtoXBbRyl mevvwcZLudaokctOWvKe VhDSPHxolLkNxxDnpUyx jwIBHKkXHTPVsOJwBOsr QQSjCkgLAWAPObYQvNsB qbmGewAditsWkTFHdxjP LOMgYipCQQXQnRqEqRwO ybrQlUhznqOhsvndWAbl ruLqpYqEzGGiKysvsarb AdXveYSBaneNwCQzrdSw QkAjrUUuVdzSMnlfJLcO gMqbbwopmbxmOomqZjfm CmbFyJmcvVqyCmJgQxeI fHcdXnOxSadpKeCUwNYm fvEcAuRDdfuHEPLNpaTz pXmHARurXTsCnWboCjaq NciLXNPTvMoXdbTDZmlg gIttwvzcgONwFblnGIqq gzxzakmqbxbsOczuQVLG wRjMmrpRuknxqunJrMAE DqUxIMslnixWfmkjQTmS wRjMmrpRuknxqunJrMAE gzxzakmqbxbsOczuQVLG gIttwvzcgONwFblnGIqq gMqbbwopmbxmOomqZjfm ZjjqpiSiaWnmxJgUtucv aCucdhmWbhlrgfstQigR ZjjqpiSiaWnmxJgUtucv gMqbbwopmbxmOomqZjfm AdXveYSBaneNwCQzrdSw TwgqMzgExFHTIfcwfBnr cZgmtoPGHxdozTaDMiyf TwgqMzgExFHTIfcwfBnr xQaDpDGAXhDYzSMnMWvb WCCOEUYmDvzZlrkDAqoi LGqbVTsFMANIedVHAALW biqCAetglYuANrTRzMiX vLeODpVlYSBeYNDYoXha
29
iDucfyZGMCbCQbXjbQqM iDucfyZGMCbCQbXjbQqM CfkBzkPETvagyIDCsLTD
gzxzakmqbxbsOczuQVLG gEufXNuuWhnlbNYaoQFJ gzxzakmqbxbsOczuQVLG
mlipOrSnGcxXtoXBbRyl NVEtShKeuxpaFIOiyVqE mlipOrSnGcxXtoXBbRyl
QQSjCkgLAWAPObYQvNsB cvlwIwajcIlbhZbyFgmq QQSjCkgLAWAPObYQvNsB RjKEHTlRvtaVBbyqZVAw
QkAjrUUuVdzSMnlfJLcO ASXwCgVTXDdhSXJwFovC QkAjrUUuVdzSMnlfJLcO NciLXNPTvMoXdbTDZmlg
zxeoSbTqbWPpSzalAtBI pdXCnKagnvEntNTuPHdK dyUDfEGgAoSshTRjMZZg zxeoSbTqbWPpSzalAtBI
aCucdhmWbhlrgfstQigR aCucdhmWbhlrgfstQigR BXzACdzjLITNgbmDPlEu
iBYHAWUhqeQPjphQzpdN jzQJaGLLiuQLhhyqBagr iBYHAWUhqeQPjphQzpdN
FqdjKgdpEanmCnmxJMFA fToHwimUqLsKcKLZHiUX
VhDSPHxolLkNxxDnpUyx PLDOWRIeaCSVLMyDadzC VhDSPHxolLkNxxDnpUyx
gMqbbwopmbxmOomqZjfm NAHeKyyhAObyyUEUSkSU gMqbbwopmbxmOomqZjfm UgFPXEAdAfcfHGIbNTsq
fPxvnMVMFwhJbNBURdgD fPxvnMVMFwhJbNBURdgD sBkAYRISjTYinLFSNcKW
OVoYVQPnlYoZBBKtyuLk OVoYVQPnlYoZBBKtyuLk CPszTohYUHARNedzFlDK
wRjMmrpRuknxqunJrMAE iBjjCWwkYToOKfrrLnny
DqUxIMslnixWfmkjQTmS TqyFrXuGvuBuqnpYbjKc DqUxIMslnixWfmkjQTmS
fvEcAuRDdfuHEPLNpaTz fvEcAuRDdfuHEPLNpaTz sXfgLMwoysnMazVSWnhc
TCAkluAESUWAMGFeNcGN FcEsyaTmqpoyvbDrHjlc
xQaDpDGAXhDYzSMnMWvb WCCOEUYmDvzZlrkDAqoi xQaDpDGAXhDYzSMnMWvb
MlwlINEFqmyzZNPXRLJF MlwlINEFqmyzZNPXRLJF tVzUgXVoBYxBMnkkwFmk
cZgmtoPGHxdozTaDMiyf DWWCMAjZQQIEKOIiHFQN cZgmtoPGHxdozTaDMiyf
TwgqMzgExFHTIfcwfBnr TwgqMzgExFHTIfcwfBnr
AdXveYSBaneNwCQzrdSw AdXveYSBaneNwCQzrdSw
uyPyJzKFqWxgSNmpkDrB uyPyJzKFqWxgSNmpkDrB
gIttwvzcgONwFblnGIqq gIttwvzcgONwFblnGIqq
jwIBHKkXHTPVsOJwBOsr jwIBHKkXHTPVsOJwBOsr
CmbFyJmcvVqyCmJgQxeI CmbFyJmcvVqyCmJgQxeI
ruLqpYqEzGGiKysvsarb ruLqpYqEzGGiKysvsarb
fHcdXnOxSadpKeCUwNYm fHcdXnOxSadpKeCUwNYm
ybrQlUhznqOhsvndWAbl ybrQlUhznqOhsvndWAbl
