wNqlpYNsRbJEgiGpKxrU lbWonvEbeplndKguSTkk igyeOiSdezmmXGTwMzLw lbWonvEbeplndKguSTkk qfRRtdRbhYJBARMfPlZM scpUkbcaYSAsHhSktebT EEeDJaHeajXXlwYcHTeJ MBJqOYmxhUYbldNVEdRy NzDQJknJPDEkcwCHzzbF wvSJDoqoPGAkYgSuPFPw NzDQJknJPDEkcwCHzzbF MBJqOYmxhUYbldNVEdRy PZwTcKCPsEmpxetNZvef pMOSpTzPTPLXHLOQMjnt PZwTcKCPsEmpxetNZvef MBJqOYmxhUYbldNVEdRy QePOUWiXcAUCoHETxuGS MBJqOYmxhUYbldNVEdRy EEeDJaHeajXXlwYcHTeJ efZntVbfQTvIUOiRNPSH shugRMnaHVqQSmKaNBgu IvXQutSorlqOgnSVAIUd NJZlnWyeJFrkOwoqHKtT jeqqhISPyRIhGBNohHEu ANDviqMIuFwdcboQDprt juzxSpUVuccJUMBOcJjO ANDviqMIuFwdcboQDprt QyXpliHSeQOPIsurIcpa DpztIuGTRpGuLsdlODJw QyXpliHSeQOPIsurIcpa CvZkdIYtdeDHtwufupie syonLisTOSczosCwoILE jznspKyqlmxZtgfQUJVB RlHeRhvUOhGhZVGGJuED gFUGYXSirCYiFTivWNah erZKLqpCZsYKDnOCaBGq gFUGYXSirCYiFTivWNah RlHeRhvUOhGhZVGGJuED WMWBpOSnHGywZjCgaYyY RlHeRhvUOhGhZVGGJuED SiOEBWtHUiopSvDVOkjb oDgfEuAVpeOlkkTIMDLw UIlSMnVKIdNiXZNSiHsI fgzJCwocQniGlXAZHJId vIbIQYXZnmYrooTLYNtu wlySPverjehsBxldyigf oDgfEuAVpeOlkkTIMDLw UIlSMnVKIdNiXZNSiHsI bEfUXCTlwRBndElSbPGf imEmCMbYEtZJJkwxkSDD bEfUXCTlwRBndElSbPGf UIlSMnVKIdNiXZNSiHsI yscsUFTNNyaVMKBztBdV UIlSMnVKIdNiXZNSiHsI oDgfEuAVpeOlkkTIMDLw ADVVlRLpnspleRTgeTdu DZEpVGVXkxHljziwItaS QjbdwbUnopENkiNyqirZ DZEpVGVXkxHljziwItaS pGEDfjoOOYfHsrRVgAyF ANDviqMIuFwdcboQDprt YTwycpmzEWCqqTELtzXc aGPbLNWYAMujnfHCTCMo HeWrJOKsDjgdrcamgZLN kwPuYZgJgVVJfdBGUtPw mgNeYYUOPKpLeiVEFIXd kwPuYZgJgVVJfdBGUtPw ktVPibAaeaNHuNYSLNYb FWnudSYFvYQJHehOpEKf umZXKcxkweEplHZdotgU EEeDJaHeajXXlwYcHTeJ scpUkbcaYSAsHhSktebT jUSlIFtitQxyvVLJjiCc scpUkbcaYSAsHhSktebT JVONrXhhmtFWhFfDiOXW scpUkbcaYSAsHhSktebT JvFxbsySBAiFiOUrzrBi wuSVWJYvpiWaQAHXocSG cMYyKTXGNKnFzrpwnXUl FGiPoAZuhTTxiAlzRDIV NzDQJknJPDEkcwCHzzbF oZXYedlbtBLmkfoVmgta lbWonvEbeplndKguSTkk wNqlpYNsRbJEgiGpKxrU
48
wvSJDoqoPGAkYgSuPFPw UdSbtwxTqTJxOiUoxEqw QeYNNLpZMBxyiFbZMPFY wvSJDoqoPGAkYgSuPFPw
vIbIQYXZnmYrooTLYNtu vIbIQYXZnmYrooTLYNtu bFmSeBrfNuxjYPUDCLYq
lbWonvEbeplndKguSTkk eOfnBeTgmYCNEnRUhlEK lbWonvEbeplndKguSTkk
syonLisTOSczosCwoILE zNRhhVdMWUgTnnqmAfeY kqcEdfKLaRzxOhAIzchh aIuYyryCOUGVeCAqbqkg syonLisTOSczosCwoILE
wlySPverjehsBxldyigf SitzoubgYFeTjmkLjVPz wlySPverjehsBxldyigf
MBJqOYmxhUYbldNVEdRy MBJqOYmxhUYbldNVEdRy CbGuHgZfQMmSOfHDFJnK hLaNXBYgTzgUhvjmqUTu ZwvojvRdUOYNJXIwAqgC
yscsUFTNNyaVMKBztBdV VRpSthoDcomqMDsGoVql EhDFVLWZueLOrdjEOzEQ yscsUFTNNyaVMKBztBdV
EEeDJaHeajXXlwYcHTeJ EEeDJaHeajXXlwYcHTeJ GMxGouyyndiUBMqMdOoc
aGPbLNWYAMujnfHCTCMo ihxEqMQIIvyQmtrtMjeO aGPbLNWYAMujnfHCTCMo
IvXQutSorlqOgnSVAIUd IvXQutSorlqOgnSVAIUd oKAKfpUUuLItChLyByFh edlAtPQdNXJQPCIzpkyX
imEmCMbYEtZJJkwxkSDD xlbpuxAjoVPJWPCWBEkJ TEPaiCedHTXapLxoBXMp imEmCMbYEtZJJkwxkSDD
NzDQJknJPDEkcwCHzzbF pzrGQEObzJGPnfATEYDc EmbDgEECbkHbfAfHCgwB NzDQJknJPDEkcwCHzzbF
UIlSMnVKIdNiXZNSiHsI eobSFtKBbBdcVrTOREdK UIlSMnVKIdNiXZNSiHsI
RlHeRhvUOhGhZVGGJuED RlHeRhvUOhGhZVGGJuED eiLPqIroFfCGzqSAlzAp
NJZlnWyeJFrkOwoqHKtT nCedHqGgdWAicwyuYWpg xgBrJmdXVwtxgRuCBhMe NJZlnWyeJFrkOwoqHKtT
igyeOiSdezmmXGTwMzLw igyeOiSdezmmXGTwMzLw KcrnMnFDTrBKaUaGpdLY NYdfLxXxFVvLEbDKzXWn
DpztIuGTRpGuLsdlODJw lSJjEsqamUCgRZdCmdyI DpztIuGTRpGuLsdlODJw
FWnudSYFvYQJHehOpEKf FWnudSYFvYQJHehOpEKf fpoTaBKmVdlDCxFwCFoz
WMWBpOSnHGywZjCgaYyY XtZHoAxqEyzvMChzPHpN WMWBpOSnHGywZjCgaYyY
HeWrJOKsDjgdrcamgZLN HeWrJOKsDjgdrcamgZLN zHPSSEtFTQIbLYMdHqgP
PZwTcKCPsEmpxetNZvef ZauPfhkpsGmhbvkhkltR PZwTcKCPsEmpxetNZvef
wuSVWJYvpiWaQAHXocSG wuSVWJYvpiWaQAHXocSG cwgJAHVpCCTmuckJkncL
QyXpliHSeQOPIsurIcpa XvUPApTFkqaSSizYsCIr QyXpliHSeQOPIsurIcpa NPSPGRTNRcKKVpsBRSwh
JVONrXhhmtFWhFfDiOXW VIPPawblKbhOVWrmrWBx JVONrXhhmtFWhFfDiOXW
CvZkdIYtdeDHtwufupie oHoxoLeyDYnKZDzgMtxI szyiMlKhtyOynWjcoMsm CvZkdIYtdeDHtwufupie ZXihCBEQBTdisqSlEMsj
gFUGYXSirCYiFTivWNah ayQgUwyRuQVKeyFLPNbQ gcXUxTVUZWsOwtRNeDDa
QePOUWiXcAUCoHETxuGS gDYKDrbERUXTnCayjBrC QePOUWiXcAUCoHETxuGS wfEFdNDcColoskjTjcLm
mgNeYYUOPKpLeiVEFIXd mgNeYYUOPKpLeiVEFIXd NtyLZDOaSczVvOGdocUp
QjbdwbUnopENkiNyqirZ QjbdwbUnopENkiNyqirZ nreoVgWrBhNXFZgTBlXO
jUSlIFtitQxyvVLJjiCc jUSlIFtitQxyvVLJjiCc XPPBMlNyfVVeZGIzTCEW
erZKLqpCZsYKDnOCaBGq NIJaJxCurulNUdZZMxFk ccdJRKiTXwIErdhSIxfh erZKLqpCZsYKDnOCaBGq
pMOSpTzPTPLXHLOQMjnt oLMkSrYLQRLHmPiuLCTC pMOSpTzPTPLXHLOQMjnt
cMYyKTXGNKnFzrpwnXUl cMYyKTXGNKnFzrpwnXUl vTbNxpVTEoFlSjvvVvfG
oZXYedlbtBLmkfoVmgta svUOWvTJLneAqJGnExpc joWAhkfNqIEECnBeulGl oZXYedlbtBLmkfoVmgta
scpUkbcaYSAsHhSktebT scpUkbcaYSAsHhSktebT kyApsCeFkLoLFCdkazaE
DZEpVGVXkxHljziwItaS DZEpVGVXkxHljziwItaS
ADVVlRLpnspleRTgeTdu ADVVlRLpnspleRTgeTdu
juzxSpUVuccJUMBOcJjO juzxSpUVuccJUMBOcJjO
efZntVbfQTvIUOiRNPSH efZntVbfQTvIUOiRNPSH
YTwycpmzEWCqqTELtzXc YTwycpmzEWCqqTELtzXc
bEfUXCTlwRBndElSbPGf bEfUXCTlwRBndElSbPGf
kwPuYZgJgVVJfdBGUtPw kwPuYZgJgVVJfdBGUtPw
JvFxbsySBAiFiOUrzrBi JvFxbsySBAiFiOUrzrBi
ANDviqMIuFwdcboQDprt ANDviqMIuFwdcboQDprt
qfRRtdRbhYJBARMfPlZM qfRRtdRbhYJBARMfPlZM
fgzJCwocQniGlXAZHJId fgzJCwocQniGlXAZHJId
jznspKyqlmxZtgfQUJVB jznspKyqlmxZtgfQUJVB
shugRMnaHVqQSmKaNBgu shugRMnaHVqQSmKaNBgu
