a1 g1 b1h b15 b3 b15 b1h g1 g2 f1h f20 f21h f60h f21h f48h f21h f44h f21h f58h f21h f56h f21h f50h f21h f42h f21h f54h f21h f52h f21h f46h f21h f40h f21h f22h f21h f38h f21h f26h f21h f24h f21h f36h f21h f28h f21h f34h f21h f32h f21h f30h f21h f20 f1h g2 c1 c2 c3 c8 c9 c16 c9 c8 c3 c2 c1 g2 d1 d8h d1 g2 e1 e2 e4h e2 e1 g2 g1 a1
30
a1 a21h
b3 b13h b4h b5h b7h b10h
c3 c6h
c9 c13h c19h c21h c11h
c16 c15h c17h
d8h d8h d13h
e4h e4h e6h
f1h f15h f17h f19h f1h f3h f5h f7h f9h f11h f13h
f22h f22h f23h
f24h f24h f25h
f26h f26h f27h
f28h f28h f29h
f30h f30h f31h
f32h f32h f33h
f34h f34h f35h
f36h f36h f37h
f38h f38h f39h
f40h f40h f41h
f42h f42h f43h
f44h f44h f45h
f46h f46h f47h
f48h f48h f49h
f50h f50h f51h
f52h f52h f53h
f54h f54h f55h
f56h f56h f57h
f58h f58h f59h
f60h f60h f61h
b1h b1h
f21h f21h
