0 77 93 20 75 128 54 56 100 1 48 1 22 49 53 63 51 63 12 16 73 10 69 23 8 43 65 35 70 60 18 26 41 45 15 196 61 47 28 42 28 14 4 68 88 92 97 3 52 27 38 27 19 132 83 24 40 71 40 76 13 25 46 10 57 82 66 72 0
57
10 2 10
45 50 45 5
26 26 6
46 46 7
72 72 9 29
71 16 11 30 71
76 81 76 13
88 88 17 21
65 65 99 31
42 32 42
18 33 18
69 34 74 69
19 19 36
48 48 37
66 66 39
60 44 60
51 51 55
0 58
43 43 59
53 53 62
52 64 52 87
56 56 67 96
57 57 78
100 100 79
77 80 89 77
38 84 38
73 73 85
4 4 86
12 90 12
49 49 91
75 75 94
15 15 95
25 25 98
1 1
3 3
8 8
14 14
20 20
22 22
23 23
24 24
27 27
28 28
35 35
40 40
41 41
47 47
54 54
61 61
63 63
68 68
70 70
82 82
83 83
92 92
93 93
97 97
