Soda L62 L183 L169 L183 L157 L27 L171 L151 L92 L141 L159 L11 L44 L34 L23 L85 L193 L81 L189 L74 L14 L146 L99 L12 L168 L108 L158 L115 L63 L113 L101 L119 L69 L119 L54 L117 L13 L32 L107 L163 L166 L191 L21 L43 L68 L134 L37 L90 L40 L22 L75 L182 L50 L157 L0 L150 L4 L70 L130 L174 L97 L173 L121 L145 L121 L52 L177 L83 L141 L24 L186 L79 L190 L39 L176 L147 Soda
62
L32 L32 L107 L5
L74 L9 L74
L70 L192 L25 L70
L63 L63 L35
L69 L39 L135 L69
L171 L171 L45
L183 L183 L49
L119 L119 L60
L23 L23 L61
L101 L67 L101
L189 L194 L76 L189
L12 L12 L84
L191 L191 L86
L14 L89 L14
L174 L93 L174
L83 L98 L83
L50 L50 L102
L145 L103 L145
L190 L113 L190
L92 L114 L92
L75 L75 L116
L151 L151 L122
L11 L11 L124
L90 L90 L125
L108 L108 L126
L37 L167 L132 L37
L169 L169 L133
L68 L143 L68
L176 L176 L149
L159 L159 L164
L150 L172 L150
L79 L79 L188
L193 L193 L198
L34 L34
L4 L4
L121 L121
L22 L22
L0 L0
L24 L24
L54 L54
L97 L97
L43 L43
L115 L115
L186 L186
L85 L85
L99 L99
L157 L157
L173 L173
L168 L168
L130 L130
L13 L13
L177 L177
L163 L163
L27 L27
L158 L158
L62 L62
L52 L52
L81 L81
L44 L44
L21 L21
L166 L166
L117 L117
