Soda location4 location8 location32 location23 location29 location23 location38 location21 location46 location6 location26 location14 location68 location40 location32 location15 location32 location12 location34 location22 location2 location36 location18 location91 location1 location45 location24 location45 location11 location41 location47 location76 location13 location49 Soda
27
location26 location26 location3 location42
location14 location5 location14
location41 location48 location41 location7
location18 location9 location18 location25
location47 location10 location47
location29 location16 location29
location40 location40 location17
location46 location27 location19 location46
location34 location34 location20
location23 location28 location23
location12 location12 location30
location49 location49 location31
location6 location33 location6
location24 location24 location35
location32 location32 location50 location37
location13 location13 location39
location8 location8 location43
location15 location44 location15
location21 location21
location2 location2
location1 location1
location36 location36
location45 location45
location11 location11
location4 location4
location22 location22
location38 location38
