Soda location53 location9 location1 location47 location72 location171 location41 location10 location34 location77 location45 location81 location57 location46 location75 location33 location68 location60 location78 location85 location25 location85 location56 location44 location69 location90 location187 location37 location65 location30 location38 location70 location38 location22 location65 location64 location14 location48 location98 location71 location31 location84 location6 location79 location87 location71 location96 location39 location45 location50 location29 location13 location70 location73 location99 location97 location138 location23 location64 location12 location52 location59 location36 location54 location32 location175 location17 location147 location42 location63 location5 location154 Soda
58
location53 location2 location53
location36 location3 location36
location54 location89 location4 location54
location48 location48 location7
location10 location8 location10 location51
location22 location11 location22
location5 location83 location93 location5 location15
location90 location16 location90
location47 location18 location47
location64 location64 location19
location34 location34 location20
location25 location25 location43 location21 location62
location97 location24 location97
location96 location96 location26
location72 location72 location27
location71 location28 location71
location37 location35 location37
location70 location40 location70
location32 location32 location49
location69 location69 location55
location39 location58 location39
location23 location61 location23
location57 location57 location66
location65 location65 location67
location56 location56 location74
location78 location76 location78
location87 location87 location79
location13 location80 location13
location17 location17 location82
location6 location95 location86 location6
location1 location88 location1
location50 location50 location91
location42 location42 location92
location9 location9 location94
location60 location100 location60
location52 location52
location45 location45
location31 location31
location98 location98
location44 location44
location46 location46
location38 location38
location68 location68
location30 location30
location77 location77
location73 location73
location29 location29
location63 location63
location12 location12
location41 location41
location14 location14
location75 location75
location84 location84
location81 location81
location85 location85
location33 location33
location59 location59
location99 location99
