Soda woolf winifred danyal jarrett tamara lewke sunny noor ruhi eshaan yip singhal castro grace caroline daniel shah ashley rabie vilaythong berit davis garbers Soda
24
danyal danyal rosen walsh
Soda garcia lo rob
tamara tamara shen
sunny amanda sunny
grace aidan sriram grace roshan massachusetts
eshaan annie eshaan
ruhi ruhi kevin
noor noor martinez
yip yip alvin
daniel juliann daniel krishnan
ashley andrew ritter ashley
woolf golden woolf
rabie ian rabie sarina
berit berit chloe
castro castro meghan
singhal singhal connor
vilaythong djajadi vilaythong
garbers garbers patagonia
winifred winifred
davis davis
lewke lewke
jarrett jarrett
shah shah
caroline caroline
