Soda li lindsey du wong saurav singhal angelis vilaythong ishaan shah vikram kaur andrew tyler weaver xin barth erika yip logan patagonia rouzbahani gregory berit ashley winifred olivia zhou krishnan hari lewke william nichole ohio hanlon maya connor amanda mittal zhifei ani aanika ravi sunny parham brett chloe doshi alvin zou george kanika bears mack celine danyal Soda
57
vikram rob vikram melissa
saurav saurav daniel
george chase george
kanika kanika umar krista
kaur evan emily jacob kaur
Soda adhikiari greg grace sun
wong wong maniku
lindsey lindsey srivastava
du chung du ritter cal ruhi gobears
li li kevin
danyal danyal sophia
vilaythong subbaraj vilaythong
singhal charles singhal wu
bears scott bears
zhifei srinivasan zhifei
erika annie erika
hanlon hanlon franco
zou soman zou
celine oscar celine
brett brett devesh
mack mack wyatt
hari singorahardjo hari
winifred winifred ellen
xin xin massachusetts
ashley ashley caroline
zhou zhou king
ani ani ahluwalia
yip lebron yip
amanda djajadi amanda
mittal mittal chen
shah liang shah
connor eshaan connor
sunny sunny
rouzbahani rouzbahani
william william
ishaan ishaan
ravi ravi
weaver weaver
gregory gregory
maya maya
ohio ohio
barth barth
doshi doshi
krishnan krishnan
angelis angelis
chloe chloe
parham parham
tyler tyler
nichole nichole
alvin alvin
olivia olivia
aanika aanika
berit berit
patagonia patagonia
andrew andrew
logan logan
lewke lewke
