loc48 loc61 loc94 loc26 loc17 loc68 loc24 loc72 loc12 loc60 loc7 loc96 loc5 loc44 loc81 loc80 loc88 loc93 loc20 loc73 loc25 loc92 loc98 loc40 loc47 loc0 loc52 loc90 loc55 loc3 loc21 loc45 loc48
31
loc68 loc43 loc4 loc68
loc12 loc12 loc6
loc90 loc9 loc90 loc71
loc55 loc11 loc55
loc98 loc98 loc19
loc26 loc26 loc23
loc0 loc0 loc27
loc21 loc28 loc21 loc31
loc45 loc34 loc45
loc52 loc35 loc52
loc3 loc3 loc69 loc63
loc17 loc64 loc17 loc75
loc93 loc89 loc93
loc88 loc88 loc91
loc20 loc20
loc72 loc72
loc5 loc5
loc40 loc40
loc81 loc81
loc73 loc73
loc96 loc96
loc7 loc7
loc44 loc44
loc92 loc92
loc60 loc60
loc80 loc80
loc24 loc24
loc94 loc94
loc61 loc61
loc47 loc47
loc25 loc25
