loc79 loc68 loc97 loc132 loc187 loc0 loc4 loc64 loc189 loc158 loc180 loc33 loc26 loc94 loc115 loc170 loc115 loc73 loc59 loc180 loc121 loc131 loc14 loc173 loc106 loc60 loc142 loc174 loc114 loc41 loc155 loc186 loc167 loc146 loc62 loc120 loc176 loc153 loc89 loc148 loc69 loc152 loc127 loc98 loc124 loc87 loc162 loc130 loc196 loc8 loc113 loc107 loc76 loc185 loc110 loc118 loc48 loc34 loc164 loc25 loc66 loc6 loc92 loc96 loc91 loc79
63
loc59 loc2 loc59
loc91 loc91 loc3 loc111
loc113 loc9 loc113
loc79 loc11
loc97 loc16 loc97
loc69 loc17 loc69
loc6 loc40 loc18 loc6
loc127 loc19 loc127
loc146 loc146 loc30
loc164 loc164 loc36
loc153 loc153 loc43
loc185 loc185 loc44 loc181
loc34 loc34 loc45
loc0 loc0 loc50
loc41 loc41 loc52
loc120 loc120 loc54
loc114 loc160 loc58 loc114
loc48 loc48 loc70
loc196 loc196 loc78
loc33 loc80 loc33
loc73 loc73 loc83
loc87 loc90 loc87
loc124 loc124 loc109
loc189 loc122 loc189
loc62 loc128 loc150 loc62
loc173 loc133 loc173
loc170 loc170 loc134
loc110 loc140 loc110
loc106 loc145 loc106
loc152 loc152 loc154
loc130 loc130 loc159
loc167 loc171 loc167
loc158 loc158 loc191
loc118 loc118
loc4 loc4
loc180 loc180
loc26 loc26
loc96 loc96
loc148 loc148
loc8 loc8
loc142 loc142
loc187 loc187
loc121 loc121
loc68 loc68
loc60 loc60
loc25 loc25
loc66 loc66
loc155 loc155
loc174 loc174
loc64 loc64
loc107 loc107
loc98 loc98
loc89 loc89
loc176 loc176
loc132 loc132
loc115 loc115
loc14 loc14
loc94 loc94
loc131 loc131
loc186 loc186
loc76 loc76
loc162 loc162
loc92 loc92
