Jingzhou Ghugus Veenendaal Shizunaifurukawacho Veenendaal Kheri Carouge Carmichael Carouge Colachel Rembangan Thamaga Rembangan Gangtok Bejucal Depok Bejucal TanahMerah Shively Bejucal Ronse AzZuwaytinah RioFormoso AzZuwaytinah Khabarovsk Chambly Malnate BurgbeiMagdeburg Kabarnet Sanaa Kabarnet CoonRapids Malnate Srinagar Veenendaal Ouarzazat Ketrzyn Pundong Jingzhou
26
CoonRapids CoonRapids Sagalo
Sanaa Sanaa Sarzedo JabalosSaraj
Ketrzyn Ketrzyn SanJosedeOcoa
Carmichael elCampello Carmichael
Khabarovsk Crespo Khabarovsk Chegem
Ghugus Ghugus Manduria
Thamaga Tottori Thamaga
Rembangan SaintMichael Rembangan
Srinagar Entroncamento Srinagar Kirovsk
Kheri Ermelo Kheri
TanahMerah TanahMerah LondonderryCountyBor
RioFormoso Radnor RioFormoso
Malnate Lysva Jeypore Malnate
Shively Shively Rangae
Kabarnet Tabatinga Kabarnet
Gangtok BeneBeraq Gangtok
Colachel Ibri Colachel
Shizunaifurukawacho Shumen Shizunaifurukawacho
BurgbeiMagdeburg BurgbeiMagdeburg Chittaranjan
Depok FortLauderdale Depok
AzZuwaytinah AzZuwaytinah
Ronse Ronse
Ouarzazat Ouarzazat
Veenendaal Veenendaal
Carouge Carouge
Bejucal Bejucal
