LesLilas AinBessem Aracuai AinBessem Kairouan Johnston Wenchi Hangu Daokou Sosnovka HaciendaLaCalera KotRadhaKishan Malpe Shieli Malpe Twante Nangi Sobue Acireale Baramula Acireale FortWorth Skelmersdale BlueIsland ChalcodeDiazCovarrub Kambove Braila Bury Braila Morwa Ortaca Itororo Shchekino AramokoEkiti Kotka PortoVelho FetestiGara Embu FetestiGara Andrychow SanJuandelaMaguana NoblePark SanJuandelaMaguana Andrychow ElCentro Acarau ElCentro TagbilaranCity MineralnyeVody TagbilaranCity MineralnyeVody BlueIsland Pezinok Belalcazar Pezinok Escada Pozzuoli Haripur Lloydminster Khulm Lloydminster SpanishTown Banting Acireale Tabou EastLongmeadow Gorgan Shimofurano Gorgan NahiyatashShinafiyah SaintCyrlEcole SantanadoLivramento Angleton SouthSaintPaul Kemise SouthSaintPaul Acireale Butuan Mandan Battambang Mandan AinBessem LesLilas
54
Butuan Kaifeng Butuan
Baramula Sorada Baramula Mabopane Fuxin
Aracuai Zhaodong Aracuai
Khulm Khulm Anjarah
Pozzuoli VillaPauladeSarmient Pozzuoli Haripur
Bury PriegodeCordoba Bury
Acireale Ontinyent Acireale
EastLongmeadow EastLongmeadow Gowurdak Mocoa Wangon
Shchekino AshtonunderLyne Espiye Shchekino
KotRadhaKishan Izhevsk KotRadhaKishan
TagbilaranCity Hirosaki TagbilaranCity
Battambang Battambang AinArnat
Hangu Vaniyambadi Hangu
Belalcazar Oerlinghausen Belalcazar
FortWorth Langenhorn FortWorth
BlueIsland BlueIsland MadinatHamad
Embu WestIslip Embu
Andrychow Andrychow Turek GuaMusang
Gorgan Gorgan Manacapuru
Shieli Yafo Shieli
SouthSaintPaul Angleton Ibirataia SouthSaintPaul
Kambove Kambove MonteAlegre
Shimofurano Arzamas Shimofurano
Acarau Akcaabat Acarau
Kemise Kemise Shurugwi
FetestiGara FetestiGara Garbsen Nagar
SantanadoLivramento CapimGrosso SantanadoLivramento
Skelmersdale Prostejov Skelmersdale Vyazniki
SaintCyrlEcole Haora SaintCyrlEcole
SpanishTown SpanishTown Kineshma
SanJuandelaMaguana SanJuandelaMaguana Gunzenhausen
Pezinok SenaMadureira Pezinok
Johnston Johnston Rhondda
Twante Twante Rivas
Sobue SenadorPompeu Sobue
Lloydminster Lloydminster Korsakov
Braila Braila
Morwa Morwa
Sosnovka Sosnovka
AinBessem AinBessem
Tabou Tabou
ChalcodeDiazCovarrub ChalcodeDiazCovarrub
Itororo Itororo
HaciendaLaCalera HaciendaLaCalera
Kairouan Kairouan
NoblePark NoblePark
NahiyatashShinafiyah NahiyatashShinafiyah
MineralnyeVody MineralnyeVody
Kotka Kotka
Daokou Daokou
Escada Escada
Wenchi Wenchi
PortoVelho PortoVelho
Ortaca Ortaca
