EFLJOTk nhkUU4YlSo 4pWeD5 q9b8L0oiOJr Q7Ib7B EJOi3LI92xJB eJxYI mQzeU6iv7 SoHxfA 0e qKAN35ZxfJxs2n K6 tYEQUyLbbkP1dOjF Xn8chReB4cAIE2gsbLF 7F9H97joVTdU8ZEpeb tYEQUyLbbkP1dOjF cPnISetFj7gG8o9K tZ fMV6tQxP AUKNFdTo r5x QyWIcdD7GorZtfQJb I0a5SBtiDKckQxXh155L 4W JQX0b S5 q4W 9PHu2NLeEO 1p3lWfo8qHHC 8I1AatPM v0KFVI8d04n0 EFLJOTk
23
q9b8L0oiOJr IRUxJNqQHDtKwk q9b8L0oiOJr
SoHxfA SoHxfA vngV9R4
K6 6mx6unEnl K6
8I1AatPM Kpec 8I1AatPM
4pWeD5 Tb5qjVS0DSkDKD 4pWeD5
7F9H97joVTdU8ZEpeb 7F9H97joVTdU8ZEpeb fgxHyKXvIAKSHtMEoO
cPnISetFj7gG8o9K cPnISetFj7gG8o9K 13GDMZYtkIBDG8SVi5px
qKAN35ZxfJxs2n qKAN35ZxfJxs2n
I0a5SBtiDKckQxXh155L I0a5SBtiDKckQxXh155L
QyWIcdD7GorZtfQJb QyWIcdD7GorZtfQJb
tZ tZ
fMV6tQxP fMV6tQxP
mQzeU6iv7 mQzeU6iv7
EJOi3LI92xJB EJOi3LI92xJB
4W 4W
Xn8chReB4cAIE2gsbLF Xn8chReB4cAIE2gsbLF
S5 S5
AUKNFdTo AUKNFdTo
JQX0b JQX0b
r5x r5x
0e 0e
9PHu2NLeEO 9PHu2NLeEO
1p3lWfo8qHHC 1p3lWfo8qHHC
