lyenDXSN wKxe hU BR s KtvQaJqCJTRpXM8ZI vJxAK1LaHyuu4yFNeul hpRsyMlXH1H 6DVIvuGfPs2BU Mu wBJRoqVxn1t cs0 lt1a5E0H 7h2PJW8oD2ihKQrfQ6 ImSpax GPeb MBLHuIgjJIXs uy3ouNIxumu7jEuoP1 K0A9bbVLm9atwTf EJDqk Plmj0j Iax35 HwQeXpOEZHQ3s hVfqebryM4wN f9euNCVEF2WwHc0CWSy5 l G50hiUpVStHCMrd VqPxGiIZmFgz8XR E1fUYbO4wVjiEjEuf cYPTdnJWL wcmx8dhmsO K6yVeBnomxSBet akZmiQ7tmX mMU5Ux7Gh9w 7h2PJW8oD2ihKQrfQ6 CmV 7Q L STJYwXq9HmmawT vAIBd1Ae m lyenDXSN
27
akZmiQ7tmX jvdVvQ akZmiQ7tmX M1PxrOPSNUVpc
G50hiUpVStHCMrd G50hiUpVStHCMrd hjCFXN9kbqn0UCNsZ
uy3ouNIxumu7jEuoP1 2AR73oQdnbYqnDCGMFS
wBJRoqVxn1t 6yeW7sat9rvd wBJRoqVxn1t
lt1a5E0H llx2p lt1a5E0H
7Q 7Q zI
vAIBd1Ae 61 vAIBd1Ae
K6yVeBnomxSBet frNA534JEvY4f o3refHnx4qioqHztqMYE nWkakNi6Qt9d4g
mMU5Ux7Gh9w VNvsbB7eWJcAK0fU zzYmU5YFhvp1
hVfqebryM4wN nqeGwct hVfqebryM4wN A67f
l l f
BR BR
hU hU
MBLHuIgjJIXs MBLHuIgjJIXs
CmV CmV
L L
wcmx8dhmsO wcmx8dhmsO
GPeb GPeb
Mu Mu
K0A9bbVLm9atwTf K0A9bbVLm9atwTf
Plmj0j Plmj0j
6DVIvuGfPs2BU 6DVIvuGfPs2BU
ImSpax ImSpax
vJxAK1LaHyuu4yFNeul vJxAK1LaHyuu4yFNeul
HwQeXpOEZHQ3s HwQeXpOEZHQ3s
cYPTdnJWL cYPTdnJWL
KtvQaJqCJTRpXM8ZI KtvQaJqCJTRpXM8ZI
