6a5e7697411b4a5f9bee 9413e484b07844a0b2a5 c83df3fc7ad7453da3a8 f4f0866d5e97488aa802 c83df3fc7ad7453da3a8 9413e484b07844a0b2a5 6a5e7697411b4a5f9bee e0cb3963860e4d049310 94e0719061a446db8f0d 12424155e29a4ad09224 ac82fe0455c04a6fbc21 d8981e847a1946839e08 0b24d415cd09478386e1 ced33625aef44e049e40 f451d0f96c4e44e5a7a2 f911fa4d522a4357aa0b 95119be28c194159a1ee aa3f52c94cbd4a128bbb cc5f406e2dcd46bebe75 6c5164d75c654b6e9e3b cc5f406e2dcd46bebe75 36411ecb5b7b4ec3a8e2 3f86be020a0e43e4b1ff 03b01369da244ae890f3 5c8da1e70e304c18a2e4 e42a313b3fc84870ab92 686e668db7e94232bb60 ebbbcdcdb3554877aeb0 5a90ec8096c2423fb598 365700b51db445e3a31a 4d6e33ce0fc84c6ea69d 950cb52e3a1446d9af98 e9189c39d6f9459fb82b 863d51b71d174e18a8b2 cfd801acdfd6452696dd ec71cd3332104923a6b2 d40f6eaafcf0402eb0d7 5ddaa98135b248f88a1c c1b06ccaa4874b00a961 a5e69939e9704f81a60e a11604bab4bc49008828 6c8fdc64a38545c8997a 65b7af53d28f4262bf8f 9a007b07478f49ea8ad1 2ce2b2e6256542928a0d 9a007b07478f49ea8ad1 65b7af53d28f4262bf8f 6c8fdc64a38545c8997a a11604bab4bc49008828 3f86be020a0e43e4b1ff 36411ecb5b7b4ec3a8e2 c90bb10fa78f4befb07c 046ea34f2b9e444f969d 3b86319574304aac82c1 1cf20cc5d55a441b8446 ce0b9987a99a4073beab c90bb10fa78f4befb07c 6ea877c3766c4669a150 6e67d80aec8b4fc0a0f4 9413e484b07844a0b2a5 6a5e7697411b4a5f9bee
34
9413e484b07844a0b2a5 68b5e6aea12140d2bb26
94e0719061a446db8f0d 728908ec3cef4db29934
950cb52e3a1446d9af98 950cb52e3a1446d9af98 4fd54063e8fe4e6591e3
f911fa4d522a4357aa0b a72944b166b948ed8afb f911fa4d522a4357aa0b
12424155e29a4ad09224 5042f23712404074ac94 12424155e29a4ad09224
ce0b9987a99a4073beab ce0b9987a99a4073beab 268fc1cec41445e9ae4c
aa3f52c94cbd4a128bbb a5e69939e9704f81a60e 00ab75eeae43479b93a1
c83df3fc7ad7453da3a8 e73af41069ed4943a52c 6e67d80aec8b4fc0a0f4
1cf20cc5d55a441b8446 1733e0b32fcb468e9db5
6c5164d75c654b6e9e3b bbb11a04c8a343348a26 6c5164d75c654b6e9e3b
a11604bab4bc49008828 ab6a4a3d324a4e118998
6ea877c3766c4669a150 4e25f87635bb4843b59f 6ea877c3766c4669a150
2ce2b2e6256542928a0d dcee8e551d34480d82e2 008aafd1b0ec4150aacc
863d51b71d174e18a8b2 4da00804134d4fc9a85c 863d51b71d174e18a8b2 e3697cd0e4bb4631b60b
4d6e33ce0fc84c6ea69d 113cbb314b8c423e99ac
d8981e847a1946839e08 d8981e847a1946839e08 a1480b86aa6b4e8ab46b
0b24d415cd09478386e1 bc0a76f3195549949d49
f4f0866d5e97488aa802 87ecc0a3a59f407c9b3d f4f0866d5e97488aa802
c1b06ccaa4874b00a961 d8c441caf295405aaf52 c1b06ccaa4874b00a961
ebbbcdcdb3554877aeb0 ebbbcdcdb3554877aeb0 e0d6bb0c69d74ec5a7c2
e42a313b3fc84870ab92 7a06c0a05152448791da
cc5f406e2dcd46bebe75 cc5f406e2dcd46bebe75 4aadb3216b4343adbebd
95119be28c194159a1ee 95119be28c194159a1ee
365700b51db445e3a31a 365700b51db445e3a31a
5c8da1e70e304c18a2e4 5c8da1e70e304c18a2e4
ced33625aef44e049e40 ced33625aef44e049e40
e0cb3963860e4d049310 e0cb3963860e4d049310
5a90ec8096c2423fb598 5a90ec8096c2423fb598
9a007b07478f49ea8ad1 9a007b07478f49ea8ad1
ac82fe0455c04a6fbc21 ac82fe0455c04a6fbc21
e9189c39d6f9459fb82b e9189c39d6f9459fb82b
3b86319574304aac82c1 3b86319574304aac82c1
3f86be020a0e43e4b1ff 3f86be020a0e43e4b1ff
f451d0f96c4e44e5a7a2 f451d0f96c4e44e5a7a2
