0 40 162 196 190 144 70 22 146 105 198 38 134 195 72 51 193 163 76 55 166 65 35 20 81 191 68 116 56 168 132 39 25 60 182 171 32 53 66 5 57 78 188 143 14 21 198 159 126 88 19 145 42 0
47
72 72 3
132 132 6
196 8 67 196
20 10 20
14 14 23
146 24 146
68 26 68 52
144 144 30
116 116 37
171 41 171
39 175 43 85 39
78 96 97 100 78 48
40 40 58 77
19 19 59
65 65 62 119
134 64 134
56 56 71
188 169 172 176 83 86 188
25 25 84
51 51 93
76 160 76 102
88 88 103
42 104 42
21 107 21
105 105 109
57 57 110
168 168 113
81 81 114
190 115 190
70 121 70
5 5 125
159 126 159
55 148 55
38 38 151
191 173 191
195 195 174
32 32 183
35 185 35
162 162 187
66 66
53 53
182 182
163 163
60 60
166 166
22 22
0 0
