2 9 179 49 11 139 17 131 27 35 63 75 109 175 87 124 123 101 33 97 135 113 195 113 197 135 97 145 103 61 23 77 1 147 153 149 144 193 4 72 81 72 125 108 65 121 45 66 181 31 111 85 21 157 21 133 154 155 154 129 185 25 185 3 47 5 155 154 133 137 133 111 42 82 33 55 19 7 99 105 10 39 95 115 110 115 110 29 161 76 2
63
155 155 5
147 147 13
95 95 15
81 81 37
197 41 197
85 43 85
1 1 51
121 121 53
75 57 75
109 59 109
181 67 165 169 181 91
135 69 135
195 195 71
49 73 49
157 157 79
21 83 21 167
137 89 137
31 93 31
47 107 47
82 117 191
153 153 119
72 125 127
63 141 63
193 193 143 177
7 151 7
154 159
29 161 29
111 163 111
10 171
25 25 173
115 115 183
77 187 77
45 189 45
27 27 199
3 3
9 9
11 11
17 17
19 19
23 23
33 33
35 35
39 39
55 55
61 61
65 65
87 87
97 97
99 99
101 101
103 103
105 105
113 113
123 123
129 129
131 131
133 133
139 139
145 145
149 149
175 175
179 179
185 185
