0 1 6 11 16 21 26 32 33 31 37 36 42 41 46 51 57 58 56 61 66 71 76 81 87 86 92 91 96 101 106 112 111 116 121 127 128 126 131 136 141 146 151 156 162 161 164 161 162 156 151 146 141 136 131 126 130 126 127 121 116 111 112 106 101 105 101 103 101 96 91 94 91 92 86 87 81 76 71 66 61 56 59 56 57 51 53 51 46 41 42 36 37 31 35 31 32 26 29 26 21 25 21 16 11 12 11 6 1 0 198 197 196 191 192 186 181 176 171 166 171 176 181 186 192 191 196 197 198 0
55
1 3
6 7
12 12 13
11 14
16 17 19
21 22
25 24 25
26 27
29 29 30
35 34 35
37 38
36 39
41 44
46 48 47
53 52 53
59 59 60
61 64 65 62 63
66 68 70
71 72 73 74 75
76 80 78 79
81 82 83 84
86 90
92 93
94 94 95
96 97 98 99 100
103 102 103
105 104 105
106 107 108 109
111 113 114
116 118
121 122
130 129 130
131 135
136 137 138 139 140
141 144 145 142 143
146 149
151 152 153 155
156 159
162 162 163
164 164 165
166 169 170
171 173
176 179 180
181 184 185 183
186 187 189
191 193 195
58 58
192 192
42 42
112 112
33 33
127 127
32 32
87 87
128 128
