yqRn7pcv mpBvpan0 RKTqv0lO xaYYL0Xr ne5PzSYX zcy1X765 XlaUIvCb mmiVeCrf o5fxSomz rJm7nPd7 mB6fiF0u LQU5lyru i4M5A6hw fsgAjhrq hC2ZPbzA Wvomb2LC 2XMfF8YA lRFv66dO uzY67sfN hcJG54h4 dYz0v5Rl mpBvpan0 yqRn7pcv
19
LQU5lyru rKjRBwvM LQU5lyru
Wvomb2LC Tv0Ngo2a Wvomb2LC
hcJG54h4 6XOrbPEm hcJG54h4
mB6fiF0u 7xyYvlir 5Zo9R33z mB6fiF0u
fsgAjhrq fsgAjhrq 1JmiRMy2
hC2ZPbzA hC2ZPbzA
lRFv66dO lRFv66dO
ne5PzSYX ne5PzSYX
2XMfF8YA 2XMfF8YA
RKTqv0lO RKTqv0lO
zcy1X765 zcy1X765
yqRn7pcv yqRn7pcv
i4M5A6hw i4M5A6hw
o5fxSomz o5fxSomz
mmiVeCrf mmiVeCrf
XlaUIvCb XlaUIvCb
rJm7nPd7 rJm7nPd7
xaYYL0Xr xaYYL0Xr
uzY67sfN uzY67sfN
