93 18 157 18 62 70 174 143 77 113 75 130 74 129 131 36 109 1 119 86 111 84 128 116 82 151 63 91 110 91 47 154 21 57 60 95 2 73 161 49 117 164 87 136 177 53 64 170 108 170 56 34 90 176 147 11 99 14 126 98 107 24 4 24 107 175 81 141 35 61 155 169 105 101 165 94 18 93
64
154 154 19
169 124 169 20
147 26 147
129 129 27
131 115 131 38
108 108 39
91 40 91
165 43 165
94 80 46
110 72 51 110
151 52 151
126 65
11 66
57 57 67
4 76 4
61 61 79
113 102
176 176 121
56 56 122 171
141 125 141
161 137 161
157 138 157
64 64 140
70 146 70
63 163 63
164 168
101 172 101
1 1
2 2
14 14
18 18
24 24
34 34
36 36
47 47
49 49
53 53
62 62
73 73
74 74
75 75
77 77
81 81
82 82
84 84
86 86
87 87
90 90
95 95
98 98
99 99
105 105
109 109
111 111
116 116
117 117
119 119
130 130
136 136
143 143
155 155
170 170
174 174
177 177
