Dannemora Fire Earlville Fire Dannemora Fabius Fonda Freeport Ghent Depauville Fredonia Depauville Ghent Freeport Forestville Davis Fishkill Galeville Delevan Dansville Delanson Deer Florida Farnham Freeville Delhi Frewsburg Dunkirk Noyack Deferiet Germantown Dexter Fulton Gardiner Falconer Gardiner Fulton Fairport Geneva Hancock Flower Hamburg DeRuyter Frankfort Delmar Germantown Deferiet Fishers Haviland Franklin Hamburg Dannemora
33
Germantown Delmar Germantown
Geneva Geneva Depew Fairview
Earlville Earlville Firthcliffe Deposit
Frewsburg Frewsburg Dunkirk
Freeport Freeport Fair
Dexter Fairmount Dexter
Florida Florida Farmingville
Fredonia Fredonia Fayetteville
Frankfort Frankfort Flanders
Fonda Fonda Fleischmanns
Dannemora Flower
Fishers Forest Fishers
Delhi Franklin Delhi
Dansville Dansville Franklinville
Gardiner Friendship Gardiner
Falconer Gasport Falconer
Davis Davis
Deer Deer
Deferiet Deferiet
Delanson Delanson
Delevan Delevan
Depauville Depauville
DeRuyter DeRuyter
Fabius Fabius
Fairport Fairport
Farnham Farnham
Fire Fire
Fishkill Fishkill
Forestville Forestville
Freeville Freeville
Fulton Fulton
Galeville Galeville
Ghent Ghent
