Acton Carlsbad Bellflower Bolinas Angwin Atascadero Antioch Carson Bishop Brea Azusa Beckwourth Boronda Buttonwillow Bystrom Anaheim Brisbane Belmont Arcadia Burbank Arcadia Belvedere Calistoga Anaheim Bystrom Aromas Bootjack Aromas Barstow Capitola Avery Capitola Bradley Arnold Firebaugh Cherryland Cambria Cayucos Arvin Cayucos Cambria Alhambra Brawley Biggs Brawley Columbia Brawley Alhambra Belden Gardena Farmersville Ceres Bloomington Ceres Auburn Berkeley Alameda Berkeley Auburn Ceres Bloomington Cupertino Bloomington Ducor Cerritos Bluewater Cerritos Bell Alpaugh Benicia Beaumont Calabasas Brentwood Biola Arbuckle Biola Brentwood Calabasas Beaumont Copperopolis Bakersfield Bradbury Corralitos Calexico Anderson Calexico Blairsden Downey Cerritos Broadmoor Amesti Broadmoor Cerritos Bluewater Cartago Bluewater Fresno Banning Alamo Banning Fresno August Fresno Angwin Bayview Albany Bayview Angwin Bolinas Bellflower Carlsbad Acton
64
Bradbury Bradbury Adelanto
Cambria Cambria Almanor
Columbia Alpine Carpinteria
Bootjack Altadena Bootjack
Calexico Alturas Calexico
Cerritos Aptos Cerritos
Belden Belden Arcata
Berkeley Berkeley Armona
Bell Bell Artesia
Alhambra Burlingame Ashland Alhambra
Blairsden Atherton Blairsden
Albany Atwater Albany
Cupertino Carmichael Auberry
Alamo Avalon Alamo
Avery Avenal Avery
Arbuckle Arbuckle Blythe
Cartago Bodfish Cartago
Belvedere Bonita Belvedere
Atascadero Atascadero Bonsall
August Castroville Boron August
Buttonwillow Buttonwillow Bowles
Bakersfield Burney Bakersfield Canyondam
Biggs Biggs Byron
Amesti Amesti Cabazon
Barstow Calimesa Barstow
Alpaugh Calipatria Alpaugh
Anaheim Calistoga Anaheim
Arcadia Arcadia Calwa
Burbank Camarillo Burbank
Arnold Arnold Campbell
Anderson Caribou Anderson
Alameda Alameda Carrick
Bradley Caruthers Bradley
Angwin Angwin
Antioch Antioch
Aromas Aromas
Arvin Arvin
Auburn Auburn
Azusa Azusa
Banning Banning
Bayview Bayview
Beaumont Beaumont
Beckwourth Beckwourth
Bellflower Bellflower
Belmont Belmont
Benicia Benicia
Biola Biola
Bishop Bishop
Bloomington Bloomington
Bluewater Bluewater
Bolinas Bolinas
Boronda Boronda
Brawley Brawley
Brea Brea
Brentwood Brentwood
Brisbane Brisbane
Broadmoor Broadmoor
Bystrom Bystrom
Calabasas Calabasas
Capitola Capitola
Carlsbad Carlsbad
Carson Carson
Cayucos Cayucos
Ceres Ceres
