0 11 12 13 3 20 30 40 51 52 62 63 73 82 92 91 90 64 55 45 35 36 46 56 66 76 77 87 75 85 95 105 115 114 124 135 126 137 147 157 167 168 178 158 148 138 139 149 156 155 175 185 186 174 184 193 173 172 162 161 151 171 123 112 132 94 47 37 26 27 17 28 43 33 24 15 0
74
3 3 4
15 6 15
17 8 17
28 19 28
12 12 22
30 30 31
55 54 55
47 57 58 47
90 80 90
94 84 94
87 89 107 87
114 104 114
112 112 111
139 139 119
132 132 143
151 150 151
149 149 159
171 171 180
178 178 188
193 192 193
186 186 196
11 11
13 13
20 20
24 24
26 26
27 27
33 33
35 35
36 36
40 40
43 43
45 45
46 46
51 51
52 52
56 56
62 62
63 63
64 64
66 66
73 73
75 75
76 76
77 77
82 82
85 85
91 91
92 92
95 95
105 105
115 115
123 123
124 124
126 126
135 135
137 137
138 138
147 147
148 148
155 155
156 156
157 157
158 158
161 161
162 162
167 167
168 168
172 172
173 173
174 174
175 175
184 184
185 185
