Loc2 Loc27 Loc36 Loc43 Loc31 Loc73 Loc93 Loc77 Loc49 Loc64 Loc55 Loc58 Loc57 Loc1 Loc33 Loc24 Loc96 Loc67 Loc70 Loc16 Loc61 Loc14 Loc87 Loc6 Loc44 Loc53 Loc12 Loc45 Loc12 Loc60 Loc83 Loc86 Loc83 Loc34 Loc21 Loc7 Loc0 Loc7 Loc21 Loc2
33
Loc12 Loc32 Loc3 Loc4
Loc49 Loc8
Loc44 Loc9 Loc11
Loc45 Loc10 Loc45
Loc36 Loc13
Loc83 Loc91 Loc35 Loc15
Loc34 Loc17 Loc34
Loc87 Loc66 Loc19
Loc55 Loc22 Loc71
Loc57 Loc26 Loc92
Loc33 Loc28 Loc46
Loc96 Loc40 Loc54
Loc2 Loc41 Loc82
Loc0 Loc48 Loc0
Loc31 Loc56 Loc52
Loc70 Loc74
Loc86 Loc75 Loc86
Loc61 Loc80 Loc90
Loc1 Loc1
Loc6 Loc6
Loc14 Loc14
Loc16 Loc16
Loc24 Loc24
Loc27 Loc27
Loc43 Loc43
Loc53 Loc53
Loc58 Loc58
Loc60 Loc60
Loc64 Loc64
Loc67 Loc67
Loc73 Loc73
Loc77 Loc77
Loc7 Loc7
