Loc1 Loc16 Loc42 Loc30 Loc172 Loc48 Loc17 Loc108 Loc143 Loc10 Loc100 Loc156 Loc192 Loc157 Loc77 Loc36 Loc175 Loc146 Loc97 Loc113 Loc151 Loc59 Loc151 Loc113 Loc179 Loc38 Loc88 Loc76 Loc49 Loc46 Loc72 Loc15 Loc12 Loc5 Loc199 Loc14 Loc187 Loc62 Loc45 Loc167 Loc96 Loc186 Loc197 Loc158 Loc29 Loc3 Loc22 Loc183 Loc150 Loc8 Loc185 Loc133 Loc164 Loc11 Loc126 Loc118 Loc174 Loc170 Loc112 Loc19 Loc165 Loc56 Loc106 Loc70 Loc23 Loc134 Loc190 Loc138 Loc176 Loc47 Loc0 Loc193 Loc147 Loc178 Loc27 Loc91 Loc128 Loc111 Loc166 Loc75 Loc135 Loc92 Loc1
66
Loc146 Loc25 Loc145 Loc6 Loc97
Loc88 Loc18 Loc7
Loc108 Loc9 Loc57
Loc42 Loc13 Loc71
Loc158 Loc132 Loc20 Loc140
Loc47 Loc163 Loc168 Loc83 Loc61 Loc31
Loc70 Loc32 Loc124
Loc174 Loc33 Loc60 Loc101 Loc159
Loc48 Loc144 Loc154 Loc37
Loc179 Loc52 Loc39
Loc197 Loc44 Loc197
Loc135 Loc50 Loc85 Loc149
Loc193 Loc51 Loc109
Loc22 Loc53
Loc5 Loc5 Loc54
Loc112 Loc160 Loc65
Loc10 Loc107 Loc137 Loc67
Loc36 Loc74
Loc91 Loc91 Loc94
Loc23 Loc23 Loc95
Loc199 Loc99
Loc157 Loc103
Loc165 Loc177 Loc195 Loc188 Loc110
Loc186 Loc129 Loc122
Loc59 Loc59 Loc123
Loc126 Loc141
Loc150 Loc153
Loc164 Loc171
Loc56 Loc180
Loc187 Loc182
Loc12 Loc189
Loc0 Loc0
Loc3 Loc3
Loc8 Loc8
Loc11 Loc11
Loc14 Loc14
Loc15 Loc15
Loc16 Loc16
Loc17 Loc17
Loc19 Loc19
Loc27 Loc27
Loc30 Loc30
Loc38 Loc38
Loc46 Loc46
Loc62 Loc62
Loc75 Loc75
Loc76 Loc76
Loc77 Loc77
Loc96 Loc96
Loc100 Loc100
Loc106 Loc106
Loc111 Loc111
Loc118 Loc118
Loc128 Loc128
Loc133 Loc133
Loc143 Loc143
Loc147 Loc147
Loc167 Loc167
Loc170 Loc170
Loc172 Loc172
Loc175 Loc175
Loc176 Loc176
Loc183 Loc183
Loc190 Loc190
Loc192 Loc192
Loc151 Loc151
