pace voice financial respect bitter guarantee king guarantee buffet exclusive class disclose skeleton understand paper mystery gate circulation pain demand cigarette tablet swear deposit imposter fortune page fortune imposter fortune page certain sunrise title shy title prison dialogue prison solve tolerate forge tolerate solve prison dialogue likely enhance dough enhance legislation sign romantic straighten quality straighten romantic dialogue tool glasses judicial banana king pace
34
disclose injury
circulation circulation output
paper honor paper
mystery brake enter mystery
imposter throne imposter
enhance thumb enhance
quality quality headline
swear other swear
shy shy nationalist
forge vegetarian winner
glasses glasses autonomy
page page lake
dough dough linger
bitter rob bitter
guarantee guarantee seize
understand figure
exclusive exclusive dip
pain pain
buffet buffet
class class
tool tool
prison prison
sunrise sunrise
voice voice
tolerate tolerate
tablet tablet
legislation legislation
likely likely
demand demand
cigarette cigarette
financial financial
title title
king king
sign sign
