pace other quadruple ask enemy desk injection gallon profound coast swear tool railcar attraction guarantee joystick swop joystick bowel joystick guarantee attraction coffin attraction guarantee joystick swop liver ignore audience sunrise rent swear coast profound view dive coincide identity deter note tablet note deter terms deter linger physics linger vegetarian linger coast profound virgin blonde native development skeleton development native mature native development exempt buffet election lifestyle election interactive error home flag injury tolerate decisive greeting decisive tolerate injury demand feature development native widen error interactive pier bleed curriculum bleed smile bleed environment bleed pier interactive election buffet exempt dramatic opposed dip opposed dramatic exempt development confrontation mixture mercy financial injection desk enemy candle triple country throne boom throne respect pace other likely other pace
61
attraction attraction excuse
demand rob feature
country country knot output
ignore due ignore shiver audience
mature mature page
vegetarian market pardon exile
confrontation forge confrontation
terms teacher thumb
smile smile drawer headline
physics dough physics
dip exclusive dip
virgin virgin assignment
boom boom autonomy
pier pig
tablet tablet imposter
enemy control illusion enemy stress
respect chair respect
identity identity straighten
swop swop electronics acceptance
coffin coffin rage
likely likely comfortable viable
throne throne structure
desk spoil
rent atmosphere rent
bowel bowel scheme
lifestyle lifestyle cotton
financial mercy financial
greeting greeting begin
environment interface environment
curriculum curriculum offset
widen driver widen
buffet pipe buffet
injection injection
exempt exempt
development development
injury injury
deter deter
coincide coincide
triple triple
profound profound
dive dive
note note
flag flag
railcar railcar
error error
decisive decisive
candle candle
native native
skeleton skeleton
guarantee guarantee
coast coast
other other
pace pace
ask ask
quadruple quadruple
liver liver
home home
interactive interactive
swear swear
election election
tool tool
