C0 C107 C190 C169 C160 C144 C141 C132 C198 C103 C168 C196 C137 C181 C171 C187 C153 C124 C146 C127 C193 C105 C166 C187 C185 C192 C167 C154 C199 C172 C121 C139 C192 C184 C157 C68 C195 C165 C0
35
C192 C192 C1 C51 C5
C184 C24 C2 C70
C190 C3 C47 C49 C145 C190
C141 C56 C4 C141 C7
C187 C8 C25 C87
C198 C161 C198 C71 C10 C74 C110 C86
C144 C144 C11 C52
C169 C35 C169 C16 C50 C54 C58 C63 C31
C68 C18 C68
C195 C19 C20
C167 C26 C27 C167
C171 C171 C28
C154 C154 C30
C137 C32 C100 C137 C179 C55
C196 C43 C196 C182
C105 C105 C45
C185 C48 C185
C165 C57 C165
C160 C160 C88 C59
C132 C66 C132
C157 C77 C78
C146 C129 C146 C84 C101
C168 C168 C93
C121 C121 C119 C97 C95
C103 C104 C123 C103
C139 C152 C114 C139
C181 C120 C181 C149
C127 C122 C127
C124 C124 C134
C193 C193 C164
C153 C153 C194
C0 C0
C107 C107
C172 C172
C166 C166
