9iIwk jASvw oqPYQ jASvw 9iIwk 6EWVx jT5CK qkJ6b 1xmtC Mj2eQ ZzWHp Mj2eQ 1xmtC qkJ6b q0lus 1uRw3 jAwQw aHGHb WGJpQ 1uRw3 WJNpN AgYPL YH6mk Y7IDR YH6mk 5ioW1 Be0ab XZKtP 5ioW1 YH6mk WJNpN 1uRw3 Ri2t4 1uRw3 QVYVG LZomt QVYVG HOs1b jT5CK 6EWVx 9iIwk h2rea 0mah3 ChXAd 0mah3 rrNj1 Esl6u fS0W8 k64Ok BnAjj ZgtaX veOJ7 ZgtaX k64Ok fS0W8 Esl6u rrNj1 5R5Xa 9iIwk
28
LZomt LZomt SgDk6
QVYVG jYfXn 7G74f RhUVQ
ZzWHp iEXNY ZzWHp
ZgtaX JgjFI pXCjI Vake4 ZgtaX
1xmtC 1xmtC XYzcU
XZKtP XZKtP bXinH dw7aX
Ri2t4 Ri2t4 y89SK
9iIwk 5R5Xa 9iIwk
jT5CK 5BDPJ jT5CK
fS0W8 fS0W8 p9vQm
oqPYQ oqPYQ 0GdkR
1uRw3 1uRw3 1pxZM
Y7IDR 4a0W8 Y7IDR
WGJpQ WGJpQ vE0Pj
AgYPL tnjfN AgYPL
ChXAd 1eRkH ChXAd
aHGHb kmzhT aHGHb
WJNpN 5VT1H
veOJ7 veOJ7 iCgvV
qkJ6b qkJ6b
YH6mk YH6mk
jAwQw jAwQw
Mj2eQ Mj2eQ
h2rea h2rea
jASvw jASvw
5ioW1 5ioW1
Be0ab Be0ab
BnAjj BnAjj
