HAZtD 4Eg1F wnnBN Cg1yP J0OP0 F7CZj z82fM EyMEe vfAR8 zg9rt UqGfS iqOI4 mJExt aWuHk 3NU9e RN9nS 3NU9e aWuHk XbFfE O8CwF XbFfE mJExt p3gJd cpzS8 AwFdf 2zHfe fExZu v7hOX fExZu wVSYr WVEjT Agb0E b9v0q 15wtn p3gJd rH3nx 1gvq4 lJnz7 1gvq4 DaieK p3gJd cC0Rg gpbSj u60s4 9cp56 0F8yg 9cp56 sU69u RWE9G 0FMEI R6NzB v0WXM iHR3J fWz4T R6NzB 0FMEI tgL8p DmTRc gNinx GrnJ7 rmW0U CHx6u bMhFI SfSL1 RkCLD xKTIz E6pda e7SjH DuU0x o2JtM 8x5TS ejBhY Vg6Sz iIQll Vg6Sz iPRoT 6sv9O HAKlt 0moVI SxklZ Xqwfz jyRQW Xqwfz 7kY28 URrao 7kY28 IOpdQ BaYb3 1VA1I BaYb3 SxklZ 0moVI HAKlt 6sv9O Q8lcd 6sv9O HAKlt 0moVI GUEko iimZq 6owsT iimZq 7kY28 Xqwfz jyRQW Tp7uZ cC0Rg p3gJd 15wtn 69WZh jesVt 4AhmX cu5FB jesVt 69WZh zrVPv 69WZh Q5zY0 kvy7i Ia6ul kvy7i Q5zY0 69WZh 15wtn p3gJd aWuHk 3NU9e CXkxa ED9em RN9nS F7CZj 6gp0A kPB79 6gp0A HAZtD
63
0F8yg 0F8yg zcuSA
URrao URrao fiXIW
zrVPv wedr3 zrVPv
Q8lcd Q8lcd H1xt8
Xqwfz pLg86
v7hOX v7hOX SEkfX
sU69u 5EAEu
iIQll Vg6Sz p4kTx iIQll
lJnz7 lJnz7 GxQg8
iimZq 8Qx0C iimZq
cu5FB cu5FB aegld
SxklZ SxklZ VESmp
GrnJ7 v9joy UbqWX iaaYU
69WZh 69WZh mdIe6
CXkxa Lusir
DuU0x DuU0x BIY9X
kPB79 4Tt2a 4PXv9
fWz4T fWz4T TzGS5 EgumV
Ia6ul Ia6ul eVDVP
15wtn ox9Gx
ED9em ED9em 5h4rt
bMhFI bMhFI lF8gH
6owsT 6owsT OWqP4
mJExt iqOI4
UqGfS UqGfS Ssao4 X2hjX NqBQW
1VA1I 1VA1I Zok18
cpzS8 cpzS8 acHTt
DaieK uPUO1 DaieK
rmW0U HOuAL 9tf0w
J0OP0 J0OP0 iKwe0
O8CwF TlJnt O8CwF
RWE9G 2GCiD
vfAR8 bW6Ms vfAR8
u60s4 Zxvdf u60s4
e7SjH 2LhKB
AwFdf AwFdf kNG2j
DmTRc DmTRc 4jcrD
HAKlt Pk19A HAKlt
Agb0E Agb0E VG4na
aWuHk aWuHk
4AhmX 4AhmX
7kY28 7kY28
0moVI 0moVI
xKTIz xKTIz
z82fM z82fM
WVEjT WVEjT
RN9nS RN9nS
R6NzB R6NzB
cC0Rg cC0Rg
gNinx gNinx
iHR3J iHR3J
fExZu fExZu
jesVt jesVt
CHx6u CHx6u
1gvq4 1gvq4
p3gJd p3gJd
E6pda E6pda
wnnBN wnnBN
IOpdQ IOpdQ
BaYb3 BaYb3
rH3nx rH3nx
gpbSj gpbSj
Cg1yP Cg1yP
