1 199 115 136 138 128 91 156 108 12 190 152 130 60 176 186 92 161 71 174 7 162 53 13 58 88 89 175 66 78 127 78 82 147 95 147 110 159 96 185 99 33 142 155 140 139 193 166 116 118 49 86 1
42
159 3 159
7 14 7
13 98 13 15
89 89 18
108 108 23
58 26 58
130 130 31
91 91 36
95 42 95
190 43 190
142 137 51 46 142
110 52 110
162 162 56
116 57 116
161 161 64
174 174 71
66 129 66 83
140 84 140
1 86
53 90 53
127 93 127
193 193 101
138 138 157 103
136 105 136
152 119 152
49 121 49
199 132 199
115 153 115
60 163 60
175 182 175
96 185 96
99 194 99
78 78
82 82
147 147
92 92
156 156
186 186
176 176
12 12
88 88
128 128
