location46 location41 location46 location47 location48 location49 location50 location51 location50 location28 location29 location30 location29 location25 location24 location17 location11 location5 location4 location5 location6 location7 location13 location19 location26 location30 location29 location28 location50 location42 location37 location42 location50 location58 location66 location86 location88 location86 location66 location67 location68 location69 location70 location73 location72 location74 location75 location76 location77 location78 location79 location78 location56 location55 location54 location53 location52 location51 location50 location49 location48 location47 location46 location45 location44 location45 location46 location61 location62 location63 location62 location61 location46
26
location4 location3 location4
location11 location10 location11
location7 location13 location7
location41 location41 location14
location37 location37 location15
location17 location17 location18
location24 location24 location25 location22
location30 location33 location26 location30
location44 location38 location39
location45 location40
location51 location57 location55
location63 location64 location63
location72 location72 location74
location79 location80 location79
location86 location87
location88 location88 location89 location90
location5 location5
location6 location6
location29 location29
location48 location48
location49 location49
location62 location62
location70 location70
location73 location73
location77 location77
location78 location78
