location1 location101 location98 location99 location102 location105 location108 location105 location102 location58 location55 location83 location55 location58 location102 location103 location100 location97 location94 location97 location100 location101 location1 location4 location3 location26 location29 location28 location51 location177 location51 location19 location16 location17 location86 location17 location16 location13 location16 location15 location14 location15 location166 location167 location170 location171 location172 location169 location71 location68 location67 location125 location122 location123 location120 location117 location114 location117 location118 location73 location70 location73 location70 location71 location169 location166 location163 location160 location157 location154 location151 location49 location133 location134 location135 location136 location139 location142 location62 location63 location60 location33 location36 location39 location40 location43 location46 location45 location47 location50 location49 location151 location152 location153 location150 location151 location49 location50 location28 location27 location26 location3 location2 location1
58
location4 location79 location5 location7
location13 location9 location13
location14 location81 location11
location27 location27 location21
location26 location25 location23
location28 location31
location29 location35 location29
location36 location37 location39
location47 location41 location47
location73 location73 location43
location55 location53 location55
location58 location57 location59 location61
location68 location65 location69
location60 location75
location83 location83 location77
location86 location89 location85
location171 location171 location87
location94 location91 location93
location98 location95
location97 location97 location103
location108 location107 location109 location111
location114 location113 location115
location122 location121 location119
location133 location133 location127
location135 location129 location135
location134 location137 location131
location142 location145 location141 location143
location150 location147 location149
location154 location155
location160 location161 location159
location166 location165
location170 location173
location177 location177 location175
location1 location1 location179
location3 location3
location15 location15
location17 location17
location19 location19
location33 location33
location45 location45
location49 location49
location51 location51
location63 location63
location67 location67
location71 location71
location99 location99
location101 location101
location105 location105
location117 location117
location123 location123
location125 location125
location139 location139
location151 location151
location153 location153
location157 location157
location163 location163
location167 location167
location169 location169
