Abbey Matilda Ayanna Harley Liberty Lillie Yoselin Jamiya Lilia Kayley Riley Vivian Jordin Dana Sophia Maeve Karma Mira Haven Kristina Abbey
20
Ayanna Alexia Ayanna
Liberty Nora Avni Liberty
Harley Beatrice Harley
Maeve Maeve Carlee
Riley Eden Riley
Yoselin Helen Yoselin Presley Tara
Lilia Isabella Lilia
Dana Kiera Dana
Karma Kimberly Karma
Vivian Lana Vivian Tanya
Kristina Lisa Kristina
Jordin Jordin Marisol
Mira Mckinley Mira
Lillie Lillie Rayna
Haven Shannon Rebecca Haven
Abbey Ruth
Jamiya Jamiya
Kayley Kayley
Matilda Matilda
Sophia Sophia
