Abbey Zion Shyanne Leila Zaria Gillian Mckayla Noelle Dana Tara Mireya Zara Maggie Carly Brooklyn Neveah Natalee Riley Kristin Kaydence Sophia Ariel Lucille Ingrid Carlie Alexus Kaley Taniyah Imani Carlee Janiya Alexia Sharon Arielle Ivy Lacey Bryanna Iyana Alexus Chasity Lilyana June Aryana Kayden Tanya Dayami Zion Abbey
41
Carlee Carlee Haven Jaden Alia
Mckayla Alivia Mckayla Claire Mira Aubree Kristina
Chasity Chasity Aniya
Neveah Ashley Neveah
Gillian Elianna Lilia Gillian Avni Baylee
Leila Leila Camilla
Alexus Carleigh Alexus
Carlie Kimberly Carlie Christine
Zion Myah Kenzie Ciara Zion
Kristin Denisse Kristin
Dayami Dayami Diana
Ingrid Emilie Keyla Ingrid
Carly Emma Carly
Zara Jade Zara
Maggie Laylah Maggie Jamiya
Tara Jasmin Tara
Natalee Jazmyn Natalee
Iyana Iyana Jillian Jimena
Riley Juliette Riley
Aryana Kiana Aryana
Alexia Alexia Kiley
Kaydence Kira Kaydence
Lucille Lucille Mckinley Sophie Lainey
Imani Lindsay Imani
Mireya Mireya Madilynn Nia
Abbey Abbey Matilda
Lilyana Melina Lilyana
Kayden Kayden Mya
Zaria Parker Zaria
Shyanne Rylee Shyanne
Arielle Sharon Arielle
Ariel Ariel
Brooklyn Brooklyn
Bryanna Bryanna
Dana Dana
Janiya Janiya
Kaley Kaley
Lacey Lacey
Noelle Noelle
Sophia Sophia
Taniyah Taniyah
