Ilesa Foshan Aklera Bensheim Ventimiglia Sishui Malden Tupiza Valday Bogovinje MitryMory Rhosllanerchrugog Calauan Valletta Calauan Onex Hermsdorf Jashpurnagar Perth Toledo Davis Perth Great Bensheim Oulmes Mexborough Marburg Polohy WaltonontheNaze Memmingen Tupelo Milledgeville Stupino Uran Alexandria Morningside Bavly Polohy Ilesa
33
Stupino Jagna Stupino
Tupelo Puducherry Tupelo
Marburg Lille Meizhou Palm Marburg
Uran Mouscron Azrou Uran Alfenas Landshut
MitryMory MitryMory Claremont Aurora Dahlem Ponta Tiruppuvanam Copperas Lodwar Guli
Milledgeville Palafrugell Puerto Milledgeville
Bensheim Brunswick Bensheim Ramla Bang Zaozhuang An PointeClaire Kyzylorda Campobasso
Davis Jiangyan Davis
Calauan LonsleSaunier Calauan Tharu Shagamu Skalica Paredes
Hermsdorf Hermsdorf GernikaLumo Rutland Oberhausen Bobigny Sceaux Aleshtar
Perth Perth Tak Talipparamba Shaowu Chacabuco Clermont Sorsogon UlanUde Villaquilambre New Resplendor Brzeg Niort
Alexandria Alexandria PortVila Milagro
Malden Stuttgart Ada Malden Bon
Great Great Tyoply
Ventimiglia Yingkou Barracas Ventimiglia Viewpark DehiwalaMount
Foshan American Foshan Sirsi
Bavly Gariadhar Bavly
Valletta Valletta Itacoatiara
Sishui Sillanwali Sishui
Jashpurnagar Magomeni Jashpurnagar
Aklera Aklera
Mexborough Mexborough
Bogovinje Bogovinje
Polohy Polohy
Ilesa Ilesa
Toledo Toledo
Rhosllanerchrugog Rhosllanerchrugog
Memmingen Memmingen
Tupiza Tupiza
Valday Valday
Onex Onex
Oulmes Oulmes
WaltonontheNaze WaltonontheNaze
