108 69 7 51 101 66 44 13 79 61 17 67 120 162 32 47 51 170 49 190 38 31 133 107 157 179 150 75 110 175 30 121 143 37 53 90 96 90 5 26 127 81 174 188 35 82 56 189 177 189 73 193 11 197 137 118 182 148 117 24 114 191 181 167 156 92 196 84 83 140 131 34 48 6 23 85 68 95 178 78 145 134 108
63
140 1 130 43 140
35 35 14
157 157 15
174 19 174
181 28 181
79 36 79
193 39
26 26 45
32 32 46
170 170 54
96 96 57
133 133 63
37 64 37
92 65 92
17 17 67
82 82 71
110 77 110
68 68 95
182 99 182
191 100
49 49 109
120 120 138 126
143 128 143
23 129 23
134 136 134
114 114 142
188 144 153 188
78 146 78
56 56 151
148 176 148
156 184 187
177 177 186
7 7
48 48
121 121
137 137
24 24
117 117
118 118
11 11
61 61
81 81
66 66
69 69
44 44
34 34
107 107
13 13
83 83
190 190
75 75
197 197
150 150
31 31
38 38
5 5
179 179
84 84
167 167
85 85
73 73
53 53
101 101
