create appear feign maze childish contract battery top scrap cancel hide absorption tin colon line accessible ballot bracket crew farewell basketball perception nationalism magnitude perception basketball celebration steward predict think minimize exotic belief create
29
battery concern battery
childish company childish
bracket pride bracket breakin pastel
maze linear maze
minimize adult minimize
feign creation deck feign
top top skip
nationalism nationalism community
predict suffer predict
hide merit hide
celebration celebration prove
tin tin transmission
colon colon mechanism line
exotic exotic direct
belief dose belief
farewell farewell pupil
magnitude magnitude fuss
contract contract
scrap scrap
accessible accessible
crew crew
think think
ballot ballot
steward steward
perception perception
cancel cancel
absorption absorption
basketball basketball
appear appear
