pride thank transaction vote company mosaic integrated celebration loud hide fortune hide partnership nationalism magnetic seller skip mechanism traction colon work rabbit mind gift line think line scrap craftsman contract snap trance valid pastel huge wrong lobby dramatic community wrong homosexual salmon inhibition present mechanism accessible domestic top create direct merit perception cancel crew steward desk steward absorption fuss ballot bracket glide tease basketball prove auditor pride
59
create concern create
contract contract belief exotic deter
skip battery skip
salmon linear salmon
magnetic adult transmission magnetic
fuss thread minimize fuss
absorption absorption farewell
prove prove appear
rabbit creation rabbit
valid deck valid
pastel childish pastel
mind tin mind
line suffer line
glide breakin glide
hide magnitude hide
merit dose merit
scrap predict berry scrap
direct feign direct
loud loud maze
partnership partnership pupil
work makeup whole work
homosexual shelter homosexual
celebration celebration denial
cancel cancel knit
desk dialect desk
community east community
dramatic leash dramatic
present formation present
basketball bring basketball
thank thank equinox
crew crew car
mechanism tribe mechanism
fortune offensive fortune
trance dedicate trance
think dilemma think
pride pride
lobby lobby
vote vote
ballot ballot
nationalism nationalism
seller seller
wrong wrong
mosaic mosaic
company company
accessible accessible
integrated integrated
gift gift
top top
bracket bracket
craftsman craftsman
colon colon
traction traction
transaction transaction
domestic domestic
huge huge
perception perception
snap snap
steward steward
inhibition inhibition
