1 10 13 10 1 60 63 60 1 110 111 110 1 56 59 56 1 168 169 168 1 118 119 118 1 18 19 18 1 160 162 160 1 6 9 6 1 106 109 106 1 156 158 156 1 68 69 68 1 2 5 2 1 64 1 164 1 14 1 114 1 26 27 28 27 26 1 76 77 78 77 76 1 126 127 128 127 126 1 176 177 178 177 176 1 22 24 22 1 72 74 72 1 172 173 174 172 1 122 124 122 1 150 151 152 155 152 151 150 1 50 51 52 55 52 51 50 1 100 101 102 105 102 101 100 1
39
5 3 4 5
6 7
9 9 8
13 11 13
10 12
14 17 15 16
19 19 20 21
22 23
24 25 24
28 28 30
55 53 54 55
56 57
59 58 59
63 61 63
60 62
64 65 66 67
69 69 70 71
72 73
74 74 75
78 78 80
105 105 103 104
106 107
109 108 109
111 113 111 112
114 115 116 117
119 121 119 120
122 123
124 124 125
128 130 128
155 153 154 155
156 157
158 158 159
162 161 162
160 163
164 165 166 167
169 169 170 171
174 174 175
178 178 180
173 173
