3a 23a 64a 57a 64a 93a 5a 62a 1a 43a 71a 32a 41a 22a 77a 65a 30a 58a 67a 25a 39a 60a 14a 34a 66a 34a 13a 31a 99a 2a 16a 7a 10a 2a 13a 34a 14a 25a 35a 44a 24a 21a 88a 87a 74a 12a 71a 32a 41a 0a 51a 53a 80a 72a 61a 83a 37a 6a 92a 75a 96a 89a 49a 80a 51a 0a 59a 76a 4a 73a 4a 23a 3a
47
53a 9a 53a
87a 87a 15a
57a 57a 28a
96a 96a 29a 79a
7a 38a 7a
61a 40a 61a
16a 16a 42a
73a 56a 73a 47a
43a 48a 43a
66a 66a 52a
37a 84a 37a
49a 49a 98a
99a 99a
64a 64a
34a 34a
71a 71a
60a 60a
39a 39a
58a 58a
25a 25a
65a 65a
41a 41a
67a 67a
31a 31a
5a 5a
23a 23a
14a 14a
44a 44a
30a 30a
62a 62a
4a 4a
92a 92a
80a 80a
6a 6a
93a 93a
75a 75a
88a 88a
32a 32a
51a 51a
83a 83a
1a 1a
35a 35a
77a 77a
0a 0a
22a 22a
72a 72a
21a 21a
