loc0 loc12 loc14 loc18 loc80 loc72 loc62 loc36 loc82 loc78 loc26 loc84 loc42 loc70 loc51 loc74 loc60 loc28 loc63 loc92 loc99 loc4 loc48 loc10 loc90 loc44 loc30 loc46 loc24 loc0
29
loc0 loc0 loc2 loc66 loc38
loc90 loc90 loc20 loc6
loc42 loc8 loc42 loc88
loc99 loc16 loc58
loc78 loc78 loc34 loc22
loc48 loc32 loc48 loc50
loc51 loc40 loc76
loc18 loc18 loc52
loc72 loc64 loc96 loc72 loc86 loc54 loc94
loc24 loc56 loc24
loc36 loc68 loc36
loc63 loc98
loc4 loc4
loc10 loc10
loc12 loc12
loc14 loc14
loc26 loc26
loc28 loc28
loc30 loc30
loc44 loc44
loc46 loc46
loc60 loc60
loc62 loc62
loc70 loc70
loc74 loc74
loc80 loc80
loc82 loc82
loc84 loc84
loc92 loc92
