loc0 loc12 loc150 loc102 loc36 loc82 loc189 loc22 loc186 loc34 loc78 loc26 loc84 loc42 loc88 loc138 loc152 loc114 loc24 loc190 loc174 loc44 loc198 loc104 loc90 loc134 loc180 loc162 loc182 loc6 loc170 loc144 loc148 loc48 loc106 loc126 loc60 loc28 loc183 loc70 loc168 loc130 loc195 loc188 loc147 loc136 loc117 loc94 loc72 loc54 loc140 loc96 loc132 loc120 loc66 loc116 loc27 loc58 loc99 loc108 loc14 loc18 loc192 loc52 loc0
59
loc132 loc2 loc132 loc38 loc74 loc124 loc62
loc126 loc128 loc4 loc126
loc147 loc8 loc176
loc48 loc48 loc10 loc50
loc99 loc16 loc92
loc144 loc144 loc32 loc20
loc162 loc162 loc30
loc168 loc40 loc118 loc168
loc24 loc24 loc46
loc174 loc56 loc174
loc72 loc64 loc72
loc36 loc196 loc68 loc36
loc130 loc130 loc76
loc192 loc80 loc122 loc192
loc117 loc194 loc136 loc86 loc154 loc158
loc28 loc98 loc28
loc18 loc178 loc18 loc172 loc100
loc114 loc114 loc110
loc96 loc112 loc96
loc54 loc54 loc142
loc150 loc146 loc150
loc66 loc66 loc156
loc34 loc160 loc34
loc6 loc164 loc6
loc42 loc42 loc166
loc52 loc184 loc52
loc0 loc0
loc12 loc12
loc14 loc14
loc22 loc22
loc26 loc26
loc44 loc44
loc58 loc58
loc60 loc60
loc70 loc70
loc78 loc78
loc82 loc82
loc84 loc84
loc88 loc88
loc90 loc90
loc94 loc94
loc102 loc102
loc104 loc104
loc106 loc106
loc108 loc108
loc116 loc116
loc120 loc120
loc134 loc134
loc138 loc138
loc140 loc140
loc148 loc148
loc152 loc152
loc170 loc170
loc180 loc180
loc182 loc182
loc186 loc186
loc188 loc188
loc190 loc190
loc198 loc198
