0 1 2 12 22 31 42 51 61 71 82 83 73 64 74 84 93 103 104 114 105 95 86 87 77 76 67 57 48 57 67 76 86 96 107 116 117 108 118 129 139 149 148 147 146 155 166 176 187 188 198 197 196 186 185 184 183 182 183 184 174 165 164 153 152 151 161 150 140 130 131 122 123 113 104 105 106 107 97 98 97 96 95 94 93 92 102 111 122 132 122 111 101 91 81 70 61 51 42 43 33 24 14 5 15 16 17 8 18 29 28 27 26 25 24 23 22 21 10 0
71
14 4
8 8 9
21 20 21
15 26 15
48 48 37
29 29 39
64 64 53 45
77 68 77
82 72 82
70 80 70
71 81 71
98 89 98 99
93 94
102 101 102
130 120 130
122 122 123
114 114 125
116 116 127
132 132 133
155 154 155
149 149 158
161 160 161
166 175 166 167
188 178 188 189
182 181 182
187 187 196
198 198 199
186 186
86 86
31 31
152 152
61 61
108 108
22 22
12 12
103 103
2 2
33 33
51 51
16 16
139 139
95 95
146 146
147 147
5 5
164 164
18 18
151 151
76 76
87 87
83 83
118 118
73 73
153 153
184 184
129 129
17 17
105 105
140 140
111 111
165 165
150 150
43 43
42 42
104 104
107 107
96 96
24 24
183 183
176 176
67 67
