0 95 20 8 85 66 40 46 42 18 47 35 76 82 81 21 53 13 92 74 38 94 96 55 59 73 5 98 29 75 54 61 37 34 22 60 50 44 86 11 48 67 64 14 31 57 10 30 23 17 39 24 16 26 3 2 27 36 51 99 1 32 0
62
82 82 4
37 37 6
32 32 7
11 9 11
94 12 69 94
39 39 15
24 24 19
92 25 92
23 43 28 23
14 33 14
61 41 61
64 64 45
3 49 3
8 8 52 77
67 56 67
34 58 34
55 63 62 55
54 65 54
60 68 60
13 13 70
81 81 71
51 72 51
26 26 78
0 0 79
76 80 76 93
47 83 47
36 84 36
86 86 87
48 88 48
53 89 53
5 90 5
96 96 91
42 97 42
1 1
2 2
10 10
16 16
17 17
18 18
20 20
21 21
22 22
27 27
29 29
30 30
31 31
35 35
38 38
40 40
44 44
46 46
50 50
57 57
59 59
66 66
73 73
74 74
75 75
85 85
95 95
98 98
99 99
