start a5 start f14 f13 f12 f5 f15 f7 f14 f10 f20 f10 f14 start g6 g7 g9 g13 g17 g21 g25 g21 g16 g12 g8 g10 g11 g15 g19 g23 g19 g15 g12 g9 start g4 start e1 e19 e2 e20 e3 e1 e18 e25 e15 e24 e12 e23 e12 e11 e7 start c3 c8 c9 c10 c13 c12 c11 c20 c21 c23 c30 c29 c27 c31 c35 c36 c20 c11 c8 c3 start h2 start h6 h17 h6 start b16 b10 b11 b12 b13 b12 b11 b10 b9 b8 b9 b10 b16 b17 b18 b19 b20 b21 b20 b19 b18 b17 b16 start d1 d2 d4 d3 start
49
g4 g1 g4
g6 g6 g2
start g5 h22 a1 a2 a3 g3
g11 g14 g11
g23 g23 g18
g16 g16 g20
g25 g22 g25
g21 g21 g24
f12 f11 f12
f15 f15 f16 f17
f10 f18
f20 f19 f20
b8 b2 b1
b11 b3
b12 b4
b13 b5 b6
b21 b15 b25
b20 b24
b18 b26
c3 c1 c5
c13 c13 c15
c20 c17
c27 c26 c27
c31 c31 c33
d4 d4 d5
a5 a4 a5
e20 e20 e21
e23 e22 e23
h2 h26 h9
h6 h13 h18
h17 h24 h17
g7 g7
g8 g8
g9 g9
g10 g10
g12 g12
g13 g13
g15 g15
g17 g17
g19 g19
f13 f13
f14 f14
c10 c10
c21 c21
c23 c23
d1 d1
e19 e19
e24 e24
e25 e25
