BU FF DU GA DU ES DU FF BZ AN BZ HM HP EY ET HA AT GM BE AP EC FS EV BF CY CA HQ AR EQ AR CQ AR EQ CX BQ GE DK DF EM FL FU EO GP CJ BP EL AE AT DP DQ GG FP AR EQ FN CW GY CW FN DL CT FB DE GO EG GO AD CS AD GO DE CK BN CR BA DS GF FB EH HI BM BH FI BR GC EK GC DL BU
58
FP FP AF
DE AQ DE FW FY
AN AN AV
EH EH AX
FB AY FB
GY BG GY
AE GN BK AE
HI BW HG
BF BY BF
EG HC EG CD
CS CI CS
AT CM AT
CA CV CO HF CA
GM GM CZ
GP DD GP
GA FG GA DI
EL EL DJ
DK DK DM
EY EY DR
CQ DT CQ DZ
DL DL DV
GO GO DX
FN EN FN
BZ ER BZ GK
BH BH FD
ES ES FR
EC EC FS
DU DU GH
EK EK GQ
FI FI GS
DS DS GT
DQ HH DQ
BE BE HJ
CX CX
EO EO
BU BU
CT CT
CY CY
FF FF
HM HM
CK CK
FL FL
ET ET
DP DP
EQ EQ
BM BM
AP AP
BN BN
CR CR
HP HP
FU FU
EV EV
BA BA
CW CW
GE GE
BQ BQ
AR AR
HA HA
