Qatar SaintLucia Estonia Tuvalu Belarus Lebanon Senegal Mali Angola Malta Guyana Singapore Peru Mongolia Armenia Morocco Belgium CostaRica Danzig CzechRepublic Kyrgyzstan UAE VaticanCity Liberia Tunisia Bhutan Nicaragua Andorra Georgia SanMarino Burundi Qatar
27
Nicaragua Nicaragua Albania
UAE UAE America
Tunisia VaticanCity Tunisia
Armenia Armenia Tanzania
SaintLucia UnitedKingdom SaintLucia Haiti
Andorra Andorra France
CostaRica CostaRica Kosovo Sweden
CzechRepublic Australia CzechRepublic
Guyana Gabon Netherlands Guyana
Kyrgyzstan Kyrgyzstan DemofChina RussianFederation
Mali Tajikistan Mali
Peru Peru Mozambique
SanMarino GuineaBissau SanMarino
Malta Malta SierraLeone
Tuvalu Tuvalu Montenegro
Lebanon Georgia Lebanon
Belarus Belarus Uzbekistan
Senegal Macedonia Senegal
Burundi Egypt Burundi
Mongolia Mongolia
Danzig Danzig
Morocco Morocco
Liberia Liberia
Estonia Estonia
Singapore Singapore
Belgium Belgium
Angola Angola
