Albania Slovenia Mali Poland PapuaNewGuinea Mauritius Tanzania Philippines Botswana Newfoundland Bahamas Suriname Cuba Thailand Kiribati Latvia Togo Serbia Nepal Ukraine America Lesotho Kazakhstan Portugal NewZealand Rome Panama UnitedKingdom Jamaica TheGambia Gabon Finland Liechtenstein Greece Morocco Hungary Argentina SaoTomPrincipe Guatemala Peru Switzerland Belarus SolomonIslands SaintLucia Danzig Dominica UAE Germany Chile EquatorGuinea Grenada Tunisia Venezuela France Laos Niger Grenada Fiji Albania
54
Rome Australia Paraguay Rome
SaoTomPrincipe SaoTomPrincipe Vanuatu
Guatemala Guatemala Japan Ethiopia
Tunisia Tunisia Burkina
Liechtenstein Comoros Liechtenstein
UAE UAE Pakistan
Belarus Belarus MountAthos Qatar
Kiribati Burma SierraLeone Kiribati
Niger Luxembourg Niger
Suriname Norway Suriname Estonia
Chile Chile Israel
Peru Peru VaticanCity
Nepal Romania Nepal
Ukraine Ukraine Rwanda
Philippines Mauritania Philippines
TheGambia TheGambia CapeVerde
Fiji RussianFederation Fiji
Cuba Djibouti Cuba
Jamaica Bulgaria Jamaica
Dominica SriLanka Dominica
SaintLucia NorthKorea SaintLucia
Kazakhstan IvoryCoast Kazakhstan
France Mongolia France Cyprus
PapuaNewGuinea Yemen Brazil PapuaNewGuinea
Portugal Portugal Eritrea
Panama Panama Kosovo
Danzig BosHerzegovina Danzig
Greece SaintKitts Greece Maldives
Togo Togo Bhutan
Mauritius CentralAfricanRep Mauritius
Poland Seychelles Poland
SolomonIslands SolomonIslands Algeria
Finland Lithuania Finland
Newfoundland Newfoundland Italy
Slovenia Andorra Slovenia
Albania SaudiArabia
Mali Cambodia Mali
Serbia Serbia Malaysia
Tanzania Tanzania Laos
Bahamas Bahamas
EquatorGuinea EquatorGuinea
Thailand Thailand
UnitedKingdom UnitedKingdom
America America
Latvia Latvia
Argentina Argentina
Germany Germany
Lesotho Lesotho
Gabon Gabon
Hungary Hungary
Grenada Grenada
Switzerland Switzerland
Venezuela Venezuela
NewZealand NewZealand
