Zo0umr3KFWOZJQPm M9il2j2XBWeGdURv LjKfvPnu1IVb9d8E qKKAwpkuJY9E8dpl R43sDxzHzrO5kncN FzSHaHADmN7Zbhbr gqX9V4QU6KrO7JGI LUoJ0iRCc71uZfNX Uw31N0oW965MP4qr YHVvi99ucaU9tYgf nkKMB647tDItOdTX 2v7uFoKD90sPVOTA ngcwhTcmwXuonGlk quCqGzaCZ5rVk9Gn U5CEflgpFptgqHUL TbM88DujEo9BSxqT 6La4alyyQSzgrmmj 0rKC7Chib5iDGjTC SLuZYQ4lYwLMQuMp pKGVzMiXVo3v1oQu uRc2j178KRm3sVAY PDtM7hU3L1QjW9eR Dg4uIWuVD7Xd3FfI EotYPttMvJbBfyaO 2yhNJ9fcTz8hRVDj CvZWFxoaMZYhwHYj drsNw5E8nXGgcxxE HqZKcXPbTIsIN6eT 3PEg9lFbqEimkqjc 0Pfip4BXzoRzyFv2 1yeDQmwUGYi8LEVC LdwRPFzBNqStC5X8 Byr8ftz6Pn4uac3K W4POX5YqpnnI3x1U jVrty3u6KGOjBg80 W4POX5YqpnnI3x1U 8pFqGmxaOhvFeBf4 5TjXpBJuIWCWGZis LI7uFZ34s97AeNpk fBCH5yXHMW5jQJjk eRAtRmExinGYKjYs uuhviI1p7F0sChqp eRAtRmExinGYKjYs 9dVIdmIqrww8IL0A QSabhET5tNnXgX60 asqla05DvWvndrgH xlWntBwCLfHgHam8 e9DWnoEu0mxMb9VK ZsdU4FLz0FoJAHOC tZ46uZudk7AfSXt1 9L0zlmq9jRh6nd1I qeVT6FbNKHRizFU8 J5iqQt6wukvg6KLY 9pH9xdreYrmVM1JI WVwd9ExLXa3zphJn RnvIh4TOetAfG82E ziJdi0Y4mj4TIJZ9 bpy0VAq3GZuO2R8U ziJdi0Y4mj4TIJZ9 9pH9xdreYrmVM1JI J5iqQt6wukvg6KLY rvadWwbDVrEOdUmt 9L0zlmq9jRh6nd1I qQzEeIfIOpoI9qKk e9DWnoEu0mxMb9VK xlWntBwCLfHgHam8 1bDI0W7o3Pb2zYhB 5TjXpBJuIWCWGZis W4POX5YqpnnI3x1U 1yeDQmwUGYi8LEVC 0Pfip4BXzoRzyFv2 HqZKcXPbTIsIN6eT drsNw5E8nXGgcxxE CvZWFxoaMZYhwHYj Dg4uIWuVD7Xd3FfI PDtM7hU3L1QjW9eR uRc2j178KRm3sVAY 6La4alyyQSzgrmmj TbM88DujEo9BSxqT U5CEflgpFptgqHUL quCqGzaCZ5rVk9Gn ngcwhTcmwXuonGlk 27KMNaF72cTW0PDA AvHIDL41dbfeNksW LZyPcj0slZv1Vk6U YHVvi99ucaU9tYgf Uw31N0oW965MP4qr LUoJ0iRCc71uZfNX gqX9V4QU6KrO7JGI 8vLm5GS8pptr9y8t R43sDxzHzrO5kncN Zo0umr3KFWOZJQPm
37
bpy0VAq3GZuO2R8U HAZt9xslXTTIQrh6 bpy0VAq3GZuO2R8U
ziJdi0Y4mj4TIJZ9 ziJdi0Y4mj4TIJZ9 OMjRZA0G6vbBxKd5
J5iqQt6wukvg6KLY rvadWwbDVrEOdUmt J5iqQt6wukvg6KLY
tZ46uZudk7AfSXt1 tZ46uZudk7AfSXt1 qQzEeIfIOpoI9qKk
ZsdU4FLz0FoJAHOC ZsdU4FLz0FoJAHOC KHBd51v9Lk79JoNu
asqla05DvWvndrgH K5TJWlCDC2GiIJEC asqla05DvWvndrgH
uuhviI1p7F0sChqp 1bDI0W7o3Pb2zYhB uuhviI1p7F0sChqp
9dVIdmIqrww8IL0A 9dVIdmIqrww8IL0A z6aHWvfWV1YcOU3s
jVrty3u6KGOjBg80 Gypke7sesv6WDuj9 jVrty3u6KGOjBg80
3PEg9lFbqEimkqjc kWAnmn2xV4T8moWO 3SYpu8y7n2lFaEgA 3PEg9lFbqEimkqjc
drsNw5E8nXGgcxxE drsNw5E8nXGgcxxE 2hsCdf5s2NPqItPy
HqZKcXPbTIsIN6eT HqZKcXPbTIsIN6eT PmJZCdR41rbLgXgi
pKGVzMiXVo3v1oQu fg0WyZdFGAAZWRqK
RnvIh4TOetAfG82E RnvIh4TOetAfG82E
WVwd9ExLXa3zphJn WVwd9ExLXa3zphJn
9pH9xdreYrmVM1JI 9pH9xdreYrmVM1JI
qeVT6FbNKHRizFU8 qeVT6FbNKHRizFU8
9L0zlmq9jRh6nd1I 9L0zlmq9jRh6nd1I
e9DWnoEu0mxMb9VK e9DWnoEu0mxMb9VK
xlWntBwCLfHgHam8 xlWntBwCLfHgHam8
QSabhET5tNnXgX60 QSabhET5tNnXgX60
eRAtRmExinGYKjYs eRAtRmExinGYKjYs
fBCH5yXHMW5jQJjk fBCH5yXHMW5jQJjk
LI7uFZ34s97AeNpk LI7uFZ34s97AeNpk
5TjXpBJuIWCWGZis 5TjXpBJuIWCWGZis
8pFqGmxaOhvFeBf4 8pFqGmxaOhvFeBf4
W4POX5YqpnnI3x1U W4POX5YqpnnI3x1U
Byr8ftz6Pn4uac3K Byr8ftz6Pn4uac3K
LdwRPFzBNqStC5X8 LdwRPFzBNqStC5X8
1yeDQmwUGYi8LEVC 1yeDQmwUGYi8LEVC
0Pfip4BXzoRzyFv2 0Pfip4BXzoRzyFv2
CvZWFxoaMZYhwHYj CvZWFxoaMZYhwHYj
2yhNJ9fcTz8hRVDj 2yhNJ9fcTz8hRVDj
EotYPttMvJbBfyaO EotYPttMvJbBfyaO
Dg4uIWuVD7Xd3FfI Dg4uIWuVD7Xd3FfI
PDtM7hU3L1QjW9eR PDtM7hU3L1QjW9eR
uRc2j178KRm3sVAY uRc2j178KRm3sVAY
