l0 h3 h83 h1 h0 h92 h0 h25 h81 l42 h59 h61 l97 h82 h64 h86 l9 h19 h88 h65 h99 h87 l63 h9 h40 l88 h36 l88 h12 h13 h97 h27 l31 l54 h5 h4 h53 h43 h85 h16 h15 h80 h50 h51 h45 h29 h70 l35 h71 l35 h23 h77 l71 h67 h54 h55 h66 h38 l59 h94 h57 h20 h57 h93 h90 l70 l10 l17 h35 h79 h98 l39 h31 h48 h98 h79 h32 l28 h58 h2 h3 l0
65
h58 h84 h6 h58
h29 h29 h7
l88 h8
h20 h20 h10
h64 h64 h11
h71 h14 h71
h80 h28 h80 h17
h4 h4 h18
l10 h21
h23 h77 h22 h23
h92 h92 h46 h47 h24
l31 h63 h26
h32 h30 h32
h79 h68 h79 h33
l17 h34
h36 h36 h37
h90 h39 h90
l63 h41
l9 h42
h51 h44 h51
h48 h48 h49
h53 h52 h53
h94 h94 h56
l97 h60
h27 h62 h27
h31 h69 h78 h31
h66 h72 h66
h38 h38 h73
h2 h2 h74
l59 h75
h45 h76 h45
h83 h89 h83
h3 h3 h91
h9 h95 h9
h54 h54 h96
h0 h0
h1 h1
h5 h5
h12 h12
h13 h13
h15 h15
h16 h16
h19 h19
h25 h25
h35 h35
h40 h40
h43 h43
h50 h50
h55 h55
h57 h57
h59 h59
h61 h61
h65 h65
h67 h67
h70 h70
h81 h81
h82 h82
h85 h85
h86 h86
h87 h87
h88 h88
h93 h93
h97 h97
h98 h98
h99 h99
