vBhpoFdJZxyttIlfaf7D 37APL8dpwT5Ds5AIG0t4 d6xeP6xeDJ3O2jY8D4pB mv3tFPDoT2NlrLp24T9l 8mLI4Cl8exxeLw5eLCvi jTdja1e2hUhydiExPlJM fp9JaV5iTp8QxXwwkR68 oFNlFPub6zLirsQwo0fu qM7lEl3z2COceXw7x0EC 6PPTzNGrNxrgfdvm8cwZ WN0Nl06Zx9w6LYUHMZam XBxLd5K0m0Gtk5fTL45q zs7X4IJgeJEM8iqAbvF3 8Le4AI986fwHZXPoOMK1 WN0Nl06Zx9w6LYUHMZam cs6LkMYfySGYUzb8VLcc n2Cqtp5v2DuwGX7LhuzE NAqhSs9OpS9XtIaJtTCD 2LthmnS3Cdd5FBfY5GQ9 R7crXexksQ4TN5zY2ck3 InZnvPu8h9zAoLCNj2in fHfopcx4v3MKBN0TMn7s ohy3S5QXymEhh63dMBQE XYk0VV4ujV55qqS8YiHV 6koX1rNvAwrB84m39eQv DybFcuyeWxt51LawzVvs qkrT0EYt8AHuefFD25g1 MiPSEwVMn3bbGh4tbRTf 4ilNvg3IkxoJuvkwqYsS 7PoxePhwnlLvMilKVpER vBhpoFdJZxyttIlfaf7D
29
DybFcuyeWxt51LawzVvs eKaPpzrMwOPxNzeoOSFH DybFcuyeWxt51LawzVvs
d6xeP6xeDJ3O2jY8D4pB EHYUZOt1fTtm7KJue8on vLwJebpyApE3MPksc9OW rkMvLqMMN5Aq3onq5XeZ 9B0w6Ahn3NsugfNn6veD d6xeP6xeDJ3O2jY8D4pB rMd1TXBMCuFfO59jF1Tq
oFNlFPub6zLirsQwo0fu W1jWYYdH0atiKtbaVDRT oFNlFPub6zLirsQwo0fu
8Le4AI986fwHZXPoOMK1 nB1RHSnvjX4nG0Tch5En 8Le4AI986fwHZXPoOMK1
6PPTzNGrNxrgfdvm8cwZ 6PPTzNGrNxrgfdvm8cwZ 17OoKHzumyPaqfjSSc7S
zs7X4IJgeJEM8iqAbvF3 RpMJGAvULIBCQ0RI369s zs7X4IJgeJEM8iqAbvF3
7PoxePhwnlLvMilKVpER 7PoxePhwnlLvMilKVpER RRlYwTFLYqL48JIMSAmC
vBhpoFdJZxyttIlfaf7D XX8iZd9Mw56dkKCstFAC
ohy3S5QXymEhh63dMBQE wHEcyeduhdH7p3Lr1PtC ohy3S5QXymEhh63dMBQE
n2Cqtp5v2DuwGX7LhuzE n2Cqtp5v2DuwGX7LhuzE JEGgKJfdY8owvwdYhKMk
6koX1rNvAwrB84m39eQv 6koX1rNvAwrB84m39eQv tUVqKo1E6AibIE6zShkv
NAqhSs9OpS9XtIaJtTCD NAqhSs9OpS9XtIaJtTCD J00g7hlLLSWTXvTYK9v2
R7crXexksQ4TN5zY2ck3 R7crXexksQ4TN5zY2ck3 WwLzOfqcc3FIzub2jh8R
WN0Nl06Zx9w6LYUHMZam R6ZzYYWqarkWldqbKDab WN0Nl06Zx9w6LYUHMZam
qkrT0EYt8AHuefFD25g1 uUumBfQJDh6S0d06Kb78 qkrT0EYt8AHuefFD25g1 XWHR07Y6kfSBbEuD62PN
qM7lEl3z2COceXw7x0EC iki3BohF22ET0rMPxXQ5 qM7lEl3z2COceXw7x0EC
MiPSEwVMn3bbGh4tbRTf 535WuquKiicRqEyzCI3d MiPSEwVMn3bbGh4tbRTf
XYk0VV4ujV55qqS8YiHV XYk0VV4ujV55qqS8YiHV
cs6LkMYfySGYUzb8VLcc cs6LkMYfySGYUzb8VLcc
2LthmnS3Cdd5FBfY5GQ9 2LthmnS3Cdd5FBfY5GQ9
jTdja1e2hUhydiExPlJM jTdja1e2hUhydiExPlJM
mv3tFPDoT2NlrLp24T9l mv3tFPDoT2NlrLp24T9l
XBxLd5K0m0Gtk5fTL45q XBxLd5K0m0Gtk5fTL45q
37APL8dpwT5Ds5AIG0t4 37APL8dpwT5Ds5AIG0t4
fp9JaV5iTp8QxXwwkR68 fp9JaV5iTp8QxXwwkR68
4ilNvg3IkxoJuvkwqYsS 4ilNvg3IkxoJuvkwqYsS
InZnvPu8h9zAoLCNj2in InZnvPu8h9zAoLCNj2in
fHfopcx4v3MKBN0TMn7s fHfopcx4v3MKBN0TMn7s
8mLI4Cl8exxeLw5eLCvi 8mLI4Cl8exxeLw5eLCvi
