Mf966TmCJF9l0PTKetVd aU4DeG46NC8vRU6N0ahg NtZncVsU7O40k1BXousH GzkbHop7cJv0CvjQalTE trOoQ3enuOI8GUJqwAMC flliQzyn5hSC8yLOMyYJ Yw0z9L8p6xIk7hgYCgVd 3Yod5nNtIcKNmTtNQ3xH Y5ZKsuPbCDUQp5LjPNey jAzyDyaN1mD5Ei1RjCiO OGxA8YvD4WfIxOfmtWm4 jAzyDyaN1mD5Ei1RjCiO wtlCpdxHbUUmSY7DnD2u 7c4FoaFf1TJetsLZUEok IwnN6xRahpjWnxZTYR2F km12BN3CByUGmRV2tX7b 4mdSIFCsq2HySOzm2H4M R87rV3jFUvYuE0RN4Z4a UvtGaTsTes8Gs4gE8ya3 SQhK0n9L9aixdJxvdeKd e2usEAoRX2qu6mneHOxg bLojQFXmB5k6r0zKTWYe iRg3oRlKsAtLuOm5tUrC mGfIqoDGGajPXw9RvY8S JfzkldRR1w0Y52KBg47D CLNCAWQgYnzuvt7RChAf WZxeHszJ2ShfYgJs53YV lrLgTYF7nIsDkEYlxuHz PLyQF48YPXs4LxxIxWHM 1crXui4lUlMG7IuTFiXo y3cL4LyhfEAlU1Jj1Xj6 W1IcDWCQWwTCriXsjtm4 zDq8bGYKiSYw3c53IWfw RrBlUMzlEzdRa5S1pyiF czjPVxJvSz9DoMc0Y7Vv a6uUA0TEdnZwD1b73O9r 7ArLVA3N0doHBQAlCDtl eA2uctxdjBuXDZUrmUHy TmdW4dU59umpgT9XX8G3 p6bp9pYgtaGo4Q50DQAM 1aGCWVuyE8DRxIV204ZW kVdbGuYm0jD2q8vsLFHY 1wZce3qjltyIzzlL1Zfw u4VGAkqq00Jhej3knMJI Q4jkxyPtGKis0eXik3Gg AjMqEYKq0eELwsiEhQNE cAkwFDH7tSQkP40ewGcD TBEGhhvsdStRJh2Eqkyf bBJ5TDHtVrSIxXmQJ63J fsCdklolnC3ndvzFtyM3 TkZ4LHIfwKap48xdp8m2 kGhQ3uDjcFA7MLP7UF4W wNmo9den9k6ySqzO7o0M kGhQ3uDjcFA7MLP7UF4W b2icxuMf1zEyF7ImMEzE QZIvvAQe1weWyQjLrGi1 pxBA1Tii62WPeRWcccVp Mf966TmCJF9l0PTKetVd
55
eA2uctxdjBuXDZUrmUHy JWE9kJZ3fUSBbRtkVScl eA2uctxdjBuXDZUrmUHy
1crXui4lUlMG7IuTFiXo CxdADQl1Lh5mGQMAravk 1crXui4lUlMG7IuTFiXo
e2usEAoRX2qu6mneHOxg e2usEAoRX2qu6mneHOxg QMmklR1fA1rnjMsU1WMc HhITLZSwERe6osGRUBXt
7ArLVA3N0doHBQAlCDtl KCy3uvDFe4h3kwRgxFiX 7ArLVA3N0doHBQAlCDtl
Yw0z9L8p6xIk7hgYCgVd byF5FvS6RJUrgCsP3o6T Yw0z9L8p6xIk7hgYCgVd
fsCdklolnC3ndvzFtyM3 YrtjNlKZcZnAXu7owFPA fsCdklolnC3ndvzFtyM3 56ePYTmTGzdOHfvnLEPd
pxBA1Tii62WPeRWcccVp pxBA1Tii62WPeRWcccVp wyZ3Q4gHyaxpdYdezyjU NvfSRypj4POoHWC3jDz3
QZIvvAQe1weWyQjLrGi1 GfTqQpqjWivAFXbCN2BL QZIvvAQe1weWyQjLrGi1
RrBlUMzlEzdRa5S1pyiF ul7ierPjffkmvfh4Ylme RrBlUMzlEzdRa5S1pyiF BcvYB1mubFuRTbgMUsXg
a6uUA0TEdnZwD1b73O9r VaRx19QfIOvUT5pZyulj a6uUA0TEdnZwD1b73O9r
4mdSIFCsq2HySOzm2H4M 4mdSIFCsq2HySOzm2H4M VqBuOSJBVqxMG4rldwQn
wNmo9den9k6ySqzO7o0M ZDA7k1XMUYTsnmCfuUtR wNmo9den9k6ySqzO7o0M
IwnN6xRahpjWnxZTYR2F IwnN6xRahpjWnxZTYR2F ydEppVwK15UN0USyP00U
1aGCWVuyE8DRxIV204ZW 4CVQrsejmjPmVL7elf2w JfWSVxbK8iOEPzK7FV9x 1aGCWVuyE8DRxIV204ZW
Mf966TmCJF9l0PTKetVd tH0lbMmdJDVlC4Pr7uAb dOWv4G57nxm9UArCvQlq
iRg3oRlKsAtLuOm5tUrC iRg3oRlKsAtLuOm5tUrC S0PhmGw8tyUPzxvRSE5R
flliQzyn5hSC8yLOMyYJ rzYdrZxXnbXlOjFVWVaR flliQzyn5hSC8yLOMyYJ
km12BN3CByUGmRV2tX7b km12BN3CByUGmRV2tX7b acwLCbshqBQuYbTzAPRI
CLNCAWQgYnzuvt7RChAf BLgd9OLqnPIJY5LCIxDK CLNCAWQgYnzuvt7RChAf
7c4FoaFf1TJetsLZUEok XfWllIgv9lA6ZwGuKvLt 7c4FoaFf1TJetsLZUEok
WZxeHszJ2ShfYgJs53YV Xucw5TdPOzp0SQGWHjkE WZxeHszJ2ShfYgJs53YV
p6bp9pYgtaGo4Q50DQAM p6bp9pYgtaGo4Q50DQAM Hpniux0SkkA6CliHWNDc
u4VGAkqq00Jhej3knMJI WQlZty1AKP9gLfjz0EYW 4mRiy2s23Ljl4N4CqEav u4VGAkqq00Jhej3knMJI
NtZncVsU7O40k1BXousH NtZncVsU7O40k1BXousH aH2XDl7CjGFhEP3bbYjH
OGxA8YvD4WfIxOfmtWm4 0O3lDJvzYSiuZNzHimQX OGxA8YvD4WfIxOfmtWm4
kVdbGuYm0jD2q8vsLFHY 2bMCdMiNzTpm8a2kNe9G kVdbGuYm0jD2q8vsLFHY
R87rV3jFUvYuE0RN4Z4a R87rV3jFUvYuE0RN4Z4a N7mkTpLI9Mgh0txBOflw ZPAxEbVjKWTr0cDqLbA0
Y5ZKsuPbCDUQp5LjPNey Ic20PkDM6xxefUTvJEIQ 5ebtvAsyAh8vEmm1Z3wm Y5ZKsuPbCDUQp5LjPNey
UvtGaTsTes8Gs4gE8ya3 jZUUy27kZ3z2uIv0PGPy UvtGaTsTes8Gs4gE8ya3
bBJ5TDHtVrSIxXmQJ63J bBJ5TDHtVrSIxXmQJ63J sSdPSXUotKahf03SRnBn
mGfIqoDGGajPXw9RvY8S OyOgefgJfgx6VwEfudZn mGfIqoDGGajPXw9RvY8S
czjPVxJvSz9DoMc0Y7Vv czjPVxJvSz9DoMc0Y7Vv BCVfaQnOCgLubJ23r8nF
W1IcDWCQWwTCriXsjtm4 W1IcDWCQWwTCriXsjtm4 KKiBHd9DTQAd6AZYxlK3
b2icxuMf1zEyF7ImMEzE b2icxuMf1zEyF7ImMEzE HKK5Jm9eHd0V7gvBWuw9
JfzkldRR1w0Y52KBg47D Crbc9OlCoJ9dTIJXXsjb JfzkldRR1w0Y52KBg47D
TBEGhhvsdStRJh2Eqkyf TBEGhhvsdStRJh2Eqkyf Ad4iMaOuAofXNjJzNKWl
cAkwFDH7tSQkP40ewGcD CHHJQHxp9VQGraviPBS2 cAkwFDH7tSQkP40ewGcD
GzkbHop7cJv0CvjQalTE GzkbHop7cJv0CvjQalTE
1wZce3qjltyIzzlL1Zfw 1wZce3qjltyIzzlL1Zfw
PLyQF48YPXs4LxxIxWHM PLyQF48YPXs4LxxIxWHM
zDq8bGYKiSYw3c53IWfw zDq8bGYKiSYw3c53IWfw
jAzyDyaN1mD5Ei1RjCiO jAzyDyaN1mD5Ei1RjCiO
Q4jkxyPtGKis0eXik3Gg Q4jkxyPtGKis0eXik3Gg
kGhQ3uDjcFA7MLP7UF4W kGhQ3uDjcFA7MLP7UF4W
aU4DeG46NC8vRU6N0ahg aU4DeG46NC8vRU6N0ahg
3Yod5nNtIcKNmTtNQ3xH 3Yod5nNtIcKNmTtNQ3xH
y3cL4LyhfEAlU1Jj1Xj6 y3cL4LyhfEAlU1Jj1Xj6
TkZ4LHIfwKap48xdp8m2 TkZ4LHIfwKap48xdp8m2
trOoQ3enuOI8GUJqwAMC trOoQ3enuOI8GUJqwAMC
AjMqEYKq0eELwsiEhQNE AjMqEYKq0eELwsiEhQNE
lrLgTYF7nIsDkEYlxuHz lrLgTYF7nIsDkEYlxuHz
bLojQFXmB5k6r0zKTWYe bLojQFXmB5k6r0zKTWYe
TmdW4dU59umpgT9XX8G3 TmdW4dU59umpgT9XX8G3
SQhK0n9L9aixdJxvdeKd SQhK0n9L9aixdJxvdeKd
wtlCpdxHbUUmSY7DnD2u wtlCpdxHbUUmSY7DnD2u
