L0 L74 L51 L84 L10 L14 L69 L14 L10 L41 L79 L33 L21 L22 L92 L93 L68 L80 L73 L6 L83 L80 L73 L21 L33 L79 L80 L68 L12 L45 L2 L50 L32 L50 L2 L48 L77 L7 L58 L60 L15 L43 L16 L87 L86 L74 L0
31
L73 L73 L1
L48 L8 L48
L79 L19 L79
L21 L20 L21
L12 L12 L23
L32 L24 L32 L39
L0 L28
L41 L41 L29
L86 L86 L31
L43 L42 L43
L45 L45 L46
L33 L33 L54
L7 L62 L7
L68 L72 L68
L15 L75 L15
L69 L81 L69
L83 L83 L85
L84 L88 L84
L6 L97 L6
L92 L92
L60 L60
L77 L77
L51 L51
L14 L14
L22 L22
L2 L2
L10 L10
L80 L80
L74 L74
L50 L50
L93 L93
