L0 L73 L53 L84 L147 L81 L168 L81 L55 L118 L163 L125 L29 L97 L18 L145 L71 L96 L156 L58 L130 L106 L107 L106 L98 L161 L23 L26 L82 L26 L23 L164 L165 L10 L20 L77 L60 L88 L94 L92 L45 L64 L7 L8 L57 L128 L144 L69 L104 L14 L48 L14 L13 L149 L0 L75 L74 L109 L69 L192 L127 L192 L112 L192 L175 L142 L12 L110 L109 L50 L45 L46 L163 L178 L92 L30 L3 L153 L39 L52 L33 L0
60
L48 L48 L1 L157
L10 L2 L10
L96 L24 L96
L57 L57 L27
L82 L177 L82 L31
L0 L176 L33 L116
L39 L135 L138 L38 L39
L178 L41 L178
L74 L74 L47
L50 L49 L50
L127 L54 L127
L64 L64 L59
L60 L60 L61
L118 L118 L102 L62
L144 L144 L65
L110 L68 L110
L12 L80 L12
L168 L168 L95
L107 L113 L107
L26 L26 L119
L98 L121 L98
L58 L58 L123 L132
L94 L139 L94
L112 L112 L141
L130 L130 L143
L73 L73 L146
L30 L152 L30
L149 L160 L149
L147 L147 L188
L145 L145 L194
L109 L196 L109
L46 L197 L46
L52 L52 L199
L18 L18
L29 L29
L192 L192
L7 L7
L163 L163
L75 L75
L142 L142
L23 L23
L84 L84
L8 L8
L13 L13
L153 L153
L175 L175
L125 L125
L81 L81
L164 L164
L97 L97
L3 L3
L53 L53
L77 L77
L14 L14
L55 L55
L106 L106
L104 L104
L20 L20
L165 L165
L69 L69
