point0 point49 point50 point48 point44 point42 point47 point55 point61 point55 point57 point53 point26 point27 point26 point55 point84 point39 point35 point9 point8 point22 point3 point9 point7 point49 point77 point66 point68 point70 point63 point62 point65 point64 point0
21
point3 point4 point12
point9 point9 point5
point7 point19 point6 point7
point22 point14 point22
point27 point24 point25 point27
point26 point26 point28
point44 point44 point45
point42 point56 point42
point61 point58 point93 point60 point61
point65 point64 point65 point71
point68 point72 point68
point77 point75 point76 point77
point84 point84 point85 point92
point8 point8
point35 point35
point47 point47
point48 point48
point50 point50
point53 point53
point55 point55
point70 point70
