point0 point69 point63 point68 point67 point68 point72 point73 point75 point76 point83 point120 point132 point135 point139 point137 point179 point137 point184 point185 point190 point130 point125 point122 point83 point124 point123 point116 point115 point111 point110 point112 point102 point108 point148 point144 point145 point149 point145 point162 point163 point160 point171 point117 point107 point52 point50 point11 point10 point11 point5 point15 point20 point18 point32 point29 point35 point30 point25 point33 point31 point34 point31 point41 point38 point40 point39 point43 point85 point89 point87 point32 point16 point63 point69 point0
53
point10 point1 point10
point16 point16 point3
point15 point13 point6 point15
point32 point17
point18 point18 point21
point34 point34 point27
point39 point42 point39
point50 point49 point51 point55
point0 point54
point52 point56 point52
point76 point76 point78 point79 point86 point94
point89 point89 point91 point87
point107 point100 point103
point67 point67 point109
point111 point113 point111
point122 point122 point119
point123 point123 point126
point135 point131 point135
point139 point139 point180 point134
point132 point138 point132
point148 point148 point151
point149 point152 point149
point144 point144 point153 point157
point163 point155 point163
point162 point162 point158
point171 point177 point172
point179 point179 point183
point185 point185 point187
point5 point5
point11 point11
point29 point29
point30 point30
point31 point31
point33 point33
point38 point38
point40 point40
point41 point41
point43 point43
point69 point69
point72 point72
point73 point73
point75 point75
point83 point83
point85 point85
point102 point102
point108 point108
point110 point110
point112 point112
point115 point115
point120 point120
point124 point124
point160 point160
point184 point184
