55 57 182 173 177 45 151 20 149 171 188 86 88 66 43 140 58 163 184 153 78 70 131 17 14 118 101 91 48 63 106 158 29 113 15 122 179 62 42 40 97 109 175 74 99 148 127 54 9 44 8 44 67 76 116 134 32 150 27 170 164 191 146 90 56 115 33 186 59 119 83 137 111 189 35 55
66
20 11 20
45 12 45
15 135 13 15
177 177 162 16
43 26 43
164 126 30
14 36 168
148 41 148
150 49 150
8 172 53 8
115 115 61
189 189 71
78 77 78
86 86 80
118 81 118
56 85 56
182 101 182
170 105 170 160
74 74 107
67 114 67
58 58 133 166
119 119 152
59 59 159
62 181 62
131 185 131
40 40
140 140
33 33
97 97
146 146
149 149
63 63
184 184
17 17
32 32
91 91
27 27
188 188
76 76
111 111
88 88
90 90
186 186
29 29
83 83
171 171
134 134
54 54
175 175
151 151
116 116
106 106
179 179
158 158
163 163
66 66
57 57
137 137
109 109
42 42
122 122
113 113
153 153
173 173
9 9
48 48
