x182 x11 x58 x127 x79 x127 x45 x119 x45 x127 x187 x86 x155 x177 x89 x116 x109 x38 x165 x158 x143 x64 x48 x106 x169 x100 x143 x158 x76 x21 x172 x141 x138 x26 x184 x71 x77 x14 x77 x20 x63 x90 x50 x93 x74 x93 x147 x72 x147 x68 x9 x146 x196 x92 x196 x69 x31 x167 x102 x144 x84 x168 x186 x59 x32 x59 x19 x98 x127 x187 x182
47
x93 x2
x86 x66 x3 x86 x87
x48 x48 x4
x31 x161 x133 x6 x80 x31
x20 x20 x166 x7
x187 x8
x50 x10 x50
x106 x106 x15
x21 x17 x164 x21 x118
x9 x136 x18 x19 x95
x119 x151 x119 x23
x177 x192 x25 x177
x79 x27 x79
x184 x184 x46 x107 x30
x98 x42 x98
x141 x43 x141
x127 x49 x127
x92 x83 x92 x53
x172 x172 x55
x168 x56
x71 x61 x71
x59 x82 x59
x64 x88 x137 x64 x156
x14 x94 x14
x100 x153 x99 x100 x159
x167 x139 x102
x74 x104 x185 x74
x38 x113
x76 x114 x76
x72 x72 x125
x146 x128 x146
x109 x163 x109
x84 x179 x84
x32 x32 x183
x45 x45 x189
x69 x194 x69
x155 x155 x198
x147 x147
x138 x138
x186 x186
x143 x143
x58 x58
x77 x77
x116 x116
x11 x11
x26 x26
x182 x182
